2012-8-21 9:14:01 org.apache.catalina.core.AprLifecycleListener init
信息: The APR based Apache Tomcat Native library which allows optimal performance in production environments was not found on the java.library.path: /usr/lib/jvm/java-1.6.0_27-sun/jre/lib/amd64/server:/usr/lib/jvm/java-1.6.0_27-sun/jre/lib/amd64:/usr/lib/jvm/java-1.6.0_27-sun/jre/../lib/amd64:/usr/java/packages/lib/amd64:/usr/lib64:/lib64:/lib:/usr/lib
2012-8-21 9:14:01 org.apache.tomcat.util.digester.SetPropertiesRule begin
警告: [SetPropertiesRule]{Server/Service/Engine/Host/Context} Setting property 'debug' to '5' did not find a matching property.
2012-8-21 9:14:02 org.apache.coyote.http11.Http11Protocol init
信息: Initializing Coyote HTTP/1.1 on http-8080
2012-8-21 9:14:02 org.apache.catalina.startup.Catalina load
信息: Initialization processed in 838 ms
2012-8-21 9:14:02 org.apache.catalina.core.StandardService start
信息: Starting service Catalina
2012-8-21 9:14:02 org.apache.catalina.core.StandardEngine start
信息: Starting Servlet Engine: Apache Tomcat/6.0.35
2012-8-21 9:14:02 org.apache.catalina.startup.HostConfig deployDescriptor
信息: Deploying configuration descriptor manager.xml
2012-8-21 9:14:02 org.apache.catalina.startup.HostConfig deployDescriptor
信息: Deploying configuration descriptor host-manager.xml
2012-8-21 9:14:02 org.apache.catalina.startup.HostConfig deployDirectory
信息: Deploying web application directory examples
2012-8-21 9:14:02 org.apache.catalina.startup.HostConfig deployDirectory
信息: Deploying web application directory docs
2012-8-21 9:14:02 org.apache.coyote.http11.Http11Protocol start
信息: Starting Coyote HTTP/1.1 on http-8080
2012-8-21 9:14:02 org.apache.jk.common.ChannelSocket init
信息: JK: ajp13 listening on /0.0.0.0:8009
2012-8-21 9:14:03 org.apache.jk.server.JkMain start
信息: Jk running ID=0 time=0/35  config=null
2012-8-21 9:14:03 org.apache.catalina.startup.Catalina start
信息: Server startup in 975 ms
2012-8-21 12:06:05 org.apache.catalina.core.StandardContext reload
信息: Reloading Context with name [] has started
2012-8-21 12:06:05 org.apache.catalina.loader.WebappClassLoader clearReferencesJdbc
严重: The web application [] registered the JDBC driver [com.mysql.jdbc.Driver] but failed to unregister it when the web application was stopped. To prevent a memory leak, the JDBC Driver has been forcibly unregistered.
2012-8-21 12:06:05 org.apache.catalina.loader.WebappClassLoader clearReferencesThreads
严重: The web application [] appears to have started a thread named [MySQL Statement Cancellation Timer] but has failed to stop it. This is very likely to create a memory leak.
2012-8-21 12:14:02 org.apache.catalina.loader.WebappClassLoader loadClass
信息: Illegal access: this web application instance has been stopped already.  Could not load java.net.BindException.  The eventual following stack trace is caused by an error thrown for debugging purposes as well as to attempt to terminate the thread which caused the illegal access, and has no functional impact.
java.lang.IllegalStateException
	at org.apache.catalina.loader.WebappClassLoader.loadClass(WebappClassLoader.java:1566)
	at org.apache.catalina.loader.WebappClassLoader.loadClass(WebappClassLoader.java:1526)
	at com.mysql.jdbc.CommunicationsException.<init>(CommunicationsException.java:161)
	at com.mysql.jdbc.MysqlIO.clearInputStream(MysqlIO.java:918)
	at com.mysql.jdbc.MysqlIO.sendCommand(MysqlIO.java:1567)
	at com.mysql.jdbc.MysqlIO.sqlQueryDirect(MysqlIO.java:1723)
	at com.mysql.jdbc.Connection.execSQL(Connection.java:3277)
	at com.mysql.jdbc.Connection.unsetMaxRows(Connection.java:5867)
	at com.mysql.jdbc.Statement.realClose(Statement.java:2070)
	at com.mysql.jdbc.PreparedStatement.realClose(PreparedStatement.java:2204)
	at com.mysql.jdbc.Connection.closeAllOpenStatements(Connection.java:2227)
	at com.mysql.jdbc.Connection.realClose(Connection.java:4940)
	at com.mysql.jdbc.Connection.cleanup(Connection.java:2063)
	at com.mysql.jdbc.Connection.finalize(Connection.java:3403)
	at java.lang.ref.Finalizer.invokeFinalizeMethod(Native Method)
	at java.lang.ref.Finalizer.runFinalizer(Finalizer.java:83)
	at java.lang.ref.Finalizer.access$100(Finalizer.java:14)
	at java.lang.ref.Finalizer$FinalizerThread.run(Finalizer.java:160)
2012-8-21 13:02:55 org.apache.catalina.core.StandardContext reload
信息: Reloading Context with name [] has started
2012-8-21 13:02:55 org.apache.catalina.loader.WebappClassLoader clearReferencesJdbc
严重: The web application [] registered the JDBC driver [com.mysql.jdbc.Driver] but failed to unregister it when the web application was stopped. To prevent a memory leak, the JDBC Driver has been forcibly unregistered.
2012-8-21 13:02:55 org.apache.catalina.loader.WebappClassLoader clearReferencesThreads
严重: The web application [] appears to have started a thread named [MySQL Statement Cancellation Timer] but has failed to stop it. This is very likely to create a memory leak.
2012-8-21 13:08:25 org.apache.catalina.core.StandardContext reload
信息: Reloading Context with name [] has started
2012-8-21 13:08:25 org.apache.catalina.loader.WebappClassLoader clearReferencesJdbc
严重: The web application [] registered the JDBC driver [com.mysql.jdbc.Driver] but failed to unregister it when the web application was stopped. To prevent a memory leak, the JDBC Driver has been forcibly unregistered.
2012-8-21 13:08:25 org.apache.catalina.loader.WebappClassLoader clearReferencesThreads
严重: The web application [] appears to have started a thread named [MySQL Statement Cancellation Timer] but has failed to stop it. This is very likely to create a memory leak.
2012-8-21 13:14:02 org.apache.catalina.loader.WebappClassLoader loadClass
信息: Illegal access: this web application instance has been stopped already.  Could not load java.net.BindException.  The eventual following stack trace is caused by an error thrown for debugging purposes as well as to attempt to terminate the thread which caused the illegal access, and has no functional impact.
java.lang.IllegalStateException
	at org.apache.catalina.loader.WebappClassLoader.loadClass(WebappClassLoader.java:1566)
	at org.apache.catalina.loader.WebappClassLoader.loadClass(WebappClassLoader.java:1526)
	at com.mysql.jdbc.CommunicationsException.<init>(CommunicationsException.java:161)
	at com.mysql.jdbc.MysqlIO.clearInputStream(MysqlIO.java:918)
	at com.mysql.jdbc.MysqlIO.sendCommand(MysqlIO.java:1567)
	at com.mysql.jdbc.MysqlIO.sqlQueryDirect(MysqlIO.java:1723)
	at com.mysql.jdbc.Connection.execSQL(Connection.java:3277)
	at com.mysql.jdbc.Connection.unsetMaxRows(Connection.java:5867)
	at com.mysql.jdbc.Statement.realClose(Statement.java:2070)
	at com.mysql.jdbc.PreparedStatement.realClose(PreparedStatement.java:2204)
	at com.mysql.jdbc.Connection.closeAllOpenStatements(Connection.java:2227)
	at com.mysql.jdbc.Connection.realClose(Connection.java:4940)
	at com.mysql.jdbc.Connection.cleanup(Connection.java:2063)
	at com.mysql.jdbc.Connection.finalize(Connection.java:3403)
	at java.lang.ref.Finalizer.invokeFinalizeMethod(Native Method)
	at java.lang.ref.Finalizer.runFinalizer(Finalizer.java:83)
	at java.lang.ref.Finalizer.access$100(Finalizer.java:14)
	at java.lang.ref.Finalizer$FinalizerThread.run(Finalizer.java:160)
2012-8-21 15:16:45 org.apache.coyote.http11.Http11Protocol pause
信息: Pausing Coyote HTTP/1.1 on http-8080
2012-8-21 15:16:46 org.apache.catalina.core.StandardService stop
信息: Stopping service Catalina
2012-8-21 15:16:46 org.apache.catalina.loader.WebappClassLoader clearReferencesJdbc
严重: The web application [] registered the JDBC driver [com.mysql.jdbc.Driver] but failed to unregister it when the web application was stopped. To prevent a memory leak, the JDBC Driver has been forcibly unregistered.
2012-8-21 15:16:46 org.apache.catalina.loader.WebappClassLoader clearReferencesThreads
严重: The web application [] appears to have started a thread named [MySQL Statement Cancellation Timer] but has failed to stop it. This is very likely to create a memory leak.
2012-8-21 15:16:46 org.apache.coyote.http11.Http11Protocol destroy
信息: Stopping Coyote HTTP/1.1 on http-8080
2012-8-21 16:32:17 org.apache.catalina.core.AprLifecycleListener init
信息: The APR based Apache Tomcat Native library which allows optimal performance in production environments was not found on the java.library.path: /usr/lib/jvm/java-1.6.0_27-sun/jre/lib/amd64/server:/usr/lib/jvm/java-1.6.0_27-sun/jre/lib/amd64:/usr/lib/jvm/java-1.6.0_27-sun/jre/../lib/amd64:/usr/java/packages/lib/amd64:/usr/lib64:/lib64:/lib:/usr/lib
2012-8-21 16:32:18 org.apache.tomcat.util.digester.SetPropertiesRule begin
警告: [SetPropertiesRule]{Server/Service/Engine/Host/Context} Setting property 'debug' to '5' did not find a matching property.
2012-8-21 16:32:18 org.apache.coyote.http11.Http11Protocol init
信息: Initializing Coyote HTTP/1.1 on http-8080
2012-8-21 16:32:18 org.apache.catalina.startup.Catalina load
信息: Initialization processed in 918 ms
2012-8-21 16:32:18 org.apache.catalina.core.StandardService start
信息: Starting service Catalina
2012-8-21 16:32:18 org.apache.catalina.core.StandardEngine start
信息: Starting Servlet Engine: Apache Tomcat/6.0.35
2012-8-21 16:32:18 org.apache.catalina.startup.HostConfig deployDescriptor
信息: Deploying configuration descriptor manager.xml
2012-8-21 16:32:18 org.apache.catalina.startup.HostConfig deployDescriptor
信息: Deploying configuration descriptor host-manager.xml
2012-8-21 16:32:18 org.apache.catalina.startup.HostConfig deployDirectory
信息: Deploying web application directory examples
2012-8-21 16:32:19 org.apache.catalina.startup.HostConfig deployDirectory
信息: Deploying web application directory docs
2012-8-21 16:32:19 org.apache.coyote.http11.Http11Protocol start
信息: Starting Coyote HTTP/1.1 on http-8080
2012-8-21 16:32:19 org.apache.jk.common.ChannelSocket init
信息: JK: ajp13 listening on /0.0.0.0:8009
2012-8-21 16:32:19 org.apache.jk.server.JkMain start
信息: Jk running ID=0 time=0/23  config=null
2012-8-21 16:32:19 org.apache.catalina.startup.Catalina start
信息: Server startup in 1041 ms
