2012-7-25 10:02:29 org.apache.catalina.core.AprLifecycleListener init
信息: The APR based Apache Tomcat Native library which allows optimal performance in production environments was not found on the java.library.path: /usr/lib/jvm/java-1.6.0_27-sun/jre/lib/amd64/server:/usr/lib/jvm/java-1.6.0_27-sun/jre/lib/amd64:/usr/lib/jvm/java-1.6.0_27-sun/jre/../lib/amd64:/usr/java/packages/lib/amd64:/usr/lib64:/lib64:/lib:/usr/lib
2012-7-25 10:02:29 org.apache.coyote.http11.Http11Protocol init
信息: Initializing Coyote HTTP/1.1 on http-8080
2012-7-25 10:02:29 org.apache.catalina.startup.Catalina load
信息: Initialization processed in 559 ms
2012-7-25 10:02:29 org.apache.catalina.core.StandardService start
信息: Starting service Catalina
2012-7-25 10:02:29 org.apache.catalina.core.StandardEngine start
信息: Starting Servlet Engine: Apache Tomcat/6.0.35
2012-7-25 10:02:29 org.apache.catalina.startup.HostConfig deployDescriptor
信息: Deploying configuration descriptor manager.xml
2012-7-25 10:02:29 org.apache.catalina.startup.HostConfig deployDescriptor
信息: Deploying configuration descriptor host-manager.xml
2012-7-25 10:02:29 org.apache.catalina.startup.HostConfig deployDirectory
信息: Deploying web application directory ROOT
2012-7-25 10:02:29 org.apache.catalina.startup.HostConfig deployDirectory
信息: Deploying web application directory examples
2012-7-25 10:02:29 org.apache.catalina.startup.HostConfig deployDirectory
信息: Deploying web application directory docs
2012-7-25 10:02:29 org.apache.coyote.http11.Http11Protocol start
信息: Starting Coyote HTTP/1.1 on http-8080
2012-7-25 10:02:29 org.apache.jk.common.ChannelSocket init
信息: Port busy 8009 java.net.BindException: Address already in use
2012-7-25 10:02:29 org.apache.jk.common.ChannelSocket init
严重: Can't find free port 8009 8009
2012-7-25 10:02:29 org.apache.jk.server.JkMain start
信息: Jk running ID=0 time=0/14  config=null
2012-7-25 10:02:29 org.apache.catalina.startup.Catalina start
信息: Server startup in 656 ms
2012-7-25 10:02:29 org.apache.catalina.core.StandardServer await
严重: StandardServer.await: create[8005]: 
java.net.BindException: Address already in use
	at java.net.PlainSocketImpl.socketBind(Native Method)
	at java.net.PlainSocketImpl.bind(PlainSocketImpl.java:383)
	at java.net.ServerSocket.bind(ServerSocket.java:328)
	at java.net.ServerSocket.<init>(ServerSocket.java:194)
	at org.apache.catalina.core.StandardServer.await(StandardServer.java:406)
	at org.apache.catalina.startup.Catalina.await(Catalina.java:676)
	at org.apache.catalina.startup.Catalina.start(Catalina.java:628)
	at sun.reflect.NativeMethodAccessorImpl.invoke0(Native Method)
	at sun.reflect.NativeMethodAccessorImpl.invoke(NativeMethodAccessorImpl.java:39)
	at sun.reflect.DelegatingMethodAccessorImpl.invoke(DelegatingMethodAccessorImpl.java:25)
	at java.lang.reflect.Method.invoke(Method.java:597)
	at org.apache.catalina.startup.Bootstrap.start(Bootstrap.java:289)
	at org.apache.catalina.startup.Bootstrap.main(Bootstrap.java:414)
2012-7-25 10:02:29 org.apache.coyote.http11.Http11Protocol pause
信息: Pausing Coyote HTTP/1.1 on http-8080
2012-7-25 10:02:30 org.apache.catalina.core.StandardService stop
信息: Stopping service Catalina
2012-7-25 10:02:31 org.apache.coyote.http11.Http11Protocol destroy
信息: Stopping Coyote HTTP/1.1 on http-8080
2012-7-25 10:03:28 org.apache.catalina.core.AprLifecycleListener init
信息: The APR based Apache Tomcat Native library which allows optimal performance in production environments was not found on the java.library.path: /usr/lib/jvm/java-1.6.0_27-sun/jre/lib/amd64/server:/usr/lib/jvm/java-1.6.0_27-sun/jre/lib/amd64:/usr/lib/jvm/java-1.6.0_27-sun/jre/../lib/amd64:/usr/java/packages/lib/amd64:/usr/lib64:/lib64:/lib:/usr/lib
2012-7-25 10:03:28 org.apache.coyote.http11.Http11Protocol init
信息: Initializing Coyote HTTP/1.1 on http-8080
2012-7-25 10:03:28 org.apache.catalina.startup.Catalina load
信息: Initialization processed in 568 ms
2012-7-25 10:03:28 org.apache.catalina.core.StandardService start
信息: Starting service Catalina
2012-7-25 10:03:28 org.apache.catalina.core.StandardEngine start
信息: Starting Servlet Engine: Apache Tomcat/6.0.35
2012-7-25 10:03:28 org.apache.catalina.startup.HostConfig deployDescriptor
信息: Deploying configuration descriptor manager.xml
2012-7-25 10:03:28 org.apache.catalina.startup.HostConfig deployDescriptor
信息: Deploying configuration descriptor host-manager.xml
2012-7-25 10:03:28 org.apache.catalina.startup.HostConfig deployDirectory
信息: Deploying web application directory ROOT
2012-7-25 10:03:28 org.apache.catalina.startup.HostConfig deployDirectory
信息: Deploying web application directory examples
2012-7-25 10:03:29 org.apache.catalina.startup.HostConfig deployDirectory
信息: Deploying web application directory docs
2012-7-25 10:03:29 org.apache.coyote.http11.Http11Protocol start
信息: Starting Coyote HTTP/1.1 on http-8080
2012-7-25 10:03:29 org.apache.jk.common.ChannelSocket init
信息: Port busy 8009 java.net.BindException: Address already in use
2012-7-25 10:03:29 org.apache.jk.common.ChannelSocket init
严重: Can't find free port 8009 8009
2012-7-25 10:03:29 org.apache.jk.server.JkMain start
信息: Jk running ID=0 time=0/15  config=null
2012-7-25 10:03:29 org.apache.catalina.startup.Catalina start
信息: Server startup in 625 ms
2012-7-25 10:03:29 org.apache.catalina.core.StandardServer await
严重: StandardServer.await: create[8005]: 
java.net.BindException: Address already in use
	at java.net.PlainSocketImpl.socketBind(Native Method)
	at java.net.PlainSocketImpl.bind(PlainSocketImpl.java:383)
	at java.net.ServerSocket.bind(ServerSocket.java:328)
	at java.net.ServerSocket.<init>(ServerSocket.java:194)
	at org.apache.catalina.core.StandardServer.await(StandardServer.java:406)
	at org.apache.catalina.startup.Catalina.await(Catalina.java:676)
	at org.apache.catalina.startup.Catalina.start(Catalina.java:628)
	at sun.reflect.NativeMethodAccessorImpl.invoke0(Native Method)
	at sun.reflect.NativeMethodAccessorImpl.invoke(NativeMethodAccessorImpl.java:39)
	at sun.reflect.DelegatingMethodAccessorImpl.invoke(DelegatingMethodAccessorImpl.java:25)
	at java.lang.reflect.Method.invoke(Method.java:597)
	at org.apache.catalina.startup.Bootstrap.start(Bootstrap.java:289)
	at org.apache.catalina.startup.Bootstrap.main(Bootstrap.java:414)
2012-7-25 10:03:29 org.apache.coyote.http11.Http11Protocol pause
信息: Pausing Coyote HTTP/1.1 on http-8080
2012-7-25 10:03:30 org.apache.catalina.core.StandardService stop
信息: Stopping service Catalina
2012-7-25 10:03:30 org.apache.coyote.http11.Http11Protocol destroy
信息: Stopping Coyote HTTP/1.1 on http-8080
2012-7-25 10:04:15 org.apache.catalina.core.AprLifecycleListener init
信息: The APR based Apache Tomcat Native library which allows optimal performance in production environments was not found on the java.library.path: /usr/lib/jvm/java-1.6.0_27-sun/jre/lib/amd64/server:/usr/lib/jvm/java-1.6.0_27-sun/jre/lib/amd64:/usr/lib/jvm/java-1.6.0_27-sun/jre/../lib/amd64:/usr/java/packages/lib/amd64:/usr/lib64:/lib64:/lib:/usr/lib
2012-7-25 10:04:16 org.apache.coyote.http11.Http11Protocol init
信息: Initializing Coyote HTTP/1.1 on http-8080
2012-7-25 10:04:16 org.apache.catalina.startup.Catalina load
信息: Initialization processed in 550 ms
2012-7-25 10:04:16 org.apache.catalina.core.StandardService start
信息: Starting service Catalina
2012-7-25 10:04:16 org.apache.catalina.core.StandardEngine start
信息: Starting Servlet Engine: Apache Tomcat/6.0.35
2012-7-25 10:04:16 org.apache.catalina.startup.HostConfig deployDescriptor
信息: Deploying configuration descriptor manager.xml
2012-7-25 10:04:16 org.apache.catalina.startup.HostConfig deployDescriptor
信息: Deploying configuration descriptor host-manager.xml
2012-7-25 10:04:16 org.apache.catalina.startup.HostConfig deployDirectory
信息: Deploying web application directory ROOT
2012-7-25 10:04:16 org.apache.catalina.startup.HostConfig deployDirectory
信息: Deploying web application directory examples
2012-7-25 10:04:16 org.apache.catalina.startup.HostConfig deployDirectory
信息: Deploying web application directory docs
2012-7-25 10:04:16 org.apache.coyote.http11.Http11Protocol start
信息: Starting Coyote HTTP/1.1 on http-8080
2012-7-25 10:04:16 org.apache.jk.common.ChannelSocket init
信息: Port busy 8009 java.net.BindException: Address already in use
2012-7-25 10:04:16 org.apache.jk.common.ChannelSocket init
严重: Can't find free port 8009 8009
2012-7-25 10:04:16 org.apache.jk.server.JkMain start
信息: Jk running ID=0 time=0/14  config=null
2012-7-25 10:04:16 org.apache.catalina.startup.Catalina start
信息: Server startup in 672 ms
2012-7-25 10:04:16 org.apache.catalina.core.StandardServer await
严重: StandardServer.await: create[8005]: 
java.net.BindException: Address already in use
	at java.net.PlainSocketImpl.socketBind(Native Method)
	at java.net.PlainSocketImpl.bind(PlainSocketImpl.java:383)
	at java.net.ServerSocket.bind(ServerSocket.java:328)
	at java.net.ServerSocket.<init>(ServerSocket.java:194)
	at org.apache.catalina.core.StandardServer.await(StandardServer.java:406)
	at org.apache.catalina.startup.Catalina.await(Catalina.java:676)
	at org.apache.catalina.startup.Catalina.start(Catalina.java:628)
	at sun.reflect.NativeMethodAccessorImpl.invoke0(Native Method)
	at sun.reflect.NativeMethodAccessorImpl.invoke(NativeMethodAccessorImpl.java:39)
	at sun.reflect.DelegatingMethodAccessorImpl.invoke(DelegatingMethodAccessorImpl.java:25)
	at java.lang.reflect.Method.invoke(Method.java:597)
	at org.apache.catalina.startup.Bootstrap.start(Bootstrap.java:289)
	at org.apache.catalina.startup.Bootstrap.main(Bootstrap.java:414)
2012-7-25 10:04:16 org.apache.coyote.http11.Http11Protocol pause
信息: Pausing Coyote HTTP/1.1 on http-8080
2012-7-25 10:04:17 org.apache.catalina.core.StandardService stop
信息: Stopping service Catalina
2012-7-25 10:04:17 org.apache.coyote.http11.Http11Protocol destroy
信息: Stopping Coyote HTTP/1.1 on http-8080
2012-7-25 10:05:17 org.apache.catalina.core.AprLifecycleListener init
信息: The APR based Apache Tomcat Native library which allows optimal performance in production environments was not found on the java.library.path: /usr/lib/jvm/java-1.6.0_27-sun/jre/lib/amd64/server:/usr/lib/jvm/java-1.6.0_27-sun/jre/lib/amd64:/usr/lib/jvm/java-1.6.0_27-sun/jre/../lib/amd64:/usr/java/packages/lib/amd64:/usr/lib64:/lib64:/lib:/usr/lib
2012-7-25 10:05:17 org.apache.coyote.http11.Http11Protocol init
信息: Initializing Coyote HTTP/1.1 on http-8080
2012-7-25 10:05:17 org.apache.catalina.startup.Catalina load
信息: Initialization processed in 559 ms
2012-7-25 10:05:17 org.apache.catalina.core.StandardService start
信息: Starting service Catalina
2012-7-25 10:05:17 org.apache.catalina.core.StandardEngine start
信息: Starting Servlet Engine: Apache Tomcat/6.0.35
2012-7-25 10:05:17 org.apache.catalina.startup.HostConfig deployDescriptor
信息: Deploying configuration descriptor manager.xml
2012-7-25 10:05:17 org.apache.catalina.startup.HostConfig deployDescriptor
信息: Deploying configuration descriptor host-manager.xml
2012-7-25 10:05:17 org.apache.catalina.startup.HostConfig deployDirectory
信息: Deploying web application directory ROOT
2012-7-25 10:05:17 org.apache.catalina.startup.HostConfig deployDirectory
信息: Deploying web application directory examples
2012-7-25 10:05:17 org.apache.catalina.startup.HostConfig deployDirectory
信息: Deploying web application directory docs
2012-7-25 10:05:17 org.apache.coyote.http11.Http11Protocol start
信息: Starting Coyote HTTP/1.1 on http-8080
2012-7-25 10:05:18 org.apache.jk.common.ChannelSocket init
信息: Port busy 8009 java.net.BindException: Address already in use
2012-7-25 10:05:18 org.apache.jk.common.ChannelSocket init
严重: Can't find free port 8009 8009
2012-7-25 10:05:18 org.apache.jk.server.JkMain start
信息: Jk running ID=0 time=0/15  config=null
2012-7-25 10:05:18 org.apache.catalina.startup.Catalina start
信息: Server startup in 625 ms
2012-7-25 10:23:22 org.apache.coyote.http11.Http11Protocol pause
信息: Pausing Coyote HTTP/1.1 on http-8080
2012-7-25 10:23:23 org.apache.catalina.core.StandardService stop
信息: Stopping service Catalina
2012-7-25 10:23:23 org.apache.coyote.http11.Http11Protocol destroy
信息: Stopping Coyote HTTP/1.1 on http-8080
2012-7-25 10:23:29 org.apache.catalina.core.AprLifecycleListener init
信息: The APR based Apache Tomcat Native library which allows optimal performance in production environments was not found on the java.library.path: /usr/lib/jvm/java-1.6.0_27-sun/jre/lib/amd64/server:/usr/lib/jvm/java-1.6.0_27-sun/jre/lib/amd64:/usr/lib/jvm/java-1.6.0_27-sun/jre/../lib/amd64:/usr/java/packages/lib/amd64:/usr/lib64:/lib64:/lib:/usr/lib
2012-7-25 10:23:29 org.apache.tomcat.util.digester.SetPropertiesRule begin
警告: [SetPropertiesRule]{Server/Service/Engine/Host/Context} Setting property 'debug' to '5' did not find a matching property.
2012-7-25 10:23:30 org.apache.coyote.http11.Http11Protocol init
信息: Initializing Coyote HTTP/1.1 on http-8080
2012-7-25 10:23:30 org.apache.catalina.startup.Catalina load
信息: Initialization processed in 602 ms
2012-7-25 10:23:30 org.apache.catalina.core.StandardService start
信息: Starting service Catalina
2012-7-25 10:23:30 org.apache.catalina.core.StandardEngine start
信息: Starting Servlet Engine: Apache Tomcat/6.0.35
2012-7-25 10:23:30 org.apache.catalina.startup.HostConfig deployDescriptor
信息: Deploying configuration descriptor manager.xml
2012-7-25 10:23:30 org.apache.catalina.startup.HostConfig deployDescriptor
信息: Deploying configuration descriptor host-manager.xml
2012-7-25 10:23:30 org.apache.catalina.startup.HostConfig deployDirectory
信息: Deploying web application directory examples
2012-7-25 10:23:30 org.apache.catalina.startup.HostConfig deployDirectory
信息: Deploying web application directory docs
2012-7-25 10:23:30 org.apache.coyote.http11.Http11Protocol start
信息: Starting Coyote HTTP/1.1 on http-8080
2012-7-25 10:23:30 org.apache.jk.common.ChannelSocket init
信息: Port busy 8009 java.net.BindException: Address already in use
2012-7-25 10:23:30 org.apache.jk.common.ChannelSocket init
严重: Can't find free port 8009 8009
2012-7-25 10:23:30 org.apache.jk.server.JkMain start
信息: Jk running ID=0 time=0/19  config=null
2012-7-25 10:23:30 org.apache.catalina.startup.Catalina start
信息: Server startup in 696 ms
2012-7-25 10:33:51 org.apache.catalina.startup.HostConfig checkResources
信息: Undeploying context [/manager]
2012-7-25 10:33:51 org.apache.catalina.session.StandardManager doUnload
严重: IOException while saving persisted sessions: java.io.FileNotFoundException: /home/zjw8612/workspace/logging/xtrace-display/apache-tomcat-6.0.35/work/Catalina/localhost/manager/SESSIONS.ser (No such file or directory)
java.io.FileNotFoundException: /home/zjw8612/workspace/logging/xtrace-display/apache-tomcat-6.0.35/work/Catalina/localhost/manager/SESSIONS.ser (No such file or directory)
	at java.io.FileOutputStream.open(Native Method)
	at java.io.FileOutputStream.<init>(FileOutputStream.java:194)
	at java.io.FileOutputStream.<init>(FileOutputStream.java:84)
	at org.apache.catalina.session.StandardManager.doUnload(StandardManager.java:500)
	at org.apache.catalina.session.StandardManager.unload(StandardManager.java:469)
	at org.apache.catalina.session.StandardManager.stop(StandardManager.java:678)
	at org.apache.catalina.core.StandardContext.stop(StandardContext.java:4882)
	at org.apache.catalina.core.ContainerBase.removeChild(ContainerBase.java:936)
	at org.apache.catalina.startup.HostConfig.checkResources(HostConfig.java:1212)
	at org.apache.catalina.startup.HostConfig.check(HostConfig.java:1382)
	at org.apache.catalina.startup.HostConfig.lifecycleEvent(HostConfig.java:306)
	at org.apache.catalina.util.LifecycleSupport.fireLifecycleEvent(LifecycleSupport.java:142)
	at org.apache.catalina.core.ContainerBase.backgroundProcess(ContainerBase.java:1389)
	at org.apache.catalina.core.ContainerBase$ContainerBackgroundProcessor.processChildren(ContainerBase.java:1653)
	at org.apache.catalina.core.ContainerBase$ContainerBackgroundProcessor.processChildren(ContainerBase.java:1662)
	at org.apache.catalina.core.ContainerBase$ContainerBackgroundProcessor.run(ContainerBase.java:1642)
	at java.lang.Thread.run(Thread.java:662)
2012-7-25 10:33:51 org.apache.catalina.session.StandardManager stop
严重: Exception unloading sessions to persistent storage
java.io.FileNotFoundException: /home/zjw8612/workspace/logging/xtrace-display/apache-tomcat-6.0.35/work/Catalina/localhost/manager/SESSIONS.ser (No such file or directory)
	at java.io.FileOutputStream.open(Native Method)
	at java.io.FileOutputStream.<init>(FileOutputStream.java:194)
	at java.io.FileOutputStream.<init>(FileOutputStream.java:84)
	at org.apache.catalina.session.StandardManager.doUnload(StandardManager.java:500)
	at org.apache.catalina.session.StandardManager.unload(StandardManager.java:469)
	at org.apache.catalina.session.StandardManager.stop(StandardManager.java:678)
	at org.apache.catalina.core.StandardContext.stop(StandardContext.java:4882)
	at org.apache.catalina.core.ContainerBase.removeChild(ContainerBase.java:936)
	at org.apache.catalina.startup.HostConfig.checkResources(HostConfig.java:1212)
	at org.apache.catalina.startup.HostConfig.check(HostConfig.java:1382)
	at org.apache.catalina.startup.HostConfig.lifecycleEvent(HostConfig.java:306)
	at org.apache.catalina.util.LifecycleSupport.fireLifecycleEvent(LifecycleSupport.java:142)
	at org.apache.catalina.core.ContainerBase.backgroundProcess(ContainerBase.java:1389)
	at org.apache.catalina.core.ContainerBase$ContainerBackgroundProcessor.processChildren(ContainerBase.java:1653)
	at org.apache.catalina.core.ContainerBase$ContainerBackgroundProcessor.processChildren(ContainerBase.java:1662)
	at org.apache.catalina.core.ContainerBase$ContainerBackgroundProcessor.run(ContainerBase.java:1642)
	at java.lang.Thread.run(Thread.java:662)
2012-7-25 10:33:51 org.apache.catalina.loader.WebappClassLoader clearReferencesJdbc
警告: JDBC driver de-registration failed for web application [/manager]
java.lang.NullPointerException
	at org.apache.catalina.loader.WebappClassLoader.clearReferencesJdbc(WebappClassLoader.java:1979)
	at org.apache.catalina.loader.WebappClassLoader.clearReferences(WebappClassLoader.java:1915)
	at org.apache.catalina.loader.WebappClassLoader.stop(WebappClassLoader.java:1833)
	at org.apache.catalina.loader.WebappLoader.stop(WebappLoader.java:740)
	at org.apache.catalina.core.StandardContext.stop(StandardContext.java:4920)
	at org.apache.catalina.core.ContainerBase.removeChild(ContainerBase.java:936)
	at org.apache.catalina.startup.HostConfig.checkResources(HostConfig.java:1212)
	at org.apache.catalina.startup.HostConfig.check(HostConfig.java:1382)
	at org.apache.catalina.startup.HostConfig.lifecycleEvent(HostConfig.java:306)
	at org.apache.catalina.util.LifecycleSupport.fireLifecycleEvent(LifecycleSupport.java:142)
	at org.apache.catalina.core.ContainerBase.backgroundProcess(ContainerBase.java:1389)
	at org.apache.catalina.core.ContainerBase$ContainerBackgroundProcessor.processChildren(ContainerBase.java:1653)
	at org.apache.catalina.core.ContainerBase$ContainerBackgroundProcessor.processChildren(ContainerBase.java:1662)
	at org.apache.catalina.core.ContainerBase$ContainerBackgroundProcessor.run(ContainerBase.java:1642)
	at java.lang.Thread.run(Thread.java:662)
2012-7-25 10:33:51 org.apache.catalina.startup.HostConfig checkResources
信息: Undeploying context [/docs]
2012-7-25 10:33:51 org.apache.catalina.loader.WebappClassLoader clearReferencesJdbc
警告: JDBC driver de-registration failed for web application [/docs]
java.lang.NullPointerException
	at org.apache.catalina.loader.WebappClassLoader.clearReferencesJdbc(WebappClassLoader.java:1979)
	at org.apache.catalina.loader.WebappClassLoader.clearReferences(WebappClassLoader.java:1915)
	at org.apache.catalina.loader.WebappClassLoader.stop(WebappClassLoader.java:1833)
	at org.apache.catalina.loader.WebappLoader.stop(WebappLoader.java:740)
	at org.apache.catalina.core.StandardContext.stop(StandardContext.java:4920)
	at org.apache.catalina.core.ContainerBase.removeChild(ContainerBase.java:936)
	at org.apache.catalina.startup.HostConfig.checkResources(HostConfig.java:1212)
	at org.apache.catalina.startup.HostConfig.check(HostConfig.java:1382)
	at org.apache.catalina.startup.HostConfig.lifecycleEvent(HostConfig.java:306)
	at org.apache.catalina.util.LifecycleSupport.fireLifecycleEvent(LifecycleSupport.java:142)
	at org.apache.catalina.core.ContainerBase.backgroundProcess(ContainerBase.java:1389)
	at org.apache.catalina.core.ContainerBase$ContainerBackgroundProcessor.processChildren(ContainerBase.java:1653)
	at org.apache.catalina.core.ContainerBase$ContainerBackgroundProcessor.processChildren(ContainerBase.java:1662)
	at org.apache.catalina.core.ContainerBase$ContainerBackgroundProcessor.run(ContainerBase.java:1642)
	at java.lang.Thread.run(Thread.java:662)
2012-7-25 10:33:52 org.apache.catalina.startup.HostConfig checkResources
信息: Undeploying context [/examples]
2012-7-25 10:33:52 org.apache.catalina.loader.WebappClassLoader clearReferencesJdbc
警告: JDBC driver de-registration failed for web application [/examples]
java.lang.NullPointerException
	at org.apache.catalina.loader.WebappClassLoader.clearReferencesJdbc(WebappClassLoader.java:1979)
	at org.apache.catalina.loader.WebappClassLoader.clearReferences(WebappClassLoader.java:1915)
	at org.apache.catalina.loader.WebappClassLoader.stop(WebappClassLoader.java:1833)
	at org.apache.catalina.loader.WebappLoader.stop(WebappLoader.java:740)
	at org.apache.catalina.core.StandardContext.stop(StandardContext.java:4920)
	at org.apache.catalina.core.ContainerBase.removeChild(ContainerBase.java:936)
	at org.apache.catalina.startup.HostConfig.checkResources(HostConfig.java:1212)
	at org.apache.catalina.startup.HostConfig.check(HostConfig.java:1382)
	at org.apache.catalina.startup.HostConfig.lifecycleEvent(HostConfig.java:306)
	at org.apache.catalina.util.LifecycleSupport.fireLifecycleEvent(LifecycleSupport.java:142)
	at org.apache.catalina.core.ContainerBase.backgroundProcess(ContainerBase.java:1389)
	at org.apache.catalina.core.ContainerBase$ContainerBackgroundProcessor.processChildren(ContainerBase.java:1653)
	at org.apache.catalina.core.ContainerBase$ContainerBackgroundProcessor.processChildren(ContainerBase.java:1662)
	at org.apache.catalina.core.ContainerBase$ContainerBackgroundProcessor.run(ContainerBase.java:1642)
	at java.lang.Thread.run(Thread.java:662)
2012-7-25 10:33:52 org.apache.catalina.startup.HostConfig checkResources
信息: Undeploying context [/host-manager]
2012-7-25 10:33:52 org.apache.catalina.loader.WebappClassLoader clearReferencesJdbc
警告: JDBC driver de-registration failed for web application [/host-manager]
java.lang.NullPointerException
	at org.apache.catalina.loader.WebappClassLoader.clearReferencesJdbc(WebappClassLoader.java:1979)
	at org.apache.catalina.loader.WebappClassLoader.clearReferences(WebappClassLoader.java:1915)
	at org.apache.catalina.loader.WebappClassLoader.stop(WebappClassLoader.java:1833)
	at org.apache.catalina.loader.WebappLoader.stop(WebappLoader.java:740)
	at org.apache.catalina.core.StandardContext.stop(StandardContext.java:4920)
	at org.apache.catalina.core.ContainerBase.removeChild(ContainerBase.java:936)
	at org.apache.catalina.startup.HostConfig.checkResources(HostConfig.java:1212)
	at org.apache.catalina.startup.HostConfig.check(HostConfig.java:1382)
	at org.apache.catalina.startup.HostConfig.lifecycleEvent(HostConfig.java:306)
	at org.apache.catalina.util.LifecycleSupport.fireLifecycleEvent(LifecycleSupport.java:142)
	at org.apache.catalina.core.ContainerBase.backgroundProcess(ContainerBase.java:1389)
	at org.apache.catalina.core.ContainerBase$ContainerBackgroundProcessor.processChildren(ContainerBase.java:1653)
	at org.apache.catalina.core.ContainerBase$ContainerBackgroundProcessor.processChildren(ContainerBase.java:1662)
	at org.apache.catalina.core.ContainerBase$ContainerBackgroundProcessor.run(ContainerBase.java:1642)
	at java.lang.Thread.run(Thread.java:662)
2012-7-25 11:01:19 org.apache.catalina.core.AprLifecycleListener init
信息: The APR based Apache Tomcat Native library which allows optimal performance in production environments was not found on the java.library.path: /usr/lib/jvm/java-1.6.0_27-sun/jre/lib/amd64/server:/usr/lib/jvm/java-1.6.0_27-sun/jre/lib/amd64:/usr/lib/jvm/java-1.6.0_27-sun/jre/../lib/amd64:/usr/java/packages/lib/amd64:/usr/lib64:/lib64:/lib:/usr/lib
2012-7-25 11:01:19 org.apache.tomcat.util.digester.SetPropertiesRule begin
警告: [SetPropertiesRule]{Server/Service/Engine/Host/Context} Setting property 'debug' to '5' did not find a matching property.
2012-7-25 11:01:19 org.apache.coyote.http11.Http11Protocol init
严重: Error initializing endpoint
java.net.BindException: Address already in use <null>:8080
	at org.apache.tomcat.util.net.JIoEndpoint.init(JIoEndpoint.java:549)
	at org.apache.coyote.http11.Http11Protocol.init(Http11Protocol.java:176)
	at org.apache.catalina.connector.Connector.initialize(Connector.java:1049)
	at org.apache.catalina.core.StandardService.initialize(StandardService.java:703)
	at org.apache.catalina.core.StandardServer.initialize(StandardServer.java:838)
	at org.apache.catalina.startup.Catalina.load(Catalina.java:538)
	at org.apache.catalina.startup.Catalina.load(Catalina.java:562)
	at sun.reflect.NativeMethodAccessorImpl.invoke0(Native Method)
	at sun.reflect.NativeMethodAccessorImpl.invoke(NativeMethodAccessorImpl.java:39)
	at sun.reflect.DelegatingMethodAccessorImpl.invoke(DelegatingMethodAccessorImpl.java:25)
	at java.lang.reflect.Method.invoke(Method.java:597)
	at org.apache.catalina.startup.Bootstrap.load(Bootstrap.java:261)
	at org.apache.catalina.startup.Bootstrap.main(Bootstrap.java:413)
Caused by: java.net.BindException: Address already in use
	at java.net.PlainSocketImpl.socketBind(Native Method)
	at java.net.PlainSocketImpl.bind(PlainSocketImpl.java:383)
	at java.net.ServerSocket.bind(ServerSocket.java:328)
	at java.net.ServerSocket.<init>(ServerSocket.java:194)
	at java.net.ServerSocket.<init>(ServerSocket.java:150)
	at org.apache.tomcat.util.net.DefaultServerSocketFactory.createSocket(DefaultServerSocketFactory.java:50)
	at org.apache.tomcat.util.net.JIoEndpoint.init(JIoEndpoint.java:538)
	... 12 more
2012-7-25 11:01:19 org.apache.catalina.core.StandardService initialize
严重: Failed to initialize connector [Connector[HTTP/1.1-8080]]
LifecycleException:  Protocol handler initialization failed: java.net.BindException: Address already in use <null>:8080
	at org.apache.catalina.connector.Connector.initialize(Connector.java:1051)
	at org.apache.catalina.core.StandardService.initialize(StandardService.java:703)
	at org.apache.catalina.core.StandardServer.initialize(StandardServer.java:838)
	at org.apache.catalina.startup.Catalina.load(Catalina.java:538)
	at org.apache.catalina.startup.Catalina.load(Catalina.java:562)
	at sun.reflect.NativeMethodAccessorImpl.invoke0(Native Method)
	at sun.reflect.NativeMethodAccessorImpl.invoke(NativeMethodAccessorImpl.java:39)
	at sun.reflect.DelegatingMethodAccessorImpl.invoke(DelegatingMethodAccessorImpl.java:25)
	at java.lang.reflect.Method.invoke(Method.java:597)
	at org.apache.catalina.startup.Bootstrap.load(Bootstrap.java:261)
	at org.apache.catalina.startup.Bootstrap.main(Bootstrap.java:413)
2012-7-25 11:01:19 org.apache.catalina.startup.Catalina load
信息: Initialization processed in 647 ms
2012-7-25 11:01:19 org.apache.catalina.core.StandardService start
信息: Starting service Catalina
2012-7-25 11:01:19 org.apache.catalina.core.StandardEngine start
信息: Starting Servlet Engine: Apache Tomcat/6.0.35
2012-7-25 11:01:19 org.apache.catalina.startup.HostConfig deployDescriptor
信息: Deploying configuration descriptor manager.xml
2012-7-25 11:01:19 org.apache.catalina.startup.HostConfig deployDescriptor
信息: Deploying configuration descriptor host-manager.xml
2012-7-25 11:01:19 org.apache.catalina.startup.HostConfig deployDirectory
信息: Deploying web application directory examples
2012-7-25 11:01:20 org.apache.catalina.startup.HostConfig deployDirectory
信息: Deploying web application directory docs
2012-7-25 11:01:20 org.apache.coyote.http11.Http11Protocol start
严重: Error starting endpoint
java.net.BindException: Address already in use <null>:8080
	at org.apache.tomcat.util.net.JIoEndpoint.init(JIoEndpoint.java:549)
	at org.apache.tomcat.util.net.JIoEndpoint.start(JIoEndpoint.java:565)
	at org.apache.coyote.http11.Http11Protocol.start(Http11Protocol.java:203)
	at org.apache.catalina.connector.Connector.start(Connector.java:1122)
	at org.apache.catalina.core.StandardService.start(StandardService.java:540)
	at org.apache.catalina.core.StandardServer.start(StandardServer.java:754)
	at org.apache.catalina.startup.Catalina.start(Catalina.java:595)
	at sun.reflect.NativeMethodAccessorImpl.invoke0(Native Method)
	at sun.reflect.NativeMethodAccessorImpl.invoke(NativeMethodAccessorImpl.java:39)
	at sun.reflect.DelegatingMethodAccessorImpl.invoke(DelegatingMethodAccessorImpl.java:25)
	at java.lang.reflect.Method.invoke(Method.java:597)
	at org.apache.catalina.startup.Bootstrap.start(Bootstrap.java:289)
	at org.apache.catalina.startup.Bootstrap.main(Bootstrap.java:414)
Caused by: java.net.BindException: Address already in use
	at java.net.PlainSocketImpl.socketBind(Native Method)
	at java.net.PlainSocketImpl.bind(PlainSocketImpl.java:383)
	at java.net.ServerSocket.bind(ServerSocket.java:328)
	at java.net.ServerSocket.<init>(ServerSocket.java:194)
	at java.net.ServerSocket.<init>(ServerSocket.java:150)
	at org.apache.tomcat.util.net.DefaultServerSocketFactory.createSocket(DefaultServerSocketFactory.java:50)
	at org.apache.tomcat.util.net.JIoEndpoint.init(JIoEndpoint.java:538)
	... 12 more
2012-7-25 11:01:20 org.apache.catalina.core.StandardService start
严重: Failed to start connector [Connector[HTTP/1.1-8080]]
LifecycleException:  service.getName(): "Catalina";  Protocol handler start failed: java.net.BindException: Address already in use <null>:8080
	at org.apache.catalina.connector.Connector.start(Connector.java:1129)
	at org.apache.catalina.core.StandardService.start(StandardService.java:540)
	at org.apache.catalina.core.StandardServer.start(StandardServer.java:754)
	at org.apache.catalina.startup.Catalina.start(Catalina.java:595)
	at sun.reflect.NativeMethodAccessorImpl.invoke0(Native Method)
	at sun.reflect.NativeMethodAccessorImpl.invoke(NativeMethodAccessorImpl.java:39)
	at sun.reflect.DelegatingMethodAccessorImpl.invoke(DelegatingMethodAccessorImpl.java:25)
	at java.lang.reflect.Method.invoke(Method.java:597)
	at org.apache.catalina.startup.Bootstrap.start(Bootstrap.java:289)
	at org.apache.catalina.startup.Bootstrap.main(Bootstrap.java:414)
2012-7-25 11:01:20 org.apache.jk.common.ChannelSocket init
信息: Port busy 8009 java.net.BindException: Address already in use
2012-7-25 11:01:20 org.apache.jk.common.ChannelSocket init
严重: Can't find free port 8009 8009
2012-7-25 11:01:20 org.apache.jk.server.JkMain start
信息: Jk running ID=0 time=0/33  config=null
2012-7-25 11:01:20 org.apache.catalina.startup.Catalina start
信息: Server startup in 770 ms
2012-7-25 11:01:20 org.apache.catalina.core.StandardServer await
严重: StandardServer.await: create[8001]: 
java.net.BindException: Address already in use
	at java.net.PlainSocketImpl.socketBind(Native Method)
	at java.net.PlainSocketImpl.bind(PlainSocketImpl.java:383)
	at java.net.ServerSocket.bind(ServerSocket.java:328)
	at java.net.ServerSocket.<init>(ServerSocket.java:194)
	at org.apache.catalina.core.StandardServer.await(StandardServer.java:406)
	at org.apache.catalina.startup.Catalina.await(Catalina.java:676)
	at org.apache.catalina.startup.Catalina.start(Catalina.java:628)
	at sun.reflect.NativeMethodAccessorImpl.invoke0(Native Method)
	at sun.reflect.NativeMethodAccessorImpl.invoke(NativeMethodAccessorImpl.java:39)
	at sun.reflect.DelegatingMethodAccessorImpl.invoke(DelegatingMethodAccessorImpl.java:25)
	at java.lang.reflect.Method.invoke(Method.java:597)
	at org.apache.catalina.startup.Bootstrap.start(Bootstrap.java:289)
	at org.apache.catalina.startup.Bootstrap.main(Bootstrap.java:414)
2012-7-25 11:01:20 org.apache.coyote.http11.Http11Protocol pause
信息: Pausing Coyote HTTP/1.1 on http-8080
2012-7-25 11:01:21 org.apache.catalina.core.StandardService stop
信息: Stopping service Catalina
2012-7-25 11:01:21 org.apache.coyote.http11.Http11Protocol destroy
信息: Stopping Coyote HTTP/1.1 on http-8080
2012-7-25 17:14:44 org.apache.catalina.core.AprLifecycleListener init
信息: The APR based Apache Tomcat Native library which allows optimal performance in production environments was not found on the java.library.path: /usr/lib/jvm/java-1.6.0_27-sun/jre/lib/amd64/server:/usr/lib/jvm/java-1.6.0_27-sun/jre/lib/amd64:/usr/lib/jvm/java-1.6.0_27-sun/jre/../lib/amd64:/usr/java/packages/lib/amd64:/usr/lib64:/lib64:/lib:/usr/lib
2012-7-25 17:14:44 org.apache.tomcat.util.digester.SetPropertiesRule begin
警告: [SetPropertiesRule]{Server/Service/Engine/Host/Context} Setting property 'debug' to '5' did not find a matching property.
2012-7-25 17:14:44 org.apache.coyote.http11.Http11Protocol init
信息: Initializing Coyote HTTP/1.1 on http-8080
2012-7-25 17:14:44 org.apache.catalina.startup.Catalina load
信息: Initialization processed in 630 ms
2012-7-25 17:14:44 org.apache.catalina.core.StandardService start
信息: Starting service Catalina
2012-7-25 17:14:44 org.apache.catalina.core.StandardEngine start
信息: Starting Servlet Engine: Apache Tomcat/6.0.35
2012-7-25 17:14:44 org.apache.catalina.startup.HostConfig deployDescriptor
信息: Deploying configuration descriptor manager.xml
2012-7-25 17:14:45 org.apache.catalina.startup.HostConfig deployDescriptor
信息: Deploying configuration descriptor host-manager.xml
2012-7-25 17:14:45 org.apache.catalina.startup.HostConfig deployDirectory
信息: Deploying web application directory examples
2012-7-25 17:14:45 org.apache.catalina.startup.HostConfig deployDirectory
信息: Deploying web application directory docs
2012-7-25 17:14:45 org.apache.coyote.http11.Http11Protocol start
信息: Starting Coyote HTTP/1.1 on http-8080
2012-7-25 17:14:45 org.apache.jk.common.ChannelSocket init
信息: Port busy 8009 java.net.BindException: Address already in use
2012-7-25 17:14:45 org.apache.jk.common.ChannelSocket init
严重: Can't find free port 8009 8009
2012-7-25 17:14:45 org.apache.jk.server.JkMain start
信息: Jk running ID=0 time=0/17  config=null
2012-7-25 17:14:45 org.apache.catalina.startup.Catalina start
信息: Server startup in 682 ms
2012-7-25 17:18:41 org.apache.coyote.http11.Http11Protocol pause
信息: Pausing Coyote HTTP/1.1 on http-8080
2012-7-25 17:18:42 org.apache.catalina.core.StandardService stop
信息: Stopping service Catalina
2012-7-25 17:18:42 org.apache.coyote.http11.Http11Protocol destroy
信息: Stopping Coyote HTTP/1.1 on http-8080
2012-7-25 17:18:44 org.apache.catalina.core.AprLifecycleListener init
信息: The APR based Apache Tomcat Native library which allows optimal performance in production environments was not found on the java.library.path: /usr/lib/jvm/java-1.6.0_27-sun/jre/lib/amd64/server:/usr/lib/jvm/java-1.6.0_27-sun/jre/lib/amd64:/usr/lib/jvm/java-1.6.0_27-sun/jre/../lib/amd64:/usr/java/packages/lib/amd64:/usr/lib64:/lib64:/lib:/usr/lib
2012-7-25 17:18:44 org.apache.tomcat.util.digester.SetPropertiesRule begin
警告: [SetPropertiesRule]{Server/Service/Engine/Host/Context} Setting property 'debug' to '5' did not find a matching property.
2012-7-25 17:18:44 org.apache.coyote.http11.Http11Protocol init
信息: Initializing Coyote HTTP/1.1 on http-8080
2012-7-25 17:18:44 org.apache.catalina.startup.Catalina load
信息: Initialization processed in 595 ms
2012-7-25 17:18:44 org.apache.catalina.core.StandardService start
信息: Starting service Catalina
2012-7-25 17:18:44 org.apache.catalina.core.StandardEngine start
信息: Starting Servlet Engine: Apache Tomcat/6.0.35
2012-7-25 17:18:44 org.apache.catalina.startup.HostConfig deployDescriptor
信息: Deploying configuration descriptor manager.xml
2012-7-25 17:18:44 org.apache.catalina.startup.HostConfig deployDescriptor
信息: Deploying configuration descriptor host-manager.xml
2012-7-25 17:18:44 org.apache.catalina.startup.HostConfig deployDirectory
信息: Deploying web application directory examples
2012-7-25 17:18:44 org.apache.catalina.startup.HostConfig deployDirectory
信息: Deploying web application directory docs
2012-7-25 17:18:44 org.apache.coyote.http11.Http11Protocol start
信息: Starting Coyote HTTP/1.1 on http-8080
2012-7-25 17:18:44 org.apache.jk.common.ChannelSocket init
信息: Port busy 8009 java.net.BindException: Address already in use
2012-7-25 17:18:44 org.apache.jk.common.ChannelSocket init
严重: Can't find free port 8009 8009
2012-7-25 17:18:44 org.apache.jk.server.JkMain start
信息: Jk running ID=0 time=0/14  config=null
2012-7-25 17:18:44 org.apache.catalina.startup.Catalina start
信息: Server startup in 597 ms
2012-7-25 17:21:50 org.apache.coyote.http11.Http11Protocol pause
信息: Pausing Coyote HTTP/1.1 on http-8080
2012-7-25 17:21:51 org.apache.catalina.core.StandardService stop
信息: Stopping service Catalina
2012-7-25 17:21:51 org.apache.coyote.http11.Http11Protocol destroy
信息: Stopping Coyote HTTP/1.1 on http-8080
2012-7-25 17:21:55 org.apache.catalina.core.AprLifecycleListener init
信息: The APR based Apache Tomcat Native library which allows optimal performance in production environments was not found on the java.library.path: /usr/lib/jvm/java-1.6.0_27-sun/jre/lib/amd64/server:/usr/lib/jvm/java-1.6.0_27-sun/jre/lib/amd64:/usr/lib/jvm/java-1.6.0_27-sun/jre/../lib/amd64:/usr/java/packages/lib/amd64:/usr/lib64:/lib64:/lib:/usr/lib
2012-7-25 17:21:55 org.apache.tomcat.util.digester.SetPropertiesRule begin
警告: [SetPropertiesRule]{Server/Service/Engine/Host/Context} Setting property 'debug' to '5' did not find a matching property.
2012-7-25 17:21:55 org.apache.coyote.http11.Http11Protocol init
信息: Initializing Coyote HTTP/1.1 on http-8080
2012-7-25 17:21:55 org.apache.catalina.startup.Catalina load
信息: Initialization processed in 596 ms
2012-7-25 17:21:55 org.apache.catalina.core.StandardService start
信息: Starting service Catalina
2012-7-25 17:21:55 org.apache.catalina.core.StandardEngine start
信息: Starting Servlet Engine: Apache Tomcat/6.0.35
2012-7-25 17:21:55 org.apache.catalina.startup.HostConfig deployDescriptor
信息: Deploying configuration descriptor manager.xml
2012-7-25 17:21:55 org.apache.catalina.startup.HostConfig deployDescriptor
信息: Deploying configuration descriptor host-manager.xml
2012-7-25 17:21:55 org.apache.catalina.startup.HostConfig deployDirectory
信息: Deploying web application directory examples
2012-7-25 17:21:55 org.apache.catalina.startup.HostConfig deployDirectory
信息: Deploying web application directory docs
2012-7-25 17:21:55 org.apache.coyote.http11.Http11Protocol start
信息: Starting Coyote HTTP/1.1 on http-8080
2012-7-25 17:21:55 org.apache.jk.common.ChannelSocket init
信息: Port busy 8009 java.net.BindException: Address already in use
2012-7-25 17:21:55 org.apache.jk.common.ChannelSocket init
严重: Can't find free port 8009 8009
2012-7-25 17:21:55 org.apache.jk.server.JkMain start
信息: Jk running ID=0 time=0/14  config=null
2012-7-25 17:21:55 org.apache.catalina.startup.Catalina start
信息: Server startup in 591 ms
2012-7-25 17:22:22 org.apache.coyote.http11.Http11Protocol pause
信息: Pausing Coyote HTTP/1.1 on http-8080
2012-7-25 17:22:23 org.apache.catalina.core.StandardService stop
信息: Stopping service Catalina
2012-7-25 17:22:23 org.apache.coyote.http11.Http11Protocol destroy
信息: Stopping Coyote HTTP/1.1 on http-8080
2012-7-25 17:22:25 org.apache.catalina.core.AprLifecycleListener init
信息: The APR based Apache Tomcat Native library which allows optimal performance in production environments was not found on the java.library.path: /usr/lib/jvm/java-1.6.0_27-sun/jre/lib/amd64/server:/usr/lib/jvm/java-1.6.0_27-sun/jre/lib/amd64:/usr/lib/jvm/java-1.6.0_27-sun/jre/../lib/amd64:/usr/java/packages/lib/amd64:/usr/lib64:/lib64:/lib:/usr/lib
2012-7-25 17:22:25 org.apache.tomcat.util.digester.SetPropertiesRule begin
警告: [SetPropertiesRule]{Server/Service/Engine/Host/Context} Setting property 'debug' to '5' did not find a matching property.
2012-7-25 17:22:25 org.apache.coyote.http11.Http11Protocol init
信息: Initializing Coyote HTTP/1.1 on http-8080
2012-7-25 17:22:25 org.apache.catalina.startup.Catalina load
信息: Initialization processed in 601 ms
2012-7-25 17:22:25 org.apache.catalina.core.StandardService start
信息: Starting service Catalina
2012-7-25 17:22:25 org.apache.catalina.core.StandardEngine start
信息: Starting Servlet Engine: Apache Tomcat/6.0.35
2012-7-25 17:22:25 org.apache.catalina.startup.HostConfig deployDescriptor
信息: Deploying configuration descriptor manager.xml
2012-7-25 17:22:25 org.apache.catalina.startup.HostConfig deployDescriptor
信息: Deploying configuration descriptor host-manager.xml
2012-7-25 17:22:25 org.apache.catalina.startup.HostConfig deployDirectory
信息: Deploying web application directory examples
2012-7-25 17:22:25 org.apache.catalina.startup.HostConfig deployDirectory
信息: Deploying web application directory docs
2012-7-25 17:22:25 org.apache.coyote.http11.Http11Protocol start
信息: Starting Coyote HTTP/1.1 on http-8080
2012-7-25 17:22:26 org.apache.jk.common.ChannelSocket init
信息: Port busy 8009 java.net.BindException: Address already in use
2012-7-25 17:22:26 org.apache.jk.common.ChannelSocket init
严重: Can't find free port 8009 8009
2012-7-25 17:22:26 org.apache.jk.server.JkMain start
信息: Jk running ID=0 time=0/14  config=null
2012-7-25 17:22:26 org.apache.catalina.startup.Catalina start
信息: Server startup in 661 ms
2012-7-25 17:40:59 org.apache.coyote.http11.Http11Protocol pause
信息: Pausing Coyote HTTP/1.1 on http-8080
2012-7-25 17:41:00 org.apache.catalina.core.StandardService stop
信息: Stopping service Catalina
2012-7-25 17:41:01 org.apache.coyote.http11.Http11Protocol destroy
信息: Stopping Coyote HTTP/1.1 on http-8080
2012-7-25 17:41:03 org.apache.catalina.core.AprLifecycleListener init
信息: The APR based Apache Tomcat Native library which allows optimal performance in production environments was not found on the java.library.path: /usr/lib/jvm/java-1.6.0_27-sun/jre/lib/amd64/server:/usr/lib/jvm/java-1.6.0_27-sun/jre/lib/amd64:/usr/lib/jvm/java-1.6.0_27-sun/jre/../lib/amd64:/usr/java/packages/lib/amd64:/usr/lib64:/lib64:/lib:/usr/lib
2012-7-25 17:41:03 org.apache.tomcat.util.digester.SetPropertiesRule begin
警告: [SetPropertiesRule]{Server/Service/Engine/Host/Context} Setting property 'debug' to '5' did not find a matching property.
2012-7-25 17:41:03 org.apache.coyote.http11.Http11Protocol init
信息: Initializing Coyote HTTP/1.1 on http-8080
2012-7-25 17:41:03 org.apache.catalina.startup.Catalina load
信息: Initialization processed in 605 ms
2012-7-25 17:41:03 org.apache.catalina.core.StandardService start
信息: Starting service Catalina
2012-7-25 17:41:03 org.apache.catalina.core.StandardEngine start
信息: Starting Servlet Engine: Apache Tomcat/6.0.35
2012-7-25 17:41:03 org.apache.catalina.startup.HostConfig deployDescriptor
信息: Deploying configuration descriptor manager.xml
2012-7-25 17:41:03 org.apache.catalina.startup.HostConfig deployDescriptor
信息: Deploying configuration descriptor host-manager.xml
2012-7-25 17:41:03 org.apache.catalina.startup.HostConfig deployDirectory
信息: Deploying web application directory examples
2012-7-25 17:41:03 org.apache.catalina.startup.HostConfig deployDirectory
信息: Deploying web application directory docs
2012-7-25 17:41:03 org.apache.coyote.http11.Http11Protocol start
信息: Starting Coyote HTTP/1.1 on http-8080
2012-7-25 17:41:04 org.apache.jk.common.ChannelSocket init
信息: Port busy 8009 java.net.BindException: Address already in use
2012-7-25 17:41:04 org.apache.jk.common.ChannelSocket init
严重: Can't find free port 8009 8009
2012-7-25 17:41:04 org.apache.jk.server.JkMain start
信息: Jk running ID=0 time=0/14  config=null
2012-7-25 17:41:04 org.apache.catalina.startup.Catalina start
信息: Server startup in 618 ms
2012-7-25 17:50:16 org.apache.coyote.http11.Http11Protocol pause
信息: Pausing Coyote HTTP/1.1 on http-8080
2012-7-25 17:50:17 org.apache.catalina.core.StandardService stop
信息: Stopping service Catalina
2012-7-25 17:50:17 org.apache.coyote.http11.Http11Protocol destroy
信息: Stopping Coyote HTTP/1.1 on http-8080
2012-7-25 17:50:20 org.apache.catalina.core.AprLifecycleListener init
信息: The APR based Apache Tomcat Native library which allows optimal performance in production environments was not found on the java.library.path: /usr/lib/jvm/java-1.6.0_27-sun/jre/lib/amd64/server:/usr/lib/jvm/java-1.6.0_27-sun/jre/lib/amd64:/usr/lib/jvm/java-1.6.0_27-sun/jre/../lib/amd64:/usr/java/packages/lib/amd64:/usr/lib64:/lib64:/lib:/usr/lib
2012-7-25 17:50:20 org.apache.tomcat.util.digester.SetPropertiesRule begin
警告: [SetPropertiesRule]{Server/Service/Engine/Host/Context} Setting property 'debug' to '5' did not find a matching property.
2012-7-25 17:50:20 org.apache.coyote.http11.Http11Protocol init
信息: Initializing Coyote HTTP/1.1 on http-8080
2012-7-25 17:50:20 org.apache.catalina.startup.Catalina load
信息: Initialization processed in 603 ms
2012-7-25 17:50:20 org.apache.catalina.core.StandardService start
信息: Starting service Catalina
2012-7-25 17:50:20 org.apache.catalina.core.StandardEngine start
信息: Starting Servlet Engine: Apache Tomcat/6.0.35
2012-7-25 17:50:20 org.apache.catalina.startup.HostConfig deployDescriptor
信息: Deploying configuration descriptor manager.xml
2012-7-25 17:50:20 org.apache.catalina.startup.HostConfig deployDescriptor
信息: Deploying configuration descriptor host-manager.xml
2012-7-25 17:50:20 org.apache.catalina.startup.HostConfig deployDirectory
信息: Deploying web application directory examples
2012-7-25 17:50:20 org.apache.catalina.startup.HostConfig deployDirectory
信息: Deploying web application directory docs
2012-7-25 17:50:20 org.apache.coyote.http11.Http11Protocol start
信息: Starting Coyote HTTP/1.1 on http-8080
2012-7-25 17:50:20 org.apache.jk.common.ChannelSocket init
信息: Port busy 8009 java.net.BindException: Address already in use
2012-7-25 17:50:20 org.apache.jk.common.ChannelSocket init
严重: Can't find free port 8009 8009
2012-7-25 17:50:20 org.apache.jk.server.JkMain start
信息: Jk running ID=0 time=0/17  config=null
2012-7-25 17:50:20 org.apache.catalina.startup.Catalina start
信息: Server startup in 650 ms
2012-7-25 17:58:51 org.apache.catalina.loader.WebappClassLoader modified
严重:     Resource '/WEB-INF/classes/beanpackage/Circle.class' is missing
2012-7-25 17:58:51 org.apache.catalina.core.StandardContext reload
信息: Reloading Context with name [] has started
2012-7-25 17:58:57 org.apache.coyote.http11.Http11Protocol pause
信息: Pausing Coyote HTTP/1.1 on http-8080
2012-7-25 17:58:58 org.apache.catalina.core.StandardService stop
信息: Stopping service Catalina
2012-7-25 17:58:58 org.apache.coyote.http11.Http11Protocol destroy
信息: Stopping Coyote HTTP/1.1 on http-8080
2012-7-25 17:59:00 org.apache.catalina.core.AprLifecycleListener init
信息: The APR based Apache Tomcat Native library which allows optimal performance in production environments was not found on the java.library.path: /usr/lib/jvm/java-1.6.0_27-sun/jre/lib/amd64/server:/usr/lib/jvm/java-1.6.0_27-sun/jre/lib/amd64:/usr/lib/jvm/java-1.6.0_27-sun/jre/../lib/amd64:/usr/java/packages/lib/amd64:/usr/lib64:/lib64:/lib:/usr/lib
2012-7-25 17:59:00 org.apache.tomcat.util.digester.SetPropertiesRule begin
警告: [SetPropertiesRule]{Server/Service/Engine/Host/Context} Setting property 'debug' to '5' did not find a matching property.
2012-7-25 17:59:00 org.apache.coyote.http11.Http11Protocol init
信息: Initializing Coyote HTTP/1.1 on http-8080
2012-7-25 17:59:00 org.apache.catalina.startup.Catalina load
信息: Initialization processed in 627 ms
2012-7-25 17:59:00 org.apache.catalina.core.StandardService start
信息: Starting service Catalina
2012-7-25 17:59:00 org.apache.catalina.core.StandardEngine start
信息: Starting Servlet Engine: Apache Tomcat/6.0.35
2012-7-25 17:59:01 org.apache.catalina.startup.HostConfig deployDescriptor
信息: Deploying configuration descriptor manager.xml
2012-7-25 17:59:01 org.apache.catalina.startup.HostConfig deployDescriptor
信息: Deploying configuration descriptor host-manager.xml
2012-7-25 17:59:01 org.apache.catalina.startup.HostConfig deployDirectory
信息: Deploying web application directory examples
2012-7-25 17:59:01 org.apache.catalina.startup.HostConfig deployDirectory
信息: Deploying web application directory docs
2012-7-25 17:59:01 org.apache.coyote.http11.Http11Protocol start
信息: Starting Coyote HTTP/1.1 on http-8080
2012-7-25 17:59:01 org.apache.jk.common.ChannelSocket init
信息: Port busy 8009 java.net.BindException: Address already in use
2012-7-25 17:59:01 org.apache.jk.common.ChannelSocket init
严重: Can't find free port 8009 8009
2012-7-25 17:59:01 org.apache.jk.server.JkMain start
信息: Jk running ID=0 time=0/14  config=null
2012-7-25 17:59:01 org.apache.catalina.startup.Catalina start
信息: Server startup in 641 ms
2012-7-25 17:59:21 org.apache.catalina.loader.WebappClassLoader modified
严重:     Resource '/WEB-INF/classes/beanpackage/Circle.class' is missing
2012-7-25 17:59:21 org.apache.catalina.core.StandardContext reload
信息: Reloading Context with name [] has started
2012-7-25 17:59:24 org.apache.coyote.http11.Http11Protocol pause
信息: Pausing Coyote HTTP/1.1 on http-8080
2012-7-25 17:59:25 org.apache.catalina.core.StandardService stop
信息: Stopping service Catalina
2012-7-25 17:59:25 org.apache.coyote.http11.Http11Protocol destroy
信息: Stopping Coyote HTTP/1.1 on http-8080
2012-7-25 17:59:26 org.apache.catalina.core.AprLifecycleListener init
信息: The APR based Apache Tomcat Native library which allows optimal performance in production environments was not found on the java.library.path: /usr/lib/jvm/java-1.6.0_27-sun/jre/lib/amd64/server:/usr/lib/jvm/java-1.6.0_27-sun/jre/lib/amd64:/usr/lib/jvm/java-1.6.0_27-sun/jre/../lib/amd64:/usr/java/packages/lib/amd64:/usr/lib64:/lib64:/lib:/usr/lib
2012-7-25 17:59:26 org.apache.tomcat.util.digester.SetPropertiesRule begin
警告: [SetPropertiesRule]{Server/Service/Engine/Host/Context} Setting property 'debug' to '5' did not find a matching property.
2012-7-25 17:59:26 org.apache.coyote.http11.Http11Protocol init
信息: Initializing Coyote HTTP/1.1 on http-8080
2012-7-25 17:59:26 org.apache.catalina.startup.Catalina load
信息: Initialization processed in 638 ms
2012-7-25 17:59:27 org.apache.catalina.core.StandardService start
信息: Starting service Catalina
2012-7-25 17:59:27 org.apache.catalina.core.StandardEngine start
信息: Starting Servlet Engine: Apache Tomcat/6.0.35
2012-7-25 17:59:27 org.apache.catalina.startup.HostConfig deployDescriptor
信息: Deploying configuration descriptor manager.xml
2012-7-25 17:59:27 org.apache.catalina.startup.HostConfig deployDescriptor
信息: Deploying configuration descriptor host-manager.xml
2012-7-25 17:59:27 org.apache.catalina.startup.HostConfig deployDirectory
信息: Deploying web application directory examples
2012-7-25 17:59:27 org.apache.catalina.startup.HostConfig deployDirectory
信息: Deploying web application directory docs
2012-7-25 17:59:27 org.apache.coyote.http11.Http11Protocol start
信息: Starting Coyote HTTP/1.1 on http-8080
2012-7-25 17:59:27 org.apache.jk.common.ChannelSocket init
信息: Port busy 8009 java.net.BindException: Address already in use
2012-7-25 17:59:27 org.apache.jk.common.ChannelSocket init
严重: Can't find free port 8009 8009
2012-7-25 17:59:27 org.apache.jk.server.JkMain start
信息: Jk running ID=0 time=0/17  config=null
2012-7-25 17:59:27 org.apache.catalina.startup.Catalina start
信息: Server startup in 712 ms
2012-7-25 17:59:41 org.apache.coyote.http11.Http11Protocol pause
信息: Pausing Coyote HTTP/1.1 on http-8080
2012-7-25 17:59:42 org.apache.catalina.core.StandardService stop
信息: Stopping service Catalina
2012-7-25 17:59:42 org.apache.coyote.http11.Http11Protocol destroy
信息: Stopping Coyote HTTP/1.1 on http-8080
2012-7-25 17:59:49 org.apache.catalina.core.AprLifecycleListener init
信息: The APR based Apache Tomcat Native library which allows optimal performance in production environments was not found on the java.library.path: /usr/lib/jvm/java-1.6.0_27-sun/jre/lib/amd64/server:/usr/lib/jvm/java-1.6.0_27-sun/jre/lib/amd64:/usr/lib/jvm/java-1.6.0_27-sun/jre/../lib/amd64:/usr/java/packages/lib/amd64:/usr/lib64:/lib64:/lib:/usr/lib
2012-7-25 17:59:49 org.apache.tomcat.util.digester.SetPropertiesRule begin
警告: [SetPropertiesRule]{Server/Service/Engine/Host/Context} Setting property 'debug' to '5' did not find a matching property.
2012-7-25 17:59:49 org.apache.coyote.http11.Http11Protocol init
信息: Initializing Coyote HTTP/1.1 on http-8080
2012-7-25 17:59:49 org.apache.catalina.startup.Catalina load
信息: Initialization processed in 601 ms
2012-7-25 17:59:49 org.apache.catalina.core.StandardService start
信息: Starting service Catalina
2012-7-25 17:59:49 org.apache.catalina.core.StandardEngine start
信息: Starting Servlet Engine: Apache Tomcat/6.0.35
2012-7-25 17:59:49 org.apache.catalina.startup.HostConfig deployDescriptor
信息: Deploying configuration descriptor manager.xml
2012-7-25 17:59:49 org.apache.catalina.startup.HostConfig deployDescriptor
信息: Deploying configuration descriptor host-manager.xml
2012-7-25 17:59:49 org.apache.catalina.startup.HostConfig deployDirectory
信息: Deploying web application directory examples
2012-7-25 17:59:49 org.apache.catalina.startup.HostConfig deployDirectory
信息: Deploying web application directory docs
2012-7-25 17:59:49 org.apache.coyote.http11.Http11Protocol start
信息: Starting Coyote HTTP/1.1 on http-8080
2012-7-25 17:59:49 org.apache.jk.common.ChannelSocket init
信息: Port busy 8009 java.net.BindException: Address already in use
2012-7-25 17:59:49 org.apache.jk.common.ChannelSocket init
严重: Can't find free port 8009 8009
2012-7-25 17:59:49 org.apache.jk.server.JkMain start
信息: Jk running ID=0 time=0/14  config=null
2012-7-25 17:59:49 org.apache.catalina.startup.Catalina start
信息: Server startup in 645 ms
2012-7-25 18:00:27 org.apache.coyote.http11.Http11Protocol pause
信息: Pausing Coyote HTTP/1.1 on http-8080
2012-7-25 18:00:28 org.apache.catalina.core.StandardService stop
信息: Stopping service Catalina
2012-7-25 18:00:28 org.apache.coyote.http11.Http11Protocol destroy
信息: Stopping Coyote HTTP/1.1 on http-8080
2012-7-25 18:00:29 org.apache.catalina.core.AprLifecycleListener init
信息: The APR based Apache Tomcat Native library which allows optimal performance in production environments was not found on the java.library.path: /usr/lib/jvm/java-1.6.0_27-sun/jre/lib/amd64/server:/usr/lib/jvm/java-1.6.0_27-sun/jre/lib/amd64:/usr/lib/jvm/java-1.6.0_27-sun/jre/../lib/amd64:/usr/java/packages/lib/amd64:/usr/lib64:/lib64:/lib:/usr/lib
2012-7-25 18:00:29 org.apache.tomcat.util.digester.SetPropertiesRule begin
警告: [SetPropertiesRule]{Server/Service/Engine/Host/Context} Setting property 'debug' to '5' did not find a matching property.
2012-7-25 18:00:30 org.apache.coyote.http11.Http11Protocol init
信息: Initializing Coyote HTTP/1.1 on http-8080
2012-7-25 18:00:30 org.apache.catalina.startup.Catalina load
信息: Initialization processed in 659 ms
2012-7-25 18:00:30 org.apache.catalina.core.StandardService start
信息: Starting service Catalina
2012-7-25 18:00:30 org.apache.catalina.core.StandardEngine start
信息: Starting Servlet Engine: Apache Tomcat/6.0.35
2012-7-25 18:00:30 org.apache.catalina.startup.HostConfig deployDescriptor
信息: Deploying configuration descriptor manager.xml
2012-7-25 18:00:30 org.apache.catalina.startup.HostConfig deployDescriptor
信息: Deploying configuration descriptor host-manager.xml
2012-7-25 18:00:30 org.apache.catalina.startup.HostConfig deployDirectory
信息: Deploying web application directory examples
2012-7-25 18:00:30 org.apache.catalina.startup.HostConfig deployDirectory
信息: Deploying web application directory docs
2012-7-25 18:00:30 org.apache.coyote.http11.Http11Protocol start
信息: Starting Coyote HTTP/1.1 on http-8080
2012-7-25 18:00:30 org.apache.jk.common.ChannelSocket init
信息: Port busy 8009 java.net.BindException: Address already in use
2012-7-25 18:00:30 org.apache.jk.common.ChannelSocket init
严重: Can't find free port 8009 8009
2012-7-25 18:00:30 org.apache.jk.server.JkMain start
信息: Jk running ID=0 time=0/14  config=null
2012-7-25 18:00:30 org.apache.catalina.startup.Catalina start
信息: Server startup in 635 ms
2012-7-25 18:01:16 org.apache.coyote.http11.Http11Protocol pause
信息: Pausing Coyote HTTP/1.1 on http-8080
2012-7-25 18:01:17 org.apache.catalina.core.StandardService stop
信息: Stopping service Catalina
2012-7-25 18:01:17 org.apache.coyote.http11.Http11Protocol destroy
信息: Stopping Coyote HTTP/1.1 on http-8080
2012-7-25 18:01:17 org.apache.catalina.core.AprLifecycleListener init
信息: The APR based Apache Tomcat Native library which allows optimal performance in production environments was not found on the java.library.path: /usr/lib/jvm/java-1.6.0_27-sun/jre/lib/amd64/server:/usr/lib/jvm/java-1.6.0_27-sun/jre/lib/amd64:/usr/lib/jvm/java-1.6.0_27-sun/jre/../lib/amd64:/usr/java/packages/lib/amd64:/usr/lib64:/lib64:/lib:/usr/lib
2012-7-25 18:01:18 org.apache.tomcat.util.digester.SetPropertiesRule begin
警告: [SetPropertiesRule]{Server/Service/Engine/Host/Context} Setting property 'debug' to '5' did not find a matching property.
2012-7-25 18:01:18 org.apache.coyote.http11.Http11Protocol init
信息: Initializing Coyote HTTP/1.1 on http-8080
2012-7-25 18:01:18 org.apache.catalina.startup.Catalina load
信息: Initialization processed in 635 ms
2012-7-25 18:01:18 org.apache.catalina.core.StandardService start
信息: Starting service Catalina
2012-7-25 18:01:18 org.apache.catalina.core.StandardEngine start
信息: Starting Servlet Engine: Apache Tomcat/6.0.35
2012-7-25 18:01:18 org.apache.catalina.startup.HostConfig deployDescriptor
信息: Deploying configuration descriptor manager.xml
2012-7-25 18:01:18 org.apache.catalina.startup.HostConfig deployDescriptor
信息: Deploying configuration descriptor host-manager.xml
2012-7-25 18:01:18 org.apache.catalina.startup.HostConfig deployDirectory
信息: Deploying web application directory examples
2012-7-25 18:01:18 org.apache.catalina.startup.HostConfig deployDirectory
信息: Deploying web application directory docs
2012-7-25 18:01:18 org.apache.coyote.http11.Http11Protocol start
信息: Starting Coyote HTTP/1.1 on http-8080
2012-7-25 18:01:18 org.apache.jk.common.ChannelSocket init
信息: Port busy 8009 java.net.BindException: Address already in use
2012-7-25 18:01:18 org.apache.jk.common.ChannelSocket init
严重: Can't find free port 8009 8009
2012-7-25 18:01:18 org.apache.jk.server.JkMain start
信息: Jk running ID=0 time=0/15  config=null
2012-7-25 18:01:18 org.apache.catalina.startup.Catalina start
信息: Server startup in 672 ms
2012-7-25 18:02:58 org.apache.catalina.loader.WebappClassLoader modified
严重:     Resource '/WEB-INF/classes/beanpackage/Circle.class' is missing
2012-7-25 18:02:58 org.apache.catalina.core.StandardContext reload
信息: Reloading Context with name [] has started
2012-7-25 18:15:56 org.apache.coyote.http11.Http11Protocol pause
信息: Pausing Coyote HTTP/1.1 on http-8080
2012-7-25 18:15:57 org.apache.catalina.core.StandardService stop
信息: Stopping service Catalina
2012-7-25 18:15:57 org.apache.coyote.http11.Http11Protocol destroy
信息: Stopping Coyote HTTP/1.1 on http-8080
2012-7-25 18:15:59 org.apache.catalina.core.AprLifecycleListener init
信息: The APR based Apache Tomcat Native library which allows optimal performance in production environments was not found on the java.library.path: /usr/lib/jvm/java-1.6.0_27-sun/jre/lib/amd64/server:/usr/lib/jvm/java-1.6.0_27-sun/jre/lib/amd64:/usr/lib/jvm/java-1.6.0_27-sun/jre/../lib/amd64:/usr/java/packages/lib/amd64:/usr/lib64:/lib64:/lib:/usr/lib
2012-7-25 18:15:59 org.apache.tomcat.util.digester.SetPropertiesRule begin
警告: [SetPropertiesRule]{Server/Service/Engine/Host/Context} Setting property 'debug' to '5' did not find a matching property.
2012-7-25 18:16:00 org.apache.coyote.http11.Http11Protocol init
信息: Initializing Coyote HTTP/1.1 on http-8080
2012-7-25 18:16:00 org.apache.catalina.startup.Catalina load
信息: Initialization processed in 658 ms
2012-7-25 18:16:00 org.apache.catalina.core.StandardService start
信息: Starting service Catalina
2012-7-25 18:16:00 org.apache.catalina.core.StandardEngine start
信息: Starting Servlet Engine: Apache Tomcat/6.0.35
2012-7-25 18:16:00 org.apache.catalina.startup.HostConfig deployDescriptor
信息: Deploying configuration descriptor manager.xml
2012-7-25 18:16:00 org.apache.catalina.startup.HostConfig deployDescriptor
信息: Deploying configuration descriptor host-manager.xml
2012-7-25 18:16:00 org.apache.catalina.startup.HostConfig deployDirectory
信息: Deploying web application directory examples
2012-7-25 18:16:00 org.apache.catalina.startup.HostConfig deployDirectory
信息: Deploying web application directory docs
2012-7-25 18:16:00 org.apache.coyote.http11.Http11Protocol start
信息: Starting Coyote HTTP/1.1 on http-8080
2012-7-25 18:16:00 org.apache.jk.common.ChannelSocket init
信息: Port busy 8009 java.net.BindException: Address already in use
2012-7-25 18:16:00 org.apache.jk.common.ChannelSocket init
严重: Can't find free port 8009 8009
2012-7-25 18:16:00 org.apache.jk.server.JkMain start
信息: Jk running ID=0 time=0/20  config=null
2012-7-25 18:16:00 org.apache.catalina.startup.Catalina start
信息: Server startup in 689 ms
2012-7-25 18:17:09 org.apache.coyote.http11.Http11Protocol pause
信息: Pausing Coyote HTTP/1.1 on http-8080
2012-7-25 18:17:10 org.apache.catalina.core.StandardService stop
信息: Stopping service Catalina
2012-7-25 18:17:10 org.apache.coyote.http11.Http11Protocol destroy
信息: Stopping Coyote HTTP/1.1 on http-8080
2012-7-25 18:17:11 org.apache.catalina.core.AprLifecycleListener init
信息: The APR based Apache Tomcat Native library which allows optimal performance in production environments was not found on the java.library.path: /usr/lib/jvm/java-1.6.0_27-sun/jre/lib/amd64/server:/usr/lib/jvm/java-1.6.0_27-sun/jre/lib/amd64:/usr/lib/jvm/java-1.6.0_27-sun/jre/../lib/amd64:/usr/java/packages/lib/amd64:/usr/lib64:/lib64:/lib:/usr/lib
2012-7-25 18:17:11 org.apache.tomcat.util.digester.SetPropertiesRule begin
警告: [SetPropertiesRule]{Server/Service/Engine/Host/Context} Setting property 'debug' to '5' did not find a matching property.
2012-7-25 18:17:11 org.apache.coyote.http11.Http11Protocol init
信息: Initializing Coyote HTTP/1.1 on http-8080
2012-7-25 18:17:11 org.apache.catalina.startup.Catalina load
信息: Initialization processed in 600 ms
2012-7-25 18:17:11 org.apache.catalina.core.StandardService start
信息: Starting service Catalina
2012-7-25 18:17:11 org.apache.catalina.core.StandardEngine start
信息: Starting Servlet Engine: Apache Tomcat/6.0.35
2012-7-25 18:17:11 org.apache.catalina.startup.HostConfig deployDescriptor
信息: Deploying configuration descriptor manager.xml
2012-7-25 18:17:12 org.apache.catalina.startup.HostConfig deployDescriptor
信息: Deploying configuration descriptor host-manager.xml
2012-7-25 18:17:12 org.apache.catalina.startup.HostConfig deployDirectory
信息: Deploying web application directory examples
2012-7-25 18:17:12 org.apache.catalina.startup.HostConfig deployDirectory
信息: Deploying web application directory docs
2012-7-25 18:17:12 org.apache.coyote.http11.Http11Protocol start
信息: Starting Coyote HTTP/1.1 on http-8080
2012-7-25 18:17:12 org.apache.jk.common.ChannelSocket init
信息: Port busy 8009 java.net.BindException: Address already in use
2012-7-25 18:17:12 org.apache.jk.common.ChannelSocket init
严重: Can't find free port 8009 8009
2012-7-25 18:17:12 org.apache.jk.server.JkMain start
信息: Jk running ID=0 time=0/14  config=null
2012-7-25 18:17:12 org.apache.catalina.startup.Catalina start
信息: Server startup in 642 ms
2012-7-25 18:17:38 org.apache.coyote.http11.Http11Protocol pause
信息: Pausing Coyote HTTP/1.1 on http-8080
2012-7-25 18:17:39 org.apache.catalina.core.StandardService stop
信息: Stopping service Catalina
2012-7-25 18:17:39 org.apache.coyote.http11.Http11Protocol destroy
信息: Stopping Coyote HTTP/1.1 on http-8080
2012-7-25 18:17:40 org.apache.catalina.core.AprLifecycleListener init
信息: The APR based Apache Tomcat Native library which allows optimal performance in production environments was not found on the java.library.path: /usr/lib/jvm/java-1.6.0_27-sun/jre/lib/amd64/server:/usr/lib/jvm/java-1.6.0_27-sun/jre/lib/amd64:/usr/lib/jvm/java-1.6.0_27-sun/jre/../lib/amd64:/usr/java/packages/lib/amd64:/usr/lib64:/lib64:/lib:/usr/lib
2012-7-25 18:17:41 org.apache.tomcat.util.digester.SetPropertiesRule begin
警告: [SetPropertiesRule]{Server/Service/Engine/Host/Context} Setting property 'debug' to '5' did not find a matching property.
2012-7-25 18:17:41 org.apache.coyote.http11.Http11Protocol init
信息: Initializing Coyote HTTP/1.1 on http-8080
2012-7-25 18:17:41 org.apache.catalina.startup.Catalina load
信息: Initialization processed in 647 ms
2012-7-25 18:17:41 org.apache.catalina.core.StandardService start
信息: Starting service Catalina
2012-7-25 18:17:41 org.apache.catalina.core.StandardEngine start
信息: Starting Servlet Engine: Apache Tomcat/6.0.35
2012-7-25 18:17:41 org.apache.catalina.startup.HostConfig deployDescriptor
信息: Deploying configuration descriptor manager.xml
2012-7-25 18:17:41 org.apache.catalina.startup.HostConfig deployDescriptor
信息: Deploying configuration descriptor host-manager.xml
2012-7-25 18:17:41 org.apache.catalina.startup.HostConfig deployDirectory
信息: Deploying web application directory examples
2012-7-25 18:17:41 org.apache.catalina.startup.HostConfig deployDirectory
信息: Deploying web application directory docs
2012-7-25 18:17:41 org.apache.coyote.http11.Http11Protocol start
信息: Starting Coyote HTTP/1.1 on http-8080
2012-7-25 18:17:42 org.apache.jk.common.ChannelSocket init
信息: Port busy 8009 java.net.BindException: Address already in use
2012-7-25 18:17:42 org.apache.jk.common.ChannelSocket init
严重: Can't find free port 8009 8009
2012-7-25 18:17:42 org.apache.jk.server.JkMain start
信息: Jk running ID=0 time=0/10  config=null
2012-7-25 18:17:42 org.apache.catalina.startup.Catalina start
信息: Server startup in 704 ms
2012-7-25 18:17:52 org.apache.catalina.core.AprLifecycleListener init
信息: The APR based Apache Tomcat Native library which allows optimal performance in production environments was not found on the java.library.path: /usr/lib/jvm/java-1.6.0_27-sun/jre/lib/amd64/server:/usr/lib/jvm/java-1.6.0_27-sun/jre/lib/amd64:/usr/lib/jvm/java-1.6.0_27-sun/jre/../lib/amd64:/usr/java/packages/lib/amd64:/usr/lib64:/lib64:/lib:/usr/lib
2012-7-25 18:17:53 org.apache.tomcat.util.digester.SetPropertiesRule begin
警告: [SetPropertiesRule]{Server/Service/Engine/Host/Context} Setting property 'debug' to '5' did not find a matching property.
2012-7-25 18:17:53 org.apache.coyote.http11.Http11Protocol init
严重: Error initializing endpoint
java.net.BindException: Address already in use <null>:8080
	at org.apache.tomcat.util.net.JIoEndpoint.init(JIoEndpoint.java:549)
	at org.apache.coyote.http11.Http11Protocol.init(Http11Protocol.java:176)
	at org.apache.catalina.connector.Connector.initialize(Connector.java:1049)
	at org.apache.catalina.core.StandardService.initialize(StandardService.java:703)
	at org.apache.catalina.core.StandardServer.initialize(StandardServer.java:838)
	at org.apache.catalina.startup.Catalina.load(Catalina.java:538)
	at org.apache.catalina.startup.Catalina.load(Catalina.java:562)
	at sun.reflect.NativeMethodAccessorImpl.invoke0(Native Method)
	at sun.reflect.NativeMethodAccessorImpl.invoke(NativeMethodAccessorImpl.java:39)
	at sun.reflect.DelegatingMethodAccessorImpl.invoke(DelegatingMethodAccessorImpl.java:25)
	at java.lang.reflect.Method.invoke(Method.java:597)
	at org.apache.catalina.startup.Bootstrap.load(Bootstrap.java:261)
	at org.apache.catalina.startup.Bootstrap.main(Bootstrap.java:413)
Caused by: java.net.BindException: Address already in use
	at java.net.PlainSocketImpl.socketBind(Native Method)
	at java.net.PlainSocketImpl.bind(PlainSocketImpl.java:383)
	at java.net.ServerSocket.bind(ServerSocket.java:328)
	at java.net.ServerSocket.<init>(ServerSocket.java:194)
	at java.net.ServerSocket.<init>(ServerSocket.java:150)
	at org.apache.tomcat.util.net.DefaultServerSocketFactory.createSocket(DefaultServerSocketFactory.java:50)
	at org.apache.tomcat.util.net.JIoEndpoint.init(JIoEndpoint.java:538)
	... 12 more
2012-7-25 18:17:53 org.apache.catalina.core.StandardService initialize
严重: Failed to initialize connector [Connector[HTTP/1.1-8080]]
LifecycleException:  Protocol handler initialization failed: java.net.BindException: Address already in use <null>:8080
	at org.apache.catalina.connector.Connector.initialize(Connector.java:1051)
	at org.apache.catalina.core.StandardService.initialize(StandardService.java:703)
	at org.apache.catalina.core.StandardServer.initialize(StandardServer.java:838)
	at org.apache.catalina.startup.Catalina.load(Catalina.java:538)
	at org.apache.catalina.startup.Catalina.load(Catalina.java:562)
	at sun.reflect.NativeMethodAccessorImpl.invoke0(Native Method)
	at sun.reflect.NativeMethodAccessorImpl.invoke(NativeMethodAccessorImpl.java:39)
	at sun.reflect.DelegatingMethodAccessorImpl.invoke(DelegatingMethodAccessorImpl.java:25)
	at java.lang.reflect.Method.invoke(Method.java:597)
	at org.apache.catalina.startup.Bootstrap.load(Bootstrap.java:261)
	at org.apache.catalina.startup.Bootstrap.main(Bootstrap.java:413)
2012-7-25 18:17:53 org.apache.catalina.startup.Catalina load
信息: Initialization processed in 603 ms
2012-7-25 18:17:53 org.apache.catalina.core.StandardService start
信息: Starting service Catalina
2012-7-25 18:17:53 org.apache.catalina.core.StandardEngine start
信息: Starting Servlet Engine: Apache Tomcat/6.0.35
2012-7-25 18:17:53 org.apache.catalina.startup.HostConfig deployDescriptor
信息: Deploying configuration descriptor manager.xml
2012-7-25 18:17:53 org.apache.catalina.startup.HostConfig deployDescriptor
信息: Deploying configuration descriptor host-manager.xml
2012-7-25 18:17:53 org.apache.catalina.startup.HostConfig deployDirectory
信息: Deploying web application directory examples
2012-7-25 18:17:53 org.apache.catalina.startup.HostConfig deployDirectory
信息: Deploying web application directory docs
2012-7-25 18:17:53 org.apache.coyote.http11.Http11Protocol start
严重: Error starting endpoint
java.net.BindException: Address already in use <null>:8080
	at org.apache.tomcat.util.net.JIoEndpoint.init(JIoEndpoint.java:549)
	at org.apache.tomcat.util.net.JIoEndpoint.start(JIoEndpoint.java:565)
	at org.apache.coyote.http11.Http11Protocol.start(Http11Protocol.java:203)
	at org.apache.catalina.connector.Connector.start(Connector.java:1122)
	at org.apache.catalina.core.StandardService.start(StandardService.java:540)
	at org.apache.catalina.core.StandardServer.start(StandardServer.java:754)
	at org.apache.catalina.startup.Catalina.start(Catalina.java:595)
	at sun.reflect.NativeMethodAccessorImpl.invoke0(Native Method)
	at sun.reflect.NativeMethodAccessorImpl.invoke(NativeMethodAccessorImpl.java:39)
	at sun.reflect.DelegatingMethodAccessorImpl.invoke(DelegatingMethodAccessorImpl.java:25)
	at java.lang.reflect.Method.invoke(Method.java:597)
	at org.apache.catalina.startup.Bootstrap.start(Bootstrap.java:289)
	at org.apache.catalina.startup.Bootstrap.main(Bootstrap.java:414)
Caused by: java.net.BindException: Address already in use
	at java.net.PlainSocketImpl.socketBind(Native Method)
	at java.net.PlainSocketImpl.bind(PlainSocketImpl.java:383)
	at java.net.ServerSocket.bind(ServerSocket.java:328)
	at java.net.ServerSocket.<init>(ServerSocket.java:194)
	at java.net.ServerSocket.<init>(ServerSocket.java:150)
	at org.apache.tomcat.util.net.DefaultServerSocketFactory.createSocket(DefaultServerSocketFactory.java:50)
	at org.apache.tomcat.util.net.JIoEndpoint.init(JIoEndpoint.java:538)
	... 12 more
2012-7-25 18:17:53 org.apache.catalina.core.StandardService start
严重: Failed to start connector [Connector[HTTP/1.1-8080]]
LifecycleException:  service.getName(): "Catalina";  Protocol handler start failed: java.net.BindException: Address already in use <null>:8080
	at org.apache.catalina.connector.Connector.start(Connector.java:1129)
	at org.apache.catalina.core.StandardService.start(StandardService.java:540)
	at org.apache.catalina.core.StandardServer.start(StandardServer.java:754)
	at org.apache.catalina.startup.Catalina.start(Catalina.java:595)
	at sun.reflect.NativeMethodAccessorImpl.invoke0(Native Method)
	at sun.reflect.NativeMethodAccessorImpl.invoke(NativeMethodAccessorImpl.java:39)
	at sun.reflect.DelegatingMethodAccessorImpl.invoke(DelegatingMethodAccessorImpl.java:25)
	at java.lang.reflect.Method.invoke(Method.java:597)
	at org.apache.catalina.startup.Bootstrap.start(Bootstrap.java:289)
	at org.apache.catalina.startup.Bootstrap.main(Bootstrap.java:414)
2012-7-25 18:17:53 org.apache.jk.common.ChannelSocket init
信息: Port busy 8009 java.net.BindException: Address already in use
2012-7-25 18:17:53 org.apache.jk.common.ChannelSocket init
严重: Can't find free port 8009 8009
2012-7-25 18:17:53 org.apache.jk.server.JkMain start
信息: Jk running ID=0 time=0/14  config=null
2012-7-25 18:17:53 org.apache.catalina.startup.Catalina start
信息: Server startup in 636 ms
2012-7-25 18:17:53 org.apache.catalina.core.StandardServer await
严重: StandardServer.await: create[8001]: 
java.net.BindException: Address already in use
	at java.net.PlainSocketImpl.socketBind(Native Method)
	at java.net.PlainSocketImpl.bind(PlainSocketImpl.java:383)
	at java.net.ServerSocket.bind(ServerSocket.java:328)
	at java.net.ServerSocket.<init>(ServerSocket.java:194)
	at org.apache.catalina.core.StandardServer.await(StandardServer.java:406)
	at org.apache.catalina.startup.Catalina.await(Catalina.java:676)
	at org.apache.catalina.startup.Catalina.start(Catalina.java:628)
	at sun.reflect.NativeMethodAccessorImpl.invoke0(Native Method)
	at sun.reflect.NativeMethodAccessorImpl.invoke(NativeMethodAccessorImpl.java:39)
	at sun.reflect.DelegatingMethodAccessorImpl.invoke(DelegatingMethodAccessorImpl.java:25)
	at java.lang.reflect.Method.invoke(Method.java:597)
	at org.apache.catalina.startup.Bootstrap.start(Bootstrap.java:289)
	at org.apache.catalina.startup.Bootstrap.main(Bootstrap.java:414)
2012-7-25 18:17:53 org.apache.coyote.http11.Http11Protocol pause
信息: Pausing Coyote HTTP/1.1 on http-8080
2012-7-25 18:17:54 org.apache.catalina.core.StandardService stop
信息: Stopping service Catalina
2012-7-25 18:17:54 org.apache.coyote.http11.Http11Protocol destroy
信息: Stopping Coyote HTTP/1.1 on http-8080
2012-7-25 18:17:57 org.apache.catalina.core.AprLifecycleListener init
信息: The APR based Apache Tomcat Native library which allows optimal performance in production environments was not found on the java.library.path: /usr/lib/jvm/java-1.6.0_27-sun/jre/lib/amd64/server:/usr/lib/jvm/java-1.6.0_27-sun/jre/lib/amd64:/usr/lib/jvm/java-1.6.0_27-sun/jre/../lib/amd64:/usr/java/packages/lib/amd64:/usr/lib64:/lib64:/lib:/usr/lib
2012-7-25 18:17:57 org.apache.tomcat.util.digester.SetPropertiesRule begin
警告: [SetPropertiesRule]{Server/Service/Engine/Host/Context} Setting property 'debug' to '5' did not find a matching property.
2012-7-25 18:17:57 org.apache.coyote.http11.Http11Protocol init
严重: Error initializing endpoint
java.net.BindException: Address already in use <null>:8080
	at org.apache.tomcat.util.net.JIoEndpoint.init(JIoEndpoint.java:549)
	at org.apache.coyote.http11.Http11Protocol.init(Http11Protocol.java:176)
	at org.apache.catalina.connector.Connector.initialize(Connector.java:1049)
	at org.apache.catalina.core.StandardService.initialize(StandardService.java:703)
	at org.apache.catalina.core.StandardServer.initialize(StandardServer.java:838)
	at org.apache.catalina.startup.Catalina.load(Catalina.java:538)
	at org.apache.catalina.startup.Catalina.load(Catalina.java:562)
	at sun.reflect.NativeMethodAccessorImpl.invoke0(Native Method)
	at sun.reflect.NativeMethodAccessorImpl.invoke(NativeMethodAccessorImpl.java:39)
	at sun.reflect.DelegatingMethodAccessorImpl.invoke(DelegatingMethodAccessorImpl.java:25)
	at java.lang.reflect.Method.invoke(Method.java:597)
	at org.apache.catalina.startup.Bootstrap.load(Bootstrap.java:261)
	at org.apache.catalina.startup.Bootstrap.main(Bootstrap.java:413)
Caused by: java.net.BindException: Address already in use
	at java.net.PlainSocketImpl.socketBind(Native Method)
	at java.net.PlainSocketImpl.bind(PlainSocketImpl.java:383)
	at java.net.ServerSocket.bind(ServerSocket.java:328)
	at java.net.ServerSocket.<init>(ServerSocket.java:194)
	at java.net.ServerSocket.<init>(ServerSocket.java:150)
	at org.apache.tomcat.util.net.DefaultServerSocketFactory.createSocket(DefaultServerSocketFactory.java:50)
	at org.apache.tomcat.util.net.JIoEndpoint.init(JIoEndpoint.java:538)
	... 12 more
2012-7-25 18:17:57 org.apache.catalina.core.StandardService initialize
严重: Failed to initialize connector [Connector[HTTP/1.1-8080]]
LifecycleException:  Protocol handler initialization failed: java.net.BindException: Address already in use <null>:8080
	at org.apache.catalina.connector.Connector.initialize(Connector.java:1051)
	at org.apache.catalina.core.StandardService.initialize(StandardService.java:703)
	at org.apache.catalina.core.StandardServer.initialize(StandardServer.java:838)
	at org.apache.catalina.startup.Catalina.load(Catalina.java:538)
	at org.apache.catalina.startup.Catalina.load(Catalina.java:562)
	at sun.reflect.NativeMethodAccessorImpl.invoke0(Native Method)
	at sun.reflect.NativeMethodAccessorImpl.invoke(NativeMethodAccessorImpl.java:39)
	at sun.reflect.DelegatingMethodAccessorImpl.invoke(DelegatingMethodAccessorImpl.java:25)
	at java.lang.reflect.Method.invoke(Method.java:597)
	at org.apache.catalina.startup.Bootstrap.load(Bootstrap.java:261)
	at org.apache.catalina.startup.Bootstrap.main(Bootstrap.java:413)
2012-7-25 18:17:57 org.apache.catalina.startup.Catalina load
信息: Initialization processed in 601 ms
2012-7-25 18:17:57 org.apache.catalina.core.StandardService start
信息: Starting service Catalina
2012-7-25 18:17:57 org.apache.catalina.core.StandardEngine start
信息: Starting Servlet Engine: Apache Tomcat/6.0.35
2012-7-25 18:17:57 org.apache.catalina.startup.HostConfig deployDescriptor
信息: Deploying configuration descriptor manager.xml
2012-7-25 18:17:58 org.apache.catalina.startup.HostConfig deployDescriptor
信息: Deploying configuration descriptor host-manager.xml
2012-7-25 18:17:58 org.apache.catalina.startup.HostConfig deployDirectory
信息: Deploying web application directory examples
2012-7-25 18:17:58 org.apache.catalina.startup.HostConfig deployDirectory
信息: Deploying web application directory docs
2012-7-25 18:17:58 org.apache.coyote.http11.Http11Protocol start
严重: Error starting endpoint
java.net.BindException: Address already in use <null>:8080
	at org.apache.tomcat.util.net.JIoEndpoint.init(JIoEndpoint.java:549)
	at org.apache.tomcat.util.net.JIoEndpoint.start(JIoEndpoint.java:565)
	at org.apache.coyote.http11.Http11Protocol.start(Http11Protocol.java:203)
	at org.apache.catalina.connector.Connector.start(Connector.java:1122)
	at org.apache.catalina.core.StandardService.start(StandardService.java:540)
	at org.apache.catalina.core.StandardServer.start(StandardServer.java:754)
	at org.apache.catalina.startup.Catalina.start(Catalina.java:595)
	at sun.reflect.NativeMethodAccessorImpl.invoke0(Native Method)
	at sun.reflect.NativeMethodAccessorImpl.invoke(NativeMethodAccessorImpl.java:39)
	at sun.reflect.DelegatingMethodAccessorImpl.invoke(DelegatingMethodAccessorImpl.java:25)
	at java.lang.reflect.Method.invoke(Method.java:597)
	at org.apache.catalina.startup.Bootstrap.start(Bootstrap.java:289)
	at org.apache.catalina.startup.Bootstrap.main(Bootstrap.java:414)
Caused by: java.net.BindException: Address already in use
	at java.net.PlainSocketImpl.socketBind(Native Method)
	at java.net.PlainSocketImpl.bind(PlainSocketImpl.java:383)
	at java.net.ServerSocket.bind(ServerSocket.java:328)
	at java.net.ServerSocket.<init>(ServerSocket.java:194)
	at java.net.ServerSocket.<init>(ServerSocket.java:150)
	at org.apache.tomcat.util.net.DefaultServerSocketFactory.createSocket(DefaultServerSocketFactory.java:50)
	at org.apache.tomcat.util.net.JIoEndpoint.init(JIoEndpoint.java:538)
	... 12 more
2012-7-25 18:17:58 org.apache.catalina.core.StandardService start
严重: Failed to start connector [Connector[HTTP/1.1-8080]]
LifecycleException:  service.getName(): "Catalina";  Protocol handler start failed: java.net.BindException: Address already in use <null>:8080
	at org.apache.catalina.connector.Connector.start(Connector.java:1129)
	at org.apache.catalina.core.StandardService.start(StandardService.java:540)
	at org.apache.catalina.core.StandardServer.start(StandardServer.java:754)
	at org.apache.catalina.startup.Catalina.start(Catalina.java:595)
	at sun.reflect.NativeMethodAccessorImpl.invoke0(Native Method)
	at sun.reflect.NativeMethodAccessorImpl.invoke(NativeMethodAccessorImpl.java:39)
	at sun.reflect.DelegatingMethodAccessorImpl.invoke(DelegatingMethodAccessorImpl.java:25)
	at java.lang.reflect.Method.invoke(Method.java:597)
	at org.apache.catalina.startup.Bootstrap.start(Bootstrap.java:289)
	at org.apache.catalina.startup.Bootstrap.main(Bootstrap.java:414)
2012-7-25 18:17:58 org.apache.jk.common.ChannelSocket init
信息: Port busy 8009 java.net.BindException: Address already in use
2012-7-25 18:17:58 org.apache.jk.common.ChannelSocket init
严重: Can't find free port 8009 8009
2012-7-25 18:17:58 org.apache.jk.server.JkMain start
信息: Jk running ID=0 time=0/18  config=null
2012-7-25 18:17:58 org.apache.catalina.startup.Catalina start
信息: Server startup in 600 ms
2012-7-25 18:17:58 org.apache.catalina.core.StandardServer await
严重: StandardServer.await: create[8001]: 
java.net.BindException: Address already in use
	at java.net.PlainSocketImpl.socketBind(Native Method)
	at java.net.PlainSocketImpl.bind(PlainSocketImpl.java:383)
	at java.net.ServerSocket.bind(ServerSocket.java:328)
	at java.net.ServerSocket.<init>(ServerSocket.java:194)
	at org.apache.catalina.core.StandardServer.await(StandardServer.java:406)
	at org.apache.catalina.startup.Catalina.await(Catalina.java:676)
	at org.apache.catalina.startup.Catalina.start(Catalina.java:628)
	at sun.reflect.NativeMethodAccessorImpl.invoke0(Native Method)
	at sun.reflect.NativeMethodAccessorImpl.invoke(NativeMethodAccessorImpl.java:39)
	at sun.reflect.DelegatingMethodAccessorImpl.invoke(DelegatingMethodAccessorImpl.java:25)
	at java.lang.reflect.Method.invoke(Method.java:597)
	at org.apache.catalina.startup.Bootstrap.start(Bootstrap.java:289)
	at org.apache.catalina.startup.Bootstrap.main(Bootstrap.java:414)
2012-7-25 18:17:58 org.apache.coyote.http11.Http11Protocol pause
信息: Pausing Coyote HTTP/1.1 on http-8080
2012-7-25 18:17:59 org.apache.catalina.core.StandardService stop
信息: Stopping service Catalina
2012-7-25 18:17:59 org.apache.coyote.http11.Http11Protocol destroy
信息: Stopping Coyote HTTP/1.1 on http-8080
2012-7-25 18:18:11 org.apache.catalina.core.StandardContext reload
信息: Reloading Context with name [] has started
2012-7-25 18:21:32 org.apache.coyote.http11.Http11Protocol pause
信息: Pausing Coyote HTTP/1.1 on http-8080
2012-7-25 18:21:33 org.apache.catalina.core.StandardService stop
信息: Stopping service Catalina
2012-7-25 18:21:33 org.apache.coyote.http11.Http11Protocol destroy
信息: Stopping Coyote HTTP/1.1 on http-8080
2012-7-25 18:21:34 org.apache.catalina.core.AprLifecycleListener init
信息: The APR based Apache Tomcat Native library which allows optimal performance in production environments was not found on the java.library.path: /usr/lib/jvm/java-1.6.0_27-sun/jre/lib/amd64/server:/usr/lib/jvm/java-1.6.0_27-sun/jre/lib/amd64:/usr/lib/jvm/java-1.6.0_27-sun/jre/../lib/amd64:/usr/java/packages/lib/amd64:/usr/lib64:/lib64:/lib:/usr/lib
2012-7-25 18:21:34 org.apache.tomcat.util.digester.SetPropertiesRule begin
警告: [SetPropertiesRule]{Server/Service/Engine/Host/Context} Setting property 'debug' to '5' did not find a matching property.
2012-7-25 18:21:34 org.apache.coyote.http11.Http11Protocol init
信息: Initializing Coyote HTTP/1.1 on http-8080
2012-7-25 18:21:34 org.apache.catalina.startup.Catalina load
信息: Initialization processed in 623 ms
2012-7-25 18:21:34 org.apache.catalina.core.StandardService start
信息: Starting service Catalina
2012-7-25 18:21:34 org.apache.catalina.core.StandardEngine start
信息: Starting Servlet Engine: Apache Tomcat/6.0.35
2012-7-25 18:21:34 org.apache.catalina.startup.HostConfig deployDescriptor
信息: Deploying configuration descriptor manager.xml
2012-7-25 18:21:34 org.apache.catalina.startup.HostConfig deployDescriptor
信息: Deploying configuration descriptor host-manager.xml
2012-7-25 18:21:35 org.apache.catalina.startup.HostConfig deployDirectory
信息: Deploying web application directory examples
2012-7-25 18:21:35 org.apache.catalina.startup.HostConfig deployDirectory
信息: Deploying web application directory docs
2012-7-25 18:21:35 org.apache.coyote.http11.Http11Protocol start
信息: Starting Coyote HTTP/1.1 on http-8080
2012-7-25 18:21:35 org.apache.jk.common.ChannelSocket init
信息: Port busy 8009 java.net.BindException: Address already in use
2012-7-25 18:21:35 org.apache.jk.common.ChannelSocket init
严重: Can't find free port 8009 8009
2012-7-25 18:21:35 org.apache.jk.server.JkMain start
信息: Jk running ID=0 time=0/14  config=null
2012-7-25 18:21:35 org.apache.catalina.startup.Catalina start
信息: Server startup in 635 ms
2012-7-25 18:38:55 org.apache.catalina.core.StandardContext reload
信息: Reloading Context with name [] has started
2012-7-25 18:39:28 org.apache.coyote.http11.Http11Protocol pause
信息: Pausing Coyote HTTP/1.1 on http-8080
2012-7-25 18:39:29 org.apache.catalina.core.StandardService stop
信息: Stopping service Catalina
2012-7-25 18:39:29 org.apache.coyote.http11.Http11Protocol destroy
信息: Stopping Coyote HTTP/1.1 on http-8080
2012-7-25 18:39:30 org.apache.catalina.core.AprLifecycleListener init
信息: The APR based Apache Tomcat Native library which allows optimal performance in production environments was not found on the java.library.path: /usr/lib/jvm/java-1.6.0_27-sun/jre/lib/amd64/server:/usr/lib/jvm/java-1.6.0_27-sun/jre/lib/amd64:/usr/lib/jvm/java-1.6.0_27-sun/jre/../lib/amd64:/usr/java/packages/lib/amd64:/usr/lib64:/lib64:/lib:/usr/lib
2012-7-25 18:39:30 org.apache.tomcat.util.digester.SetPropertiesRule begin
警告: [SetPropertiesRule]{Server/Service/Engine/Host/Context} Setting property 'debug' to '5' did not find a matching property.
2012-7-25 18:39:30 org.apache.coyote.http11.Http11Protocol init
信息: Initializing Coyote HTTP/1.1 on http-8080
2012-7-25 18:39:30 org.apache.catalina.startup.Catalina load
信息: Initialization processed in 633 ms
2012-7-25 18:39:30 org.apache.catalina.core.StandardService start
信息: Starting service Catalina
2012-7-25 18:39:30 org.apache.catalina.core.StandardEngine start
信息: Starting Servlet Engine: Apache Tomcat/6.0.35
2012-7-25 18:39:31 org.apache.catalina.startup.HostConfig deployDescriptor
信息: Deploying configuration descriptor manager.xml
2012-7-25 18:39:31 org.apache.catalina.startup.HostConfig deployDescriptor
信息: Deploying configuration descriptor host-manager.xml
2012-7-25 18:39:31 org.apache.catalina.startup.HostConfig deployDirectory
信息: Deploying web application directory examples
2012-7-25 18:39:31 org.apache.catalina.startup.HostConfig deployDirectory
信息: Deploying web application directory docs
2012-7-25 18:39:31 org.apache.coyote.http11.Http11Protocol start
信息: Starting Coyote HTTP/1.1 on http-8080
2012-7-25 18:39:31 org.apache.jk.common.ChannelSocket init
信息: Port busy 8009 java.net.BindException: Address already in use
2012-7-25 18:39:31 org.apache.jk.common.ChannelSocket init
严重: Can't find free port 8009 8009
2012-7-25 18:39:31 org.apache.jk.server.JkMain start
信息: Jk running ID=0 time=0/17  config=null
2012-7-25 18:39:31 org.apache.catalina.startup.Catalina start
信息: Server startup in 671 ms
2012-7-25 18:53:51 org.apache.catalina.core.StandardContext reload
信息: Reloading Context with name [] has started
2012-7-25 18:55:50 org.apache.coyote.http11.Http11Protocol pause
信息: Pausing Coyote HTTP/1.1 on http-8080
2012-7-25 18:55:51 org.apache.catalina.core.StandardService stop
信息: Stopping service Catalina
2012-7-25 18:55:51 org.apache.coyote.http11.Http11Protocol destroy
信息: Stopping Coyote HTTP/1.1 on http-8080
2012-7-25 18:55:52 org.apache.catalina.core.AprLifecycleListener init
信息: The APR based Apache Tomcat Native library which allows optimal performance in production environments was not found on the java.library.path: /usr/lib/jvm/java-1.6.0_27-sun/jre/lib/amd64/server:/usr/lib/jvm/java-1.6.0_27-sun/jre/lib/amd64:/usr/lib/jvm/java-1.6.0_27-sun/jre/../lib/amd64:/usr/java/packages/lib/amd64:/usr/lib64:/lib64:/lib:/usr/lib
2012-7-25 18:55:52 org.apache.tomcat.util.digester.SetPropertiesRule begin
警告: [SetPropertiesRule]{Server/Service/Engine/Host/Context} Setting property 'debug' to '5' did not find a matching property.
2012-7-25 18:55:52 org.apache.coyote.http11.Http11Protocol init
信息: Initializing Coyote HTTP/1.1 on http-8080
2012-7-25 18:55:52 org.apache.catalina.startup.Catalina load
信息: Initialization processed in 610 ms
2012-7-25 18:55:52 org.apache.catalina.core.StandardService start
信息: Starting service Catalina
2012-7-25 18:55:52 org.apache.catalina.core.StandardEngine start
信息: Starting Servlet Engine: Apache Tomcat/6.0.35
2012-7-25 18:55:52 org.apache.catalina.startup.HostConfig deployDescriptor
信息: Deploying configuration descriptor manager.xml
2012-7-25 18:55:52 org.apache.catalina.startup.HostConfig deployDescriptor
信息: Deploying configuration descriptor host-manager.xml
2012-7-25 18:55:52 org.apache.catalina.startup.HostConfig deployDirectory
信息: Deploying web application directory examples
2012-7-25 18:55:53 org.apache.catalina.startup.HostConfig deployDirectory
信息: Deploying web application directory docs
2012-7-25 18:55:53 org.apache.coyote.http11.Http11Protocol start
信息: Starting Coyote HTTP/1.1 on http-8080
2012-7-25 18:55:53 org.apache.jk.common.ChannelSocket init
信息: Port busy 8009 java.net.BindException: Address already in use
2012-7-25 18:55:53 org.apache.jk.common.ChannelSocket init
严重: Can't find free port 8009 8009
2012-7-25 18:55:53 org.apache.jk.server.JkMain start
信息: Jk running ID=0 time=0/14  config=null
2012-7-25 18:55:53 org.apache.catalina.startup.Catalina start
信息: Server startup in 674 ms
2012-7-25 18:57:05 org.apache.coyote.http11.Http11Protocol pause
信息: Pausing Coyote HTTP/1.1 on http-8080
2012-7-25 18:57:06 org.apache.catalina.core.StandardService stop
信息: Stopping service Catalina
2012-7-25 18:57:06 org.apache.coyote.http11.Http11Protocol destroy
信息: Stopping Coyote HTTP/1.1 on http-8080
2012-7-25 18:57:08 org.apache.catalina.core.AprLifecycleListener init
信息: The APR based Apache Tomcat Native library which allows optimal performance in production environments was not found on the java.library.path: /usr/lib/jvm/java-1.6.0_27-sun/jre/lib/amd64/server:/usr/lib/jvm/java-1.6.0_27-sun/jre/lib/amd64:/usr/lib/jvm/java-1.6.0_27-sun/jre/../lib/amd64:/usr/java/packages/lib/amd64:/usr/lib64:/lib64:/lib:/usr/lib
2012-7-25 18:57:08 org.apache.tomcat.util.digester.SetPropertiesRule begin
警告: [SetPropertiesRule]{Server/Service/Engine/Host/Context} Setting property 'debug' to '5' did not find a matching property.
2012-7-25 18:57:09 org.apache.coyote.http11.Http11Protocol init
信息: Initializing Coyote HTTP/1.1 on http-8080
2012-7-25 18:57:09 org.apache.catalina.startup.Catalina load
信息: Initialization processed in 711 ms
2012-7-25 18:57:09 org.apache.catalina.core.StandardService start
信息: Starting service Catalina
2012-7-25 18:57:09 org.apache.catalina.core.StandardEngine start
信息: Starting Servlet Engine: Apache Tomcat/6.0.35
2012-7-25 18:57:09 org.apache.catalina.startup.HostConfig deployDescriptor
信息: Deploying configuration descriptor manager.xml
2012-7-25 18:57:09 org.apache.catalina.startup.HostConfig deployDescriptor
信息: Deploying configuration descriptor host-manager.xml
2012-7-25 18:57:09 org.apache.catalina.startup.HostConfig deployDirectory
信息: Deploying web application directory examples
2012-7-25 18:57:09 org.apache.catalina.startup.HostConfig deployDirectory
信息: Deploying web application directory docs
2012-7-25 18:57:09 org.apache.coyote.http11.Http11Protocol start
信息: Starting Coyote HTTP/1.1 on http-8080
2012-7-25 18:57:09 org.apache.jk.common.ChannelSocket init
信息: Port busy 8009 java.net.BindException: Address already in use
2012-7-25 18:57:09 org.apache.jk.common.ChannelSocket init
严重: Can't find free port 8009 8009
2012-7-25 18:57:09 org.apache.jk.server.JkMain start
信息: Jk running ID=0 time=0/15  config=null
2012-7-25 18:57:09 org.apache.catalina.startup.Catalina start
信息: Server startup in 662 ms
2012-7-25 19:00:59 org.apache.catalina.loader.WebappClassLoader modified
信息:     Additional JARs have been added
2012-7-25 19:00:59 org.apache.catalina.core.StandardContext reload
信息: Reloading Context with name [] has started
2012-7-25 19:01:09 org.apache.coyote.http11.Http11Protocol pause
信息: Pausing Coyote HTTP/1.1 on http-8080
2012-7-25 19:01:10 org.apache.catalina.core.StandardService stop
信息: Stopping service Catalina
2012-7-25 19:01:10 org.apache.coyote.http11.Http11Protocol destroy
信息: Stopping Coyote HTTP/1.1 on http-8080
2012-7-25 19:01:11 org.apache.catalina.core.AprLifecycleListener init
信息: The APR based Apache Tomcat Native library which allows optimal performance in production environments was not found on the java.library.path: /usr/lib/jvm/java-1.6.0_27-sun/jre/lib/amd64/server:/usr/lib/jvm/java-1.6.0_27-sun/jre/lib/amd64:/usr/lib/jvm/java-1.6.0_27-sun/jre/../lib/amd64:/usr/java/packages/lib/amd64:/usr/lib64:/lib64:/lib:/usr/lib
2012-7-25 19:01:11 org.apache.tomcat.util.digester.SetPropertiesRule begin
警告: [SetPropertiesRule]{Server/Service/Engine/Host/Context} Setting property 'debug' to '5' did not find a matching property.
2012-7-25 19:01:11 org.apache.coyote.http11.Http11Protocol init
信息: Initializing Coyote HTTP/1.1 on http-8080
2012-7-25 19:01:11 org.apache.catalina.startup.Catalina load
信息: Initialization processed in 628 ms
2012-7-25 19:01:11 org.apache.catalina.core.StandardService start
信息: Starting service Catalina
2012-7-25 19:01:11 org.apache.catalina.core.StandardEngine start
信息: Starting Servlet Engine: Apache Tomcat/6.0.35
2012-7-25 19:01:11 org.apache.catalina.startup.HostConfig deployDescriptor
信息: Deploying configuration descriptor manager.xml
2012-7-25 19:01:11 org.apache.catalina.startup.HostConfig deployDescriptor
信息: Deploying configuration descriptor host-manager.xml
2012-7-25 19:01:11 org.apache.catalina.startup.HostConfig deployDirectory
信息: Deploying web application directory examples
2012-7-25 19:01:11 org.apache.catalina.startup.HostConfig deployDirectory
信息: Deploying web application directory docs
2012-7-25 19:01:11 org.apache.coyote.http11.Http11Protocol start
信息: Starting Coyote HTTP/1.1 on http-8080
2012-7-25 19:01:11 org.apache.jk.common.ChannelSocket init
信息: Port busy 8009 java.net.BindException: Address already in use
2012-7-25 19:01:11 org.apache.jk.common.ChannelSocket init
严重: Can't find free port 8009 8009
2012-7-25 19:01:11 org.apache.jk.server.JkMain start
信息: Jk running ID=0 time=0/14  config=null
2012-7-25 19:01:12 org.apache.catalina.startup.Catalina start
信息: Server startup in 613 ms
2012-7-25 19:02:00 org.apache.coyote.http11.Http11Protocol pause
信息: Pausing Coyote HTTP/1.1 on http-8080
2012-7-25 19:02:01 org.apache.catalina.core.StandardService stop
信息: Stopping service Catalina
2012-7-25 19:02:01 org.apache.catalina.loader.WebappClassLoader clearReferencesJdbc
严重: The web application [] registered the JDBC driver [com.mysql.jdbc.Driver] but failed to unregister it when the web application was stopped. To prevent a memory leak, the JDBC Driver has been forcibly unregistered.
2012-7-25 19:02:01 org.apache.catalina.loader.WebappClassLoader clearReferencesThreads
严重: The web application [] appears to have started a thread named [MySQL Statement Cancellation Timer] but has failed to stop it. This is very likely to create a memory leak.
2012-7-25 19:02:01 org.apache.coyote.http11.Http11Protocol destroy
信息: Stopping Coyote HTTP/1.1 on http-8080
