2012-11-7 8:15:45 org.apache.catalina.core.AprLifecycleListener init
信息: The APR based Apache Tomcat Native library which allows optimal performance in production environments was not found on the java.library.path: /usr/lib/jvm/java-1.6.0_27-sun/jre/lib/amd64/server:/usr/lib/jvm/java-1.6.0_27-sun/jre/lib/amd64:/usr/lib/jvm/java-1.6.0_27-sun/jre/../lib/amd64:/usr/java/packages/lib/amd64:/usr/lib64:/lib64:/lib:/usr/lib
2012-11-7 8:15:45 org.apache.tomcat.util.digester.SetPropertiesRule begin
警告: [SetPropertiesRule]{Server/Service/Engine/Host/Context} Setting property 'debug' to '5' did not find a matching property.
2012-11-7 8:15:46 org.apache.coyote.http11.Http11Protocol init
信息: Initializing Coyote HTTP/1.1 on http-8080
2012-11-7 8:15:46 org.apache.catalina.startup.Catalina load
信息: Initialization processed in 602 ms
2012-11-7 8:15:46 org.apache.catalina.core.StandardService start
信息: Starting service Catalina
2012-11-7 8:15:46 org.apache.catalina.core.StandardEngine start
信息: Starting Servlet Engine: Apache Tomcat/6.0.35
2012-11-7 8:15:46 org.apache.catalina.startup.HostConfig deployDescriptor
信息: Deploying configuration descriptor host-manager.xml
2012-11-7 8:15:46 org.apache.catalina.startup.HostConfig deployDescriptor
信息: Deploying configuration descriptor manager.xml
2012-11-7 8:15:46 org.apache.catalina.startup.HostConfig deployDirectory
信息: Deploying web application directory docs
2012-11-7 8:15:46 org.apache.catalina.startup.HostConfig deployDirectory
信息: Deploying web application directory examples
2012-11-7 8:15:46 org.apache.coyote.http11.Http11Protocol start
信息: Starting Coyote HTTP/1.1 on http-8080
2012-11-7 8:15:46 org.apache.jk.common.ChannelSocket init
信息: JK: ajp13 listening on /0.0.0.0:8009
2012-11-7 8:15:46 org.apache.jk.server.JkMain start
信息: Jk running ID=0 time=0/24  config=null
2012-11-7 8:15:46 org.apache.catalina.startup.Catalina start
信息: Server startup in 640 ms
2012-11-7 8:53:45 org.apache.coyote.http11.Http11Protocol pause
信息: Pausing Coyote HTTP/1.1 on http-8080
2012-11-7 8:53:46 org.apache.catalina.core.StandardService stop
信息: Stopping service Catalina
2012-11-7 8:53:46 org.apache.catalina.loader.WebappClassLoader clearReferencesJdbc
严重: The web application [] registered the JDBC driver [com.mysql.jdbc.Driver] but failed to unregister it when the web application was stopped. To prevent a memory leak, the JDBC Driver has been forcibly unregistered.
2012-11-7 8:53:46 org.apache.catalina.loader.WebappClassLoader clearReferencesThreads
严重: The web application [] appears to have started a thread named [MySQL Statement Cancellation Timer] but has failed to stop it. This is very likely to create a memory leak.
2012-11-7 8:53:46 org.apache.coyote.http11.Http11Protocol destroy
信息: Stopping Coyote HTTP/1.1 on http-8080
2012-11-7 8:53:50 org.apache.catalina.core.AprLifecycleListener init
信息: The APR based Apache Tomcat Native library which allows optimal performance in production environments was not found on the java.library.path: /usr/lib/jvm/java-1.6.0_27-sun/jre/lib/amd64/server:/usr/lib/jvm/java-1.6.0_27-sun/jre/lib/amd64:/usr/lib/jvm/java-1.6.0_27-sun/jre/../lib/amd64:/usr/java/packages/lib/amd64:/usr/lib64:/lib64:/lib:/usr/lib
2012-11-7 8:53:50 org.apache.tomcat.util.digester.SetPropertiesRule begin
警告: [SetPropertiesRule]{Server/Service/Engine/Host/Context} Setting property 'debug' to '5' did not find a matching property.
2012-11-7 8:53:50 org.apache.coyote.http11.Http11Protocol init
信息: Initializing Coyote HTTP/1.1 on http-8080
2012-11-7 8:53:50 org.apache.catalina.startup.Catalina load
信息: Initialization processed in 331 ms
2012-11-7 8:53:50 org.apache.catalina.core.StandardService start
信息: Starting service Catalina
2012-11-7 8:53:50 org.apache.catalina.core.StandardEngine start
信息: Starting Servlet Engine: Apache Tomcat/6.0.35
2012-11-7 8:53:50 org.apache.catalina.startup.HostConfig deployDescriptor
信息: Deploying configuration descriptor host-manager.xml
2012-11-7 8:53:50 org.apache.catalina.startup.HostConfig deployDescriptor
信息: Deploying configuration descriptor manager.xml
2012-11-7 8:53:50 org.apache.catalina.startup.HostConfig deployDirectory
信息: Deploying web application directory docs
2012-11-7 8:53:50 org.apache.catalina.startup.HostConfig deployDirectory
信息: Deploying web application directory examples
2012-11-7 8:53:51 org.apache.coyote.http11.Http11Protocol start
信息: Starting Coyote HTTP/1.1 on http-8080
2012-11-7 8:53:51 org.apache.jk.common.ChannelSocket init
信息: JK: ajp13 listening on /0.0.0.0:8009
2012-11-7 8:53:51 org.apache.jk.server.JkMain start
信息: Jk running ID=0 time=0/10  config=null
2012-11-7 8:53:51 org.apache.catalina.startup.Catalina start
信息: Server startup in 364 ms
2012-11-7 8:55:39 org.apache.coyote.http11.Http11Protocol pause
信息: Pausing Coyote HTTP/1.1 on http-8080
2012-11-7 8:55:40 org.apache.catalina.core.StandardService stop
信息: Stopping service Catalina
2012-11-7 8:55:40 org.apache.catalina.loader.WebappClassLoader clearReferencesJdbc
严重: The web application [] registered the JDBC driver [com.mysql.jdbc.Driver] but failed to unregister it when the web application was stopped. To prevent a memory leak, the JDBC Driver has been forcibly unregistered.
2012-11-7 8:55:40 org.apache.catalina.loader.WebappClassLoader clearReferencesThreads
严重: The web application [] appears to have started a thread named [MySQL Statement Cancellation Timer] but has failed to stop it. This is very likely to create a memory leak.
2012-11-7 8:55:40 org.apache.coyote.http11.Http11Protocol destroy
信息: Stopping Coyote HTTP/1.1 on http-8080
2012-11-7 8:55:43 org.apache.catalina.core.AprLifecycleListener init
信息: The APR based Apache Tomcat Native library which allows optimal performance in production environments was not found on the java.library.path: /usr/lib/jvm/java-1.6.0_27-sun/jre/lib/amd64/server:/usr/lib/jvm/java-1.6.0_27-sun/jre/lib/amd64:/usr/lib/jvm/java-1.6.0_27-sun/jre/../lib/amd64:/usr/java/packages/lib/amd64:/usr/lib64:/lib64:/lib:/usr/lib
2012-11-7 8:55:43 org.apache.tomcat.util.digester.SetPropertiesRule begin
警告: [SetPropertiesRule]{Server/Service/Engine/Host/Context} Setting property 'debug' to '5' did not find a matching property.
2012-11-7 8:55:43 org.apache.coyote.http11.Http11Protocol init
信息: Initializing Coyote HTTP/1.1 on http-8080
2012-11-7 8:55:43 org.apache.catalina.startup.Catalina load
信息: Initialization processed in 329 ms
2012-11-7 8:55:43 org.apache.catalina.core.StandardService start
信息: Starting service Catalina
2012-11-7 8:55:43 org.apache.catalina.core.StandardEngine start
信息: Starting Servlet Engine: Apache Tomcat/6.0.35
2012-11-7 8:55:44 org.apache.catalina.startup.HostConfig deployDescriptor
信息: Deploying configuration descriptor host-manager.xml
2012-11-7 8:55:44 org.apache.catalina.startup.HostConfig deployDescriptor
信息: Deploying configuration descriptor manager.xml
2012-11-7 8:55:44 org.apache.catalina.startup.HostConfig deployDirectory
信息: Deploying web application directory docs
2012-11-7 8:55:44 org.apache.catalina.startup.HostConfig deployDirectory
信息: Deploying web application directory examples
2012-11-7 8:55:44 org.apache.coyote.http11.Http11Protocol start
信息: Starting Coyote HTTP/1.1 on http-8080
2012-11-7 8:55:44 org.apache.jk.common.ChannelSocket init
信息: JK: ajp13 listening on /0.0.0.0:8009
2012-11-7 8:55:44 org.apache.jk.server.JkMain start
信息: Jk running ID=0 time=0/10  config=null
2012-11-7 8:55:44 org.apache.catalina.startup.Catalina start
信息: Server startup in 364 ms
2012-11-7 9:14:24 org.apache.coyote.http11.Http11Protocol pause
信息: Pausing Coyote HTTP/1.1 on http-8080
2012-11-7 9:14:25 org.apache.catalina.core.StandardService stop
信息: Stopping service Catalina
2012-11-7 9:14:25 org.apache.catalina.loader.WebappClassLoader clearReferencesJdbc
严重: The web application [] registered the JDBC driver [com.mysql.jdbc.Driver] but failed to unregister it when the web application was stopped. To prevent a memory leak, the JDBC Driver has been forcibly unregistered.
2012-11-7 9:14:25 org.apache.catalina.loader.WebappClassLoader clearReferencesThreads
严重: The web application [] appears to have started a thread named [MySQL Statement Cancellation Timer] but has failed to stop it. This is very likely to create a memory leak.
2012-11-7 9:14:25 org.apache.coyote.http11.Http11Protocol destroy
信息: Stopping Coyote HTTP/1.1 on http-8080
2012-11-7 9:14:28 org.apache.catalina.core.AprLifecycleListener init
信息: The APR based Apache Tomcat Native library which allows optimal performance in production environments was not found on the java.library.path: /usr/lib/jvm/java-1.6.0_27-sun/jre/lib/amd64/server:/usr/lib/jvm/java-1.6.0_27-sun/jre/lib/amd64:/usr/lib/jvm/java-1.6.0_27-sun/jre/../lib/amd64:/usr/java/packages/lib/amd64:/usr/lib64:/lib64:/lib:/usr/lib
2012-11-7 9:14:28 org.apache.tomcat.util.digester.SetPropertiesRule begin
警告: [SetPropertiesRule]{Server/Service/Engine/Host/Context} Setting property 'debug' to '5' did not find a matching property.
2012-11-7 9:14:28 org.apache.coyote.http11.Http11Protocol init
信息: Initializing Coyote HTTP/1.1 on http-8080
2012-11-7 9:14:28 org.apache.catalina.startup.Catalina load
信息: Initialization processed in 335 ms
2012-11-7 9:14:28 org.apache.catalina.core.StandardService start
信息: Starting service Catalina
2012-11-7 9:14:28 org.apache.catalina.core.StandardEngine start
信息: Starting Servlet Engine: Apache Tomcat/6.0.35
2012-11-7 9:14:28 org.apache.catalina.startup.HostConfig deployDescriptor
信息: Deploying configuration descriptor host-manager.xml
2012-11-7 9:14:28 org.apache.catalina.startup.HostConfig deployDescriptor
信息: Deploying configuration descriptor manager.xml
2012-11-7 9:14:28 org.apache.catalina.startup.HostConfig deployDirectory
信息: Deploying web application directory docs
2012-11-7 9:14:28 org.apache.catalina.startup.HostConfig deployDirectory
信息: Deploying web application directory examples
2012-11-7 9:14:28 org.apache.coyote.http11.Http11Protocol start
信息: Starting Coyote HTTP/1.1 on http-8080
2012-11-7 9:14:28 org.apache.jk.common.ChannelSocket init
信息: JK: ajp13 listening on /0.0.0.0:8009
2012-11-7 9:14:28 org.apache.jk.server.JkMain start
信息: Jk running ID=0 time=0/10  config=null
2012-11-7 9:14:28 org.apache.catalina.startup.Catalina start
信息: Server startup in 366 ms
2012-11-7 9:16:07 org.apache.coyote.http11.Http11Protocol pause
信息: Pausing Coyote HTTP/1.1 on http-8080
2012-11-7 9:16:08 org.apache.catalina.core.StandardService stop
信息: Stopping service Catalina
2012-11-7 9:16:08 org.apache.catalina.loader.WebappClassLoader clearReferencesJdbc
严重: The web application [] registered the JDBC driver [com.mysql.jdbc.Driver] but failed to unregister it when the web application was stopped. To prevent a memory leak, the JDBC Driver has been forcibly unregistered.
2012-11-7 9:16:08 org.apache.catalina.loader.WebappClassLoader clearReferencesThreads
严重: The web application [] appears to have started a thread named [MySQL Statement Cancellation Timer] but has failed to stop it. This is very likely to create a memory leak.
2012-11-7 9:16:08 org.apache.coyote.http11.Http11Protocol destroy
信息: Stopping Coyote HTTP/1.1 on http-8080
2012-11-7 9:16:17 org.apache.catalina.core.AprLifecycleListener init
信息: The APR based Apache Tomcat Native library which allows optimal performance in production environments was not found on the java.library.path: /usr/lib/jvm/java-1.6.0_27-sun/jre/lib/amd64/server:/usr/lib/jvm/java-1.6.0_27-sun/jre/lib/amd64:/usr/lib/jvm/java-1.6.0_27-sun/jre/../lib/amd64:/usr/java/packages/lib/amd64:/usr/lib64:/lib64:/lib:/usr/lib
2012-11-7 9:16:17 org.apache.tomcat.util.digester.SetPropertiesRule begin
警告: [SetPropertiesRule]{Server/Service/Engine/Host/Context} Setting property 'debug' to '5' did not find a matching property.
2012-11-7 9:16:17 org.apache.coyote.http11.Http11Protocol init
信息: Initializing Coyote HTTP/1.1 on http-8080
2012-11-7 9:16:17 org.apache.catalina.startup.Catalina load
信息: Initialization processed in 334 ms
2012-11-7 9:16:17 org.apache.catalina.core.StandardService start
信息: Starting service Catalina
2012-11-7 9:16:17 org.apache.catalina.core.StandardEngine start
信息: Starting Servlet Engine: Apache Tomcat/6.0.35
2012-11-7 9:16:17 org.apache.catalina.startup.HostConfig deployDescriptor
信息: Deploying configuration descriptor host-manager.xml
2012-11-7 9:16:17 org.apache.catalina.startup.HostConfig deployDescriptor
信息: Deploying configuration descriptor manager.xml
2012-11-7 9:16:17 org.apache.catalina.startup.HostConfig deployDirectory
信息: Deploying web application directory docs
2012-11-7 9:16:17 org.apache.catalina.startup.HostConfig deployDirectory
信息: Deploying web application directory examples
2012-11-7 9:16:17 org.apache.coyote.http11.Http11Protocol start
信息: Starting Coyote HTTP/1.1 on http-8080
2012-11-7 9:16:17 org.apache.jk.common.ChannelSocket init
信息: JK: ajp13 listening on /0.0.0.0:8009
2012-11-7 9:16:17 org.apache.jk.server.JkMain start
信息: Jk running ID=0 time=0/10  config=null
2012-11-7 9:16:17 org.apache.catalina.startup.Catalina start
信息: Server startup in 360 ms
2012-11-7 9:17:11 org.apache.coyote.http11.Http11Protocol pause
信息: Pausing Coyote HTTP/1.1 on http-8080
2012-11-7 9:17:12 org.apache.catalina.core.StandardService stop
信息: Stopping service Catalina
2012-11-7 9:17:12 org.apache.catalina.loader.WebappClassLoader clearReferencesJdbc
严重: The web application [] registered the JDBC driver [com.mysql.jdbc.Driver] but failed to unregister it when the web application was stopped. To prevent a memory leak, the JDBC Driver has been forcibly unregistered.
2012-11-7 9:17:12 org.apache.catalina.loader.WebappClassLoader clearReferencesThreads
严重: The web application [] appears to have started a thread named [MySQL Statement Cancellation Timer] but has failed to stop it. This is very likely to create a memory leak.
2012-11-7 9:17:12 org.apache.coyote.http11.Http11Protocol destroy
信息: Stopping Coyote HTTP/1.1 on http-8080
2012-11-7 9:17:14 org.apache.catalina.core.AprLifecycleListener init
信息: The APR based Apache Tomcat Native library which allows optimal performance in production environments was not found on the java.library.path: /usr/lib/jvm/java-1.6.0_27-sun/jre/lib/amd64/server:/usr/lib/jvm/java-1.6.0_27-sun/jre/lib/amd64:/usr/lib/jvm/java-1.6.0_27-sun/jre/../lib/amd64:/usr/java/packages/lib/amd64:/usr/lib64:/lib64:/lib:/usr/lib
2012-11-7 9:17:14 org.apache.tomcat.util.digester.SetPropertiesRule begin
警告: [SetPropertiesRule]{Server/Service/Engine/Host/Context} Setting property 'debug' to '5' did not find a matching property.
2012-11-7 9:17:14 org.apache.coyote.http11.Http11Protocol init
信息: Initializing Coyote HTTP/1.1 on http-8080
2012-11-7 9:17:14 org.apache.catalina.startup.Catalina load
信息: Initialization processed in 340 ms
2012-11-7 9:17:14 org.apache.catalina.core.StandardService start
信息: Starting service Catalina
2012-11-7 9:17:14 org.apache.catalina.core.StandardEngine start
信息: Starting Servlet Engine: Apache Tomcat/6.0.35
2012-11-7 9:17:14 org.apache.catalina.startup.HostConfig deployDescriptor
信息: Deploying configuration descriptor host-manager.xml
2012-11-7 9:17:14 org.apache.catalina.startup.HostConfig deployDescriptor
信息: Deploying configuration descriptor manager.xml
2012-11-7 9:17:14 org.apache.catalina.startup.HostConfig deployDirectory
信息: Deploying web application directory docs
2012-11-7 9:17:14 org.apache.catalina.startup.HostConfig deployDirectory
信息: Deploying web application directory examples
2012-11-7 9:17:14 org.apache.coyote.http11.Http11Protocol start
信息: Starting Coyote HTTP/1.1 on http-8080
2012-11-7 9:17:14 org.apache.jk.common.ChannelSocket init
信息: JK: ajp13 listening on /0.0.0.0:8009
2012-11-7 9:17:14 org.apache.jk.server.JkMain start
信息: Jk running ID=0 time=0/10  config=null
2012-11-7 9:17:14 org.apache.catalina.startup.Catalina start
信息: Server startup in 363 ms
2012-11-7 9:17:50 org.apache.coyote.http11.Http11Protocol pause
信息: Pausing Coyote HTTP/1.1 on http-8080
2012-11-7 9:17:51 org.apache.catalina.core.StandardService stop
信息: Stopping service Catalina
2012-11-7 9:17:51 org.apache.catalina.loader.WebappClassLoader clearReferencesJdbc
严重: The web application [] registered the JDBC driver [com.mysql.jdbc.Driver] but failed to unregister it when the web application was stopped. To prevent a memory leak, the JDBC Driver has been forcibly unregistered.
2012-11-7 9:17:51 org.apache.catalina.loader.WebappClassLoader clearReferencesThreads
严重: The web application [] appears to have started a thread named [MySQL Statement Cancellation Timer] but has failed to stop it. This is very likely to create a memory leak.
2012-11-7 9:17:52 org.apache.coyote.http11.Http11Protocol destroy
信息: Stopping Coyote HTTP/1.1 on http-8080
2012-11-7 9:18:04 org.apache.catalina.core.AprLifecycleListener init
信息: The APR based Apache Tomcat Native library which allows optimal performance in production environments was not found on the java.library.path: /usr/lib/jvm/java-1.6.0_27-sun/jre/lib/amd64/server:/usr/lib/jvm/java-1.6.0_27-sun/jre/lib/amd64:/usr/lib/jvm/java-1.6.0_27-sun/jre/../lib/amd64:/usr/java/packages/lib/amd64:/usr/lib64:/lib64:/lib:/usr/lib
2012-11-7 9:18:04 org.apache.tomcat.util.digester.SetPropertiesRule begin
警告: [SetPropertiesRule]{Server/Service/Engine/Host/Context} Setting property 'debug' to '5' did not find a matching property.
2012-11-7 9:18:04 org.apache.coyote.http11.Http11Protocol init
信息: Initializing Coyote HTTP/1.1 on http-8080
2012-11-7 9:18:04 org.apache.catalina.startup.Catalina load
信息: Initialization processed in 333 ms
2012-11-7 9:18:04 org.apache.catalina.core.StandardService start
信息: Starting service Catalina
2012-11-7 9:18:04 org.apache.catalina.core.StandardEngine start
信息: Starting Servlet Engine: Apache Tomcat/6.0.35
2012-11-7 9:18:05 org.apache.catalina.startup.HostConfig deployDescriptor
信息: Deploying configuration descriptor host-manager.xml
2012-11-7 9:18:05 org.apache.catalina.startup.HostConfig deployDescriptor
信息: Deploying configuration descriptor manager.xml
2012-11-7 9:18:05 org.apache.catalina.startup.HostConfig deployDirectory
信息: Deploying web application directory docs
2012-11-7 9:18:05 org.apache.catalina.startup.HostConfig deployDirectory
信息: Deploying web application directory examples
2012-11-7 9:18:05 org.apache.coyote.http11.Http11Protocol start
信息: Starting Coyote HTTP/1.1 on http-8080
2012-11-7 9:18:05 org.apache.jk.common.ChannelSocket init
信息: JK: ajp13 listening on /0.0.0.0:8009
2012-11-7 9:18:05 org.apache.jk.server.JkMain start
信息: Jk running ID=0 time=0/10  config=null
2012-11-7 9:18:05 org.apache.catalina.startup.Catalina start
信息: Server startup in 358 ms
2012-11-7 9:18:48 org.apache.coyote.http11.Http11Protocol pause
信息: Pausing Coyote HTTP/1.1 on http-8080
2012-11-7 9:18:49 org.apache.catalina.core.StandardService stop
信息: Stopping service Catalina
2012-11-7 9:18:49 org.apache.catalina.loader.WebappClassLoader clearReferencesJdbc
严重: The web application [] registered the JDBC driver [com.mysql.jdbc.Driver] but failed to unregister it when the web application was stopped. To prevent a memory leak, the JDBC Driver has been forcibly unregistered.
2012-11-7 9:18:49 org.apache.catalina.loader.WebappClassLoader clearReferencesThreads
严重: The web application [] appears to have started a thread named [MySQL Statement Cancellation Timer] but has failed to stop it. This is very likely to create a memory leak.
2012-11-7 9:18:49 org.apache.coyote.http11.Http11Protocol destroy
信息: Stopping Coyote HTTP/1.1 on http-8080
2012-11-7 9:18:53 org.apache.catalina.core.AprLifecycleListener init
信息: The APR based Apache Tomcat Native library which allows optimal performance in production environments was not found on the java.library.path: /usr/lib/jvm/java-1.6.0_27-sun/jre/lib/amd64/server:/usr/lib/jvm/java-1.6.0_27-sun/jre/lib/amd64:/usr/lib/jvm/java-1.6.0_27-sun/jre/../lib/amd64:/usr/java/packages/lib/amd64:/usr/lib64:/lib64:/lib:/usr/lib
2012-11-7 9:18:53 org.apache.tomcat.util.digester.SetPropertiesRule begin
警告: [SetPropertiesRule]{Server/Service/Engine/Host/Context} Setting property 'debug' to '5' did not find a matching property.
2012-11-7 9:18:53 org.apache.coyote.http11.Http11Protocol init
信息: Initializing Coyote HTTP/1.1 on http-8080
2012-11-7 9:18:53 org.apache.catalina.startup.Catalina load
信息: Initialization processed in 336 ms
2012-11-7 9:18:53 org.apache.catalina.core.StandardService start
信息: Starting service Catalina
2012-11-7 9:18:53 org.apache.catalina.core.StandardEngine start
信息: Starting Servlet Engine: Apache Tomcat/6.0.35
2012-11-7 9:18:53 org.apache.catalina.startup.HostConfig deployDescriptor
信息: Deploying configuration descriptor host-manager.xml
2012-11-7 9:18:53 org.apache.catalina.startup.HostConfig deployDescriptor
信息: Deploying configuration descriptor manager.xml
2012-11-7 9:18:53 org.apache.catalina.startup.HostConfig deployDirectory
信息: Deploying web application directory docs
2012-11-7 9:18:53 org.apache.catalina.startup.HostConfig deployDirectory
信息: Deploying web application directory examples
2012-11-7 9:18:53 org.apache.coyote.http11.Http11Protocol start
信息: Starting Coyote HTTP/1.1 on http-8080
2012-11-7 9:18:53 org.apache.jk.common.ChannelSocket init
信息: JK: ajp13 listening on /0.0.0.0:8009
2012-11-7 9:18:53 org.apache.jk.server.JkMain start
信息: Jk running ID=0 time=0/11  config=null
2012-11-7 9:18:53 org.apache.catalina.startup.Catalina start
信息: Server startup in 361 ms
2012-11-7 9:19:18 org.apache.coyote.http11.Http11Protocol pause
信息: Pausing Coyote HTTP/1.1 on http-8080
2012-11-7 9:19:19 org.apache.catalina.core.StandardService stop
信息: Stopping service Catalina
2012-11-7 9:19:19 org.apache.catalina.loader.WebappClassLoader clearReferencesJdbc
严重: The web application [] registered the JDBC driver [com.mysql.jdbc.Driver] but failed to unregister it when the web application was stopped. To prevent a memory leak, the JDBC Driver has been forcibly unregistered.
2012-11-7 9:19:19 org.apache.catalina.loader.WebappClassLoader clearReferencesThreads
严重: The web application [] appears to have started a thread named [MySQL Statement Cancellation Timer] but has failed to stop it. This is very likely to create a memory leak.
2012-11-7 9:19:19 org.apache.coyote.http11.Http11Protocol destroy
信息: Stopping Coyote HTTP/1.1 on http-8080
2012-11-7 9:19:22 org.apache.catalina.core.AprLifecycleListener init
信息: The APR based Apache Tomcat Native library which allows optimal performance in production environments was not found on the java.library.path: /usr/lib/jvm/java-1.6.0_27-sun/jre/lib/amd64/server:/usr/lib/jvm/java-1.6.0_27-sun/jre/lib/amd64:/usr/lib/jvm/java-1.6.0_27-sun/jre/../lib/amd64:/usr/java/packages/lib/amd64:/usr/lib64:/lib64:/lib:/usr/lib
2012-11-7 9:19:22 org.apache.tomcat.util.digester.SetPropertiesRule begin
警告: [SetPropertiesRule]{Server/Service/Engine/Host/Context} Setting property 'debug' to '5' did not find a matching property.
2012-11-7 9:19:23 org.apache.coyote.http11.Http11Protocol init
信息: Initializing Coyote HTTP/1.1 on http-8080
2012-11-7 9:19:23 org.apache.catalina.startup.Catalina load
信息: Initialization processed in 340 ms
2012-11-7 9:19:23 org.apache.catalina.core.StandardService start
信息: Starting service Catalina
2012-11-7 9:19:23 org.apache.catalina.core.StandardEngine start
信息: Starting Servlet Engine: Apache Tomcat/6.0.35
2012-11-7 9:19:23 org.apache.catalina.startup.HostConfig deployDescriptor
信息: Deploying configuration descriptor host-manager.xml
2012-11-7 9:19:23 org.apache.catalina.startup.HostConfig deployDescriptor
信息: Deploying configuration descriptor manager.xml
2012-11-7 9:19:23 org.apache.catalina.startup.HostConfig deployDirectory
信息: Deploying web application directory docs
2012-11-7 9:19:23 org.apache.catalina.startup.HostConfig deployDirectory
信息: Deploying web application directory examples
2012-11-7 9:19:23 org.apache.coyote.http11.Http11Protocol start
信息: Starting Coyote HTTP/1.1 on http-8080
2012-11-7 9:19:23 org.apache.jk.common.ChannelSocket init
信息: JK: ajp13 listening on /0.0.0.0:8009
2012-11-7 9:19:23 org.apache.jk.server.JkMain start
信息: Jk running ID=0 time=0/10  config=null
2012-11-7 9:19:23 org.apache.catalina.startup.Catalina start
信息: Server startup in 360 ms
2012-11-7 10:13:08 org.apache.coyote.http11.Http11Protocol pause
信息: Pausing Coyote HTTP/1.1 on http-8080
2012-11-7 10:13:09 org.apache.catalina.core.StandardService stop
信息: Stopping service Catalina
2012-11-7 10:13:09 org.apache.catalina.loader.WebappClassLoader clearReferencesJdbc
严重: The web application [] registered the JDBC driver [com.mysql.jdbc.Driver] but failed to unregister it when the web application was stopped. To prevent a memory leak, the JDBC Driver has been forcibly unregistered.
2012-11-7 10:13:09 org.apache.catalina.loader.WebappClassLoader clearReferencesThreads
严重: The web application [] appears to have started a thread named [MySQL Statement Cancellation Timer] but has failed to stop it. This is very likely to create a memory leak.
2012-11-7 10:13:09 org.apache.coyote.http11.Http11Protocol destroy
信息: Stopping Coyote HTTP/1.1 on http-8080
2012-11-7 10:14:57 org.apache.catalina.core.AprLifecycleListener init
信息: The APR based Apache Tomcat Native library which allows optimal performance in production environments was not found on the java.library.path: /usr/lib/jvm/java-1.6.0_27-sun/jre/lib/amd64/server:/usr/lib/jvm/java-1.6.0_27-sun/jre/lib/amd64:/usr/lib/jvm/java-1.6.0_27-sun/jre/../lib/amd64:/usr/java/packages/lib/amd64:/usr/lib64:/lib64:/lib:/usr/lib
2012-11-7 10:14:57 org.apache.tomcat.util.digester.SetPropertiesRule begin
警告: [SetPropertiesRule]{Server/Service/Engine/Host/Context} Setting property 'debug' to '5' did not find a matching property.
2012-11-7 10:14:58 org.apache.coyote.http11.Http11Protocol init
信息: Initializing Coyote HTTP/1.1 on http-8080
2012-11-7 10:14:58 org.apache.catalina.startup.Catalina load
信息: Initialization processed in 348 ms
2012-11-7 10:14:58 org.apache.catalina.core.StandardService start
信息: Starting service Catalina
2012-11-7 10:14:58 org.apache.catalina.core.StandardEngine start
信息: Starting Servlet Engine: Apache Tomcat/6.0.35
2012-11-7 10:14:58 org.apache.catalina.startup.HostConfig deployDescriptor
信息: Deploying configuration descriptor host-manager.xml
2012-11-7 10:14:58 org.apache.catalina.startup.HostConfig deployDescriptor
信息: Deploying configuration descriptor manager.xml
2012-11-7 10:14:58 org.apache.catalina.startup.HostConfig deployDirectory
信息: Deploying web application directory docs
2012-11-7 10:14:58 org.apache.catalina.startup.HostConfig deployDirectory
信息: Deploying web application directory examples
2012-11-7 10:14:58 org.apache.coyote.http11.Http11Protocol start
信息: Starting Coyote HTTP/1.1 on http-8080
2012-11-7 10:14:58 org.apache.jk.common.ChannelSocket init
信息: JK: ajp13 listening on /0.0.0.0:8009
2012-11-7 10:14:58 org.apache.jk.server.JkMain start
信息: Jk running ID=0 time=1/10  config=null
2012-11-7 10:14:58 org.apache.catalina.startup.Catalina start
信息: Server startup in 353 ms
2012-11-7 11:13:28 org.apache.catalina.core.StandardContext reload
信息: Reloading Context with name [] has started
2012-11-7 11:13:28 org.apache.catalina.loader.WebappClassLoader clearReferencesJdbc
严重: The web application [] registered the JDBC driver [com.mysql.jdbc.Driver] but failed to unregister it when the web application was stopped. To prevent a memory leak, the JDBC Driver has been forcibly unregistered.
2012-11-7 11:13:28 org.apache.catalina.loader.WebappClassLoader clearReferencesThreads
严重: The web application [] appears to have started a thread named [MySQL Statement Cancellation Timer] but has failed to stop it. This is very likely to create a memory leak.
2012-11-7 11:14:58 org.apache.catalina.loader.WebappClassLoader loadClass
信息: Illegal access: this web application instance has been stopped already.  Could not load java.net.BindException.  The eventual following stack trace is caused by an error thrown for debugging purposes as well as to attempt to terminate the thread which caused the illegal access, and has no functional impact.
java.lang.IllegalStateException
	at org.apache.catalina.loader.WebappClassLoader.loadClass(WebappClassLoader.java:1566)
	at org.apache.catalina.loader.WebappClassLoader.loadClass(WebappClassLoader.java:1526)
	at com.mysql.jdbc.CommunicationsException.<init>(CommunicationsException.java:161)
	at com.mysql.jdbc.MysqlIO.clearInputStream(MysqlIO.java:918)
	at com.mysql.jdbc.MysqlIO.sendCommand(MysqlIO.java:1567)
	at com.mysql.jdbc.MysqlIO.sqlQueryDirect(MysqlIO.java:1723)
	at com.mysql.jdbc.Connection.execSQL(Connection.java:3277)
	at com.mysql.jdbc.Connection.unsetMaxRows(Connection.java:5867)
	at com.mysql.jdbc.Statement.realClose(Statement.java:2070)
	at com.mysql.jdbc.PreparedStatement.realClose(PreparedStatement.java:2204)
	at com.mysql.jdbc.Connection.closeAllOpenStatements(Connection.java:2227)
	at com.mysql.jdbc.Connection.realClose(Connection.java:4940)
	at com.mysql.jdbc.Connection.cleanup(Connection.java:2063)
	at com.mysql.jdbc.Connection.finalize(Connection.java:3403)
	at java.lang.ref.Finalizer.invokeFinalizeMethod(Native Method)
	at java.lang.ref.Finalizer.runFinalizer(Finalizer.java:83)
	at java.lang.ref.Finalizer.access$100(Finalizer.java:14)
	at java.lang.ref.Finalizer$FinalizerThread.run(Finalizer.java:160)
2012-11-7 11:23:10 org.apache.coyote.http11.Http11Protocol pause
信息: Pausing Coyote HTTP/1.1 on http-8080
2012-11-7 11:23:11 org.apache.catalina.core.StandardService stop
信息: Stopping service Catalina
2012-11-7 11:23:11 org.apache.coyote.http11.Http11Protocol destroy
信息: Stopping Coyote HTTP/1.1 on http-8080
2012-11-7 11:23:14 org.apache.catalina.core.AprLifecycleListener init
信息: The APR based Apache Tomcat Native library which allows optimal performance in production environments was not found on the java.library.path: /usr/lib/jvm/java-1.6.0_27-sun/jre/lib/amd64/server:/usr/lib/jvm/java-1.6.0_27-sun/jre/lib/amd64:/usr/lib/jvm/java-1.6.0_27-sun/jre/../lib/amd64:/usr/java/packages/lib/amd64:/usr/lib64:/lib64:/lib:/usr/lib
2012-11-7 11:23:14 org.apache.tomcat.util.digester.SetPropertiesRule begin
警告: [SetPropertiesRule]{Server/Service/Engine/Host/Context} Setting property 'debug' to '5' did not find a matching property.
2012-11-7 11:23:14 org.apache.coyote.http11.Http11Protocol init
信息: Initializing Coyote HTTP/1.1 on http-8080
2012-11-7 11:23:14 org.apache.catalina.startup.Catalina load
信息: Initialization processed in 341 ms
2012-11-7 11:23:14 org.apache.catalina.core.StandardService start
信息: Starting service Catalina
2012-11-7 11:23:14 org.apache.catalina.core.StandardEngine start
信息: Starting Servlet Engine: Apache Tomcat/6.0.35
2012-11-7 11:23:14 org.apache.catalina.startup.HostConfig deployDescriptor
信息: Deploying configuration descriptor host-manager.xml
2012-11-7 11:23:14 org.apache.catalina.startup.HostConfig deployDescriptor
信息: Deploying configuration descriptor manager.xml
2012-11-7 11:23:15 org.apache.catalina.startup.HostConfig deployDirectory
信息: Deploying web application directory docs
2012-11-7 11:23:15 org.apache.catalina.startup.HostConfig deployDirectory
信息: Deploying web application directory examples
2012-11-7 11:23:15 org.apache.coyote.http11.Http11Protocol start
信息: Starting Coyote HTTP/1.1 on http-8080
2012-11-7 11:23:15 org.apache.jk.common.ChannelSocket init
信息: JK: ajp13 listening on /0.0.0.0:8009
2012-11-7 11:23:15 org.apache.jk.server.JkMain start
信息: Jk running ID=0 time=0/9  config=null
2012-11-7 11:23:15 org.apache.catalina.startup.Catalina start
信息: Server startup in 351 ms
2012-11-7 11:25:15 org.apache.coyote.http11.Http11Protocol pause
信息: Pausing Coyote HTTP/1.1 on http-8080
2012-11-7 11:25:16 org.apache.catalina.core.StandardService stop
信息: Stopping service Catalina
2012-11-7 11:25:16 org.apache.catalina.loader.WebappClassLoader clearReferencesJdbc
严重: The web application [] registered the JDBC driver [com.mysql.jdbc.Driver] but failed to unregister it when the web application was stopped. To prevent a memory leak, the JDBC Driver has been forcibly unregistered.
2012-11-7 11:25:16 org.apache.catalina.loader.WebappClassLoader clearReferencesThreads
严重: The web application [] appears to have started a thread named [MySQL Statement Cancellation Timer] but has failed to stop it. This is very likely to create a memory leak.
2012-11-7 11:25:16 org.apache.coyote.http11.Http11Protocol destroy
信息: Stopping Coyote HTTP/1.1 on http-8080
2012-11-7 11:25:20 org.apache.catalina.core.AprLifecycleListener init
信息: The APR based Apache Tomcat Native library which allows optimal performance in production environments was not found on the java.library.path: /usr/lib/jvm/java-1.6.0_27-sun/jre/lib/amd64/server:/usr/lib/jvm/java-1.6.0_27-sun/jre/lib/amd64:/usr/lib/jvm/java-1.6.0_27-sun/jre/../lib/amd64:/usr/java/packages/lib/amd64:/usr/lib64:/lib64:/lib:/usr/lib
2012-11-7 11:25:20 org.apache.tomcat.util.digester.SetPropertiesRule begin
警告: [SetPropertiesRule]{Server/Service/Engine/Host/Context} Setting property 'debug' to '5' did not find a matching property.
2012-11-7 11:25:20 org.apache.coyote.http11.Http11Protocol init
信息: Initializing Coyote HTTP/1.1 on http-8080
2012-11-7 11:25:20 org.apache.catalina.startup.Catalina load
信息: Initialization processed in 340 ms
2012-11-7 11:25:20 org.apache.catalina.core.StandardService start
信息: Starting service Catalina
2012-11-7 11:25:20 org.apache.catalina.core.StandardEngine start
信息: Starting Servlet Engine: Apache Tomcat/6.0.35
2012-11-7 11:25:20 org.apache.catalina.startup.HostConfig deployDescriptor
信息: Deploying configuration descriptor host-manager.xml
2012-11-7 11:25:20 org.apache.catalina.startup.HostConfig deployDescriptor
信息: Deploying configuration descriptor manager.xml
2012-11-7 11:25:20 org.apache.catalina.startup.HostConfig deployDirectory
信息: Deploying web application directory docs
2012-11-7 11:25:20 org.apache.catalina.startup.HostConfig deployDirectory
信息: Deploying web application directory examples
2012-11-7 11:25:20 org.apache.coyote.http11.Http11Protocol start
信息: Starting Coyote HTTP/1.1 on http-8080
2012-11-7 11:25:20 org.apache.jk.common.ChannelSocket init
信息: JK: ajp13 listening on /0.0.0.0:8009
2012-11-7 11:25:20 org.apache.jk.server.JkMain start
信息: Jk running ID=0 time=0/10  config=null
2012-11-7 11:25:20 org.apache.catalina.startup.Catalina start
信息: Server startup in 365 ms
2012-11-7 11:28:28 org.apache.coyote.http11.Http11Protocol pause
信息: Pausing Coyote HTTP/1.1 on http-8080
2012-11-7 11:28:29 org.apache.catalina.core.StandardService stop
信息: Stopping service Catalina
2012-11-7 11:28:29 org.apache.catalina.loader.WebappClassLoader clearReferencesJdbc
严重: The web application [] registered the JDBC driver [com.mysql.jdbc.Driver] but failed to unregister it when the web application was stopped. To prevent a memory leak, the JDBC Driver has been forcibly unregistered.
2012-11-7 11:28:29 org.apache.catalina.loader.WebappClassLoader clearReferencesThreads
严重: The web application [] appears to have started a thread named [MySQL Statement Cancellation Timer] but has failed to stop it. This is very likely to create a memory leak.
2012-11-7 11:28:29 org.apache.coyote.http11.Http11Protocol destroy
信息: Stopping Coyote HTTP/1.1 on http-8080
2012-11-7 11:28:32 org.apache.catalina.core.AprLifecycleListener init
信息: The APR based Apache Tomcat Native library which allows optimal performance in production environments was not found on the java.library.path: /usr/lib/jvm/java-1.6.0_27-sun/jre/lib/amd64/server:/usr/lib/jvm/java-1.6.0_27-sun/jre/lib/amd64:/usr/lib/jvm/java-1.6.0_27-sun/jre/../lib/amd64:/usr/java/packages/lib/amd64:/usr/lib64:/lib64:/lib:/usr/lib
2012-11-7 11:28:32 org.apache.tomcat.util.digester.SetPropertiesRule begin
警告: [SetPropertiesRule]{Server/Service/Engine/Host/Context} Setting property 'debug' to '5' did not find a matching property.
2012-11-7 11:28:32 org.apache.coyote.http11.Http11Protocol init
信息: Initializing Coyote HTTP/1.1 on http-8080
2012-11-7 11:28:32 org.apache.catalina.startup.Catalina load
信息: Initialization processed in 339 ms
2012-11-7 11:28:32 org.apache.catalina.core.StandardService start
信息: Starting service Catalina
2012-11-7 11:28:32 org.apache.catalina.core.StandardEngine start
信息: Starting Servlet Engine: Apache Tomcat/6.0.35
2012-11-7 11:28:32 org.apache.catalina.startup.HostConfig deployDescriptor
信息: Deploying configuration descriptor host-manager.xml
2012-11-7 11:28:32 org.apache.catalina.startup.HostConfig deployDescriptor
信息: Deploying configuration descriptor manager.xml
2012-11-7 11:28:32 org.apache.catalina.startup.HostConfig deployDirectory
信息: Deploying web application directory docs
2012-11-7 11:28:32 org.apache.catalina.startup.HostConfig deployDirectory
信息: Deploying web application directory examples
2012-11-7 11:28:32 org.apache.coyote.http11.Http11Protocol start
信息: Starting Coyote HTTP/1.1 on http-8080
2012-11-7 11:28:33 org.apache.jk.common.ChannelSocket init
信息: JK: ajp13 listening on /0.0.0.0:8009
2012-11-7 11:28:33 org.apache.jk.server.JkMain start
信息: Jk running ID=0 time=0/10  config=null
2012-11-7 11:28:33 org.apache.catalina.startup.Catalina start
信息: Server startup in 365 ms
2012-11-7 16:06:07 org.apache.coyote.http11.Http11Protocol pause
信息: Pausing Coyote HTTP/1.1 on http-8080
2012-11-7 16:06:08 org.apache.catalina.core.StandardService stop
信息: Stopping service Catalina
2012-11-7 16:06:08 org.apache.catalina.loader.WebappClassLoader clearReferencesJdbc
严重: The web application [] registered the JDBC driver [com.mysql.jdbc.Driver] but failed to unregister it when the web application was stopped. To prevent a memory leak, the JDBC Driver has been forcibly unregistered.
2012-11-7 16:06:08 org.apache.catalina.loader.WebappClassLoader clearReferencesThreads
严重: The web application [] appears to have started a thread named [MySQL Statement Cancellation Timer] but has failed to stop it. This is very likely to create a memory leak.
2012-11-7 16:06:08 org.apache.coyote.http11.Http11Protocol destroy
信息: Stopping Coyote HTTP/1.1 on http-8080
2012-11-7 16:06:11 org.apache.catalina.core.AprLifecycleListener init
信息: The APR based Apache Tomcat Native library which allows optimal performance in production environments was not found on the java.library.path: /usr/lib/jvm/java-1.6.0_27-sun/jre/lib/amd64/server:/usr/lib/jvm/java-1.6.0_27-sun/jre/lib/amd64:/usr/lib/jvm/java-1.6.0_27-sun/jre/../lib/amd64:/usr/java/packages/lib/amd64:/usr/lib64:/lib64:/lib:/usr/lib
2012-11-7 16:06:11 org.apache.tomcat.util.digester.SetPropertiesRule begin
警告: [SetPropertiesRule]{Server/Service/Engine/Host/Context} Setting property 'debug' to '5' did not find a matching property.
2012-11-7 16:06:11 org.apache.coyote.http11.Http11Protocol init
信息: Initializing Coyote HTTP/1.1 on http-8080
2012-11-7 16:06:11 org.apache.catalina.startup.Catalina load
信息: Initialization processed in 339 ms
2012-11-7 16:06:12 org.apache.catalina.core.StandardService start
信息: Starting service Catalina
2012-11-7 16:06:12 org.apache.catalina.core.StandardEngine start
信息: Starting Servlet Engine: Apache Tomcat/6.0.35
2012-11-7 16:06:12 org.apache.catalina.startup.HostConfig deployDescriptor
信息: Deploying configuration descriptor host-manager.xml
2012-11-7 16:06:12 org.apache.catalina.startup.HostConfig deployDescriptor
信息: Deploying configuration descriptor manager.xml
2012-11-7 16:06:12 org.apache.catalina.startup.HostConfig deployDirectory
信息: Deploying web application directory docs
2012-11-7 16:06:12 org.apache.catalina.startup.HostConfig deployDirectory
信息: Deploying web application directory examples
2012-11-7 16:06:12 org.apache.coyote.http11.Http11Protocol start
信息: Starting Coyote HTTP/1.1 on http-8080
2012-11-7 16:06:12 org.apache.jk.common.ChannelSocket init
信息: JK: ajp13 listening on /0.0.0.0:8009
2012-11-7 16:06:12 org.apache.jk.server.JkMain start
信息: Jk running ID=0 time=0/10  config=null
2012-11-7 16:06:12 org.apache.catalina.startup.Catalina start
信息: Server startup in 351 ms
2012-11-7 16:06:22 org.apache.coyote.http11.Http11Protocol pause
信息: Pausing Coyote HTTP/1.1 on http-8080
2012-11-7 16:06:23 org.apache.catalina.core.StandardService stop
信息: Stopping service Catalina
2012-11-7 16:06:23 org.apache.coyote.http11.Http11Protocol destroy
信息: Stopping Coyote HTTP/1.1 on http-8080
2012-11-7 16:06:25 org.apache.catalina.core.AprLifecycleListener init
信息: The APR based Apache Tomcat Native library which allows optimal performance in production environments was not found on the java.library.path: /usr/lib/jvm/java-1.6.0_27-sun/jre/lib/amd64/server:/usr/lib/jvm/java-1.6.0_27-sun/jre/lib/amd64:/usr/lib/jvm/java-1.6.0_27-sun/jre/../lib/amd64:/usr/java/packages/lib/amd64:/usr/lib64:/lib64:/lib:/usr/lib
2012-11-7 16:06:25 org.apache.tomcat.util.digester.SetPropertiesRule begin
警告: [SetPropertiesRule]{Server/Service/Engine/Host/Context} Setting property 'debug' to '5' did not find a matching property.
2012-11-7 16:06:25 org.apache.coyote.http11.Http11Protocol init
信息: Initializing Coyote HTTP/1.1 on http-8080
2012-11-7 16:06:25 org.apache.catalina.startup.Catalina load
信息: Initialization processed in 344 ms
2012-11-7 16:06:25 org.apache.catalina.core.StandardService start
信息: Starting service Catalina
2012-11-7 16:06:25 org.apache.catalina.core.StandardEngine start
信息: Starting Servlet Engine: Apache Tomcat/6.0.35
2012-11-7 16:06:26 org.apache.catalina.startup.HostConfig deployDescriptor
信息: Deploying configuration descriptor host-manager.xml
2012-11-7 16:06:26 org.apache.catalina.startup.HostConfig deployDescriptor
信息: Deploying configuration descriptor manager.xml
2012-11-7 16:06:26 org.apache.catalina.startup.HostConfig deployDirectory
信息: Deploying web application directory docs
2012-11-7 16:06:26 org.apache.catalina.startup.HostConfig deployDirectory
信息: Deploying web application directory examples
2012-11-7 16:06:26 org.apache.coyote.http11.Http11Protocol start
信息: Starting Coyote HTTP/1.1 on http-8080
2012-11-7 16:06:26 org.apache.jk.common.ChannelSocket init
信息: JK: ajp13 listening on /0.0.0.0:8009
2012-11-7 16:06:26 org.apache.jk.server.JkMain start
信息: Jk running ID=0 time=0/10  config=null
2012-11-7 16:06:26 org.apache.catalina.startup.Catalina start
信息: Server startup in 349 ms
2012-11-7 16:11:31 org.apache.catalina.core.AprLifecycleListener init
信息: The APR based Apache Tomcat Native library which allows optimal performance in production environments was not found on the java.library.path: /usr/lib/jvm/java-1.6.0_27-sun/jre/lib/amd64/server:/usr/lib/jvm/java-1.6.0_27-sun/jre/lib/amd64:/usr/lib/jvm/java-1.6.0_27-sun/jre/../lib/amd64:/usr/java/packages/lib/amd64:/usr/lib64:/lib64:/lib:/usr/lib
2012-11-7 16:11:31 org.apache.tomcat.util.digester.SetPropertiesRule begin
警告: [SetPropertiesRule]{Server/Service/Engine/Host/Context} Setting property 'debug' to '5' did not find a matching property.
2012-11-7 16:11:31 org.apache.coyote.http11.Http11Protocol init
严重: Error initializing endpoint
java.net.BindException: Address already in use <null>:8080
	at org.apache.tomcat.util.net.JIoEndpoint.init(JIoEndpoint.java:549)
	at org.apache.coyote.http11.Http11Protocol.init(Http11Protocol.java:176)
	at org.apache.catalina.connector.Connector.initialize(Connector.java:1049)
	at org.apache.catalina.core.StandardService.initialize(StandardService.java:703)
	at org.apache.catalina.core.StandardServer.initialize(StandardServer.java:838)
	at org.apache.catalina.startup.Catalina.load(Catalina.java:538)
	at org.apache.catalina.startup.Catalina.load(Catalina.java:562)
	at sun.reflect.NativeMethodAccessorImpl.invoke0(Native Method)
	at sun.reflect.NativeMethodAccessorImpl.invoke(NativeMethodAccessorImpl.java:39)
	at sun.reflect.DelegatingMethodAccessorImpl.invoke(DelegatingMethodAccessorImpl.java:25)
	at java.lang.reflect.Method.invoke(Method.java:597)
	at org.apache.catalina.startup.Bootstrap.load(Bootstrap.java:261)
	at org.apache.catalina.startup.Bootstrap.main(Bootstrap.java:413)
Caused by: java.net.BindException: Address already in use
	at java.net.PlainSocketImpl.socketBind(Native Method)
	at java.net.PlainSocketImpl.bind(PlainSocketImpl.java:383)
	at java.net.ServerSocket.bind(ServerSocket.java:328)
	at java.net.ServerSocket.<init>(ServerSocket.java:194)
	at java.net.ServerSocket.<init>(ServerSocket.java:150)
	at org.apache.tomcat.util.net.DefaultServerSocketFactory.createSocket(DefaultServerSocketFactory.java:50)
	at org.apache.tomcat.util.net.JIoEndpoint.init(JIoEndpoint.java:538)
	... 12 more
2012-11-7 16:11:31 org.apache.catalina.core.StandardService initialize
严重: Failed to initialize connector [Connector[HTTP/1.1-8080]]
LifecycleException:  Protocol handler initialization failed: java.net.BindException: Address already in use <null>:8080
	at org.apache.catalina.connector.Connector.initialize(Connector.java:1051)
	at org.apache.catalina.core.StandardService.initialize(StandardService.java:703)
	at org.apache.catalina.core.StandardServer.initialize(StandardServer.java:838)
	at org.apache.catalina.startup.Catalina.load(Catalina.java:538)
	at org.apache.catalina.startup.Catalina.load(Catalina.java:562)
	at sun.reflect.NativeMethodAccessorImpl.invoke0(Native Method)
	at sun.reflect.NativeMethodAccessorImpl.invoke(NativeMethodAccessorImpl.java:39)
	at sun.reflect.DelegatingMethodAccessorImpl.invoke(DelegatingMethodAccessorImpl.java:25)
	at java.lang.reflect.Method.invoke(Method.java:597)
	at org.apache.catalina.startup.Bootstrap.load(Bootstrap.java:261)
	at org.apache.catalina.startup.Bootstrap.main(Bootstrap.java:413)
2012-11-7 16:11:31 org.apache.catalina.startup.Catalina load
信息: Initialization processed in 329 ms
2012-11-7 16:11:31 org.apache.catalina.core.StandardService start
信息: Starting service Catalina
2012-11-7 16:11:31 org.apache.catalina.core.StandardEngine start
信息: Starting Servlet Engine: Apache Tomcat/6.0.35
2012-11-7 16:11:31 org.apache.catalina.startup.HostConfig deployDescriptor
信息: Deploying configuration descriptor host-manager.xml
2012-11-7 16:11:31 org.apache.catalina.startup.HostConfig deployDescriptor
信息: Deploying configuration descriptor manager.xml
2012-11-7 16:11:31 org.apache.catalina.startup.HostConfig deployDirectory
信息: Deploying web application directory docs
2012-11-7 16:11:31 org.apache.catalina.startup.HostConfig deployDirectory
信息: Deploying web application directory examples
2012-11-7 16:11:31 org.apache.coyote.http11.Http11Protocol start
严重: Error starting endpoint
java.net.BindException: Address already in use <null>:8080
	at org.apache.tomcat.util.net.JIoEndpoint.init(JIoEndpoint.java:549)
	at org.apache.tomcat.util.net.JIoEndpoint.start(JIoEndpoint.java:565)
	at org.apache.coyote.http11.Http11Protocol.start(Http11Protocol.java:203)
	at org.apache.catalina.connector.Connector.start(Connector.java:1122)
	at org.apache.catalina.core.StandardService.start(StandardService.java:540)
	at org.apache.catalina.core.StandardServer.start(StandardServer.java:754)
	at org.apache.catalina.startup.Catalina.start(Catalina.java:595)
	at sun.reflect.NativeMethodAccessorImpl.invoke0(Native Method)
	at sun.reflect.NativeMethodAccessorImpl.invoke(NativeMethodAccessorImpl.java:39)
	at sun.reflect.DelegatingMethodAccessorImpl.invoke(DelegatingMethodAccessorImpl.java:25)
	at java.lang.reflect.Method.invoke(Method.java:597)
	at org.apache.catalina.startup.Bootstrap.start(Bootstrap.java:289)
	at org.apache.catalina.startup.Bootstrap.main(Bootstrap.java:414)
Caused by: java.net.BindException: Address already in use
	at java.net.PlainSocketImpl.socketBind(Native Method)
	at java.net.PlainSocketImpl.bind(PlainSocketImpl.java:383)
	at java.net.ServerSocket.bind(ServerSocket.java:328)
	at java.net.ServerSocket.<init>(ServerSocket.java:194)
	at java.net.ServerSocket.<init>(ServerSocket.java:150)
	at org.apache.tomcat.util.net.DefaultServerSocketFactory.createSocket(DefaultServerSocketFactory.java:50)
	at org.apache.tomcat.util.net.JIoEndpoint.init(JIoEndpoint.java:538)
	... 12 more
2012-11-7 16:11:31 org.apache.catalina.core.StandardService start
严重: Failed to start connector [Connector[HTTP/1.1-8080]]
LifecycleException:  service.getName(): "Catalina";  Protocol handler start failed: java.net.BindException: Address already in use <null>:8080
	at org.apache.catalina.connector.Connector.start(Connector.java:1129)
	at org.apache.catalina.core.StandardService.start(StandardService.java:540)
	at org.apache.catalina.core.StandardServer.start(StandardServer.java:754)
	at org.apache.catalina.startup.Catalina.start(Catalina.java:595)
	at sun.reflect.NativeMethodAccessorImpl.invoke0(Native Method)
	at sun.reflect.NativeMethodAccessorImpl.invoke(NativeMethodAccessorImpl.java:39)
	at sun.reflect.DelegatingMethodAccessorImpl.invoke(DelegatingMethodAccessorImpl.java:25)
	at java.lang.reflect.Method.invoke(Method.java:597)
	at org.apache.catalina.startup.Bootstrap.start(Bootstrap.java:289)
	at org.apache.catalina.startup.Bootstrap.main(Bootstrap.java:414)
2012-11-7 16:11:31 org.apache.jk.common.ChannelSocket init
信息: Port busy 8009 java.net.BindException: Address already in use
2012-11-7 16:11:31 org.apache.jk.common.ChannelSocket init
严重: Can't find free port 8009 8009
2012-11-7 16:11:31 org.apache.jk.server.JkMain start
信息: Jk running ID=0 time=0/7  config=null
2012-11-7 16:11:31 org.apache.catalina.startup.Catalina start
信息: Server startup in 342 ms
2012-11-7 16:11:31 org.apache.catalina.core.StandardServer await
严重: StandardServer.await: create[8001]: 
java.net.BindException: Address already in use
	at java.net.PlainSocketImpl.socketBind(Native Method)
	at java.net.PlainSocketImpl.bind(PlainSocketImpl.java:383)
	at java.net.ServerSocket.bind(ServerSocket.java:328)
	at java.net.ServerSocket.<init>(ServerSocket.java:194)
	at org.apache.catalina.core.StandardServer.await(StandardServer.java:406)
	at org.apache.catalina.startup.Catalina.await(Catalina.java:676)
	at org.apache.catalina.startup.Catalina.start(Catalina.java:628)
	at sun.reflect.NativeMethodAccessorImpl.invoke0(Native Method)
	at sun.reflect.NativeMethodAccessorImpl.invoke(NativeMethodAccessorImpl.java:39)
	at sun.reflect.DelegatingMethodAccessorImpl.invoke(DelegatingMethodAccessorImpl.java:25)
	at java.lang.reflect.Method.invoke(Method.java:597)
	at org.apache.catalina.startup.Bootstrap.start(Bootstrap.java:289)
	at org.apache.catalina.startup.Bootstrap.main(Bootstrap.java:414)
2012-11-7 16:11:31 org.apache.coyote.http11.Http11Protocol pause
信息: Pausing Coyote HTTP/1.1 on http-8080
2012-11-7 16:11:32 org.apache.coyote.http11.Http11Protocol pause
信息: Pausing Coyote HTTP/1.1 on http-8080
2012-11-7 16:11:32 org.apache.catalina.core.StandardService stop
信息: Stopping service Catalina
2012-11-7 16:11:32 org.apache.coyote.http11.Http11Protocol destroy
信息: Stopping Coyote HTTP/1.1 on http-8080
2012-11-7 16:11:33 org.apache.catalina.core.StandardService stop
信息: Stopping service Catalina
2012-11-7 16:11:33 org.apache.catalina.loader.WebappClassLoader clearReferencesJdbc
严重: The web application [] registered the JDBC driver [com.mysql.jdbc.Driver] but failed to unregister it when the web application was stopped. To prevent a memory leak, the JDBC Driver has been forcibly unregistered.
2012-11-7 16:11:33 org.apache.catalina.loader.WebappClassLoader clearReferencesThreads
严重: The web application [] appears to have started a thread named [MySQL Statement Cancellation Timer] but has failed to stop it. This is very likely to create a memory leak.
2012-11-7 16:11:33 org.apache.coyote.http11.Http11Protocol destroy
信息: Stopping Coyote HTTP/1.1 on http-8080
2012-11-7 16:11:36 org.apache.catalina.core.AprLifecycleListener init
信息: The APR based Apache Tomcat Native library which allows optimal performance in production environments was not found on the java.library.path: /usr/lib/jvm/java-1.6.0_27-sun/jre/lib/amd64/server:/usr/lib/jvm/java-1.6.0_27-sun/jre/lib/amd64:/usr/lib/jvm/java-1.6.0_27-sun/jre/../lib/amd64:/usr/java/packages/lib/amd64:/usr/lib64:/lib64:/lib:/usr/lib
2012-11-7 16:11:36 org.apache.tomcat.util.digester.SetPropertiesRule begin
警告: [SetPropertiesRule]{Server/Service/Engine/Host/Context} Setting property 'debug' to '5' did not find a matching property.
2012-11-7 16:11:36 org.apache.coyote.http11.Http11Protocol init
信息: Initializing Coyote HTTP/1.1 on http-8080
2012-11-7 16:11:36 org.apache.catalina.startup.Catalina load
信息: Initialization processed in 335 ms
2012-11-7 16:11:36 org.apache.catalina.core.StandardService start
信息: Starting service Catalina
2012-11-7 16:11:36 org.apache.catalina.core.StandardEngine start
信息: Starting Servlet Engine: Apache Tomcat/6.0.35
2012-11-7 16:11:36 org.apache.catalina.startup.HostConfig deployDescriptor
信息: Deploying configuration descriptor host-manager.xml
2012-11-7 16:11:36 org.apache.catalina.startup.HostConfig deployDescriptor
信息: Deploying configuration descriptor manager.xml
2012-11-7 16:11:36 org.apache.catalina.startup.HostConfig deployDirectory
信息: Deploying web application directory docs
2012-11-7 16:11:36 org.apache.catalina.startup.HostConfig deployDirectory
信息: Deploying web application directory examples
2012-11-7 16:11:37 org.apache.coyote.http11.Http11Protocol start
信息: Starting Coyote HTTP/1.1 on http-8080
2012-11-7 16:11:37 org.apache.jk.common.ChannelSocket init
信息: JK: ajp13 listening on /0.0.0.0:8009
2012-11-7 16:11:37 org.apache.jk.server.JkMain start
信息: Jk running ID=0 time=0/10  config=null
2012-11-7 16:11:37 org.apache.catalina.startup.Catalina start
信息: Server startup in 362 ms
2012-11-7 16:12:02 org.apache.coyote.http11.Http11Protocol pause
信息: Pausing Coyote HTTP/1.1 on http-8080
2012-11-7 16:12:03 org.apache.catalina.core.StandardService stop
信息: Stopping service Catalina
2012-11-7 16:12:03 org.apache.catalina.loader.WebappClassLoader clearReferencesJdbc
严重: The web application [] registered the JDBC driver [com.mysql.jdbc.Driver] but failed to unregister it when the web application was stopped. To prevent a memory leak, the JDBC Driver has been forcibly unregistered.
2012-11-7 16:12:03 org.apache.catalina.loader.WebappClassLoader clearReferencesThreads
严重: The web application [] appears to have started a thread named [MySQL Statement Cancellation Timer] but has failed to stop it. This is very likely to create a memory leak.
2012-11-7 16:12:03 org.apache.coyote.http11.Http11Protocol destroy
信息: Stopping Coyote HTTP/1.1 on http-8080
2012-11-7 16:12:05 org.apache.catalina.core.AprLifecycleListener init
信息: The APR based Apache Tomcat Native library which allows optimal performance in production environments was not found on the java.library.path: /usr/lib/jvm/java-1.6.0_27-sun/jre/lib/amd64/server:/usr/lib/jvm/java-1.6.0_27-sun/jre/lib/amd64:/usr/lib/jvm/java-1.6.0_27-sun/jre/../lib/amd64:/usr/java/packages/lib/amd64:/usr/lib64:/lib64:/lib:/usr/lib
2012-11-7 16:12:05 org.apache.tomcat.util.digester.SetPropertiesRule begin
警告: [SetPropertiesRule]{Server/Service/Engine/Host/Context} Setting property 'debug' to '5' did not find a matching property.
2012-11-7 16:12:05 org.apache.coyote.http11.Http11Protocol init
信息: Initializing Coyote HTTP/1.1 on http-8080
2012-11-7 16:12:05 org.apache.catalina.startup.Catalina load
信息: Initialization processed in 334 ms
2012-11-7 16:12:05 org.apache.catalina.core.StandardService start
信息: Starting service Catalina
2012-11-7 16:12:05 org.apache.catalina.core.StandardEngine start
信息: Starting Servlet Engine: Apache Tomcat/6.0.35
2012-11-7 16:12:05 org.apache.catalina.startup.HostConfig deployDescriptor
信息: Deploying configuration descriptor host-manager.xml
2012-11-7 16:12:05 org.apache.catalina.startup.HostConfig deployDescriptor
信息: Deploying configuration descriptor manager.xml
2012-11-7 16:12:05 org.apache.catalina.startup.HostConfig deployDirectory
信息: Deploying web application directory docs
2012-11-7 16:12:05 org.apache.catalina.startup.HostConfig deployDirectory
信息: Deploying web application directory examples
2012-11-7 16:12:05 org.apache.coyote.http11.Http11Protocol start
信息: Starting Coyote HTTP/1.1 on http-8080
2012-11-7 16:12:06 org.apache.jk.common.ChannelSocket init
信息: JK: ajp13 listening on /0.0.0.0:8009
2012-11-7 16:12:06 org.apache.jk.server.JkMain start
信息: Jk running ID=0 time=1/9  config=null
2012-11-7 16:12:06 org.apache.catalina.startup.Catalina start
信息: Server startup in 363 ms
