2012-11-1 8:43:08 org.apache.coyote.http11.Http11Protocol pause
信息: Pausing Coyote HTTP/1.1 on http-8080
2012-11-1 8:43:09 org.apache.catalina.core.StandardService stop
信息: Stopping service Catalina
2012-11-1 8:43:10 org.apache.catalina.loader.WebappClassLoader clearReferencesJdbc
严重: The web application [] registered the JDBC driver [com.mysql.jdbc.Driver] but failed to unregister it when the web application was stopped. To prevent a memory leak, the JDBC Driver has been forcibly unregistered.
2012-11-1 8:43:10 org.apache.catalina.loader.WebappClassLoader clearReferencesThreads
严重: The web application [] appears to have started a thread named [MySQL Statement Cancellation Timer] but has failed to stop it. This is very likely to create a memory leak.
2012-11-1 8:43:10 org.apache.catalina.loader.WebappClassLoader clearReferencesThreads
严重: The web application [] appears to have started a thread named [AWT-XAWT] but has failed to stop it. This is very likely to create a memory leak.
2012-11-1 8:43:10 org.apache.catalina.loader.WebappClassLoader clearReferencesThreads
严重: The web application [] appears to have started a thread named [AWT-Shutdown] but has failed to stop it. This is very likely to create a memory leak.
2012-11-1 8:43:10 org.apache.catalina.loader.WebappClassLoader clearReferencesThreads
严重: The web application [] appears to have started a thread named [AWT-EventQueue-0] but has failed to stop it. This is very likely to create a memory leak.
2012-11-1 8:43:10 org.apache.coyote.http11.Http11Protocol destroy
信息: Stopping Coyote HTTP/1.1 on http-8080
2012-11-1 8:43:37 org.apache.catalina.core.AprLifecycleListener init
信息: The APR based Apache Tomcat Native library which allows optimal performance in production environments was not found on the java.library.path: /usr/lib/jvm/java-1.6.0_27-sun/jre/lib/amd64/server:/usr/lib/jvm/java-1.6.0_27-sun/jre/lib/amd64:/usr/lib/jvm/java-1.6.0_27-sun/jre/../lib/amd64:/usr/java/packages/lib/amd64:/usr/lib64:/lib64:/lib:/usr/lib
2012-11-1 8:43:37 org.apache.tomcat.util.digester.SetPropertiesRule begin
警告: [SetPropertiesRule]{Server/Service/Engine/Host/Context} Setting property 'debug' to '5' did not find a matching property.
2012-11-1 8:43:37 org.apache.coyote.http11.Http11Protocol init
信息: Initializing Coyote HTTP/1.1 on http-8080
2012-11-1 8:43:37 org.apache.catalina.startup.Catalina load
信息: Initialization processed in 332 ms
2012-11-1 8:43:37 org.apache.catalina.core.StandardService start
信息: Starting service Catalina
2012-11-1 8:43:37 org.apache.catalina.core.StandardEngine start
信息: Starting Servlet Engine: Apache Tomcat/6.0.35
2012-11-1 8:43:37 org.apache.catalina.startup.HostConfig deployDescriptor
信息: Deploying configuration descriptor host-manager.xml
2012-11-1 8:43:37 org.apache.catalina.startup.HostConfig deployDescriptor
信息: Deploying configuration descriptor manager.xml
2012-11-1 8:43:37 org.apache.catalina.startup.HostConfig deployDirectory
信息: Deploying web application directory docs
2012-11-1 8:43:37 org.apache.catalina.startup.HostConfig deployDirectory
信息: Deploying web application directory examples
2012-11-1 8:43:37 org.apache.coyote.http11.Http11Protocol start
信息: Starting Coyote HTTP/1.1 on http-8080
2012-11-1 8:43:37 org.apache.jk.common.ChannelSocket init
信息: JK: ajp13 listening on /0.0.0.0:8009
2012-11-1 8:43:37 org.apache.jk.server.JkMain start
信息: Jk running ID=0 time=0/10  config=null
2012-11-1 8:43:37 org.apache.catalina.startup.Catalina start
信息: Server startup in 352 ms
2012-11-1 8:44:21 org.apache.coyote.http11.Http11Protocol pause
信息: Pausing Coyote HTTP/1.1 on http-8080
2012-11-1 8:44:22 org.apache.catalina.core.StandardService stop
信息: Stopping service Catalina
2012-11-1 8:44:22 org.apache.catalina.loader.WebappClassLoader clearReferencesJdbc
严重: The web application [] registered the JDBC driver [com.mysql.jdbc.Driver] but failed to unregister it when the web application was stopped. To prevent a memory leak, the JDBC Driver has been forcibly unregistered.
2012-11-1 8:44:22 org.apache.catalina.loader.WebappClassLoader clearReferencesThreads
严重: The web application [] appears to have started a thread named [MySQL Statement Cancellation Timer] but has failed to stop it. This is very likely to create a memory leak.
2012-11-1 8:44:22 org.apache.catalina.loader.WebappClassLoader clearReferencesThreads
严重: The web application [] appears to have started a thread named [AWT-XAWT] but has failed to stop it. This is very likely to create a memory leak.
2012-11-1 8:44:22 org.apache.catalina.loader.WebappClassLoader clearReferencesThreads
严重: The web application [] appears to have started a thread named [AWT-Shutdown] but has failed to stop it. This is very likely to create a memory leak.
2012-11-1 8:44:22 org.apache.catalina.loader.WebappClassLoader clearReferencesThreads
严重: The web application [] appears to have started a thread named [AWT-EventQueue-0] but has failed to stop it. This is very likely to create a memory leak.
2012-11-1 8:44:22 org.apache.coyote.http11.Http11Protocol destroy
信息: Stopping Coyote HTTP/1.1 on http-8080
2012-11-1 8:45:40 org.apache.catalina.core.AprLifecycleListener init
信息: The APR based Apache Tomcat Native library which allows optimal performance in production environments was not found on the java.library.path: /usr/lib/jvm/java-1.6.0_27-sun/jre/lib/amd64/server:/usr/lib/jvm/java-1.6.0_27-sun/jre/lib/amd64:/usr/lib/jvm/java-1.6.0_27-sun/jre/../lib/amd64:/usr/java/packages/lib/amd64:/usr/lib64:/lib64:/lib:/usr/lib
2012-11-1 8:45:40 org.apache.tomcat.util.digester.SetPropertiesRule begin
警告: [SetPropertiesRule]{Server/Service/Engine/Host/Context} Setting property 'debug' to '5' did not find a matching property.
2012-11-1 8:45:40 org.apache.coyote.http11.Http11Protocol init
信息: Initializing Coyote HTTP/1.1 on http-8080
2012-11-1 8:45:40 org.apache.catalina.startup.Catalina load
信息: Initialization processed in 336 ms
2012-11-1 8:45:40 org.apache.catalina.core.StandardService start
信息: Starting service Catalina
2012-11-1 8:45:40 org.apache.catalina.core.StandardEngine start
信息: Starting Servlet Engine: Apache Tomcat/6.0.35
2012-11-1 8:45:40 org.apache.catalina.startup.HostConfig deployDescriptor
信息: Deploying configuration descriptor host-manager.xml
2012-11-1 8:45:40 org.apache.catalina.startup.HostConfig deployDescriptor
信息: Deploying configuration descriptor manager.xml
2012-11-1 8:45:40 org.apache.catalina.startup.HostConfig deployDirectory
信息: Deploying web application directory docs
2012-11-1 8:45:40 org.apache.catalina.startup.HostConfig deployDirectory
信息: Deploying web application directory examples
2012-11-1 8:45:40 org.apache.coyote.http11.Http11Protocol start
信息: Starting Coyote HTTP/1.1 on http-8080
2012-11-1 8:45:40 org.apache.jk.common.ChannelSocket init
信息: JK: ajp13 listening on /0.0.0.0:8009
2012-11-1 8:45:40 org.apache.jk.server.JkMain start
信息: Jk running ID=0 time=0/10  config=null
2012-11-1 8:45:40 org.apache.catalina.startup.Catalina start
信息: Server startup in 355 ms
2012-11-1 8:52:08 org.apache.coyote.http11.Http11Protocol pause
信息: Pausing Coyote HTTP/1.1 on http-8080
2012-11-1 8:52:09 org.apache.catalina.core.StandardService stop
信息: Stopping service Catalina
2012-11-1 8:52:09 org.apache.catalina.loader.WebappClassLoader clearReferencesJdbc
严重: The web application [] registered the JDBC driver [com.mysql.jdbc.Driver] but failed to unregister it when the web application was stopped. To prevent a memory leak, the JDBC Driver has been forcibly unregistered.
2012-11-1 8:52:09 org.apache.catalina.loader.WebappClassLoader clearReferencesThreads
严重: The web application [] appears to have started a thread named [MySQL Statement Cancellation Timer] but has failed to stop it. This is very likely to create a memory leak.
2012-11-1 8:52:09 org.apache.catalina.loader.WebappClassLoader clearReferencesThreads
严重: The web application [] appears to have started a thread named [AWT-XAWT] but has failed to stop it. This is very likely to create a memory leak.
2012-11-1 8:52:09 org.apache.catalina.loader.WebappClassLoader clearReferencesThreads
严重: The web application [] appears to have started a thread named [AWT-Shutdown] but has failed to stop it. This is very likely to create a memory leak.
2012-11-1 8:52:09 org.apache.catalina.loader.WebappClassLoader clearReferencesThreads
严重: The web application [] appears to have started a thread named [AWT-EventQueue-0] but has failed to stop it. This is very likely to create a memory leak.
2012-11-1 8:52:09 org.apache.coyote.http11.Http11Protocol destroy
信息: Stopping Coyote HTTP/1.1 on http-8080
2012-11-1 9:32:47 org.apache.catalina.core.AprLifecycleListener init
信息: The APR based Apache Tomcat Native library which allows optimal performance in production environments was not found on the java.library.path: /usr/lib/jvm/java-1.6.0_27-sun/jre/lib/amd64/server:/usr/lib/jvm/java-1.6.0_27-sun/jre/lib/amd64:/usr/lib/jvm/java-1.6.0_27-sun/jre/../lib/amd64:/usr/java/packages/lib/amd64:/usr/lib64:/lib64:/lib:/usr/lib
2012-11-1 9:32:47 org.apache.tomcat.util.digester.SetPropertiesRule begin
警告: [SetPropertiesRule]{Server/Service/Engine/Host/Context} Setting property 'debug' to '5' did not find a matching property.
2012-11-1 9:32:47 org.apache.coyote.http11.Http11Protocol init
信息: Initializing Coyote HTTP/1.1 on http-8080
2012-11-1 9:32:47 org.apache.catalina.startup.Catalina load
信息: Initialization processed in 330 ms
2012-11-1 9:32:48 org.apache.catalina.core.StandardService start
信息: Starting service Catalina
2012-11-1 9:32:48 org.apache.catalina.core.StandardEngine start
信息: Starting Servlet Engine: Apache Tomcat/6.0.35
2012-11-1 9:32:48 org.apache.catalina.startup.HostConfig deployDescriptor
信息: Deploying configuration descriptor host-manager.xml
2012-11-1 9:32:48 org.apache.catalina.startup.HostConfig deployDescriptor
信息: Deploying configuration descriptor manager.xml
2012-11-1 9:32:48 org.apache.catalina.startup.HostConfig deployDirectory
信息: Deploying web application directory docs
2012-11-1 9:32:48 org.apache.catalina.startup.HostConfig deployDirectory
信息: Deploying web application directory examples
2012-11-1 9:32:48 org.apache.coyote.http11.Http11Protocol start
信息: Starting Coyote HTTP/1.1 on http-8080
2012-11-1 9:32:48 org.apache.jk.common.ChannelSocket init
信息: JK: ajp13 listening on /0.0.0.0:8009
2012-11-1 9:32:48 org.apache.jk.server.JkMain start
信息: Jk running ID=0 time=1/10  config=null
2012-11-1 9:32:48 org.apache.catalina.startup.Catalina start
信息: Server startup in 357 ms
