May 05, 2012 11:04:38 AM org.apache.catalina.core.AprLifecycleListener init
INFO: The APR based Apache Tomcat Native library which allows optimal performance in production environments was not found on the java.library.path: /usr/java/packages/lib/amd64:/usr/lib64:/lib64:/lib:/usr/lib
May 05, 2012 11:04:38 AM org.apache.tomcat.util.digester.SetPropertiesRule begin
WARNING: [SetPropertiesRule]{Server/Service/Engine/Host/Context} Setting property 'debug' to '5' did not find a matching property.
May 05, 2012 11:04:39 AM org.apache.coyote.http11.Http11Protocol init
INFO: Initializing Coyote HTTP/1.1 on http-8080
May 05, 2012 11:04:39 AM org.apache.catalina.startup.Catalina load
INFO: Initialization processed in 1252 ms
May 05, 2012 11:04:39 AM org.apache.catalina.core.StandardService start
INFO: Starting service Catalina
May 05, 2012 11:04:39 AM org.apache.catalina.core.StandardEngine start
INFO: Starting Servlet Engine: Apache Tomcat/6.0.35
May 05, 2012 11:04:39 AM org.apache.catalina.startup.HostConfig deployDescriptor
INFO: Deploying configuration descriptor manager.xml
May 05, 2012 11:04:39 AM org.apache.catalina.startup.HostConfig deployDescriptor
INFO: Deploying configuration descriptor host-manager.xml
May 05, 2012 11:04:39 AM org.apache.catalina.startup.HostConfig deployDirectory
INFO: Deploying web application directory examples
May 05, 2012 11:04:39 AM org.apache.catalina.startup.HostConfig deployDirectory
INFO: Deploying web application directory docs
May 05, 2012 11:04:39 AM org.apache.coyote.http11.Http11Protocol start
INFO: Starting Coyote HTTP/1.1 on http-8080
May 05, 2012 11:04:39 AM org.apache.jk.common.ChannelSocket init
INFO: JK: ajp13 listening on /0.0.0.0:8009
May 05, 2012 11:04:39 AM org.apache.jk.server.JkMain start
INFO: Jk running ID=0 time=0/27  config=null
May 05, 2012 11:04:39 AM org.apache.catalina.startup.Catalina start
INFO: Server startup in 821 ms
May 05, 2012 11:12:24 AM org.apache.coyote.http11.Http11Protocol pause
INFO: Pausing Coyote HTTP/1.1 on http-8080
May 05, 2012 11:12:25 AM org.apache.catalina.core.StandardService stop
INFO: Stopping service Catalina
May 05, 2012 11:12:25 AM org.apache.catalina.loader.WebappClassLoader clearReferencesJdbc
SEVERE: The web application [] registered the JDBC driver [com.mysql.jdbc.Driver] but failed to unregister it when the web application was stopped. To prevent a memory leak, the JDBC Driver has been forcibly unregistered.
May 05, 2012 11:12:25 AM org.apache.catalina.loader.WebappClassLoader clearReferencesThreads
SEVERE: The web application [] appears to have started a thread named [MySQL Statement Cancellation Timer] but has failed to stop it. This is very likely to create a memory leak.
May 05, 2012 11:12:25 AM org.apache.coyote.http11.Http11Protocol destroy
INFO: Stopping Coyote HTTP/1.1 on http-8080
May 05, 2012 11:13:58 AM org.apache.catalina.core.AprLifecycleListener init
INFO: The APR based Apache Tomcat Native library which allows optimal performance in production environments was not found on the java.library.path: /usr/java/packages/lib/amd64:/usr/lib64:/lib64:/lib:/usr/lib
May 05, 2012 11:13:58 AM org.apache.tomcat.util.digester.SetPropertiesRule begin
WARNING: [SetPropertiesRule]{Server/Service/Engine/Host/Context} Setting property 'debug' to '5' did not find a matching property.
May 05, 2012 11:13:58 AM org.apache.coyote.http11.Http11Protocol init
INFO: Initializing Coyote HTTP/1.1 on http-8080
May 05, 2012 11:13:58 AM org.apache.catalina.startup.Catalina load
INFO: Initialization processed in 675 ms
May 05, 2012 11:13:58 AM org.apache.catalina.core.StandardService start
INFO: Starting service Catalina
May 05, 2012 11:13:58 AM org.apache.catalina.core.StandardEngine start
INFO: Starting Servlet Engine: Apache Tomcat/6.0.35
May 05, 2012 11:13:58 AM org.apache.catalina.startup.HostConfig deployDescriptor
INFO: Deploying configuration descriptor manager.xml
May 05, 2012 11:13:58 AM org.apache.catalina.startup.HostConfig deployDescriptor
INFO: Deploying configuration descriptor host-manager.xml
May 05, 2012 11:13:58 AM org.apache.catalina.startup.HostConfig deployDirectory
INFO: Deploying web application directory examples
May 05, 2012 11:13:58 AM org.apache.catalina.startup.HostConfig deployDirectory
INFO: Deploying web application directory docs
May 05, 2012 11:13:58 AM org.apache.coyote.http11.Http11Protocol start
INFO: Starting Coyote HTTP/1.1 on http-8080
May 05, 2012 11:13:59 AM org.apache.jk.common.ChannelSocket init
INFO: JK: ajp13 listening on /0.0.0.0:8009
May 05, 2012 11:13:59 AM org.apache.jk.server.JkMain start
INFO: Jk running ID=0 time=0/20  config=null
May 05, 2012 11:13:59 AM org.apache.catalina.startup.Catalina start
INFO: Server startup in 669 ms
May 05, 2012 5:12:55 PM org.apache.coyote.http11.Http11Protocol pause
INFO: Pausing Coyote HTTP/1.1 on http-8080
May 05, 2012 5:12:56 PM org.apache.catalina.core.StandardService stop
INFO: Stopping service Catalina
May 05, 2012 5:12:56 PM org.apache.catalina.loader.WebappClassLoader clearReferencesJdbc
SEVERE: The web application [] registered the JDBC driver [com.mysql.jdbc.Driver] but failed to unregister it when the web application was stopped. To prevent a memory leak, the JDBC Driver has been forcibly unregistered.
May 05, 2012 5:12:56 PM org.apache.catalina.loader.WebappClassLoader clearReferencesThreads
SEVERE: The web application [] appears to have started a thread named [MySQL Statement Cancellation Timer] but has failed to stop it. This is very likely to create a memory leak.
May 05, 2012 5:12:56 PM org.apache.coyote.http11.Http11Protocol destroy
INFO: Stopping Coyote HTTP/1.1 on http-8080
May 05, 2012 5:13:55 PM org.apache.catalina.core.AprLifecycleListener init
INFO: The APR based Apache Tomcat Native library which allows optimal performance in production environments was not found on the java.library.path: /usr/java/packages/lib/amd64:/usr/lib64:/lib64:/lib:/usr/lib
May 05, 2012 5:13:55 PM org.apache.tomcat.util.digester.SetPropertiesRule begin
WARNING: [SetPropertiesRule]{Server/Service/Engine/Host/Context} Setting property 'debug' to '5' did not find a matching property.
May 05, 2012 5:13:55 PM org.apache.coyote.http11.Http11Protocol init
INFO: Initializing Coyote HTTP/1.1 on http-8080
May 05, 2012 5:13:55 PM org.apache.catalina.startup.Catalina load
INFO: Initialization processed in 655 ms
May 05, 2012 5:13:55 PM org.apache.catalina.core.StandardService start
INFO: Starting service Catalina
May 05, 2012 5:13:55 PM org.apache.catalina.core.StandardEngine start
INFO: Starting Servlet Engine: Apache Tomcat/6.0.35
May 05, 2012 5:13:55 PM org.apache.catalina.startup.HostConfig deployDescriptor
INFO: Deploying configuration descriptor manager.xml
May 05, 2012 5:13:55 PM org.apache.catalina.startup.HostConfig deployDescriptor
INFO: Deploying configuration descriptor host-manager.xml
May 05, 2012 5:13:55 PM org.apache.catalina.startup.HostConfig deployDirectory
INFO: Deploying web application directory examples
May 05, 2012 5:13:56 PM org.apache.catalina.startup.HostConfig deployDirectory
INFO: Deploying web application directory docs
May 05, 2012 5:13:56 PM org.apache.coyote.http11.Http11Protocol start
INFO: Starting Coyote HTTP/1.1 on http-8080
May 05, 2012 5:13:56 PM org.apache.jk.common.ChannelSocket init
INFO: JK: ajp13 listening on /0.0.0.0:8009
May 05, 2012 5:13:56 PM org.apache.jk.server.JkMain start
INFO: Jk running ID=0 time=0/20  config=null
May 05, 2012 5:13:56 PM org.apache.catalina.startup.Catalina start
INFO: Server startup in 659 ms
May 05, 2012 5:19:21 PM org.apache.coyote.http11.Http11Protocol pause
INFO: Pausing Coyote HTTP/1.1 on http-8080
May 05, 2012 5:19:22 PM org.apache.catalina.core.StandardService stop
INFO: Stopping service Catalina
May 05, 2012 5:19:22 PM org.apache.catalina.loader.WebappClassLoader clearReferencesJdbc
SEVERE: The web application [] registered the JDBC driver [com.mysql.jdbc.Driver] but failed to unregister it when the web application was stopped. To prevent a memory leak, the JDBC Driver has been forcibly unregistered.
May 05, 2012 5:19:22 PM org.apache.catalina.loader.WebappClassLoader clearReferencesThreads
SEVERE: The web application [] appears to have started a thread named [MySQL Statement Cancellation Timer] but has failed to stop it. This is very likely to create a memory leak.
May 05, 2012 5:19:22 PM org.apache.coyote.http11.Http11Protocol destroy
INFO: Stopping Coyote HTTP/1.1 on http-8080
May 05, 2012 5:21:13 PM org.apache.catalina.core.AprLifecycleListener init
INFO: The APR based Apache Tomcat Native library which allows optimal performance in production environments was not found on the java.library.path: /usr/java/packages/lib/amd64:/usr/lib64:/lib64:/lib:/usr/lib
May 05, 2012 5:21:13 PM org.apache.tomcat.util.digester.SetPropertiesRule begin
WARNING: [SetPropertiesRule]{Server/Service/Engine/Host/Context} Setting property 'debug' to '5' did not find a matching property.
May 05, 2012 5:21:14 PM org.apache.coyote.http11.Http11Protocol init
INFO: Initializing Coyote HTTP/1.1 on http-8080
May 05, 2012 5:21:14 PM org.apache.catalina.startup.Catalina load
INFO: Initialization processed in 672 ms
May 05, 2012 5:21:14 PM org.apache.catalina.core.StandardService start
INFO: Starting service Catalina
May 05, 2012 5:21:14 PM org.apache.catalina.core.StandardEngine start
INFO: Starting Servlet Engine: Apache Tomcat/6.0.35
May 05, 2012 5:21:14 PM org.apache.catalina.startup.HostConfig deployDescriptor
INFO: Deploying configuration descriptor manager.xml
May 05, 2012 5:21:14 PM org.apache.catalina.startup.HostConfig deployDescriptor
INFO: Deploying configuration descriptor host-manager.xml
May 05, 2012 5:21:14 PM org.apache.catalina.startup.HostConfig deployDirectory
INFO: Deploying web application directory examples
May 05, 2012 5:21:14 PM org.apache.catalina.startup.HostConfig deployDirectory
INFO: Deploying web application directory docs
May 05, 2012 5:21:14 PM org.apache.coyote.http11.Http11Protocol start
INFO: Starting Coyote HTTP/1.1 on http-8080
May 05, 2012 5:21:14 PM org.apache.jk.common.ChannelSocket init
INFO: JK: ajp13 listening on /0.0.0.0:8009
May 05, 2012 5:21:14 PM org.apache.jk.server.JkMain start
INFO: Jk running ID=0 time=0/21  config=null
May 05, 2012 5:21:14 PM org.apache.catalina.startup.Catalina start
INFO: Server startup in 648 ms
