Nov 22, 2013 9:33:25 AM org.apache.coyote.http11.Http11Protocol pause
INFO: Pausing Coyote HTTP/1.1 on http-8080
Nov 22, 2013 9:33:26 AM org.apache.catalina.core.AprLifecycleListener init
INFO: The APR based Apache Tomcat Native library which allows optimal performance in production environments was not found on the java.library.path: /usr/java/packages/lib/amd64:/usr/lib64:/lib64:/lib:/usr/lib
Nov 22, 2013 9:33:26 AM org.apache.catalina.core.StandardService stop
INFO: Stopping service Catalina
Nov 22, 2013 9:33:26 AM org.apache.catalina.loader.WebappClassLoader clearReferencesJdbc
SEVERE: The web application [] registered the JDBC driver [com.mysql.jdbc.Driver] but failed to unregister it when the web application was stopped. To prevent a memory leak, the JDBC Driver has been forcibly unregistered.
Nov 22, 2013 9:33:26 AM org.apache.catalina.loader.WebappClassLoader clearReferencesThreads
SEVERE: The web application [] appears to have started a thread named [MySQL Statement Cancellation Timer] but has failed to stop it. This is very likely to create a memory leak.
Nov 22, 2013 9:33:26 AM org.apache.tomcat.util.digester.SetPropertiesRule begin
WARNING: [SetPropertiesRule]{Server/Service/Engine/Host/Context} Setting property 'debug' to '5' did not find a matching property.
Nov 22, 2013 9:33:26 AM org.apache.coyote.http11.Http11Protocol destroy
INFO: Stopping Coyote HTTP/1.1 on http-8080
Nov 22, 2013 9:33:27 AM org.apache.coyote.http11.Http11Protocol init
INFO: Initializing Coyote HTTP/1.1 on http-8080
Nov 22, 2013 9:33:27 AM org.apache.catalina.startup.Catalina load
INFO: Initialization processed in 725 ms
Nov 22, 2013 9:33:27 AM org.apache.catalina.core.StandardService start
INFO: Starting service Catalina
Nov 22, 2013 9:33:27 AM org.apache.catalina.core.StandardEngine start
INFO: Starting Servlet Engine: Apache Tomcat/6.0.35
Nov 22, 2013 9:33:27 AM org.apache.catalina.startup.HostConfig deployDescriptor
INFO: Deploying configuration descriptor manager.xml
Nov 22, 2013 9:33:27 AM org.apache.catalina.startup.HostConfig deployDescriptor
INFO: Deploying configuration descriptor host-manager.xml
Nov 22, 2013 9:33:27 AM org.apache.catalina.startup.HostConfig deployDirectory
INFO: Deploying web application directory docs
Nov 22, 2013 9:33:27 AM org.apache.catalina.startup.HostConfig deployDirectory
INFO: Deploying web application directory examples
Nov 22, 2013 9:33:27 AM org.apache.coyote.http11.Http11Protocol start
INFO: Starting Coyote HTTP/1.1 on http-8080
Nov 22, 2013 9:33:27 AM org.apache.jk.common.ChannelSocket init
INFO: JK: ajp13 listening on /0.0.0.0:8009
Nov 22, 2013 9:33:27 AM org.apache.jk.server.JkMain start
INFO: Jk running ID=0 time=0/18  config=null
Nov 22, 2013 9:33:27 AM org.apache.catalina.startup.Catalina start
INFO: Server startup in 647 ms
