Nov 13, 2013 9:07:49 PM org.apache.tomcat.util.http.Parameters processParameters
INFO: Character decoding failed. Parameter [dbname] with value [<3C%=files[i]%%3E] has been ignored. Note that the name and value quoted here may be corrupted due to the failed decoding. Use debug level logging to see the original, non-corrupted values.
java.io.CharConversionException: isHexDigit
	at org.apache.tomcat.util.buf.UDecoder.convert(UDecoder.java:85)
	at org.apache.tomcat.util.buf.UDecoder.convert(UDecoder.java:46)
	at org.apache.tomcat.util.http.Parameters.urlDecode(Parameters.java:410)
	at org.apache.tomcat.util.http.Parameters.processParameters(Parameters.java:370)
	at org.apache.tomcat.util.http.Parameters.processParameters(Parameters.java:420)
	at org.apache.tomcat.util.http.Parameters.handleQueryParameters(Parameters.java:186)
	at org.apache.catalina.connector.Request.parseParameters(Request.java:2594)
	at org.apache.catalina.connector.Request.getParameter(Request.java:1106)
	at org.apache.catalina.connector.RequestFacade.getParameter(RequestFacade.java:355)
	at org.apache.jsp.database_005fmanager_jsp._jspService(database_005fmanager_jsp.java:64)
	at org.apache.jasper.runtime.HttpJspBase.service(HttpJspBase.java:70)
	at javax.servlet.http.HttpServlet.service(HttpServlet.java:717)
	at org.apache.jasper.servlet.JspServletWrapper.service(JspServletWrapper.java:388)
	at org.apache.jasper.servlet.JspServlet.serviceJspFile(JspServlet.java:313)
	at org.apache.jasper.servlet.JspServlet.service(JspServlet.java:260)
	at javax.servlet.http.HttpServlet.service(HttpServlet.java:717)
	at org.apache.catalina.core.ApplicationFilterChain.internalDoFilter(ApplicationFilterChain.java:290)
	at org.apache.catalina.core.ApplicationFilterChain.doFilter(ApplicationFilterChain.java:206)
	at org.apache.catalina.core.StandardWrapperValve.invoke(StandardWrapperValve.java:233)
	at org.apache.catalina.core.StandardContextValve.invoke(StandardContextValve.java:191)
	at org.apache.catalina.core.StandardHostValve.invoke(StandardHostValve.java:127)
	at org.apache.catalina.valves.ErrorReportValve.invoke(ErrorReportValve.java:102)
	at org.apache.catalina.core.StandardEngineValve.invoke(StandardEngineValve.java:109)
	at org.apache.catalina.connector.CoyoteAdapter.service(CoyoteAdapter.java:293)
	at org.apache.coyote.http11.Http11Processor.process(Http11Processor.java:859)
	at org.apache.coyote.http11.Http11Protocol$Http11ConnectionHandler.process(Http11Protocol.java:602)
	at org.apache.tomcat.util.net.JIoEndpoint$Worker.run(JIoEndpoint.java:489)
	at java.lang.Thread.run(Thread.java:722)

