2012-12-4 21:51:35 org.apache.catalina.core.AprLifecycleListener init
信息: The APR based Apache Tomcat Native library which allows optimal performance in production environments was not found on the java.library.path: /usr/lib/jvm/java-1.6.0_27-sun/jre/lib/amd64/server:/usr/lib/jvm/java-1.6.0_27-sun/jre/lib/amd64:/usr/lib/jvm/java-1.6.0_27-sun/jre/../lib/amd64:/usr/java/packages/lib/amd64:/usr/lib64:/lib64:/lib:/usr/lib
2012-12-4 21:51:35 org.apache.tomcat.util.digester.SetPropertiesRule begin
警告: [SetPropertiesRule]{Server/Service/Engine/Host/Context} Setting property 'debug' to '5' did not find a matching property.
2012-12-4 21:51:37 org.apache.coyote.http11.Http11Protocol init
信息: Initializing Coyote HTTP/1.1 on http-8080
2012-12-4 21:51:37 org.apache.catalina.startup.Catalina load
信息: Initialization processed in 2018 ms
2012-12-4 21:51:37 org.apache.catalina.core.StandardService start
信息: Starting service Catalina
2012-12-4 21:51:37 org.apache.catalina.core.StandardEngine start
信息: Starting Servlet Engine: Apache Tomcat/6.0.35
2012-12-4 21:51:38 org.apache.catalina.session.StandardManager doLoad
严重: IOException while loading persisted sessions: java.io.WriteAbortedException: writing aborted; java.io.NotSerializableException: edu.nudt.xtrace.DiagnosisResult
java.io.WriteAbortedException: writing aborted; java.io.NotSerializableException: edu.nudt.xtrace.DiagnosisResult
	at java.io.ObjectInputStream.readObject0(ObjectInputStream.java:1332)
	at java.io.ObjectInputStream.readObject(ObjectInputStream.java:350)
	at java.util.ArrayList.readObject(ArrayList.java:593)
	at sun.reflect.NativeMethodAccessorImpl.invoke0(Native Method)
	at sun.reflect.NativeMethodAccessorImpl.invoke(NativeMethodAccessorImpl.java:39)
	at sun.reflect.DelegatingMethodAccessorImpl.invoke(DelegatingMethodAccessorImpl.java:25)
	at java.lang.reflect.Method.invoke(Method.java:597)
	at java.io.ObjectStreamClass.invokeReadObject(ObjectStreamClass.java:974)
	at java.io.ObjectInputStream.readSerialData(ObjectInputStream.java:1848)
	at java.io.ObjectInputStream.readOrdinaryObject(ObjectInputStream.java:1752)
	at java.io.ObjectInputStream.readObject0(ObjectInputStream.java:1328)
	at java.io.ObjectInputStream.readObject(ObjectInputStream.java:350)
	at org.apache.catalina.session.StandardSession.readObject(StandardSession.java:1509)
	at org.apache.catalina.session.StandardSession.readObjectData(StandardSession.java:998)
	at org.apache.catalina.session.StandardManager.doLoad(StandardManager.java:394)
	at org.apache.catalina.session.StandardManager.load(StandardManager.java:321)
	at org.apache.catalina.session.StandardManager.start(StandardManager.java:648)
	at org.apache.catalina.core.ContainerBase.setManager(ContainerBase.java:446)
	at org.apache.catalina.core.StandardContext.start(StandardContext.java:4631)
	at org.apache.catalina.core.ContainerBase.start(ContainerBase.java:1057)
	at org.apache.catalina.core.StandardHost.start(StandardHost.java:840)
	at org.apache.catalina.core.ContainerBase.start(ContainerBase.java:1057)
	at org.apache.catalina.core.StandardEngine.start(StandardEngine.java:463)
	at org.apache.catalina.core.StandardService.start(StandardService.java:525)
	at org.apache.catalina.core.StandardServer.start(StandardServer.java:754)
	at org.apache.catalina.startup.Catalina.start(Catalina.java:595)
	at sun.reflect.NativeMethodAccessorImpl.invoke0(Native Method)
	at sun.reflect.NativeMethodAccessorImpl.invoke(NativeMethodAccessorImpl.java:39)
	at sun.reflect.DelegatingMethodAccessorImpl.invoke(DelegatingMethodAccessorImpl.java:25)
	at java.lang.reflect.Method.invoke(Method.java:597)
	at org.apache.catalina.startup.Bootstrap.start(Bootstrap.java:289)
	at org.apache.catalina.startup.Bootstrap.main(Bootstrap.java:414)
Caused by: java.io.NotSerializableException: edu.nudt.xtrace.DiagnosisResult
	at java.io.ObjectOutputStream.writeObject0(ObjectOutputStream.java:1164)
	at java.io.ObjectOutputStream.writeObject(ObjectOutputStream.java:330)
	at java.util.ArrayList.writeObject(ArrayList.java:570)
	at sun.reflect.GeneratedMethodAccessor38.invoke(Unknown Source)
	at sun.reflect.DelegatingMethodAccessorImpl.invoke(DelegatingMethodAccessorImpl.java:25)
	at java.lang.reflect.Method.invoke(Method.java:597)
	at java.io.ObjectStreamClass.invokeWriteObject(ObjectStreamClass.java:945)
	at java.io.ObjectOutputStream.writeSerialData(ObjectOutputStream.java:1469)
	at java.io.ObjectOutputStream.writeOrdinaryObject(ObjectOutputStream.java:1400)
	at java.io.ObjectOutputStream.writeObject0(ObjectOutputStream.java:1158)
	at java.io.ObjectOutputStream.writeObject(ObjectOutputStream.java:330)
	at org.apache.catalina.session.StandardSession.writeObject(StandardSession.java:1585)
	at org.apache.catalina.session.StandardSession.writeObjectData(StandardSession.java:1015)
	at org.apache.catalina.session.StandardManager.doUnload(StandardManager.java:528)
	at org.apache.catalina.session.StandardManager.unload(StandardManager.java:469)
	at org.apache.catalina.session.StandardManager.stop(StandardManager.java:678)
	at org.apache.catalina.core.StandardContext.stop(StandardContext.java:4882)
	at org.apache.catalina.core.ContainerBase.stop(ContainerBase.java:1110)
	at org.apache.catalina.core.ContainerBase.stop(ContainerBase.java:1110)
	at org.apache.catalina.core.StandardEngine.stop(StandardEngine.java:468)
	at org.apache.catalina.core.StandardService.stop(StandardService.java:604)
	at org.apache.catalina.core.StandardServer.stop(StandardServer.java:788)
	at org.apache.catalina.startup.Catalina.stop(Catalina.java:662)
	at org.apache.catalina.startup.Catalina.start(Catalina.java:629)
	... 6 more
2012-12-4 21:51:38 org.apache.catalina.session.StandardManager start
严重: Exception loading sessions from persistent storage
java.io.WriteAbortedException: writing aborted; java.io.NotSerializableException: edu.nudt.xtrace.DiagnosisResult
	at java.io.ObjectInputStream.readObject0(ObjectInputStream.java:1332)
	at java.io.ObjectInputStream.readObject(ObjectInputStream.java:350)
	at java.util.ArrayList.readObject(ArrayList.java:593)
	at sun.reflect.NativeMethodAccessorImpl.invoke0(Native Method)
	at sun.reflect.NativeMethodAccessorImpl.invoke(NativeMethodAccessorImpl.java:39)
	at sun.reflect.DelegatingMethodAccessorImpl.invoke(DelegatingMethodAccessorImpl.java:25)
	at java.lang.reflect.Method.invoke(Method.java:597)
	at java.io.ObjectStreamClass.invokeReadObject(ObjectStreamClass.java:974)
	at java.io.ObjectInputStream.readSerialData(ObjectInputStream.java:1848)
	at java.io.ObjectInputStream.readOrdinaryObject(ObjectInputStream.java:1752)
	at java.io.ObjectInputStream.readObject0(ObjectInputStream.java:1328)
	at java.io.ObjectInputStream.readObject(ObjectInputStream.java:350)
	at org.apache.catalina.session.StandardSession.readObject(StandardSession.java:1509)
	at org.apache.catalina.session.StandardSession.readObjectData(StandardSession.java:998)
	at org.apache.catalina.session.StandardManager.doLoad(StandardManager.java:394)
	at org.apache.catalina.session.StandardManager.load(StandardManager.java:321)
	at org.apache.catalina.session.StandardManager.start(StandardManager.java:648)
	at org.apache.catalina.core.ContainerBase.setManager(ContainerBase.java:446)
	at org.apache.catalina.core.StandardContext.start(StandardContext.java:4631)
	at org.apache.catalina.core.ContainerBase.start(ContainerBase.java:1057)
	at org.apache.catalina.core.StandardHost.start(StandardHost.java:840)
	at org.apache.catalina.core.ContainerBase.start(ContainerBase.java:1057)
	at org.apache.catalina.core.StandardEngine.start(StandardEngine.java:463)
	at org.apache.catalina.core.StandardService.start(StandardService.java:525)
	at org.apache.catalina.core.StandardServer.start(StandardServer.java:754)
	at org.apache.catalina.startup.Catalina.start(Catalina.java:595)
	at sun.reflect.NativeMethodAccessorImpl.invoke0(Native Method)
	at sun.reflect.NativeMethodAccessorImpl.invoke(NativeMethodAccessorImpl.java:39)
	at sun.reflect.DelegatingMethodAccessorImpl.invoke(DelegatingMethodAccessorImpl.java:25)
	at java.lang.reflect.Method.invoke(Method.java:597)
	at org.apache.catalina.startup.Bootstrap.start(Bootstrap.java:289)
	at org.apache.catalina.startup.Bootstrap.main(Bootstrap.java:414)
Caused by: java.io.NotSerializableException: edu.nudt.xtrace.DiagnosisResult
	at java.io.ObjectOutputStream.writeObject0(ObjectOutputStream.java:1164)
	at java.io.ObjectOutputStream.writeObject(ObjectOutputStream.java:330)
	at java.util.ArrayList.writeObject(ArrayList.java:570)
	at sun.reflect.GeneratedMethodAccessor38.invoke(Unknown Source)
	at sun.reflect.DelegatingMethodAccessorImpl.invoke(DelegatingMethodAccessorImpl.java:25)
	at java.lang.reflect.Method.invoke(Method.java:597)
	at java.io.ObjectStreamClass.invokeWriteObject(ObjectStreamClass.java:945)
	at java.io.ObjectOutputStream.writeSerialData(ObjectOutputStream.java:1469)
	at java.io.ObjectOutputStream.writeOrdinaryObject(ObjectOutputStream.java:1400)
	at java.io.ObjectOutputStream.writeObject0(ObjectOutputStream.java:1158)
	at java.io.ObjectOutputStream.writeObject(ObjectOutputStream.java:330)
	at org.apache.catalina.session.StandardSession.writeObject(StandardSession.java:1585)
	at org.apache.catalina.session.StandardSession.writeObjectData(StandardSession.java:1015)
	at org.apache.catalina.session.StandardManager.doUnload(StandardManager.java:528)
	at org.apache.catalina.session.StandardManager.unload(StandardManager.java:469)
	at org.apache.catalina.session.StandardManager.stop(StandardManager.java:678)
	at org.apache.catalina.core.StandardContext.stop(StandardContext.java:4882)
	at org.apache.catalina.core.ContainerBase.stop(ContainerBase.java:1110)
	at org.apache.catalina.core.ContainerBase.stop(ContainerBase.java:1110)
	at org.apache.catalina.core.StandardEngine.stop(StandardEngine.java:468)
	at org.apache.catalina.core.StandardService.stop(StandardService.java:604)
	at org.apache.catalina.core.StandardServer.stop(StandardServer.java:788)
	at org.apache.catalina.startup.Catalina.stop(Catalina.java:662)
	at org.apache.catalina.startup.Catalina.start(Catalina.java:629)
	... 6 more
2012-12-4 21:51:38 org.apache.catalina.startup.HostConfig deployDescriptor
信息: Deploying configuration descriptor host-manager.xml
2012-12-4 21:51:38 org.apache.catalina.startup.HostConfig deployDescriptor
信息: Deploying configuration descriptor manager.xml
2012-12-4 21:51:38 org.apache.catalina.startup.HostConfig deployDirectory
信息: Deploying web application directory docs
2012-12-4 21:51:38 org.apache.catalina.startup.HostConfig deployDirectory
信息: Deploying web application directory examples
2012-12-4 21:51:38 org.apache.coyote.http11.Http11Protocol start
信息: Starting Coyote HTTP/1.1 on http-8080
2012-12-4 21:51:38 org.apache.jk.common.ChannelSocket init
信息: JK: ajp13 listening on /0.0.0.0:8009
2012-12-4 21:51:38 org.apache.jk.server.JkMain start
信息: Jk running ID=0 time=0/63  config=null
2012-12-4 21:51:38 org.apache.catalina.startup.Catalina start
信息: Server startup in 1308 ms
2012-12-4 21:54:34 org.apache.coyote.http11.Http11Protocol pause
信息: Pausing Coyote HTTP/1.1 on http-8080
2012-12-4 21:54:35 org.apache.catalina.core.StandardService stop
信息: Stopping service Catalina
2012-12-4 21:54:35 org.apache.catalina.loader.WebappClassLoader clearReferencesJdbc
严重: The web application [] registered the JDBC driver [com.mysql.jdbc.Driver] but failed to unregister it when the web application was stopped. To prevent a memory leak, the JDBC Driver has been forcibly unregistered.
2012-12-4 21:54:35 org.apache.catalina.loader.WebappClassLoader clearReferencesThreads
严重: The web application [] appears to have started a thread named [MySQL Statement Cancellation Timer] but has failed to stop it. This is very likely to create a memory leak.
2012-12-4 21:54:35 org.apache.coyote.http11.Http11Protocol destroy
信息: Stopping Coyote HTTP/1.1 on http-8080
