2012-8-24 7:31:31 org.apache.catalina.core.AprLifecycleListener init
信息: The APR based Apache Tomcat Native library which allows optimal performance in production environments was not found on the java.library.path: /usr/lib/jvm/java-1.6.0_27-sun/jre/lib/amd64/server:/usr/lib/jvm/java-1.6.0_27-sun/jre/lib/amd64:/usr/lib/jvm/java-1.6.0_27-sun/jre/../lib/amd64:/usr/java/packages/lib/amd64:/usr/lib64:/lib64:/lib:/usr/lib
2012-8-24 7:31:32 org.apache.tomcat.util.digester.SetPropertiesRule begin
警告: [SetPropertiesRule]{Server/Service/Engine/Host/Context} Setting property 'debug' to '5' did not find a matching property.
2012-8-24 7:31:32 org.apache.coyote.http11.Http11Protocol init
信息: Initializing Coyote HTTP/1.1 on http-8080
2012-8-24 7:31:32 org.apache.catalina.startup.Catalina load
信息: Initialization processed in 921 ms
2012-8-24 7:31:32 org.apache.catalina.core.StandardService start
信息: Starting service Catalina
2012-8-24 7:31:32 org.apache.catalina.core.StandardEngine start
信息: Starting Servlet Engine: Apache Tomcat/6.0.35
2012-8-24 7:31:32 org.apache.catalina.startup.HostConfig deployDescriptor
信息: Deploying configuration descriptor manager.xml
2012-8-24 7:31:33 org.apache.catalina.startup.HostConfig deployDescriptor
信息: Deploying configuration descriptor host-manager.xml
2012-8-24 7:31:33 org.apache.catalina.startup.HostConfig deployDirectory
信息: Deploying web application directory examples
2012-8-24 7:31:33 org.apache.catalina.startup.HostConfig deployDirectory
信息: Deploying web application directory docs
2012-8-24 7:31:33 org.apache.coyote.http11.Http11Protocol start
信息: Starting Coyote HTTP/1.1 on http-8080
2012-8-24 7:31:33 org.apache.jk.common.ChannelSocket init
信息: JK: ajp13 listening on /0.0.0.0:8009
2012-8-24 7:31:33 org.apache.jk.server.JkMain start
信息: Jk running ID=0 time=0/24  config=null
2012-8-24 7:31:33 org.apache.catalina.startup.Catalina start
信息: Server startup in 1222 ms
2012-8-24 9:43:45 org.apache.catalina.core.StandardContext reload
信息: Reloading Context with name [] has started
2012-8-24 9:43:45 org.apache.catalina.loader.WebappClassLoader clearReferencesJdbc
严重: The web application [] registered the JDBC driver [com.mysql.jdbc.Driver] but failed to unregister it when the web application was stopped. To prevent a memory leak, the JDBC Driver has been forcibly unregistered.
2012-8-24 9:43:45 org.apache.catalina.loader.WebappClassLoader clearReferencesThreads
严重: The web application [] appears to have started a thread named [MySQL Statement Cancellation Timer] but has failed to stop it. This is very likely to create a memory leak.
2012-8-24 12:27:02 org.apache.coyote.http11.Http11Protocol pause
信息: Pausing Coyote HTTP/1.1 on http-8080
2012-8-24 12:27:03 org.apache.catalina.core.StandardService stop
信息: Stopping service Catalina
2012-8-24 12:27:03 org.apache.catalina.loader.WebappClassLoader clearReferencesJdbc
严重: The web application [] registered the JDBC driver [com.mysql.jdbc.Driver] but failed to unregister it when the web application was stopped. To prevent a memory leak, the JDBC Driver has been forcibly unregistered.
2012-8-24 12:27:03 org.apache.catalina.loader.WebappClassLoader clearReferencesThreads
严重: The web application [] appears to have started a thread named [MySQL Statement Cancellation Timer] but has failed to stop it. This is very likely to create a memory leak.
2012-8-24 12:27:03 org.apache.coyote.http11.Http11Protocol destroy
信息: Stopping Coyote HTTP/1.1 on http-8080
Aug 24, 2012 11:24:02 AM org.apache.catalina.core.AprLifecycleListener init
INFO: The APR based Apache Tomcat Native library which allows optimal performance in production environments was not found on the java.library.path: /usr/java/packages/lib/amd64:/usr/lib64:/lib64:/lib:/usr/lib
Aug 24, 2012 11:24:03 AM org.apache.tomcat.util.digester.SetPropertiesRule begin
WARNING: [SetPropertiesRule]{Server/Service/Engine/Host/Context} Setting property 'debug' to '5' did not find a matching property.
Aug 24, 2012 11:24:03 AM org.apache.coyote.http11.Http11Protocol init
INFO: Initializing Coyote HTTP/1.1 on http-8080
Aug 24, 2012 11:24:03 AM org.apache.catalina.startup.Catalina load
INFO: Initialization processed in 1170 ms
Aug 24, 2012 11:24:03 AM org.apache.catalina.core.StandardService start
INFO: Starting service Catalina
Aug 24, 2012 11:24:03 AM org.apache.catalina.core.StandardEngine start
INFO: Starting Servlet Engine: Apache Tomcat/6.0.35
Aug 24, 2012 11:24:04 AM org.apache.catalina.startup.HostConfig deployDescriptor
INFO: Deploying configuration descriptor manager.xml
Aug 24, 2012 11:24:04 AM org.apache.catalina.startup.HostConfig deployDescriptor
INFO: Deploying configuration descriptor host-manager.xml
Aug 24, 2012 11:24:04 AM org.apache.catalina.startup.HostConfig deployDirectory
INFO: Deploying web application directory examples
Aug 24, 2012 11:24:04 AM org.apache.catalina.startup.HostConfig deployDirectory
INFO: Deploying web application directory docs
Aug 24, 2012 11:24:04 AM org.apache.coyote.http11.Http11Protocol start
INFO: Starting Coyote HTTP/1.1 on http-8080
Aug 24, 2012 11:24:04 AM org.apache.jk.common.ChannelSocket init
INFO: JK: ajp13 listening on /0.0.0.0:8009
Aug 24, 2012 11:24:04 AM org.apache.jk.server.JkMain start
INFO: Jk running ID=0 time=0/23  config=null
Aug 24, 2012 11:24:04 AM org.apache.catalina.startup.Catalina start
INFO: Server startup in 882 ms
Aug 24, 2012 11:39:18 AM org.apache.coyote.http11.Http11Protocol pause
INFO: Pausing Coyote HTTP/1.1 on http-8080
Aug 24, 2012 11:39:19 AM org.apache.catalina.core.StandardService stop
INFO: Stopping service Catalina
Aug 24, 2012 11:39:19 AM org.apache.catalina.loader.WebappClassLoader clearReferencesJdbc
SEVERE: The web application [] registered the JDBC driver [com.mysql.jdbc.Driver] but failed to unregister it when the web application was stopped. To prevent a memory leak, the JDBC Driver has been forcibly unregistered.
Aug 24, 2012 11:39:19 AM org.apache.catalina.loader.WebappClassLoader clearReferencesThreads
SEVERE: The web application [] appears to have started a thread named [MySQL Statement Cancellation Timer] but has failed to stop it. This is very likely to create a memory leak.
Aug 24, 2012 11:39:19 AM org.apache.coyote.http11.Http11Protocol destroy
INFO: Stopping Coyote HTTP/1.1 on http-8080
Aug 24, 2012 11:39:38 AM org.apache.catalina.core.AprLifecycleListener init
INFO: The APR based Apache Tomcat Native library which allows optimal performance in production environments was not found on the java.library.path: /usr/java/packages/lib/amd64:/usr/lib64:/lib64:/lib:/usr/lib
Aug 24, 2012 11:39:38 AM org.apache.tomcat.util.digester.SetPropertiesRule begin
WARNING: [SetPropertiesRule]{Server/Service/Engine/Host/Context} Setting property 'debug' to '5' did not find a matching property.
Aug 24, 2012 11:39:38 AM org.apache.coyote.http11.Http11Protocol init
INFO: Initializing Coyote HTTP/1.1 on http-8080
Aug 24, 2012 11:39:38 AM org.apache.catalina.startup.Catalina load
INFO: Initialization processed in 675 ms
Aug 24, 2012 11:39:38 AM org.apache.catalina.core.StandardService start
INFO: Starting service Catalina
Aug 24, 2012 11:39:38 AM org.apache.catalina.core.StandardEngine start
INFO: Starting Servlet Engine: Apache Tomcat/6.0.35
Aug 24, 2012 11:39:39 AM org.apache.catalina.startup.HostConfig deployDescriptor
INFO: Deploying configuration descriptor manager.xml
Aug 24, 2012 11:39:39 AM org.apache.catalina.startup.HostConfig deployDescriptor
INFO: Deploying configuration descriptor host-manager.xml
Aug 24, 2012 11:39:39 AM org.apache.catalina.startup.HostConfig deployDirectory
INFO: Deploying web application directory examples
Aug 24, 2012 11:39:39 AM org.apache.catalina.startup.HostConfig deployDirectory
INFO: Deploying web application directory docs
Aug 24, 2012 11:39:39 AM org.apache.coyote.http11.Http11Protocol start
INFO: Starting Coyote HTTP/1.1 on http-8080
Aug 24, 2012 11:39:39 AM org.apache.jk.common.ChannelSocket init
INFO: JK: ajp13 listening on /0.0.0.0:8009
Aug 24, 2012 11:39:39 AM org.apache.jk.server.JkMain start
INFO: Jk running ID=0 time=0/19  config=null
Aug 24, 2012 11:39:39 AM org.apache.catalina.startup.Catalina start
INFO: Server startup in 657 ms
