Oct 22, 2013 3:44:57 PM org.apache.catalina.core.AprLifecycleListener init
INFO: The APR based Apache Tomcat Native library which allows optimal performance in production environments was not found on the java.library.path: /usr/java/packages/lib/amd64:/usr/lib64:/lib64:/lib:/usr/lib
Oct 22, 2013 3:44:57 PM org.apache.tomcat.util.digester.SetPropertiesRule begin
WARNING: [SetPropertiesRule]{Server/Service/Engine/Host/Context} Setting property 'debug' to '5' did not find a matching property.
Oct 22, 2013 3:44:57 PM org.apache.coyote.http11.Http11Protocol init
SEVERE: Error initializing endpoint
java.net.BindException: Address already in use <null>:8080
	at org.apache.tomcat.util.net.JIoEndpoint.init(JIoEndpoint.java:549)
	at org.apache.coyote.http11.Http11Protocol.init(Http11Protocol.java:176)
	at org.apache.catalina.connector.Connector.initialize(Connector.java:1049)
	at org.apache.catalina.core.StandardService.initialize(StandardService.java:703)
	at org.apache.catalina.core.StandardServer.initialize(StandardServer.java:838)
	at org.apache.catalina.startup.Catalina.load(Catalina.java:538)
	at org.apache.catalina.startup.Catalina.load(Catalina.java:562)
	at sun.reflect.NativeMethodAccessorImpl.invoke0(Native Method)
	at sun.reflect.NativeMethodAccessorImpl.invoke(NativeMethodAccessorImpl.java:57)
	at sun.reflect.DelegatingMethodAccessorImpl.invoke(DelegatingMethodAccessorImpl.java:43)
	at java.lang.reflect.Method.invoke(Method.java:601)
	at org.apache.catalina.startup.Bootstrap.load(Bootstrap.java:261)
	at org.apache.catalina.startup.Bootstrap.main(Bootstrap.java:413)
Caused by: java.net.BindException: Address already in use
	at java.net.PlainSocketImpl.socketBind(Native Method)
	at java.net.AbstractPlainSocketImpl.bind(AbstractPlainSocketImpl.java:376)
	at java.net.ServerSocket.bind(ServerSocket.java:376)
	at java.net.ServerSocket.<init>(ServerSocket.java:237)
	at java.net.ServerSocket.<init>(ServerSocket.java:181)
	at org.apache.tomcat.util.net.DefaultServerSocketFactory.createSocket(DefaultServerSocketFactory.java:50)
	at org.apache.tomcat.util.net.JIoEndpoint.init(JIoEndpoint.java:538)
	... 12 more

Oct 22, 2013 3:44:57 PM org.apache.catalina.core.StandardService initialize
SEVERE: Failed to initialize connector [Connector[HTTP/1.1-8080]]
LifecycleException:  Protocol handler initialization failed: java.net.BindException: Address already in use <null>:8080
	at org.apache.catalina.connector.Connector.initialize(Connector.java:1051)
	at org.apache.catalina.core.StandardService.initialize(StandardService.java:703)
	at org.apache.catalina.core.StandardServer.initialize(StandardServer.java:838)
	at org.apache.catalina.startup.Catalina.load(Catalina.java:538)
	at org.apache.catalina.startup.Catalina.load(Catalina.java:562)
	at sun.reflect.NativeMethodAccessorImpl.invoke0(Native Method)
	at sun.reflect.NativeMethodAccessorImpl.invoke(NativeMethodAccessorImpl.java:57)
	at sun.reflect.DelegatingMethodAccessorImpl.invoke(DelegatingMethodAccessorImpl.java:43)
	at java.lang.reflect.Method.invoke(Method.java:601)
	at org.apache.catalina.startup.Bootstrap.load(Bootstrap.java:261)
	at org.apache.catalina.startup.Bootstrap.main(Bootstrap.java:413)

Oct 22, 2013 3:44:57 PM org.apache.catalina.startup.Catalina load
INFO: Initialization processed in 637 ms
Oct 22, 2013 3:44:57 PM org.apache.catalina.core.StandardService start
INFO: Starting service Catalina
Oct 22, 2013 3:44:57 PM org.apache.catalina.core.StandardEngine start
INFO: Starting Servlet Engine: Apache Tomcat/6.0.35
Oct 22, 2013 3:44:57 PM org.apache.catalina.startup.HostConfig deployDescriptor
INFO: Deploying configuration descriptor manager.xml
Oct 22, 2013 3:44:57 PM org.apache.catalina.startup.HostConfig deployDescriptor
INFO: Deploying configuration descriptor host-manager.xml
Oct 22, 2013 3:44:57 PM org.apache.catalina.startup.HostConfig deployDirectory
INFO: Deploying web application directory docs
Oct 22, 2013 3:44:57 PM org.apache.catalina.startup.HostConfig deployDirectory
INFO: Deploying web application directory examples
Oct 22, 2013 3:44:58 PM org.apache.coyote.http11.Http11Protocol start
SEVERE: Error starting endpoint
java.net.BindException: Address already in use <null>:8080
	at org.apache.tomcat.util.net.JIoEndpoint.init(JIoEndpoint.java:549)
	at org.apache.tomcat.util.net.JIoEndpoint.start(JIoEndpoint.java:565)
	at org.apache.coyote.http11.Http11Protocol.start(Http11Protocol.java:203)
	at org.apache.catalina.connector.Connector.start(Connector.java:1122)
	at org.apache.catalina.core.StandardService.start(StandardService.java:540)
	at org.apache.catalina.core.StandardServer.start(StandardServer.java:754)
	at org.apache.catalina.startup.Catalina.start(Catalina.java:595)
	at sun.reflect.NativeMethodAccessorImpl.invoke0(Native Method)
	at sun.reflect.NativeMethodAccessorImpl.invoke(NativeMethodAccessorImpl.java:57)
	at sun.reflect.DelegatingMethodAccessorImpl.invoke(DelegatingMethodAccessorImpl.java:43)
	at java.lang.reflect.Method.invoke(Method.java:601)
	at org.apache.catalina.startup.Bootstrap.start(Bootstrap.java:289)
	at org.apache.catalina.startup.Bootstrap.main(Bootstrap.java:414)
Caused by: java.net.BindException: Address already in use
	at java.net.PlainSocketImpl.socketBind(Native Method)
	at java.net.AbstractPlainSocketImpl.bind(AbstractPlainSocketImpl.java:376)
	at java.net.ServerSocket.bind(ServerSocket.java:376)
	at java.net.ServerSocket.<init>(ServerSocket.java:237)
	at java.net.ServerSocket.<init>(ServerSocket.java:181)
	at org.apache.tomcat.util.net.DefaultServerSocketFactory.createSocket(DefaultServerSocketFactory.java:50)
	at org.apache.tomcat.util.net.JIoEndpoint.init(JIoEndpoint.java:538)
	... 12 more

Oct 22, 2013 3:44:58 PM org.apache.catalina.core.StandardService start
SEVERE: Failed to start connector [Connector[HTTP/1.1-8080]]
LifecycleException:  service.getName(): "Catalina";  Protocol handler start failed: java.net.BindException: Address already in use <null>:8080
	at org.apache.catalina.connector.Connector.start(Connector.java:1129)
	at org.apache.catalina.core.StandardService.start(StandardService.java:540)
	at org.apache.catalina.core.StandardServer.start(StandardServer.java:754)
	at org.apache.catalina.startup.Catalina.start(Catalina.java:595)
	at sun.reflect.NativeMethodAccessorImpl.invoke0(Native Method)
	at sun.reflect.NativeMethodAccessorImpl.invoke(NativeMethodAccessorImpl.java:57)
	at sun.reflect.DelegatingMethodAccessorImpl.invoke(DelegatingMethodAccessorImpl.java:43)
	at java.lang.reflect.Method.invoke(Method.java:601)
	at org.apache.catalina.startup.Bootstrap.start(Bootstrap.java:289)
	at org.apache.catalina.startup.Bootstrap.main(Bootstrap.java:414)

Oct 22, 2013 3:44:58 PM org.apache.jk.common.ChannelSocket init
INFO: Port busy 8009 java.net.BindException: Address already in use
Oct 22, 2013 3:44:58 PM org.apache.jk.common.ChannelSocket init
SEVERE: Can't find free port 8009 8009
Oct 22, 2013 3:44:58 PM org.apache.jk.server.JkMain start
INFO: Jk running ID=0 time=0/14  config=null
Oct 22, 2013 3:44:58 PM org.apache.catalina.startup.Catalina start
INFO: Server startup in 552 ms
Oct 22, 2013 3:44:58 PM org.apache.catalina.core.StandardServer await
SEVERE: StandardServer.await: create[8001]: 
java.net.BindException: Address already in use
	at java.net.PlainSocketImpl.socketBind(Native Method)
	at java.net.AbstractPlainSocketImpl.bind(AbstractPlainSocketImpl.java:376)
	at java.net.ServerSocket.bind(ServerSocket.java:376)
	at java.net.ServerSocket.<init>(ServerSocket.java:237)
	at org.apache.catalina.core.StandardServer.await(StandardServer.java:406)
	at org.apache.catalina.startup.Catalina.await(Catalina.java:676)
	at org.apache.catalina.startup.Catalina.start(Catalina.java:628)
	at sun.reflect.NativeMethodAccessorImpl.invoke0(Native Method)
	at sun.reflect.NativeMethodAccessorImpl.invoke(NativeMethodAccessorImpl.java:57)
	at sun.reflect.DelegatingMethodAccessorImpl.invoke(DelegatingMethodAccessorImpl.java:43)
	at java.lang.reflect.Method.invoke(Method.java:601)
	at org.apache.catalina.startup.Bootstrap.start(Bootstrap.java:289)
	at org.apache.catalina.startup.Bootstrap.main(Bootstrap.java:414)

Oct 22, 2013 3:44:58 PM org.apache.coyote.http11.Http11Protocol pause
INFO: Pausing Coyote HTTP/1.1 on http-8080
Oct 22, 2013 3:44:59 PM org.apache.catalina.core.StandardService stop
INFO: Stopping service Catalina
Oct 22, 2013 3:44:59 PM org.apache.coyote.http11.Http11Protocol destroy
INFO: Stopping Coyote HTTP/1.1 on http-8080
Oct 22, 2013 3:50:26 PM org.apache.catalina.core.AprLifecycleListener init
INFO: The APR based Apache Tomcat Native library which allows optimal performance in production environments was not found on the java.library.path: /usr/java/packages/lib/amd64:/usr/lib64:/lib64:/lib:/usr/lib
Oct 22, 2013 3:50:26 PM org.apache.tomcat.util.digester.SetPropertiesRule begin
WARNING: [SetPropertiesRule]{Server/Service/Engine/Host/Context} Setting property 'debug' to '5' did not find a matching property.
Oct 22, 2013 3:50:26 PM org.apache.coyote.http11.Http11Protocol init
SEVERE: Error initializing endpoint
java.net.BindException: Address already in use <null>:8080
	at org.apache.tomcat.util.net.JIoEndpoint.init(JIoEndpoint.java:549)
	at org.apache.coyote.http11.Http11Protocol.init(Http11Protocol.java:176)
	at org.apache.catalina.connector.Connector.initialize(Connector.java:1049)
	at org.apache.catalina.core.StandardService.initialize(StandardService.java:703)
	at org.apache.catalina.core.StandardServer.initialize(StandardServer.java:838)
	at org.apache.catalina.startup.Catalina.load(Catalina.java:538)
	at org.apache.catalina.startup.Catalina.load(Catalina.java:562)
	at sun.reflect.NativeMethodAccessorImpl.invoke0(Native Method)
	at sun.reflect.NativeMethodAccessorImpl.invoke(NativeMethodAccessorImpl.java:57)
	at sun.reflect.DelegatingMethodAccessorImpl.invoke(DelegatingMethodAccessorImpl.java:43)
	at java.lang.reflect.Method.invoke(Method.java:601)
	at org.apache.catalina.startup.Bootstrap.load(Bootstrap.java:261)
	at org.apache.catalina.startup.Bootstrap.main(Bootstrap.java:413)
Caused by: java.net.BindException: Address already in use
	at java.net.PlainSocketImpl.socketBind(Native Method)
	at java.net.AbstractPlainSocketImpl.bind(AbstractPlainSocketImpl.java:376)
	at java.net.ServerSocket.bind(ServerSocket.java:376)
	at java.net.ServerSocket.<init>(ServerSocket.java:237)
	at java.net.ServerSocket.<init>(ServerSocket.java:181)
	at org.apache.tomcat.util.net.DefaultServerSocketFactory.createSocket(DefaultServerSocketFactory.java:50)
	at org.apache.tomcat.util.net.JIoEndpoint.init(JIoEndpoint.java:538)
	... 12 more

Oct 22, 2013 3:50:26 PM org.apache.catalina.core.StandardService initialize
SEVERE: Failed to initialize connector [Connector[HTTP/1.1-8080]]
LifecycleException:  Protocol handler initialization failed: java.net.BindException: Address already in use <null>:8080
	at org.apache.catalina.connector.Connector.initialize(Connector.java:1051)
	at org.apache.catalina.core.StandardService.initialize(StandardService.java:703)
	at org.apache.catalina.core.StandardServer.initialize(StandardServer.java:838)
	at org.apache.catalina.startup.Catalina.load(Catalina.java:538)
	at org.apache.catalina.startup.Catalina.load(Catalina.java:562)
	at sun.reflect.NativeMethodAccessorImpl.invoke0(Native Method)
	at sun.reflect.NativeMethodAccessorImpl.invoke(NativeMethodAccessorImpl.java:57)
	at sun.reflect.DelegatingMethodAccessorImpl.invoke(DelegatingMethodAccessorImpl.java:43)
	at java.lang.reflect.Method.invoke(Method.java:601)
	at org.apache.catalina.startup.Bootstrap.load(Bootstrap.java:261)
	at org.apache.catalina.startup.Bootstrap.main(Bootstrap.java:413)

Oct 22, 2013 3:50:26 PM org.apache.catalina.startup.Catalina load
INFO: Initialization processed in 625 ms
Oct 22, 2013 3:50:26 PM org.apache.catalina.core.StandardService start
INFO: Starting service Catalina
Oct 22, 2013 3:50:26 PM org.apache.catalina.core.StandardEngine start
INFO: Starting Servlet Engine: Apache Tomcat/6.0.35
Oct 22, 2013 3:50:26 PM org.apache.catalina.startup.HostConfig deployDescriptor
INFO: Deploying configuration descriptor manager.xml
Oct 22, 2013 3:50:27 PM org.apache.catalina.startup.HostConfig deployDescriptor
INFO: Deploying configuration descriptor host-manager.xml
Oct 22, 2013 3:50:27 PM org.apache.catalina.startup.HostConfig deployDirectory
INFO: Deploying web application directory docs
Oct 22, 2013 3:50:27 PM org.apache.catalina.startup.HostConfig deployDirectory
INFO: Deploying web application directory examples
Oct 22, 2013 3:50:27 PM org.apache.coyote.http11.Http11Protocol start
SEVERE: Error starting endpoint
java.net.BindException: Address already in use <null>:8080
	at org.apache.tomcat.util.net.JIoEndpoint.init(JIoEndpoint.java:549)
	at org.apache.tomcat.util.net.JIoEndpoint.start(JIoEndpoint.java:565)
	at org.apache.coyote.http11.Http11Protocol.start(Http11Protocol.java:203)
	at org.apache.catalina.connector.Connector.start(Connector.java:1122)
	at org.apache.catalina.core.StandardService.start(StandardService.java:540)
	at org.apache.catalina.core.StandardServer.start(StandardServer.java:754)
	at org.apache.catalina.startup.Catalina.start(Catalina.java:595)
	at sun.reflect.NativeMethodAccessorImpl.invoke0(Native Method)
	at sun.reflect.NativeMethodAccessorImpl.invoke(NativeMethodAccessorImpl.java:57)
	at sun.reflect.DelegatingMethodAccessorImpl.invoke(DelegatingMethodAccessorImpl.java:43)
	at java.lang.reflect.Method.invoke(Method.java:601)
	at org.apache.catalina.startup.Bootstrap.start(Bootstrap.java:289)
	at org.apache.catalina.startup.Bootstrap.main(Bootstrap.java:414)
Caused by: java.net.BindException: Address already in use
	at java.net.PlainSocketImpl.socketBind(Native Method)
	at java.net.AbstractPlainSocketImpl.bind(AbstractPlainSocketImpl.java:376)
	at java.net.ServerSocket.bind(ServerSocket.java:376)
	at java.net.ServerSocket.<init>(ServerSocket.java:237)
	at java.net.ServerSocket.<init>(ServerSocket.java:181)
	at org.apache.tomcat.util.net.DefaultServerSocketFactory.createSocket(DefaultServerSocketFactory.java:50)
	at org.apache.tomcat.util.net.JIoEndpoint.init(JIoEndpoint.java:538)
	... 12 more

Oct 22, 2013 3:50:27 PM org.apache.catalina.core.StandardService start
SEVERE: Failed to start connector [Connector[HTTP/1.1-8080]]
LifecycleException:  service.getName(): "Catalina";  Protocol handler start failed: java.net.BindException: Address already in use <null>:8080
	at org.apache.catalina.connector.Connector.start(Connector.java:1129)
	at org.apache.catalina.core.StandardService.start(StandardService.java:540)
	at org.apache.catalina.core.StandardServer.start(StandardServer.java:754)
	at org.apache.catalina.startup.Catalina.start(Catalina.java:595)
	at sun.reflect.NativeMethodAccessorImpl.invoke0(Native Method)
	at sun.reflect.NativeMethodAccessorImpl.invoke(NativeMethodAccessorImpl.java:57)
	at sun.reflect.DelegatingMethodAccessorImpl.invoke(DelegatingMethodAccessorImpl.java:43)
	at java.lang.reflect.Method.invoke(Method.java:601)
	at org.apache.catalina.startup.Bootstrap.start(Bootstrap.java:289)
	at org.apache.catalina.startup.Bootstrap.main(Bootstrap.java:414)

Oct 22, 2013 3:50:27 PM org.apache.jk.common.ChannelSocket init
INFO: Port busy 8009 java.net.BindException: Address already in use
Oct 22, 2013 3:50:27 PM org.apache.jk.common.ChannelSocket init
SEVERE: Can't find free port 8009 8009
Oct 22, 2013 3:50:27 PM org.apache.jk.server.JkMain start
INFO: Jk running ID=0 time=0/14  config=null
Oct 22, 2013 3:50:27 PM org.apache.catalina.startup.Catalina start
INFO: Server startup in 718 ms
Oct 22, 2013 3:50:27 PM org.apache.catalina.core.StandardServer await
SEVERE: StandardServer.await: create[8001]: 
java.net.BindException: Address already in use
	at java.net.PlainSocketImpl.socketBind(Native Method)
	at java.net.AbstractPlainSocketImpl.bind(AbstractPlainSocketImpl.java:376)
	at java.net.ServerSocket.bind(ServerSocket.java:376)
	at java.net.ServerSocket.<init>(ServerSocket.java:237)
	at org.apache.catalina.core.StandardServer.await(StandardServer.java:406)
	at org.apache.catalina.startup.Catalina.await(Catalina.java:676)
	at org.apache.catalina.startup.Catalina.start(Catalina.java:628)
	at sun.reflect.NativeMethodAccessorImpl.invoke0(Native Method)
	at sun.reflect.NativeMethodAccessorImpl.invoke(NativeMethodAccessorImpl.java:57)
	at sun.reflect.DelegatingMethodAccessorImpl.invoke(DelegatingMethodAccessorImpl.java:43)
	at java.lang.reflect.Method.invoke(Method.java:601)
	at org.apache.catalina.startup.Bootstrap.start(Bootstrap.java:289)
	at org.apache.catalina.startup.Bootstrap.main(Bootstrap.java:414)

Oct 22, 2013 3:50:27 PM org.apache.coyote.http11.Http11Protocol pause
INFO: Pausing Coyote HTTP/1.1 on http-8080
Oct 22, 2013 3:50:28 PM org.apache.catalina.core.StandardService stop
INFO: Stopping service Catalina
Oct 22, 2013 3:50:28 PM org.apache.coyote.http11.Http11Protocol destroy
INFO: Stopping Coyote HTTP/1.1 on http-8080
Oct 22, 2013 9:43:04 PM org.apache.catalina.core.StandardContext reload
INFO: Reloading Context with name [] has started
Oct 22, 2013 9:43:05 PM org.apache.catalina.loader.WebappClassLoader clearReferencesJdbc
SEVERE: The web application [] registered the JDBC driver [com.mysql.jdbc.Driver] but failed to unregister it when the web application was stopped. To prevent a memory leak, the JDBC Driver has been forcibly unregistered.
Oct 22, 2013 9:43:05 PM org.apache.catalina.loader.WebappClassLoader clearReferencesThreads
SEVERE: The web application [] appears to have started a thread named [MySQL Statement Cancellation Timer] but has failed to stop it. This is very likely to create a memory leak.
Oct 22, 2013 9:44:06 PM org.apache.coyote.http11.Http11Protocol pause
INFO: Pausing Coyote HTTP/1.1 on http-8080
Oct 22, 2013 9:44:07 PM org.apache.catalina.core.AprLifecycleListener init
INFO: The APR based Apache Tomcat Native library which allows optimal performance in production environments was not found on the java.library.path: /usr/java/packages/lib/amd64:/usr/lib64:/lib64:/lib:/usr/lib
Oct 22, 2013 9:44:07 PM org.apache.catalina.core.StandardService stop
INFO: Stopping service Catalina
Oct 22, 2013 9:44:07 PM org.apache.coyote.http11.Http11Protocol destroy
INFO: Stopping Coyote HTTP/1.1 on http-8080
Oct 22, 2013 9:44:07 PM org.apache.tomcat.util.digester.SetPropertiesRule begin
WARNING: [SetPropertiesRule]{Server/Service/Engine/Host/Context} Setting property 'debug' to '5' did not find a matching property.
Oct 22, 2013 9:44:08 PM org.apache.coyote.http11.Http11Protocol init
INFO: Initializing Coyote HTTP/1.1 on http-8080
Oct 22, 2013 9:44:08 PM org.apache.catalina.startup.Catalina load
INFO: Initialization processed in 760 ms
Oct 22, 2013 9:44:08 PM org.apache.catalina.core.StandardService start
INFO: Starting service Catalina
Oct 22, 2013 9:44:08 PM org.apache.catalina.core.StandardEngine start
INFO: Starting Servlet Engine: Apache Tomcat/6.0.35
Oct 22, 2013 9:44:08 PM org.apache.catalina.startup.HostConfig deployDescriptor
INFO: Deploying configuration descriptor manager.xml
Oct 22, 2013 9:44:08 PM org.apache.catalina.startup.HostConfig deployDescriptor
INFO: Deploying configuration descriptor host-manager.xml
Oct 22, 2013 9:44:08 PM org.apache.catalina.startup.HostConfig deployDirectory
INFO: Deploying web application directory docs
Oct 22, 2013 9:44:08 PM org.apache.catalina.startup.HostConfig deployDirectory
INFO: Deploying web application directory examples
Oct 22, 2013 9:44:08 PM org.apache.coyote.http11.Http11Protocol start
INFO: Starting Coyote HTTP/1.1 on http-8080
Oct 22, 2013 9:44:08 PM org.apache.jk.common.ChannelSocket init
INFO: JK: ajp13 listening on /0.0.0.0:8009
Oct 22, 2013 9:44:08 PM org.apache.jk.server.JkMain start
INFO: Jk running ID=0 time=0/17  config=null
Oct 22, 2013 9:44:08 PM org.apache.catalina.startup.Catalina start
INFO: Server startup in 580 ms
Oct 22, 2013 9:49:33 PM org.apache.coyote.http11.Http11Protocol pause
INFO: Pausing Coyote HTTP/1.1 on http-8080
Oct 22, 2013 9:49:34 PM org.apache.catalina.core.AprLifecycleListener init
INFO: The APR based Apache Tomcat Native library which allows optimal performance in production environments was not found on the java.library.path: /usr/java/packages/lib/amd64:/usr/lib64:/lib64:/lib:/usr/lib
Oct 22, 2013 9:49:34 PM org.apache.catalina.core.StandardService stop
INFO: Stopping service Catalina
Oct 22, 2013 9:49:34 PM org.apache.tomcat.util.digester.SetPropertiesRule begin
WARNING: [SetPropertiesRule]{Server/Service/Engine/Host/Context} Setting property 'debug' to '5' did not find a matching property.
Oct 22, 2013 9:49:34 PM org.apache.catalina.loader.WebappClassLoader clearReferencesJdbc
SEVERE: The web application [] registered the JDBC driver [com.mysql.jdbc.Driver] but failed to unregister it when the web application was stopped. To prevent a memory leak, the JDBC Driver has been forcibly unregistered.
Oct 22, 2013 9:49:34 PM org.apache.catalina.loader.WebappClassLoader clearReferencesThreads
SEVERE: The web application [] appears to have started a thread named [MySQL Statement Cancellation Timer] but has failed to stop it. This is very likely to create a memory leak.
Oct 22, 2013 9:49:34 PM org.apache.coyote.http11.Http11Protocol destroy
INFO: Stopping Coyote HTTP/1.1 on http-8080
Oct 22, 2013 9:49:34 PM org.apache.coyote.http11.Http11Protocol init
INFO: Initializing Coyote HTTP/1.1 on http-8080
Oct 22, 2013 9:49:34 PM org.apache.catalina.startup.Catalina load
INFO: Initialization processed in 602 ms
Oct 22, 2013 9:49:34 PM org.apache.catalina.core.StandardService start
INFO: Starting service Catalina
Oct 22, 2013 9:49:34 PM org.apache.catalina.core.StandardEngine start
INFO: Starting Servlet Engine: Apache Tomcat/6.0.35
Oct 22, 2013 9:49:34 PM org.apache.catalina.startup.HostConfig deployDescriptor
INFO: Deploying configuration descriptor manager.xml
Oct 22, 2013 9:49:34 PM org.apache.catalina.startup.HostConfig deployDescriptor
INFO: Deploying configuration descriptor host-manager.xml
Oct 22, 2013 9:49:34 PM org.apache.catalina.startup.HostConfig deployDirectory
INFO: Deploying web application directory docs
Oct 22, 2013 9:49:34 PM org.apache.catalina.startup.HostConfig deployDirectory
INFO: Deploying web application directory examples
Oct 22, 2013 9:49:34 PM org.apache.coyote.http11.Http11Protocol start
INFO: Starting Coyote HTTP/1.1 on http-8080
Oct 22, 2013 9:49:34 PM org.apache.jk.common.ChannelSocket init
INFO: JK: ajp13 listening on /0.0.0.0:8009
Oct 22, 2013 9:49:34 PM org.apache.jk.server.JkMain start
INFO: Jk running ID=0 time=0/17  config=null
Oct 22, 2013 9:49:34 PM org.apache.catalina.startup.Catalina start
INFO: Server startup in 569 ms
