Nov 05, 2013 10:48:06 AM org.apache.catalina.core.StandardContext reload
INFO: Reloading Context with name [] has started
Nov 05, 2013 10:48:06 AM org.apache.catalina.loader.WebappClassLoader clearReferencesJdbc
SEVERE: The web application [] registered the JDBC driver [com.mysql.jdbc.Driver] but failed to unregister it when the web application was stopped. To prevent a memory leak, the JDBC Driver has been forcibly unregistered.
Nov 05, 2013 10:48:06 AM org.apache.catalina.loader.WebappClassLoader clearReferencesThreads
SEVERE: The web application [] appears to have started a thread named [MySQL Statement Cancellation Timer] but has failed to stop it. This is very likely to create a memory leak.
Nov 05, 2013 10:48:11 AM org.apache.coyote.http11.Http11Protocol pause
INFO: Pausing Coyote HTTP/1.1 on http-8080
Nov 05, 2013 10:48:12 AM org.apache.catalina.core.StandardService stop
INFO: Stopping service Catalina
Nov 05, 2013 10:48:12 AM org.apache.coyote.http11.Http11Protocol destroy
INFO: Stopping Coyote HTTP/1.1 on http-8080
Nov 05, 2013 10:48:17 AM org.apache.catalina.core.AprLifecycleListener init
INFO: The APR based Apache Tomcat Native library which allows optimal performance in production environments was not found on the java.library.path: /usr/java/packages/lib/amd64:/usr/lib64:/lib64:/lib:/usr/lib
Nov 05, 2013 10:48:17 AM org.apache.tomcat.util.digester.SetPropertiesRule begin
WARNING: [SetPropertiesRule]{Server/Service/Engine/Host/Context} Setting property 'debug' to '5' did not find a matching property.
Nov 05, 2013 10:48:18 AM org.apache.coyote.http11.Http11Protocol init
INFO: Initializing Coyote HTTP/1.1 on http-8080
Nov 05, 2013 10:48:18 AM org.apache.catalina.startup.Catalina load
INFO: Initialization processed in 1020 ms
Nov 05, 2013 10:48:18 AM org.apache.catalina.core.StandardService start
INFO: Starting service Catalina
Nov 05, 2013 10:48:18 AM org.apache.catalina.core.StandardEngine start
INFO: Starting Servlet Engine: Apache Tomcat/6.0.35
Nov 05, 2013 10:48:18 AM org.apache.catalina.startup.HostConfig deployDescriptor
INFO: Deploying configuration descriptor manager.xml
Nov 05, 2013 10:48:18 AM org.apache.catalina.startup.HostConfig deployDescriptor
INFO: Deploying configuration descriptor host-manager.xml
Nov 05, 2013 10:48:18 AM org.apache.catalina.startup.HostConfig deployDirectory
INFO: Deploying web application directory docs
Nov 05, 2013 10:48:18 AM org.apache.catalina.startup.HostConfig deployDirectory
INFO: Deploying web application directory examples
Nov 05, 2013 10:48:19 AM org.apache.coyote.http11.Http11Protocol start
INFO: Starting Coyote HTTP/1.1 on http-8080
Nov 05, 2013 10:48:19 AM org.apache.jk.common.ChannelSocket init
INFO: JK: ajp13 listening on /0.0.0.0:8009
Nov 05, 2013 10:48:19 AM org.apache.jk.server.JkMain start
INFO: Jk running ID=0 time=0/36  config=null
Nov 05, 2013 10:48:19 AM org.apache.catalina.startup.Catalina start
INFO: Server startup in 763 ms
Nov 05, 2013 10:54:29 AM org.apache.catalina.core.StandardContext reload
INFO: Reloading Context with name [] has started
Nov 05, 2013 10:54:29 AM org.apache.catalina.loader.WebappClassLoader clearReferencesJdbc
SEVERE: The web application [] registered the JDBC driver [com.mysql.jdbc.Driver] but failed to unregister it when the web application was stopped. To prevent a memory leak, the JDBC Driver has been forcibly unregistered.
Nov 05, 2013 10:54:29 AM org.apache.catalina.loader.WebappClassLoader clearReferencesThreads
SEVERE: The web application [] appears to have started a thread named [MySQL Statement Cancellation Timer] but has failed to stop it. This is very likely to create a memory leak.
Nov 05, 2013 10:54:41 AM org.apache.coyote.http11.Http11Protocol pause
INFO: Pausing Coyote HTTP/1.1 on http-8080
Nov 05, 2013 10:54:42 AM org.apache.catalina.core.AprLifecycleListener init
INFO: The APR based Apache Tomcat Native library which allows optimal performance in production environments was not found on the java.library.path: /usr/java/packages/lib/amd64:/usr/lib64:/lib64:/lib:/usr/lib
Nov 05, 2013 10:54:42 AM org.apache.tomcat.util.digester.SetPropertiesRule begin
WARNING: [SetPropertiesRule]{Server/Service/Engine/Host/Context} Setting property 'debug' to '5' did not find a matching property.
Nov 05, 2013 10:54:42 AM org.apache.catalina.core.StandardService stop
INFO: Stopping service Catalina
Nov 05, 2013 10:54:42 AM org.apache.coyote.http11.Http11Protocol destroy
INFO: Stopping Coyote HTTP/1.1 on http-8080
Nov 05, 2013 10:54:43 AM org.apache.coyote.http11.Http11Protocol init
INFO: Initializing Coyote HTTP/1.1 on http-8080
Nov 05, 2013 10:54:43 AM org.apache.catalina.startup.Catalina load
INFO: Initialization processed in 555 ms
Nov 05, 2013 10:54:43 AM org.apache.catalina.core.StandardService start
INFO: Starting service Catalina
Nov 05, 2013 10:54:43 AM org.apache.catalina.core.StandardEngine start
INFO: Starting Servlet Engine: Apache Tomcat/6.0.35
Nov 05, 2013 10:54:43 AM org.apache.catalina.startup.HostConfig deployDescriptor
INFO: Deploying configuration descriptor manager.xml
Nov 05, 2013 10:54:43 AM org.apache.catalina.startup.HostConfig deployDescriptor
INFO: Deploying configuration descriptor host-manager.xml
Nov 05, 2013 10:54:43 AM org.apache.catalina.startup.HostConfig deployDirectory
INFO: Deploying web application directory docs
Nov 05, 2013 10:54:43 AM org.apache.catalina.startup.HostConfig deployDirectory
INFO: Deploying web application directory examples
Nov 05, 2013 10:54:43 AM org.apache.coyote.http11.Http11Protocol start
INFO: Starting Coyote HTTP/1.1 on http-8080
Nov 05, 2013 10:54:43 AM org.apache.jk.common.ChannelSocket init
INFO: JK: ajp13 listening on /0.0.0.0:8009
Nov 05, 2013 10:54:43 AM org.apache.jk.server.JkMain start
INFO: Jk running ID=0 time=0/17  config=null
Nov 05, 2013 10:54:43 AM org.apache.catalina.startup.Catalina start
INFO: Server startup in 559 ms
Nov 05, 2013 11:32:23 AM org.apache.catalina.core.StandardContext reload
INFO: Reloading Context with name [] has started
Nov 05, 2013 11:32:23 AM org.apache.catalina.loader.WebappClassLoader clearReferencesJdbc
SEVERE: The web application [] registered the JDBC driver [com.mysql.jdbc.Driver] but failed to unregister it when the web application was stopped. To prevent a memory leak, the JDBC Driver has been forcibly unregistered.
Nov 05, 2013 11:32:23 AM org.apache.catalina.loader.WebappClassLoader clearReferencesThreads
SEVERE: The web application [] appears to have started a thread named [MySQL Statement Cancellation Timer] but has failed to stop it. This is very likely to create a memory leak.
Nov 05, 2013 11:32:59 AM org.apache.coyote.http11.Http11Protocol pause
INFO: Pausing Coyote HTTP/1.1 on http-8080
Nov 05, 2013 11:33:00 AM org.apache.catalina.core.StandardService stop
INFO: Stopping service Catalina
Nov 05, 2013 11:33:00 AM org.apache.catalina.loader.WebappClassLoader clearReferencesJdbc
SEVERE: The web application [] registered the JDBC driver [com.mysql.jdbc.Driver] but failed to unregister it when the web application was stopped. To prevent a memory leak, the JDBC Driver has been forcibly unregistered.
Nov 05, 2013 11:33:00 AM org.apache.catalina.loader.WebappClassLoader clearReferencesThreads
SEVERE: The web application [] appears to have started a thread named [MySQL Statement Cancellation Timer] but has failed to stop it. This is very likely to create a memory leak.
Nov 05, 2013 11:33:00 AM org.apache.coyote.http11.Http11Protocol destroy
INFO: Stopping Coyote HTTP/1.1 on http-8080
Nov 05, 2013 11:33:07 AM org.apache.catalina.core.AprLifecycleListener init
INFO: The APR based Apache Tomcat Native library which allows optimal performance in production environments was not found on the java.library.path: /usr/java/packages/lib/amd64:/usr/lib64:/lib64:/lib:/usr/lib
Nov 05, 2013 11:33:07 AM org.apache.tomcat.util.digester.SetPropertiesRule begin
WARNING: [SetPropertiesRule]{Server/Service/Engine/Host/Context} Setting property 'debug' to '5' did not find a matching property.
Nov 05, 2013 11:33:07 AM org.apache.coyote.http11.Http11Protocol init
INFO: Initializing Coyote HTTP/1.1 on http-8080
Nov 05, 2013 11:33:07 AM org.apache.catalina.startup.Catalina load
INFO: Initialization processed in 536 ms
Nov 05, 2013 11:33:07 AM org.apache.catalina.core.StandardService start
INFO: Starting service Catalina
Nov 05, 2013 11:33:07 AM org.apache.catalina.core.StandardEngine start
INFO: Starting Servlet Engine: Apache Tomcat/6.0.35
Nov 05, 2013 11:33:07 AM org.apache.catalina.startup.HostConfig deployDescriptor
INFO: Deploying configuration descriptor manager.xml
Nov 05, 2013 11:33:08 AM org.apache.catalina.startup.HostConfig deployDescriptor
INFO: Deploying configuration descriptor host-manager.xml
Nov 05, 2013 11:33:08 AM org.apache.catalina.startup.HostConfig deployDirectory
INFO: Deploying web application directory docs
Nov 05, 2013 11:33:08 AM org.apache.catalina.startup.HostConfig deployDirectory
INFO: Deploying web application directory examples
Nov 05, 2013 11:33:08 AM org.apache.coyote.http11.Http11Protocol start
INFO: Starting Coyote HTTP/1.1 on http-8080
Nov 05, 2013 11:33:08 AM org.apache.jk.common.ChannelSocket init
INFO: JK: ajp13 listening on /0.0.0.0:8009
Nov 05, 2013 11:33:08 AM org.apache.jk.server.JkMain start
INFO: Jk running ID=0 time=0/17  config=null
Nov 05, 2013 11:33:08 AM org.apache.catalina.startup.Catalina start
INFO: Server startup in 590 ms
Nov 05, 2013 11:34:26 AM org.apache.coyote.http11.Http11Protocol pause
INFO: Pausing Coyote HTTP/1.1 on http-8080
Nov 05, 2013 11:34:27 AM org.apache.catalina.core.StandardService stop
INFO: Stopping service Catalina
Nov 05, 2013 11:34:27 AM org.apache.catalina.loader.WebappClassLoader clearReferencesJdbc
SEVERE: The web application [] registered the JDBC driver [com.mysql.jdbc.Driver] but failed to unregister it when the web application was stopped. To prevent a memory leak, the JDBC Driver has been forcibly unregistered.
Nov 05, 2013 11:34:27 AM org.apache.catalina.loader.WebappClassLoader clearReferencesThreads
SEVERE: The web application [] appears to have started a thread named [MySQL Statement Cancellation Timer] but has failed to stop it. This is very likely to create a memory leak.
Nov 05, 2013 11:34:27 AM org.apache.coyote.http11.Http11Protocol destroy
INFO: Stopping Coyote HTTP/1.1 on http-8080
Nov 05, 2013 11:34:27 AM org.apache.catalina.core.AprLifecycleListener init
INFO: The APR based Apache Tomcat Native library which allows optimal performance in production environments was not found on the java.library.path: /usr/java/packages/lib/amd64:/usr/lib64:/lib64:/lib:/usr/lib
Nov 05, 2013 11:34:28 AM org.apache.tomcat.util.digester.SetPropertiesRule begin
WARNING: [SetPropertiesRule]{Server/Service/Engine/Host/Context} Setting property 'debug' to '5' did not find a matching property.
Nov 05, 2013 11:34:28 AM org.apache.coyote.http11.Http11Protocol init
INFO: Initializing Coyote HTTP/1.1 on http-8080
Nov 05, 2013 11:34:28 AM org.apache.catalina.startup.Catalina load
INFO: Initialization processed in 550 ms
Nov 05, 2013 11:34:28 AM org.apache.catalina.core.StandardService start
INFO: Starting service Catalina
Nov 05, 2013 11:34:28 AM org.apache.catalina.core.StandardEngine start
INFO: Starting Servlet Engine: Apache Tomcat/6.0.35
Nov 05, 2013 11:34:28 AM org.apache.catalina.startup.HostConfig deployDescriptor
INFO: Deploying configuration descriptor manager.xml
Nov 05, 2013 11:34:28 AM org.apache.catalina.startup.HostConfig deployDescriptor
INFO: Deploying configuration descriptor host-manager.xml
Nov 05, 2013 11:34:28 AM org.apache.catalina.startup.HostConfig deployDirectory
INFO: Deploying web application directory docs
Nov 05, 2013 11:34:28 AM org.apache.catalina.startup.HostConfig deployDirectory
INFO: Deploying web application directory examples
Nov 05, 2013 11:34:28 AM org.apache.coyote.http11.Http11Protocol start
INFO: Starting Coyote HTTP/1.1 on http-8080
Nov 05, 2013 11:34:28 AM org.apache.jk.common.ChannelSocket init
INFO: JK: ajp13 listening on /0.0.0.0:8009
Nov 05, 2013 11:34:28 AM org.apache.jk.server.JkMain start
INFO: Jk running ID=0 time=0/17  config=null
Nov 05, 2013 11:34:28 AM org.apache.catalina.startup.Catalina start
INFO: Server startup in 565 ms
Nov 05, 2013 12:28:29 PM org.apache.catalina.core.StandardContext reload
INFO: Reloading Context with name [] has started
Nov 05, 2013 12:28:29 PM org.apache.catalina.loader.WebappClassLoader clearReferencesJdbc
SEVERE: The web application [] registered the JDBC driver [com.mysql.jdbc.Driver] but failed to unregister it when the web application was stopped. To prevent a memory leak, the JDBC Driver has been forcibly unregistered.
Nov 05, 2013 12:28:29 PM org.apache.catalina.loader.WebappClassLoader clearReferencesThreads
SEVERE: The web application [] appears to have started a thread named [MySQL Statement Cancellation Timer] but has failed to stop it. This is very likely to create a memory leak.
Nov 05, 2013 12:28:42 PM org.apache.coyote.http11.Http11Protocol pause
INFO: Pausing Coyote HTTP/1.1 on http-8080
Nov 05, 2013 12:28:43 PM org.apache.catalina.core.StandardService stop
INFO: Stopping service Catalina
Nov 05, 2013 12:28:43 PM org.apache.coyote.http11.Http11Protocol destroy
INFO: Stopping Coyote HTTP/1.1 on http-8080
Nov 05, 2013 12:28:48 PM org.apache.catalina.core.AprLifecycleListener init
INFO: The APR based Apache Tomcat Native library which allows optimal performance in production environments was not found on the java.library.path: /usr/java/packages/lib/amd64:/usr/lib64:/lib64:/lib:/usr/lib
Nov 05, 2013 12:28:48 PM org.apache.tomcat.util.digester.SetPropertiesRule begin
WARNING: [SetPropertiesRule]{Server/Service/Engine/Host/Context} Setting property 'debug' to '5' did not find a matching property.
Nov 05, 2013 12:28:48 PM org.apache.coyote.http11.Http11Protocol init
INFO: Initializing Coyote HTTP/1.1 on http-8080
Nov 05, 2013 12:28:48 PM org.apache.catalina.startup.Catalina load
INFO: Initialization processed in 632 ms
Nov 05, 2013 12:28:48 PM org.apache.catalina.core.StandardService start
INFO: Starting service Catalina
Nov 05, 2013 12:28:48 PM org.apache.catalina.core.StandardEngine start
INFO: Starting Servlet Engine: Apache Tomcat/6.0.35
Nov 05, 2013 12:28:48 PM org.apache.catalina.startup.HostConfig deployDescriptor
INFO: Deploying configuration descriptor manager.xml
Nov 05, 2013 12:28:49 PM org.apache.catalina.startup.HostConfig deployDescriptor
INFO: Deploying configuration descriptor host-manager.xml
Nov 05, 2013 12:28:49 PM org.apache.catalina.startup.HostConfig deployDirectory
INFO: Deploying web application directory docs
Nov 05, 2013 12:28:49 PM org.apache.catalina.startup.HostConfig deployDirectory
INFO: Deploying web application directory examples
Nov 05, 2013 12:28:49 PM org.apache.coyote.http11.Http11Protocol start
INFO: Starting Coyote HTTP/1.1 on http-8080
Nov 05, 2013 12:28:49 PM org.apache.jk.common.ChannelSocket init
INFO: JK: ajp13 listening on /0.0.0.0:8009
Nov 05, 2013 12:28:49 PM org.apache.jk.server.JkMain start
INFO: Jk running ID=0 time=0/17  config=null
Nov 05, 2013 12:28:49 PM org.apache.catalina.startup.Catalina start
INFO: Server startup in 561 ms
Nov 05, 2013 12:35:19 PM org.apache.catalina.core.StandardContext reload
INFO: Reloading Context with name [] has started
Nov 05, 2013 12:35:19 PM org.apache.catalina.loader.WebappClassLoader clearReferencesJdbc
SEVERE: The web application [] registered the JDBC driver [com.mysql.jdbc.Driver] but failed to unregister it when the web application was stopped. To prevent a memory leak, the JDBC Driver has been forcibly unregistered.
Nov 05, 2013 12:35:19 PM org.apache.catalina.loader.WebappClassLoader clearReferencesThreads
SEVERE: The web application [] appears to have started a thread named [MySQL Statement Cancellation Timer] but has failed to stop it. This is very likely to create a memory leak.
Nov 05, 2013 12:35:27 PM org.apache.coyote.http11.Http11Protocol pause
INFO: Pausing Coyote HTTP/1.1 on http-8080
Nov 05, 2013 12:35:28 PM org.apache.catalina.core.StandardService stop
INFO: Stopping service Catalina
Nov 05, 2013 12:35:28 PM org.apache.coyote.http11.Http11Protocol destroy
INFO: Stopping Coyote HTTP/1.1 on http-8080
Nov 05, 2013 12:35:31 PM org.apache.catalina.core.AprLifecycleListener init
INFO: The APR based Apache Tomcat Native library which allows optimal performance in production environments was not found on the java.library.path: /usr/java/packages/lib/amd64:/usr/lib64:/lib64:/lib:/usr/lib
Nov 05, 2013 12:35:31 PM org.apache.tomcat.util.digester.SetPropertiesRule begin
WARNING: [SetPropertiesRule]{Server/Service/Engine/Host/Context} Setting property 'debug' to '5' did not find a matching property.
Nov 05, 2013 12:35:32 PM org.apache.coyote.http11.Http11Protocol init
INFO: Initializing Coyote HTTP/1.1 on http-8080
Nov 05, 2013 12:35:32 PM org.apache.catalina.startup.Catalina load
INFO: Initialization processed in 576 ms
Nov 05, 2013 12:35:32 PM org.apache.catalina.core.StandardService start
INFO: Starting service Catalina
Nov 05, 2013 12:35:32 PM org.apache.catalina.core.StandardEngine start
INFO: Starting Servlet Engine: Apache Tomcat/6.0.35
Nov 05, 2013 12:35:32 PM org.apache.catalina.startup.HostConfig deployDescriptor
INFO: Deploying configuration descriptor manager.xml
Nov 05, 2013 12:35:32 PM org.apache.catalina.startup.HostConfig deployDescriptor
INFO: Deploying configuration descriptor host-manager.xml
Nov 05, 2013 12:35:32 PM org.apache.catalina.startup.HostConfig deployDirectory
INFO: Deploying web application directory docs
Nov 05, 2013 12:35:32 PM org.apache.catalina.startup.HostConfig deployDirectory
INFO: Deploying web application directory examples
Nov 05, 2013 12:35:32 PM org.apache.coyote.http11.Http11Protocol start
INFO: Starting Coyote HTTP/1.1 on http-8080
Nov 05, 2013 12:35:32 PM org.apache.jk.common.ChannelSocket init
INFO: JK: ajp13 listening on /0.0.0.0:8009
Nov 05, 2013 12:35:32 PM org.apache.jk.server.JkMain start
INFO: Jk running ID=0 time=0/17  config=null
Nov 05, 2013 12:35:32 PM org.apache.catalina.startup.Catalina start
INFO: Server startup in 563 ms
Nov 05, 2013 12:43:07 PM org.apache.coyote.http11.Http11Protocol pause
INFO: Pausing Coyote HTTP/1.1 on http-8080
Nov 05, 2013 12:43:08 PM org.apache.catalina.core.StandardService stop
INFO: Stopping service Catalina
Nov 05, 2013 12:43:08 PM org.apache.catalina.loader.WebappClassLoader clearReferencesJdbc
SEVERE: The web application [] registered the JDBC driver [com.mysql.jdbc.Driver] but failed to unregister it when the web application was stopped. To prevent a memory leak, the JDBC Driver has been forcibly unregistered.
Nov 05, 2013 12:43:08 PM org.apache.catalina.loader.WebappClassLoader clearReferencesThreads
SEVERE: The web application [] appears to have started a thread named [MySQL Statement Cancellation Timer] but has failed to stop it. This is very likely to create a memory leak.
Nov 05, 2013 12:43:08 PM org.apache.coyote.http11.Http11Protocol destroy
INFO: Stopping Coyote HTTP/1.1 on http-8080
Nov 05, 2013 12:43:10 PM org.apache.catalina.core.AprLifecycleListener init
INFO: The APR based Apache Tomcat Native library which allows optimal performance in production environments was not found on the java.library.path: /usr/java/packages/lib/amd64:/usr/lib64:/lib64:/lib:/usr/lib
Nov 05, 2013 12:43:10 PM org.apache.tomcat.util.digester.SetPropertiesRule begin
WARNING: [SetPropertiesRule]{Server/Service/Engine/Host/Context} Setting property 'debug' to '5' did not find a matching property.
Nov 05, 2013 12:43:11 PM org.apache.coyote.http11.Http11Protocol init
INFO: Initializing Coyote HTTP/1.1 on http-8080
Nov 05, 2013 12:43:11 PM org.apache.catalina.startup.Catalina load
INFO: Initialization processed in 553 ms
Nov 05, 2013 12:43:11 PM org.apache.catalina.core.StandardService start
INFO: Starting service Catalina
Nov 05, 2013 12:43:11 PM org.apache.catalina.core.StandardEngine start
INFO: Starting Servlet Engine: Apache Tomcat/6.0.35
Nov 05, 2013 12:43:11 PM org.apache.catalina.startup.HostConfig deployDescriptor
INFO: Deploying configuration descriptor manager.xml
Nov 05, 2013 12:43:11 PM org.apache.catalina.startup.HostConfig deployDescriptor
INFO: Deploying configuration descriptor host-manager.xml
Nov 05, 2013 12:43:11 PM org.apache.catalina.startup.HostConfig deployDirectory
INFO: Deploying web application directory docs
Nov 05, 2013 12:43:11 PM org.apache.catalina.startup.HostConfig deployDirectory
INFO: Deploying web application directory examples
Nov 05, 2013 12:43:11 PM org.apache.coyote.http11.Http11Protocol start
INFO: Starting Coyote HTTP/1.1 on http-8080
Nov 05, 2013 12:43:11 PM org.apache.jk.common.ChannelSocket init
INFO: JK: ajp13 listening on /0.0.0.0:8009
Nov 05, 2013 12:43:11 PM org.apache.jk.server.JkMain start
INFO: Jk running ID=0 time=0/17  config=null
Nov 05, 2013 12:43:11 PM org.apache.catalina.startup.Catalina start
INFO: Server startup in 551 ms
Nov 05, 2013 12:46:11 PM org.apache.catalina.core.StandardContext reload
INFO: Reloading Context with name [] has started
Nov 05, 2013 12:46:11 PM org.apache.catalina.loader.WebappClassLoader clearReferencesJdbc
SEVERE: The web application [] registered the JDBC driver [com.mysql.jdbc.Driver] but failed to unregister it when the web application was stopped. To prevent a memory leak, the JDBC Driver has been forcibly unregistered.
Nov 05, 2013 12:46:11 PM org.apache.catalina.loader.WebappClassLoader clearReferencesThreads
SEVERE: The web application [] appears to have started a thread named [MySQL Statement Cancellation Timer] but has failed to stop it. This is very likely to create a memory leak.
Nov 05, 2013 12:46:17 PM org.apache.coyote.http11.Http11Protocol pause
INFO: Pausing Coyote HTTP/1.1 on http-8080
Nov 05, 2013 12:46:18 PM org.apache.catalina.core.StandardService stop
INFO: Stopping service Catalina
Nov 05, 2013 12:46:18 PM org.apache.coyote.http11.Http11Protocol destroy
INFO: Stopping Coyote HTTP/1.1 on http-8080
Nov 05, 2013 12:46:21 PM org.apache.catalina.core.AprLifecycleListener init
INFO: The APR based Apache Tomcat Native library which allows optimal performance in production environments was not found on the java.library.path: /usr/java/packages/lib/amd64:/usr/lib64:/lib64:/lib:/usr/lib
Nov 05, 2013 12:46:21 PM org.apache.tomcat.util.digester.SetPropertiesRule begin
WARNING: [SetPropertiesRule]{Server/Service/Engine/Host/Context} Setting property 'debug' to '5' did not find a matching property.
Nov 05, 2013 12:46:21 PM org.apache.coyote.http11.Http11Protocol init
INFO: Initializing Coyote HTTP/1.1 on http-8080
Nov 05, 2013 12:46:21 PM org.apache.catalina.startup.Catalina load
INFO: Initialization processed in 586 ms
Nov 05, 2013 12:46:21 PM org.apache.catalina.core.StandardService start
INFO: Starting service Catalina
Nov 05, 2013 12:46:21 PM org.apache.catalina.core.StandardEngine start
INFO: Starting Servlet Engine: Apache Tomcat/6.0.35
Nov 05, 2013 12:46:21 PM org.apache.catalina.startup.HostConfig deployDescriptor
INFO: Deploying configuration descriptor manager.xml
Nov 05, 2013 12:46:21 PM org.apache.catalina.startup.HostConfig deployDescriptor
INFO: Deploying configuration descriptor host-manager.xml
Nov 05, 2013 12:46:21 PM org.apache.catalina.startup.HostConfig deployDirectory
INFO: Deploying web application directory docs
Nov 05, 2013 12:46:21 PM org.apache.catalina.startup.HostConfig deployDirectory
INFO: Deploying web application directory examples
Nov 05, 2013 12:46:21 PM org.apache.coyote.http11.Http11Protocol start
INFO: Starting Coyote HTTP/1.1 on http-8080
Nov 05, 2013 12:46:21 PM org.apache.jk.common.ChannelSocket init
INFO: JK: ajp13 listening on /0.0.0.0:8009
Nov 05, 2013 12:46:21 PM org.apache.jk.server.JkMain start
INFO: Jk running ID=0 time=0/17  config=null
Nov 05, 2013 12:46:21 PM org.apache.catalina.startup.Catalina start
INFO: Server startup in 579 ms
Nov 05, 2013 12:47:51 PM org.apache.coyote.http11.Http11Protocol pause
INFO: Pausing Coyote HTTP/1.1 on http-8080
Nov 05, 2013 12:47:51 PM org.apache.catalina.core.StandardContext reload
INFO: Reloading Context with name [] has started
Nov 05, 2013 12:47:51 PM org.apache.catalina.loader.WebappClassLoader clearReferencesJdbc
SEVERE: The web application [] registered the JDBC driver [com.mysql.jdbc.Driver] but failed to unregister it when the web application was stopped. To prevent a memory leak, the JDBC Driver has been forcibly unregistered.
Nov 05, 2013 12:47:51 PM org.apache.catalina.loader.WebappClassLoader clearReferencesThreads
SEVERE: The web application [] appears to have started a thread named [MySQL Statement Cancellation Timer] but has failed to stop it. This is very likely to create a memory leak.
Nov 05, 2013 12:47:52 PM org.apache.catalina.core.StandardService stop
INFO: Stopping service Catalina
Nov 05, 2013 12:47:52 PM org.apache.coyote.http11.Http11Protocol destroy
INFO: Stopping Coyote HTTP/1.1 on http-8080
Nov 05, 2013 12:47:54 PM org.apache.catalina.core.AprLifecycleListener init
INFO: The APR based Apache Tomcat Native library which allows optimal performance in production environments was not found on the java.library.path: /usr/java/packages/lib/amd64:/usr/lib64:/lib64:/lib:/usr/lib
Nov 05, 2013 12:47:54 PM org.apache.tomcat.util.digester.SetPropertiesRule begin
WARNING: [SetPropertiesRule]{Server/Service/Engine/Host/Context} Setting property 'debug' to '5' did not find a matching property.
Nov 05, 2013 12:47:55 PM org.apache.coyote.http11.Http11Protocol init
INFO: Initializing Coyote HTTP/1.1 on http-8080
Nov 05, 2013 12:47:55 PM org.apache.catalina.startup.Catalina load
INFO: Initialization processed in 548 ms
Nov 05, 2013 12:47:55 PM org.apache.catalina.core.StandardService start
INFO: Starting service Catalina
Nov 05, 2013 12:47:55 PM org.apache.catalina.core.StandardEngine start
INFO: Starting Servlet Engine: Apache Tomcat/6.0.35
Nov 05, 2013 12:47:55 PM org.apache.catalina.startup.HostConfig deployDescriptor
INFO: Deploying configuration descriptor manager.xml
Nov 05, 2013 12:47:55 PM org.apache.catalina.startup.HostConfig deployDescriptor
INFO: Deploying configuration descriptor host-manager.xml
Nov 05, 2013 12:47:55 PM org.apache.catalina.startup.HostConfig deployDirectory
INFO: Deploying web application directory docs
Nov 05, 2013 12:47:55 PM org.apache.catalina.startup.HostConfig deployDirectory
INFO: Deploying web application directory examples
Nov 05, 2013 12:47:55 PM org.apache.coyote.http11.Http11Protocol start
INFO: Starting Coyote HTTP/1.1 on http-8080
Nov 05, 2013 12:47:55 PM org.apache.jk.common.ChannelSocket init
INFO: JK: ajp13 listening on /0.0.0.0:8009
Nov 05, 2013 12:47:55 PM org.apache.jk.server.JkMain start
INFO: Jk running ID=0 time=0/19  config=null
Nov 05, 2013 12:47:55 PM org.apache.catalina.startup.Catalina start
INFO: Server startup in 575 ms
Nov 05, 2013 12:51:15 PM org.apache.catalina.core.StandardContext reload
INFO: Reloading Context with name [] has started
Nov 05, 2013 12:51:15 PM org.apache.catalina.loader.WebappClassLoader clearReferencesJdbc
SEVERE: The web application [] registered the JDBC driver [com.mysql.jdbc.Driver] but failed to unregister it when the web application was stopped. To prevent a memory leak, the JDBC Driver has been forcibly unregistered.
Nov 05, 2013 12:51:15 PM org.apache.catalina.loader.WebappClassLoader clearReferencesThreads
SEVERE: The web application [] appears to have started a thread named [MySQL Statement Cancellation Timer] but has failed to stop it. This is very likely to create a memory leak.
Nov 05, 2013 12:51:20 PM org.apache.coyote.http11.Http11Protocol pause
INFO: Pausing Coyote HTTP/1.1 on http-8080
Nov 05, 2013 12:51:21 PM org.apache.catalina.core.StandardService stop
INFO: Stopping service Catalina
Nov 05, 2013 12:51:21 PM org.apache.coyote.http11.Http11Protocol destroy
INFO: Stopping Coyote HTTP/1.1 on http-8080
Nov 05, 2013 12:51:24 PM org.apache.catalina.core.AprLifecycleListener init
INFO: The APR based Apache Tomcat Native library which allows optimal performance in production environments was not found on the java.library.path: /usr/java/packages/lib/amd64:/usr/lib64:/lib64:/lib:/usr/lib
Nov 05, 2013 12:51:24 PM org.apache.tomcat.util.digester.SetPropertiesRule begin
WARNING: [SetPropertiesRule]{Server/Service/Engine/Host/Context} Setting property 'debug' to '5' did not find a matching property.
Nov 05, 2013 12:51:24 PM org.apache.coyote.http11.Http11Protocol init
INFO: Initializing Coyote HTTP/1.1 on http-8080
Nov 05, 2013 12:51:24 PM org.apache.catalina.startup.Catalina load
INFO: Initialization processed in 532 ms
Nov 05, 2013 12:51:24 PM org.apache.catalina.core.StandardService start
INFO: Starting service Catalina
Nov 05, 2013 12:51:24 PM org.apache.catalina.core.StandardEngine start
INFO: Starting Servlet Engine: Apache Tomcat/6.0.35
Nov 05, 2013 12:51:24 PM org.apache.catalina.startup.HostConfig deployDescriptor
INFO: Deploying configuration descriptor manager.xml
Nov 05, 2013 12:51:24 PM org.apache.catalina.startup.HostConfig deployDescriptor
INFO: Deploying configuration descriptor host-manager.xml
Nov 05, 2013 12:51:24 PM org.apache.catalina.startup.HostConfig deployDirectory
INFO: Deploying web application directory docs
Nov 05, 2013 12:51:24 PM org.apache.catalina.startup.HostConfig deployDirectory
INFO: Deploying web application directory examples
Nov 05, 2013 12:51:25 PM org.apache.coyote.http11.Http11Protocol start
INFO: Starting Coyote HTTP/1.1 on http-8080
Nov 05, 2013 12:51:25 PM org.apache.jk.common.ChannelSocket init
INFO: JK: ajp13 listening on /0.0.0.0:8009
Nov 05, 2013 12:51:25 PM org.apache.jk.server.JkMain start
INFO: Jk running ID=0 time=0/17  config=null
Nov 05, 2013 12:51:25 PM org.apache.catalina.startup.Catalina start
INFO: Server startup in 554 ms
Nov 05, 2013 12:54:25 PM org.apache.catalina.core.StandardContext reload
INFO: Reloading Context with name [] has started
Nov 05, 2013 12:54:25 PM org.apache.catalina.loader.WebappClassLoader clearReferencesJdbc
SEVERE: The web application [] registered the JDBC driver [com.mysql.jdbc.Driver] but failed to unregister it when the web application was stopped. To prevent a memory leak, the JDBC Driver has been forcibly unregistered.
Nov 05, 2013 12:54:25 PM org.apache.catalina.loader.WebappClassLoader clearReferencesThreads
SEVERE: The web application [] appears to have started a thread named [MySQL Statement Cancellation Timer] but has failed to stop it. This is very likely to create a memory leak.
Nov 05, 2013 12:54:30 PM org.apache.coyote.http11.Http11Protocol pause
INFO: Pausing Coyote HTTP/1.1 on http-8080
Nov 05, 2013 12:54:31 PM org.apache.catalina.core.StandardService stop
INFO: Stopping service Catalina
Nov 05, 2013 12:54:31 PM org.apache.coyote.http11.Http11Protocol destroy
INFO: Stopping Coyote HTTP/1.1 on http-8080
Nov 05, 2013 12:54:32 PM org.apache.catalina.core.AprLifecycleListener init
INFO: The APR based Apache Tomcat Native library which allows optimal performance in production environments was not found on the java.library.path: /usr/java/packages/lib/amd64:/usr/lib64:/lib64:/lib:/usr/lib
Nov 05, 2013 12:54:33 PM org.apache.tomcat.util.digester.SetPropertiesRule begin
WARNING: [SetPropertiesRule]{Server/Service/Engine/Host/Context} Setting property 'debug' to '5' did not find a matching property.
Nov 05, 2013 12:54:33 PM org.apache.coyote.http11.Http11Protocol init
INFO: Initializing Coyote HTTP/1.1 on http-8080
Nov 05, 2013 12:54:33 PM org.apache.catalina.startup.Catalina load
INFO: Initialization processed in 637 ms
Nov 05, 2013 12:54:33 PM org.apache.catalina.core.StandardService start
INFO: Starting service Catalina
Nov 05, 2013 12:54:33 PM org.apache.catalina.core.StandardEngine start
INFO: Starting Servlet Engine: Apache Tomcat/6.0.35
Nov 05, 2013 12:54:33 PM org.apache.catalina.startup.HostConfig deployDescriptor
INFO: Deploying configuration descriptor manager.xml
Nov 05, 2013 12:54:33 PM org.apache.catalina.startup.HostConfig deployDescriptor
INFO: Deploying configuration descriptor host-manager.xml
Nov 05, 2013 12:54:33 PM org.apache.catalina.startup.HostConfig deployDirectory
INFO: Deploying web application directory docs
Nov 05, 2013 12:54:33 PM org.apache.catalina.startup.HostConfig deployDirectory
INFO: Deploying web application directory examples
Nov 05, 2013 12:54:33 PM org.apache.coyote.http11.Http11Protocol start
INFO: Starting Coyote HTTP/1.1 on http-8080
Nov 05, 2013 12:54:33 PM org.apache.jk.common.ChannelSocket init
INFO: JK: ajp13 listening on /0.0.0.0:8009
Nov 05, 2013 12:54:33 PM org.apache.jk.server.JkMain start
INFO: Jk running ID=0 time=0/18  config=null
Nov 05, 2013 12:54:33 PM org.apache.catalina.startup.Catalina start
INFO: Server startup in 696 ms
Nov 05, 2013 12:56:02 PM org.apache.coyote.http11.Http11Protocol pause
INFO: Pausing Coyote HTTP/1.1 on http-8080
Nov 05, 2013 12:56:03 PM org.apache.catalina.core.StandardService stop
INFO: Stopping service Catalina
Nov 05, 2013 12:56:03 PM org.apache.catalina.loader.WebappClassLoader clearReferencesJdbc
SEVERE: The web application [] registered the JDBC driver [com.mysql.jdbc.Driver] but failed to unregister it when the web application was stopped. To prevent a memory leak, the JDBC Driver has been forcibly unregistered.
Nov 05, 2013 12:56:03 PM org.apache.catalina.loader.WebappClassLoader clearReferencesThreads
SEVERE: The web application [] appears to have started a thread named [MySQL Statement Cancellation Timer] but has failed to stop it. This is very likely to create a memory leak.
Nov 05, 2013 12:56:03 PM org.apache.coyote.http11.Http11Protocol destroy
INFO: Stopping Coyote HTTP/1.1 on http-8080
Nov 05, 2013 12:56:04 PM org.apache.catalina.core.AprLifecycleListener init
INFO: The APR based Apache Tomcat Native library which allows optimal performance in production environments was not found on the java.library.path: /usr/java/packages/lib/amd64:/usr/lib64:/lib64:/lib:/usr/lib
Nov 05, 2013 12:56:04 PM org.apache.tomcat.util.digester.SetPropertiesRule begin
WARNING: [SetPropertiesRule]{Server/Service/Engine/Host/Context} Setting property 'debug' to '5' did not find a matching property.
Nov 05, 2013 12:56:04 PM org.apache.coyote.http11.Http11Protocol init
INFO: Initializing Coyote HTTP/1.1 on http-8080
Nov 05, 2013 12:56:04 PM org.apache.catalina.startup.Catalina load
INFO: Initialization processed in 533 ms
Nov 05, 2013 12:56:04 PM org.apache.catalina.core.StandardService start
INFO: Starting service Catalina
Nov 05, 2013 12:56:04 PM org.apache.catalina.core.StandardEngine start
INFO: Starting Servlet Engine: Apache Tomcat/6.0.35
Nov 05, 2013 12:56:04 PM org.apache.catalina.startup.HostConfig deployDescriptor
INFO: Deploying configuration descriptor manager.xml
Nov 05, 2013 12:56:05 PM org.apache.catalina.startup.HostConfig deployDescriptor
INFO: Deploying configuration descriptor host-manager.xml
Nov 05, 2013 12:56:05 PM org.apache.catalina.startup.HostConfig deployDirectory
INFO: Deploying web application directory docs
Nov 05, 2013 12:56:05 PM org.apache.catalina.startup.HostConfig deployDirectory
INFO: Deploying web application directory examples
Nov 05, 2013 12:56:05 PM org.apache.coyote.http11.Http11Protocol start
INFO: Starting Coyote HTTP/1.1 on http-8080
Nov 05, 2013 12:56:05 PM org.apache.jk.common.ChannelSocket init
INFO: JK: ajp13 listening on /0.0.0.0:8009
Nov 05, 2013 12:56:05 PM org.apache.jk.server.JkMain start
INFO: Jk running ID=0 time=0/17  config=null
Nov 05, 2013 12:56:05 PM org.apache.catalina.startup.Catalina start
INFO: Server startup in 566 ms
