Sep 03, 2012 3:02:21 PM org.apache.catalina.core.AprLifecycleListener init
INFO: The APR based Apache Tomcat Native library which allows optimal performance in production environments was not found on the java.library.path: /usr/java/packages/lib/amd64:/usr/lib64:/lib64:/lib:/usr/lib
Sep 03, 2012 3:02:21 PM org.apache.tomcat.util.digester.SetPropertiesRule begin
WARNING: [SetPropertiesRule]{Server/Service/Engine/Host/Context} Setting property 'debug' to '5' did not find a matching property.
Sep 03, 2012 3:02:21 PM org.apache.coyote.http11.Http11Protocol init
SEVERE: Error initializing endpoint
java.net.BindException: Address already in use <null>:8080
	at org.apache.tomcat.util.net.JIoEndpoint.init(JIoEndpoint.java:549)
	at org.apache.coyote.http11.Http11Protocol.init(Http11Protocol.java:176)
	at org.apache.catalina.connector.Connector.initialize(Connector.java:1049)
	at org.apache.catalina.core.StandardService.initialize(StandardService.java:703)
	at org.apache.catalina.core.StandardServer.initialize(StandardServer.java:838)
	at org.apache.catalina.startup.Catalina.load(Catalina.java:538)
	at org.apache.catalina.startup.Catalina.load(Catalina.java:562)
	at sun.reflect.NativeMethodAccessorImpl.invoke0(Native Method)
	at sun.reflect.NativeMethodAccessorImpl.invoke(NativeMethodAccessorImpl.java:57)
	at sun.reflect.DelegatingMethodAccessorImpl.invoke(DelegatingMethodAccessorImpl.java:43)
	at java.lang.reflect.Method.invoke(Method.java:601)
	at org.apache.catalina.startup.Bootstrap.load(Bootstrap.java:261)
	at org.apache.catalina.startup.Bootstrap.main(Bootstrap.java:413)
Caused by: java.net.BindException: Address already in use
	at java.net.PlainSocketImpl.socketBind(Native Method)
	at java.net.AbstractPlainSocketImpl.bind(AbstractPlainSocketImpl.java:376)
	at java.net.ServerSocket.bind(ServerSocket.java:376)
	at java.net.ServerSocket.<init>(ServerSocket.java:237)
	at java.net.ServerSocket.<init>(ServerSocket.java:181)
	at org.apache.tomcat.util.net.DefaultServerSocketFactory.createSocket(DefaultServerSocketFactory.java:50)
	at org.apache.tomcat.util.net.JIoEndpoint.init(JIoEndpoint.java:538)
	... 12 more

Sep 03, 2012 3:02:21 PM org.apache.catalina.core.StandardService initialize
SEVERE: Failed to initialize connector [Connector[HTTP/1.1-8080]]
LifecycleException:  Protocol handler initialization failed: java.net.BindException: Address already in use <null>:8080
	at org.apache.catalina.connector.Connector.initialize(Connector.java:1051)
	at org.apache.catalina.core.StandardService.initialize(StandardService.java:703)
	at org.apache.catalina.core.StandardServer.initialize(StandardServer.java:838)
	at org.apache.catalina.startup.Catalina.load(Catalina.java:538)
	at org.apache.catalina.startup.Catalina.load(Catalina.java:562)
	at sun.reflect.NativeMethodAccessorImpl.invoke0(Native Method)
	at sun.reflect.NativeMethodAccessorImpl.invoke(NativeMethodAccessorImpl.java:57)
	at sun.reflect.DelegatingMethodAccessorImpl.invoke(DelegatingMethodAccessorImpl.java:43)
	at java.lang.reflect.Method.invoke(Method.java:601)
	at org.apache.catalina.startup.Bootstrap.load(Bootstrap.java:261)
	at org.apache.catalina.startup.Bootstrap.main(Bootstrap.java:413)

Sep 03, 2012 3:02:21 PM org.apache.catalina.startup.Catalina load
INFO: Initialization processed in 685 ms
Sep 03, 2012 3:02:21 PM org.apache.catalina.core.StandardService start
INFO: Starting service Catalina
Sep 03, 2012 3:02:21 PM org.apache.catalina.core.StandardEngine start
INFO: Starting Servlet Engine: Apache Tomcat/6.0.35
Sep 03, 2012 3:02:22 PM org.apache.catalina.startup.HostConfig deployDescriptor
INFO: Deploying configuration descriptor manager.xml
Sep 03, 2012 3:02:22 PM org.apache.catalina.startup.HostConfig deployDescriptor
INFO: Deploying configuration descriptor host-manager.xml
Sep 03, 2012 3:02:22 PM org.apache.catalina.startup.HostConfig deployDirectory
INFO: Deploying web application directory examples
Sep 03, 2012 3:02:22 PM org.apache.catalina.startup.HostConfig deployDirectory
INFO: Deploying web application directory docs
Sep 03, 2012 3:02:22 PM org.apache.coyote.http11.Http11Protocol start
SEVERE: Error starting endpoint
java.net.BindException: Address already in use <null>:8080
	at org.apache.tomcat.util.net.JIoEndpoint.init(JIoEndpoint.java:549)
	at org.apache.tomcat.util.net.JIoEndpoint.start(JIoEndpoint.java:565)
	at org.apache.coyote.http11.Http11Protocol.start(Http11Protocol.java:203)
	at org.apache.catalina.connector.Connector.start(Connector.java:1122)
	at org.apache.catalina.core.StandardService.start(StandardService.java:540)
	at org.apache.catalina.core.StandardServer.start(StandardServer.java:754)
	at org.apache.catalina.startup.Catalina.start(Catalina.java:595)
	at sun.reflect.NativeMethodAccessorImpl.invoke0(Native Method)
	at sun.reflect.NativeMethodAccessorImpl.invoke(NativeMethodAccessorImpl.java:57)
	at sun.reflect.DelegatingMethodAccessorImpl.invoke(DelegatingMethodAccessorImpl.java:43)
	at java.lang.reflect.Method.invoke(Method.java:601)
	at org.apache.catalina.startup.Bootstrap.start(Bootstrap.java:289)
	at org.apache.catalina.startup.Bootstrap.main(Bootstrap.java:414)
Caused by: java.net.BindException: Address already in use
	at java.net.PlainSocketImpl.socketBind(Native Method)
	at java.net.AbstractPlainSocketImpl.bind(AbstractPlainSocketImpl.java:376)
	at java.net.ServerSocket.bind(ServerSocket.java:376)
	at java.net.ServerSocket.<init>(ServerSocket.java:237)
	at java.net.ServerSocket.<init>(ServerSocket.java:181)
	at org.apache.tomcat.util.net.DefaultServerSocketFactory.createSocket(DefaultServerSocketFactory.java:50)
	at org.apache.tomcat.util.net.JIoEndpoint.init(JIoEndpoint.java:538)
	... 12 more

Sep 03, 2012 3:02:22 PM org.apache.catalina.core.StandardService start
SEVERE: Failed to start connector [Connector[HTTP/1.1-8080]]
LifecycleException:  service.getName(): "Catalina";  Protocol handler start failed: java.net.BindException: Address already in use <null>:8080
	at org.apache.catalina.connector.Connector.start(Connector.java:1129)
	at org.apache.catalina.core.StandardService.start(StandardService.java:540)
	at org.apache.catalina.core.StandardServer.start(StandardServer.java:754)
	at org.apache.catalina.startup.Catalina.start(Catalina.java:595)
	at sun.reflect.NativeMethodAccessorImpl.invoke0(Native Method)
	at sun.reflect.NativeMethodAccessorImpl.invoke(NativeMethodAccessorImpl.java:57)
	at sun.reflect.DelegatingMethodAccessorImpl.invoke(DelegatingMethodAccessorImpl.java:43)
	at java.lang.reflect.Method.invoke(Method.java:601)
	at org.apache.catalina.startup.Bootstrap.start(Bootstrap.java:289)
	at org.apache.catalina.startup.Bootstrap.main(Bootstrap.java:414)

Sep 03, 2012 3:02:22 PM org.apache.jk.common.ChannelSocket init
INFO: Port busy 8009 java.net.BindException: Address already in use
Sep 03, 2012 3:02:22 PM org.apache.jk.common.ChannelSocket init
SEVERE: Can't find free port 8009 8009
Sep 03, 2012 3:02:22 PM org.apache.jk.server.JkMain start
INFO: Jk running ID=0 time=0/15  config=null
Sep 03, 2012 3:02:22 PM org.apache.catalina.startup.Catalina start
INFO: Server startup in 634 ms
Sep 03, 2012 3:02:22 PM org.apache.catalina.core.StandardServer await
SEVERE: StandardServer.await: create[8001]: 
java.net.BindException: Address already in use
	at java.net.PlainSocketImpl.socketBind(Native Method)
	at java.net.AbstractPlainSocketImpl.bind(AbstractPlainSocketImpl.java:376)
	at java.net.ServerSocket.bind(ServerSocket.java:376)
	at java.net.ServerSocket.<init>(ServerSocket.java:237)
	at org.apache.catalina.core.StandardServer.await(StandardServer.java:406)
	at org.apache.catalina.startup.Catalina.await(Catalina.java:676)
	at org.apache.catalina.startup.Catalina.start(Catalina.java:628)
	at sun.reflect.NativeMethodAccessorImpl.invoke0(Native Method)
	at sun.reflect.NativeMethodAccessorImpl.invoke(NativeMethodAccessorImpl.java:57)
	at sun.reflect.DelegatingMethodAccessorImpl.invoke(DelegatingMethodAccessorImpl.java:43)
	at java.lang.reflect.Method.invoke(Method.java:601)
	at org.apache.catalina.startup.Bootstrap.start(Bootstrap.java:289)
	at org.apache.catalina.startup.Bootstrap.main(Bootstrap.java:414)

Sep 03, 2012 3:02:22 PM org.apache.coyote.http11.Http11Protocol pause
INFO: Pausing Coyote HTTP/1.1 on http-8080
Sep 03, 2012 3:02:23 PM org.apache.catalina.core.StandardService stop
INFO: Stopping service Catalina
Sep 03, 2012 3:02:23 PM org.apache.coyote.http11.Http11Protocol destroy
INFO: Stopping Coyote HTTP/1.1 on http-8080
Sep 03, 2012 3:06:53 PM org.apache.catalina.core.AprLifecycleListener init
INFO: The APR based Apache Tomcat Native library which allows optimal performance in production environments was not found on the java.library.path: /usr/java/packages/lib/amd64:/usr/lib64:/lib64:/lib:/usr/lib
Sep 03, 2012 3:06:53 PM org.apache.tomcat.util.digester.SetPropertiesRule begin
WARNING: [SetPropertiesRule]{Server/Service/Engine/Host/Context} Setting property 'debug' to '5' did not find a matching property.
Sep 03, 2012 3:06:53 PM org.apache.coyote.http11.Http11Protocol init
SEVERE: Error initializing endpoint
java.net.BindException: Address already in use <null>:8080
	at org.apache.tomcat.util.net.JIoEndpoint.init(JIoEndpoint.java:549)
	at org.apache.coyote.http11.Http11Protocol.init(Http11Protocol.java:176)
	at org.apache.catalina.connector.Connector.initialize(Connector.java:1049)
	at org.apache.catalina.core.StandardService.initialize(StandardService.java:703)
	at org.apache.catalina.core.StandardServer.initialize(StandardServer.java:838)
	at org.apache.catalina.startup.Catalina.load(Catalina.java:538)
	at org.apache.catalina.startup.Catalina.load(Catalina.java:562)
	at sun.reflect.NativeMethodAccessorImpl.invoke0(Native Method)
	at sun.reflect.NativeMethodAccessorImpl.invoke(NativeMethodAccessorImpl.java:57)
	at sun.reflect.DelegatingMethodAccessorImpl.invoke(DelegatingMethodAccessorImpl.java:43)
	at java.lang.reflect.Method.invoke(Method.java:601)
	at org.apache.catalina.startup.Bootstrap.load(Bootstrap.java:261)
	at org.apache.catalina.startup.Bootstrap.main(Bootstrap.java:413)
Caused by: java.net.BindException: Address already in use
	at java.net.PlainSocketImpl.socketBind(Native Method)
	at java.net.AbstractPlainSocketImpl.bind(AbstractPlainSocketImpl.java:376)
	at java.net.ServerSocket.bind(ServerSocket.java:376)
	at java.net.ServerSocket.<init>(ServerSocket.java:237)
	at java.net.ServerSocket.<init>(ServerSocket.java:181)
	at org.apache.tomcat.util.net.DefaultServerSocketFactory.createSocket(DefaultServerSocketFactory.java:50)
	at org.apache.tomcat.util.net.JIoEndpoint.init(JIoEndpoint.java:538)
	... 12 more

Sep 03, 2012 3:06:53 PM org.apache.catalina.core.StandardService initialize
SEVERE: Failed to initialize connector [Connector[HTTP/1.1-8080]]
LifecycleException:  Protocol handler initialization failed: java.net.BindException: Address already in use <null>:8080
	at org.apache.catalina.connector.Connector.initialize(Connector.java:1051)
	at org.apache.catalina.core.StandardService.initialize(StandardService.java:703)
	at org.apache.catalina.core.StandardServer.initialize(StandardServer.java:838)
	at org.apache.catalina.startup.Catalina.load(Catalina.java:538)
	at org.apache.catalina.startup.Catalina.load(Catalina.java:562)
	at sun.reflect.NativeMethodAccessorImpl.invoke0(Native Method)
	at sun.reflect.NativeMethodAccessorImpl.invoke(NativeMethodAccessorImpl.java:57)
	at sun.reflect.DelegatingMethodAccessorImpl.invoke(DelegatingMethodAccessorImpl.java:43)
	at java.lang.reflect.Method.invoke(Method.java:601)
	at org.apache.catalina.startup.Bootstrap.load(Bootstrap.java:261)
	at org.apache.catalina.startup.Bootstrap.main(Bootstrap.java:413)

Sep 03, 2012 3:06:53 PM org.apache.catalina.startup.Catalina load
INFO: Initialization processed in 689 ms
Sep 03, 2012 3:06:53 PM org.apache.catalina.core.StandardService start
INFO: Starting service Catalina
Sep 03, 2012 3:06:53 PM org.apache.catalina.core.StandardEngine start
INFO: Starting Servlet Engine: Apache Tomcat/6.0.35
Sep 03, 2012 3:06:53 PM org.apache.catalina.startup.HostConfig deployDescriptor
INFO: Deploying configuration descriptor manager.xml
Sep 03, 2012 3:06:53 PM org.apache.catalina.startup.HostConfig deployDescriptor
INFO: Deploying configuration descriptor host-manager.xml
Sep 03, 2012 3:06:53 PM org.apache.catalina.startup.HostConfig deployDirectory
INFO: Deploying web application directory examples
Sep 03, 2012 3:06:53 PM org.apache.catalina.startup.HostConfig deployDirectory
INFO: Deploying web application directory docs
Sep 03, 2012 3:06:54 PM org.apache.coyote.http11.Http11Protocol start
SEVERE: Error starting endpoint
java.net.BindException: Address already in use <null>:8080
	at org.apache.tomcat.util.net.JIoEndpoint.init(JIoEndpoint.java:549)
	at org.apache.tomcat.util.net.JIoEndpoint.start(JIoEndpoint.java:565)
	at org.apache.coyote.http11.Http11Protocol.start(Http11Protocol.java:203)
	at org.apache.catalina.connector.Connector.start(Connector.java:1122)
	at org.apache.catalina.core.StandardService.start(StandardService.java:540)
	at org.apache.catalina.core.StandardServer.start(StandardServer.java:754)
	at org.apache.catalina.startup.Catalina.start(Catalina.java:595)
	at sun.reflect.NativeMethodAccessorImpl.invoke0(Native Method)
	at sun.reflect.NativeMethodAccessorImpl.invoke(NativeMethodAccessorImpl.java:57)
	at sun.reflect.DelegatingMethodAccessorImpl.invoke(DelegatingMethodAccessorImpl.java:43)
	at java.lang.reflect.Method.invoke(Method.java:601)
	at org.apache.catalina.startup.Bootstrap.start(Bootstrap.java:289)
	at org.apache.catalina.startup.Bootstrap.main(Bootstrap.java:414)
Caused by: java.net.BindException: Address already in use
	at java.net.PlainSocketImpl.socketBind(Native Method)
	at java.net.AbstractPlainSocketImpl.bind(AbstractPlainSocketImpl.java:376)
	at java.net.ServerSocket.bind(ServerSocket.java:376)
	at java.net.ServerSocket.<init>(ServerSocket.java:237)
	at java.net.ServerSocket.<init>(ServerSocket.java:181)
	at org.apache.tomcat.util.net.DefaultServerSocketFactory.createSocket(DefaultServerSocketFactory.java:50)
	at org.apache.tomcat.util.net.JIoEndpoint.init(JIoEndpoint.java:538)
	... 12 more

Sep 03, 2012 3:06:54 PM org.apache.catalina.core.StandardService start
SEVERE: Failed to start connector [Connector[HTTP/1.1-8080]]
LifecycleException:  service.getName(): "Catalina";  Protocol handler start failed: java.net.BindException: Address already in use <null>:8080
	at org.apache.catalina.connector.Connector.start(Connector.java:1129)
	at org.apache.catalina.core.StandardService.start(StandardService.java:540)
	at org.apache.catalina.core.StandardServer.start(StandardServer.java:754)
	at org.apache.catalina.startup.Catalina.start(Catalina.java:595)
	at sun.reflect.NativeMethodAccessorImpl.invoke0(Native Method)
	at sun.reflect.NativeMethodAccessorImpl.invoke(NativeMethodAccessorImpl.java:57)
	at sun.reflect.DelegatingMethodAccessorImpl.invoke(DelegatingMethodAccessorImpl.java:43)
	at java.lang.reflect.Method.invoke(Method.java:601)
	at org.apache.catalina.startup.Bootstrap.start(Bootstrap.java:289)
	at org.apache.catalina.startup.Bootstrap.main(Bootstrap.java:414)

Sep 03, 2012 3:06:54 PM org.apache.jk.common.ChannelSocket init
INFO: Port busy 8009 java.net.BindException: Address already in use
Sep 03, 2012 3:06:54 PM org.apache.jk.common.ChannelSocket init
SEVERE: Can't find free port 8009 8009
Sep 03, 2012 3:06:54 PM org.apache.jk.server.JkMain start
INFO: Jk running ID=0 time=0/15  config=null
Sep 03, 2012 3:06:54 PM org.apache.catalina.startup.Catalina start
INFO: Server startup in 628 ms
Sep 03, 2012 3:06:54 PM org.apache.catalina.core.StandardServer await
SEVERE: StandardServer.await: create[8001]: 
java.net.BindException: Address already in use
	at java.net.PlainSocketImpl.socketBind(Native Method)
	at java.net.AbstractPlainSocketImpl.bind(AbstractPlainSocketImpl.java:376)
	at java.net.ServerSocket.bind(ServerSocket.java:376)
	at java.net.ServerSocket.<init>(ServerSocket.java:237)
	at org.apache.catalina.core.StandardServer.await(StandardServer.java:406)
	at org.apache.catalina.startup.Catalina.await(Catalina.java:676)
	at org.apache.catalina.startup.Catalina.start(Catalina.java:628)
	at sun.reflect.NativeMethodAccessorImpl.invoke0(Native Method)
	at sun.reflect.NativeMethodAccessorImpl.invoke(NativeMethodAccessorImpl.java:57)
	at sun.reflect.DelegatingMethodAccessorImpl.invoke(DelegatingMethodAccessorImpl.java:43)
	at java.lang.reflect.Method.invoke(Method.java:601)
	at org.apache.catalina.startup.Bootstrap.start(Bootstrap.java:289)
	at org.apache.catalina.startup.Bootstrap.main(Bootstrap.java:414)

Sep 03, 2012 3:06:54 PM org.apache.coyote.http11.Http11Protocol pause
INFO: Pausing Coyote HTTP/1.1 on http-8080
Sep 03, 2012 3:06:55 PM org.apache.catalina.core.StandardService stop
INFO: Stopping service Catalina
Sep 03, 2012 3:06:55 PM org.apache.coyote.http11.Http11Protocol destroy
INFO: Stopping Coyote HTTP/1.1 on http-8080
Sep 03, 2012 3:16:11 PM org.apache.catalina.core.AprLifecycleListener init
INFO: The APR based Apache Tomcat Native library which allows optimal performance in production environments was not found on the java.library.path: /usr/java/packages/lib/amd64:/usr/lib64:/lib64:/lib:/usr/lib
Sep 03, 2012 3:16:11 PM org.apache.tomcat.util.digester.SetPropertiesRule begin
WARNING: [SetPropertiesRule]{Server/Service/Engine/Host/Context} Setting property 'debug' to '5' did not find a matching property.
Sep 03, 2012 3:16:11 PM org.apache.coyote.http11.Http11Protocol init
SEVERE: Error initializing endpoint
java.net.BindException: Address already in use <null>:8080
	at org.apache.tomcat.util.net.JIoEndpoint.init(JIoEndpoint.java:549)
	at org.apache.coyote.http11.Http11Protocol.init(Http11Protocol.java:176)
	at org.apache.catalina.connector.Connector.initialize(Connector.java:1049)
	at org.apache.catalina.core.StandardService.initialize(StandardService.java:703)
	at org.apache.catalina.core.StandardServer.initialize(StandardServer.java:838)
	at org.apache.catalina.startup.Catalina.load(Catalina.java:538)
	at org.apache.catalina.startup.Catalina.load(Catalina.java:562)
	at sun.reflect.NativeMethodAccessorImpl.invoke0(Native Method)
	at sun.reflect.NativeMethodAccessorImpl.invoke(NativeMethodAccessorImpl.java:57)
	at sun.reflect.DelegatingMethodAccessorImpl.invoke(DelegatingMethodAccessorImpl.java:43)
	at java.lang.reflect.Method.invoke(Method.java:601)
	at org.apache.catalina.startup.Bootstrap.load(Bootstrap.java:261)
	at org.apache.catalina.startup.Bootstrap.main(Bootstrap.java:413)
Caused by: java.net.BindException: Address already in use
	at java.net.PlainSocketImpl.socketBind(Native Method)
	at java.net.AbstractPlainSocketImpl.bind(AbstractPlainSocketImpl.java:376)
	at java.net.ServerSocket.bind(ServerSocket.java:376)
	at java.net.ServerSocket.<init>(ServerSocket.java:237)
	at java.net.ServerSocket.<init>(ServerSocket.java:181)
	at org.apache.tomcat.util.net.DefaultServerSocketFactory.createSocket(DefaultServerSocketFactory.java:50)
	at org.apache.tomcat.util.net.JIoEndpoint.init(JIoEndpoint.java:538)
	... 12 more

Sep 03, 2012 3:16:11 PM org.apache.catalina.core.StandardService initialize
SEVERE: Failed to initialize connector [Connector[HTTP/1.1-8080]]
LifecycleException:  Protocol handler initialization failed: java.net.BindException: Address already in use <null>:8080
	at org.apache.catalina.connector.Connector.initialize(Connector.java:1051)
	at org.apache.catalina.core.StandardService.initialize(StandardService.java:703)
	at org.apache.catalina.core.StandardServer.initialize(StandardServer.java:838)
	at org.apache.catalina.startup.Catalina.load(Catalina.java:538)
	at org.apache.catalina.startup.Catalina.load(Catalina.java:562)
	at sun.reflect.NativeMethodAccessorImpl.invoke0(Native Method)
	at sun.reflect.NativeMethodAccessorImpl.invoke(NativeMethodAccessorImpl.java:57)
	at sun.reflect.DelegatingMethodAccessorImpl.invoke(DelegatingMethodAccessorImpl.java:43)
	at java.lang.reflect.Method.invoke(Method.java:601)
	at org.apache.catalina.startup.Bootstrap.load(Bootstrap.java:261)
	at org.apache.catalina.startup.Bootstrap.main(Bootstrap.java:413)

Sep 03, 2012 3:16:11 PM org.apache.catalina.startup.Catalina load
INFO: Initialization processed in 698 ms
Sep 03, 2012 3:16:11 PM org.apache.catalina.core.StandardService start
INFO: Starting service Catalina
Sep 03, 2012 3:16:11 PM org.apache.catalina.core.StandardEngine start
INFO: Starting Servlet Engine: Apache Tomcat/6.0.35
Sep 03, 2012 3:16:12 PM org.apache.catalina.startup.HostConfig deployDescriptor
INFO: Deploying configuration descriptor manager.xml
Sep 03, 2012 3:16:12 PM org.apache.catalina.startup.HostConfig deployDescriptor
INFO: Deploying configuration descriptor host-manager.xml
Sep 03, 2012 3:16:12 PM org.apache.catalina.startup.HostConfig deployDirectory
INFO: Deploying web application directory examples
Sep 03, 2012 3:16:12 PM org.apache.catalina.startup.HostConfig deployDirectory
INFO: Deploying web application directory docs
Sep 03, 2012 3:16:12 PM org.apache.coyote.http11.Http11Protocol start
SEVERE: Error starting endpoint
java.net.BindException: Address already in use <null>:8080
	at org.apache.tomcat.util.net.JIoEndpoint.init(JIoEndpoint.java:549)
	at org.apache.tomcat.util.net.JIoEndpoint.start(JIoEndpoint.java:565)
	at org.apache.coyote.http11.Http11Protocol.start(Http11Protocol.java:203)
	at org.apache.catalina.connector.Connector.start(Connector.java:1122)
	at org.apache.catalina.core.StandardService.start(StandardService.java:540)
	at org.apache.catalina.core.StandardServer.start(StandardServer.java:754)
	at org.apache.catalina.startup.Catalina.start(Catalina.java:595)
	at sun.reflect.NativeMethodAccessorImpl.invoke0(Native Method)
	at sun.reflect.NativeMethodAccessorImpl.invoke(NativeMethodAccessorImpl.java:57)
	at sun.reflect.DelegatingMethodAccessorImpl.invoke(DelegatingMethodAccessorImpl.java:43)
	at java.lang.reflect.Method.invoke(Method.java:601)
	at org.apache.catalina.startup.Bootstrap.start(Bootstrap.java:289)
	at org.apache.catalina.startup.Bootstrap.main(Bootstrap.java:414)
Caused by: java.net.BindException: Address already in use
	at java.net.PlainSocketImpl.socketBind(Native Method)
	at java.net.AbstractPlainSocketImpl.bind(AbstractPlainSocketImpl.java:376)
	at java.net.ServerSocket.bind(ServerSocket.java:376)
	at java.net.ServerSocket.<init>(ServerSocket.java:237)
	at java.net.ServerSocket.<init>(ServerSocket.java:181)
	at org.apache.tomcat.util.net.DefaultServerSocketFactory.createSocket(DefaultServerSocketFactory.java:50)
	at org.apache.tomcat.util.net.JIoEndpoint.init(JIoEndpoint.java:538)
	... 12 more

Sep 03, 2012 3:16:12 PM org.apache.catalina.core.StandardService start
SEVERE: Failed to start connector [Connector[HTTP/1.1-8080]]
LifecycleException:  service.getName(): "Catalina";  Protocol handler start failed: java.net.BindException: Address already in use <null>:8080
	at org.apache.catalina.connector.Connector.start(Connector.java:1129)
	at org.apache.catalina.core.StandardService.start(StandardService.java:540)
	at org.apache.catalina.core.StandardServer.start(StandardServer.java:754)
	at org.apache.catalina.startup.Catalina.start(Catalina.java:595)
	at sun.reflect.NativeMethodAccessorImpl.invoke0(Native Method)
	at sun.reflect.NativeMethodAccessorImpl.invoke(NativeMethodAccessorImpl.java:57)
	at sun.reflect.DelegatingMethodAccessorImpl.invoke(DelegatingMethodAccessorImpl.java:43)
	at java.lang.reflect.Method.invoke(Method.java:601)
	at org.apache.catalina.startup.Bootstrap.start(Bootstrap.java:289)
	at org.apache.catalina.startup.Bootstrap.main(Bootstrap.java:414)

Sep 03, 2012 3:16:12 PM org.apache.jk.common.ChannelSocket init
INFO: Port busy 8009 java.net.BindException: Address already in use
Sep 03, 2012 3:16:12 PM org.apache.jk.common.ChannelSocket init
SEVERE: Can't find free port 8009 8009
Sep 03, 2012 3:16:12 PM org.apache.jk.server.JkMain start
INFO: Jk running ID=0 time=0/14  config=null
Sep 03, 2012 3:16:12 PM org.apache.catalina.startup.Catalina start
INFO: Server startup in 636 ms
Sep 03, 2012 3:16:12 PM org.apache.catalina.core.StandardServer await
SEVERE: StandardServer.await: create[8001]: 
java.net.BindException: Address already in use
	at java.net.PlainSocketImpl.socketBind(Native Method)
	at java.net.AbstractPlainSocketImpl.bind(AbstractPlainSocketImpl.java:376)
	at java.net.ServerSocket.bind(ServerSocket.java:376)
	at java.net.ServerSocket.<init>(ServerSocket.java:237)
	at org.apache.catalina.core.StandardServer.await(StandardServer.java:406)
	at org.apache.catalina.startup.Catalina.await(Catalina.java:676)
	at org.apache.catalina.startup.Catalina.start(Catalina.java:628)
	at sun.reflect.NativeMethodAccessorImpl.invoke0(Native Method)
	at sun.reflect.NativeMethodAccessorImpl.invoke(NativeMethodAccessorImpl.java:57)
	at sun.reflect.DelegatingMethodAccessorImpl.invoke(DelegatingMethodAccessorImpl.java:43)
	at java.lang.reflect.Method.invoke(Method.java:601)
	at org.apache.catalina.startup.Bootstrap.start(Bootstrap.java:289)
	at org.apache.catalina.startup.Bootstrap.main(Bootstrap.java:414)

Sep 03, 2012 3:16:12 PM org.apache.coyote.http11.Http11Protocol pause
INFO: Pausing Coyote HTTP/1.1 on http-8080
Sep 03, 2012 3:16:13 PM org.apache.catalina.core.StandardService stop
INFO: Stopping service Catalina
Sep 03, 2012 3:16:13 PM org.apache.coyote.http11.Http11Protocol destroy
INFO: Stopping Coyote HTTP/1.1 on http-8080
Sep 03, 2012 3:23:24 PM org.apache.catalina.core.AprLifecycleListener init
INFO: The APR based Apache Tomcat Native library which allows optimal performance in production environments was not found on the java.library.path: /usr/java/packages/lib/amd64:/usr/lib64:/lib64:/lib:/usr/lib
Sep 03, 2012 3:23:24 PM org.apache.tomcat.util.digester.SetPropertiesRule begin
WARNING: [SetPropertiesRule]{Server/Service/Engine/Host/Context} Setting property 'debug' to '5' did not find a matching property.
Sep 03, 2012 3:23:24 PM org.apache.coyote.http11.Http11Protocol init
SEVERE: Error initializing endpoint
java.net.BindException: Address already in use <null>:8080
	at org.apache.tomcat.util.net.JIoEndpoint.init(JIoEndpoint.java:549)
	at org.apache.coyote.http11.Http11Protocol.init(Http11Protocol.java:176)
	at org.apache.catalina.connector.Connector.initialize(Connector.java:1049)
	at org.apache.catalina.core.StandardService.initialize(StandardService.java:703)
	at org.apache.catalina.core.StandardServer.initialize(StandardServer.java:838)
	at org.apache.catalina.startup.Catalina.load(Catalina.java:538)
	at org.apache.catalina.startup.Catalina.load(Catalina.java:562)
	at sun.reflect.NativeMethodAccessorImpl.invoke0(Native Method)
	at sun.reflect.NativeMethodAccessorImpl.invoke(NativeMethodAccessorImpl.java:57)
	at sun.reflect.DelegatingMethodAccessorImpl.invoke(DelegatingMethodAccessorImpl.java:43)
	at java.lang.reflect.Method.invoke(Method.java:601)
	at org.apache.catalina.startup.Bootstrap.load(Bootstrap.java:261)
	at org.apache.catalina.startup.Bootstrap.main(Bootstrap.java:413)
Caused by: java.net.BindException: Address already in use
	at java.net.PlainSocketImpl.socketBind(Native Method)
	at java.net.AbstractPlainSocketImpl.bind(AbstractPlainSocketImpl.java:376)
	at java.net.ServerSocket.bind(ServerSocket.java:376)
	at java.net.ServerSocket.<init>(ServerSocket.java:237)
	at java.net.ServerSocket.<init>(ServerSocket.java:181)
	at org.apache.tomcat.util.net.DefaultServerSocketFactory.createSocket(DefaultServerSocketFactory.java:50)
	at org.apache.tomcat.util.net.JIoEndpoint.init(JIoEndpoint.java:538)
	... 12 more

Sep 03, 2012 3:23:24 PM org.apache.catalina.core.StandardService initialize
SEVERE: Failed to initialize connector [Connector[HTTP/1.1-8080]]
LifecycleException:  Protocol handler initialization failed: java.net.BindException: Address already in use <null>:8080
	at org.apache.catalina.connector.Connector.initialize(Connector.java:1051)
	at org.apache.catalina.core.StandardService.initialize(StandardService.java:703)
	at org.apache.catalina.core.StandardServer.initialize(StandardServer.java:838)
	at org.apache.catalina.startup.Catalina.load(Catalina.java:538)
	at org.apache.catalina.startup.Catalina.load(Catalina.java:562)
	at sun.reflect.NativeMethodAccessorImpl.invoke0(Native Method)
	at sun.reflect.NativeMethodAccessorImpl.invoke(NativeMethodAccessorImpl.java:57)
	at sun.reflect.DelegatingMethodAccessorImpl.invoke(DelegatingMethodAccessorImpl.java:43)
	at java.lang.reflect.Method.invoke(Method.java:601)
	at org.apache.catalina.startup.Bootstrap.load(Bootstrap.java:261)
	at org.apache.catalina.startup.Bootstrap.main(Bootstrap.java:413)

Sep 03, 2012 3:23:24 PM org.apache.catalina.startup.Catalina load
INFO: Initialization processed in 665 ms
Sep 03, 2012 3:23:24 PM org.apache.catalina.core.StandardService start
INFO: Starting service Catalina
Sep 03, 2012 3:23:24 PM org.apache.catalina.core.StandardEngine start
INFO: Starting Servlet Engine: Apache Tomcat/6.0.35
Sep 03, 2012 3:23:24 PM org.apache.catalina.startup.HostConfig deployDescriptor
INFO: Deploying configuration descriptor manager.xml
Sep 03, 2012 3:23:25 PM org.apache.catalina.startup.HostConfig deployDescriptor
INFO: Deploying configuration descriptor host-manager.xml
Sep 03, 2012 3:23:25 PM org.apache.catalina.startup.HostConfig deployDirectory
INFO: Deploying web application directory examples
Sep 03, 2012 3:23:25 PM org.apache.catalina.startup.HostConfig deployDirectory
INFO: Deploying web application directory docs
Sep 03, 2012 3:23:25 PM org.apache.coyote.http11.Http11Protocol start
SEVERE: Error starting endpoint
java.net.BindException: Address already in use <null>:8080
	at org.apache.tomcat.util.net.JIoEndpoint.init(JIoEndpoint.java:549)
	at org.apache.tomcat.util.net.JIoEndpoint.start(JIoEndpoint.java:565)
	at org.apache.coyote.http11.Http11Protocol.start(Http11Protocol.java:203)
	at org.apache.catalina.connector.Connector.start(Connector.java:1122)
	at org.apache.catalina.core.StandardService.start(StandardService.java:540)
	at org.apache.catalina.core.StandardServer.start(StandardServer.java:754)
	at org.apache.catalina.startup.Catalina.start(Catalina.java:595)
	at sun.reflect.NativeMethodAccessorImpl.invoke0(Native Method)
	at sun.reflect.NativeMethodAccessorImpl.invoke(NativeMethodAccessorImpl.java:57)
	at sun.reflect.DelegatingMethodAccessorImpl.invoke(DelegatingMethodAccessorImpl.java:43)
	at java.lang.reflect.Method.invoke(Method.java:601)
	at org.apache.catalina.startup.Bootstrap.start(Bootstrap.java:289)
	at org.apache.catalina.startup.Bootstrap.main(Bootstrap.java:414)
Caused by: java.net.BindException: Address already in use
	at java.net.PlainSocketImpl.socketBind(Native Method)
	at java.net.AbstractPlainSocketImpl.bind(AbstractPlainSocketImpl.java:376)
	at java.net.ServerSocket.bind(ServerSocket.java:376)
	at java.net.ServerSocket.<init>(ServerSocket.java:237)
	at java.net.ServerSocket.<init>(ServerSocket.java:181)
	at org.apache.tomcat.util.net.DefaultServerSocketFactory.createSocket(DefaultServerSocketFactory.java:50)
	at org.apache.tomcat.util.net.JIoEndpoint.init(JIoEndpoint.java:538)
	... 12 more

Sep 03, 2012 3:23:25 PM org.apache.catalina.core.StandardService start
SEVERE: Failed to start connector [Connector[HTTP/1.1-8080]]
LifecycleException:  service.getName(): "Catalina";  Protocol handler start failed: java.net.BindException: Address already in use <null>:8080
	at org.apache.catalina.connector.Connector.start(Connector.java:1129)
	at org.apache.catalina.core.StandardService.start(StandardService.java:540)
	at org.apache.catalina.core.StandardServer.start(StandardServer.java:754)
	at org.apache.catalina.startup.Catalina.start(Catalina.java:595)
	at sun.reflect.NativeMethodAccessorImpl.invoke0(Native Method)
	at sun.reflect.NativeMethodAccessorImpl.invoke(NativeMethodAccessorImpl.java:57)
	at sun.reflect.DelegatingMethodAccessorImpl.invoke(DelegatingMethodAccessorImpl.java:43)
	at java.lang.reflect.Method.invoke(Method.java:601)
	at org.apache.catalina.startup.Bootstrap.start(Bootstrap.java:289)
	at org.apache.catalina.startup.Bootstrap.main(Bootstrap.java:414)

Sep 03, 2012 3:23:25 PM org.apache.jk.common.ChannelSocket init
INFO: Port busy 8009 java.net.BindException: Address already in use
Sep 03, 2012 3:23:25 PM org.apache.jk.common.ChannelSocket init
SEVERE: Can't find free port 8009 8009
Sep 03, 2012 3:23:25 PM org.apache.jk.server.JkMain start
INFO: Jk running ID=0 time=0/16  config=null
Sep 03, 2012 3:23:25 PM org.apache.catalina.startup.Catalina start
INFO: Server startup in 636 ms
Sep 03, 2012 3:23:25 PM org.apache.catalina.core.StandardServer await
SEVERE: StandardServer.await: create[8001]: 
java.net.BindException: Address already in use
	at java.net.PlainSocketImpl.socketBind(Native Method)
	at java.net.AbstractPlainSocketImpl.bind(AbstractPlainSocketImpl.java:376)
	at java.net.ServerSocket.bind(ServerSocket.java:376)
	at java.net.ServerSocket.<init>(ServerSocket.java:237)
	at org.apache.catalina.core.StandardServer.await(StandardServer.java:406)
	at org.apache.catalina.startup.Catalina.await(Catalina.java:676)
	at org.apache.catalina.startup.Catalina.start(Catalina.java:628)
	at sun.reflect.NativeMethodAccessorImpl.invoke0(Native Method)
	at sun.reflect.NativeMethodAccessorImpl.invoke(NativeMethodAccessorImpl.java:57)
	at sun.reflect.DelegatingMethodAccessorImpl.invoke(DelegatingMethodAccessorImpl.java:43)
	at java.lang.reflect.Method.invoke(Method.java:601)
	at org.apache.catalina.startup.Bootstrap.start(Bootstrap.java:289)
	at org.apache.catalina.startup.Bootstrap.main(Bootstrap.java:414)

Sep 03, 2012 3:23:25 PM org.apache.coyote.http11.Http11Protocol pause
INFO: Pausing Coyote HTTP/1.1 on http-8080
Sep 03, 2012 3:23:26 PM org.apache.catalina.core.StandardService stop
INFO: Stopping service Catalina
Sep 03, 2012 3:23:26 PM org.apache.coyote.http11.Http11Protocol destroy
INFO: Stopping Coyote HTTP/1.1 on http-8080
Sep 03, 2012 3:57:53 PM org.apache.catalina.core.AprLifecycleListener init
INFO: The APR based Apache Tomcat Native library which allows optimal performance in production environments was not found on the java.library.path: /usr/java/packages/lib/amd64:/usr/lib64:/lib64:/lib:/usr/lib
Sep 03, 2012 3:57:53 PM org.apache.tomcat.util.digester.SetPropertiesRule begin
WARNING: [SetPropertiesRule]{Server/Service/Engine/Host/Context} Setting property 'debug' to '5' did not find a matching property.
Sep 03, 2012 3:57:54 PM org.apache.coyote.http11.Http11Protocol init
SEVERE: Error initializing endpoint
java.net.BindException: Address already in use <null>:8080
	at org.apache.tomcat.util.net.JIoEndpoint.init(JIoEndpoint.java:549)
	at org.apache.coyote.http11.Http11Protocol.init(Http11Protocol.java:176)
	at org.apache.catalina.connector.Connector.initialize(Connector.java:1049)
	at org.apache.catalina.core.StandardService.initialize(StandardService.java:703)
	at org.apache.catalina.core.StandardServer.initialize(StandardServer.java:838)
	at org.apache.catalina.startup.Catalina.load(Catalina.java:538)
	at org.apache.catalina.startup.Catalina.load(Catalina.java:562)
	at sun.reflect.NativeMethodAccessorImpl.invoke0(Native Method)
	at sun.reflect.NativeMethodAccessorImpl.invoke(NativeMethodAccessorImpl.java:57)
	at sun.reflect.DelegatingMethodAccessorImpl.invoke(DelegatingMethodAccessorImpl.java:43)
	at java.lang.reflect.Method.invoke(Method.java:601)
	at org.apache.catalina.startup.Bootstrap.load(Bootstrap.java:261)
	at org.apache.catalina.startup.Bootstrap.main(Bootstrap.java:413)
Caused by: java.net.BindException: Address already in use
	at java.net.PlainSocketImpl.socketBind(Native Method)
	at java.net.AbstractPlainSocketImpl.bind(AbstractPlainSocketImpl.java:376)
	at java.net.ServerSocket.bind(ServerSocket.java:376)
	at java.net.ServerSocket.<init>(ServerSocket.java:237)
	at java.net.ServerSocket.<init>(ServerSocket.java:181)
	at org.apache.tomcat.util.net.DefaultServerSocketFactory.createSocket(DefaultServerSocketFactory.java:50)
	at org.apache.tomcat.util.net.JIoEndpoint.init(JIoEndpoint.java:538)
	... 12 more

Sep 03, 2012 3:57:54 PM org.apache.catalina.core.StandardService initialize
SEVERE: Failed to initialize connector [Connector[HTTP/1.1-8080]]
LifecycleException:  Protocol handler initialization failed: java.net.BindException: Address already in use <null>:8080
	at org.apache.catalina.connector.Connector.initialize(Connector.java:1051)
	at org.apache.catalina.core.StandardService.initialize(StandardService.java:703)
	at org.apache.catalina.core.StandardServer.initialize(StandardServer.java:838)
	at org.apache.catalina.startup.Catalina.load(Catalina.java:538)
	at org.apache.catalina.startup.Catalina.load(Catalina.java:562)
	at sun.reflect.NativeMethodAccessorImpl.invoke0(Native Method)
	at sun.reflect.NativeMethodAccessorImpl.invoke(NativeMethodAccessorImpl.java:57)
	at sun.reflect.DelegatingMethodAccessorImpl.invoke(DelegatingMethodAccessorImpl.java:43)
	at java.lang.reflect.Method.invoke(Method.java:601)
	at org.apache.catalina.startup.Bootstrap.load(Bootstrap.java:261)
	at org.apache.catalina.startup.Bootstrap.main(Bootstrap.java:413)

Sep 03, 2012 3:57:54 PM org.apache.catalina.startup.Catalina load
INFO: Initialization processed in 681 ms
Sep 03, 2012 3:57:54 PM org.apache.catalina.core.StandardService start
INFO: Starting service Catalina
Sep 03, 2012 3:57:54 PM org.apache.catalina.core.StandardEngine start
INFO: Starting Servlet Engine: Apache Tomcat/6.0.35
Sep 03, 2012 3:57:54 PM org.apache.catalina.startup.HostConfig deployDescriptor
INFO: Deploying configuration descriptor manager.xml
Sep 03, 2012 3:57:54 PM org.apache.catalina.startup.HostConfig deployDescriptor
INFO: Deploying configuration descriptor host-manager.xml
Sep 03, 2012 3:57:54 PM org.apache.catalina.startup.HostConfig deployDirectory
INFO: Deploying web application directory examples
Sep 03, 2012 3:57:54 PM org.apache.catalina.startup.HostConfig deployDirectory
INFO: Deploying web application directory docs
Sep 03, 2012 3:57:54 PM org.apache.coyote.http11.Http11Protocol start
SEVERE: Error starting endpoint
java.net.BindException: Address already in use <null>:8080
	at org.apache.tomcat.util.net.JIoEndpoint.init(JIoEndpoint.java:549)
	at org.apache.tomcat.util.net.JIoEndpoint.start(JIoEndpoint.java:565)
	at org.apache.coyote.http11.Http11Protocol.start(Http11Protocol.java:203)
	at org.apache.catalina.connector.Connector.start(Connector.java:1122)
	at org.apache.catalina.core.StandardService.start(StandardService.java:540)
	at org.apache.catalina.core.StandardServer.start(StandardServer.java:754)
	at org.apache.catalina.startup.Catalina.start(Catalina.java:595)
	at sun.reflect.NativeMethodAccessorImpl.invoke0(Native Method)
	at sun.reflect.NativeMethodAccessorImpl.invoke(NativeMethodAccessorImpl.java:57)
	at sun.reflect.DelegatingMethodAccessorImpl.invoke(DelegatingMethodAccessorImpl.java:43)
	at java.lang.reflect.Method.invoke(Method.java:601)
	at org.apache.catalina.startup.Bootstrap.start(Bootstrap.java:289)
	at org.apache.catalina.startup.Bootstrap.main(Bootstrap.java:414)
Caused by: java.net.BindException: Address already in use
	at java.net.PlainSocketImpl.socketBind(Native Method)
	at java.net.AbstractPlainSocketImpl.bind(AbstractPlainSocketImpl.java:376)
	at java.net.ServerSocket.bind(ServerSocket.java:376)
	at java.net.ServerSocket.<init>(ServerSocket.java:237)
	at java.net.ServerSocket.<init>(ServerSocket.java:181)
	at org.apache.tomcat.util.net.DefaultServerSocketFactory.createSocket(DefaultServerSocketFactory.java:50)
	at org.apache.tomcat.util.net.JIoEndpoint.init(JIoEndpoint.java:538)
	... 12 more

Sep 03, 2012 3:57:54 PM org.apache.catalina.core.StandardService start
SEVERE: Failed to start connector [Connector[HTTP/1.1-8080]]
LifecycleException:  service.getName(): "Catalina";  Protocol handler start failed: java.net.BindException: Address already in use <null>:8080
	at org.apache.catalina.connector.Connector.start(Connector.java:1129)
	at org.apache.catalina.core.StandardService.start(StandardService.java:540)
	at org.apache.catalina.core.StandardServer.start(StandardServer.java:754)
	at org.apache.catalina.startup.Catalina.start(Catalina.java:595)
	at sun.reflect.NativeMethodAccessorImpl.invoke0(Native Method)
	at sun.reflect.NativeMethodAccessorImpl.invoke(NativeMethodAccessorImpl.java:57)
	at sun.reflect.DelegatingMethodAccessorImpl.invoke(DelegatingMethodAccessorImpl.java:43)
	at java.lang.reflect.Method.invoke(Method.java:601)
	at org.apache.catalina.startup.Bootstrap.start(Bootstrap.java:289)
	at org.apache.catalina.startup.Bootstrap.main(Bootstrap.java:414)

Sep 03, 2012 3:57:54 PM org.apache.jk.common.ChannelSocket init
INFO: Port busy 8009 java.net.BindException: Address already in use
Sep 03, 2012 3:57:54 PM org.apache.jk.common.ChannelSocket init
SEVERE: Can't find free port 8009 8009
Sep 03, 2012 3:57:54 PM org.apache.jk.server.JkMain start
INFO: Jk running ID=0 time=0/15  config=null
Sep 03, 2012 3:57:54 PM org.apache.catalina.startup.Catalina start
INFO: Server startup in 632 ms
Sep 03, 2012 3:57:54 PM org.apache.catalina.core.StandardServer await
SEVERE: StandardServer.await: create[8001]: 
java.net.BindException: Address already in use
	at java.net.PlainSocketImpl.socketBind(Native Method)
	at java.net.AbstractPlainSocketImpl.bind(AbstractPlainSocketImpl.java:376)
	at java.net.ServerSocket.bind(ServerSocket.java:376)
	at java.net.ServerSocket.<init>(ServerSocket.java:237)
	at org.apache.catalina.core.StandardServer.await(StandardServer.java:406)
	at org.apache.catalina.startup.Catalina.await(Catalina.java:676)
	at org.apache.catalina.startup.Catalina.start(Catalina.java:628)
	at sun.reflect.NativeMethodAccessorImpl.invoke0(Native Method)
	at sun.reflect.NativeMethodAccessorImpl.invoke(NativeMethodAccessorImpl.java:57)
	at sun.reflect.DelegatingMethodAccessorImpl.invoke(DelegatingMethodAccessorImpl.java:43)
	at java.lang.reflect.Method.invoke(Method.java:601)
	at org.apache.catalina.startup.Bootstrap.start(Bootstrap.java:289)
	at org.apache.catalina.startup.Bootstrap.main(Bootstrap.java:414)

Sep 03, 2012 3:57:54 PM org.apache.coyote.http11.Http11Protocol pause
INFO: Pausing Coyote HTTP/1.1 on http-8080
Sep 03, 2012 3:57:55 PM org.apache.catalina.core.StandardService stop
INFO: Stopping service Catalina
Sep 03, 2012 3:57:55 PM org.apache.coyote.http11.Http11Protocol destroy
INFO: Stopping Coyote HTTP/1.1 on http-8080
Sep 03, 2012 4:47:43 PM org.apache.catalina.core.AprLifecycleListener init
INFO: The APR based Apache Tomcat Native library which allows optimal performance in production environments was not found on the java.library.path: /usr/java/packages/lib/amd64:/usr/lib64:/lib64:/lib:/usr/lib
Sep 03, 2012 4:47:43 PM org.apache.tomcat.util.digester.SetPropertiesRule begin
WARNING: [SetPropertiesRule]{Server/Service/Engine/Host/Context} Setting property 'debug' to '5' did not find a matching property.
Sep 03, 2012 4:47:43 PM org.apache.coyote.http11.Http11Protocol init
SEVERE: Error initializing endpoint
java.net.BindException: Address already in use <null>:8080
	at org.apache.tomcat.util.net.JIoEndpoint.init(JIoEndpoint.java:549)
	at org.apache.coyote.http11.Http11Protocol.init(Http11Protocol.java:176)
	at org.apache.catalina.connector.Connector.initialize(Connector.java:1049)
	at org.apache.catalina.core.StandardService.initialize(StandardService.java:703)
	at org.apache.catalina.core.StandardServer.initialize(StandardServer.java:838)
	at org.apache.catalina.startup.Catalina.load(Catalina.java:538)
	at org.apache.catalina.startup.Catalina.load(Catalina.java:562)
	at sun.reflect.NativeMethodAccessorImpl.invoke0(Native Method)
	at sun.reflect.NativeMethodAccessorImpl.invoke(NativeMethodAccessorImpl.java:57)
	at sun.reflect.DelegatingMethodAccessorImpl.invoke(DelegatingMethodAccessorImpl.java:43)
	at java.lang.reflect.Method.invoke(Method.java:601)
	at org.apache.catalina.startup.Bootstrap.load(Bootstrap.java:261)
	at org.apache.catalina.startup.Bootstrap.main(Bootstrap.java:413)
Caused by: java.net.BindException: Address already in use
	at java.net.PlainSocketImpl.socketBind(Native Method)
	at java.net.AbstractPlainSocketImpl.bind(AbstractPlainSocketImpl.java:376)
	at java.net.ServerSocket.bind(ServerSocket.java:376)
	at java.net.ServerSocket.<init>(ServerSocket.java:237)
	at java.net.ServerSocket.<init>(ServerSocket.java:181)
	at org.apache.tomcat.util.net.DefaultServerSocketFactory.createSocket(DefaultServerSocketFactory.java:50)
	at org.apache.tomcat.util.net.JIoEndpoint.init(JIoEndpoint.java:538)
	... 12 more

Sep 03, 2012 4:47:43 PM org.apache.catalina.core.StandardService initialize
SEVERE: Failed to initialize connector [Connector[HTTP/1.1-8080]]
LifecycleException:  Protocol handler initialization failed: java.net.BindException: Address already in use <null>:8080
	at org.apache.catalina.connector.Connector.initialize(Connector.java:1051)
	at org.apache.catalina.core.StandardService.initialize(StandardService.java:703)
	at org.apache.catalina.core.StandardServer.initialize(StandardServer.java:838)
	at org.apache.catalina.startup.Catalina.load(Catalina.java:538)
	at org.apache.catalina.startup.Catalina.load(Catalina.java:562)
	at sun.reflect.NativeMethodAccessorImpl.invoke0(Native Method)
	at sun.reflect.NativeMethodAccessorImpl.invoke(NativeMethodAccessorImpl.java:57)
	at sun.reflect.DelegatingMethodAccessorImpl.invoke(DelegatingMethodAccessorImpl.java:43)
	at java.lang.reflect.Method.invoke(Method.java:601)
	at org.apache.catalina.startup.Bootstrap.load(Bootstrap.java:261)
	at org.apache.catalina.startup.Bootstrap.main(Bootstrap.java:413)

Sep 03, 2012 4:47:43 PM org.apache.catalina.startup.Catalina load
INFO: Initialization processed in 688 ms
Sep 03, 2012 4:47:43 PM org.apache.catalina.core.StandardService start
INFO: Starting service Catalina
Sep 03, 2012 4:47:43 PM org.apache.catalina.core.StandardEngine start
INFO: Starting Servlet Engine: Apache Tomcat/6.0.35
Sep 03, 2012 4:47:43 PM org.apache.catalina.startup.HostConfig deployDescriptor
INFO: Deploying configuration descriptor manager.xml
Sep 03, 2012 4:47:43 PM org.apache.catalina.startup.HostConfig deployDescriptor
INFO: Deploying configuration descriptor host-manager.xml
Sep 03, 2012 4:47:43 PM org.apache.catalina.startup.HostConfig deployDirectory
INFO: Deploying web application directory examples
Sep 03, 2012 4:47:43 PM org.apache.catalina.startup.HostConfig deployDirectory
INFO: Deploying web application directory docs
Sep 03, 2012 4:47:43 PM org.apache.coyote.http11.Http11Protocol start
SEVERE: Error starting endpoint
java.net.BindException: Address already in use <null>:8080
	at org.apache.tomcat.util.net.JIoEndpoint.init(JIoEndpoint.java:549)
	at org.apache.tomcat.util.net.JIoEndpoint.start(JIoEndpoint.java:565)
	at org.apache.coyote.http11.Http11Protocol.start(Http11Protocol.java:203)
	at org.apache.catalina.connector.Connector.start(Connector.java:1122)
	at org.apache.catalina.core.StandardService.start(StandardService.java:540)
	at org.apache.catalina.core.StandardServer.start(StandardServer.java:754)
	at org.apache.catalina.startup.Catalina.start(Catalina.java:595)
	at sun.reflect.NativeMethodAccessorImpl.invoke0(Native Method)
	at sun.reflect.NativeMethodAccessorImpl.invoke(NativeMethodAccessorImpl.java:57)
	at sun.reflect.DelegatingMethodAccessorImpl.invoke(DelegatingMethodAccessorImpl.java:43)
	at java.lang.reflect.Method.invoke(Method.java:601)
	at org.apache.catalina.startup.Bootstrap.start(Bootstrap.java:289)
	at org.apache.catalina.startup.Bootstrap.main(Bootstrap.java:414)
Caused by: java.net.BindException: Address already in use
	at java.net.PlainSocketImpl.socketBind(Native Method)
	at java.net.AbstractPlainSocketImpl.bind(AbstractPlainSocketImpl.java:376)
	at java.net.ServerSocket.bind(ServerSocket.java:376)
	at java.net.ServerSocket.<init>(ServerSocket.java:237)
	at java.net.ServerSocket.<init>(ServerSocket.java:181)
	at org.apache.tomcat.util.net.DefaultServerSocketFactory.createSocket(DefaultServerSocketFactory.java:50)
	at org.apache.tomcat.util.net.JIoEndpoint.init(JIoEndpoint.java:538)
	... 12 more

Sep 03, 2012 4:47:43 PM org.apache.catalina.core.StandardService start
SEVERE: Failed to start connector [Connector[HTTP/1.1-8080]]
LifecycleException:  service.getName(): "Catalina";  Protocol handler start failed: java.net.BindException: Address already in use <null>:8080
	at org.apache.catalina.connector.Connector.start(Connector.java:1129)
	at org.apache.catalina.core.StandardService.start(StandardService.java:540)
	at org.apache.catalina.core.StandardServer.start(StandardServer.java:754)
	at org.apache.catalina.startup.Catalina.start(Catalina.java:595)
	at sun.reflect.NativeMethodAccessorImpl.invoke0(Native Method)
	at sun.reflect.NativeMethodAccessorImpl.invoke(NativeMethodAccessorImpl.java:57)
	at sun.reflect.DelegatingMethodAccessorImpl.invoke(DelegatingMethodAccessorImpl.java:43)
	at java.lang.reflect.Method.invoke(Method.java:601)
	at org.apache.catalina.startup.Bootstrap.start(Bootstrap.java:289)
	at org.apache.catalina.startup.Bootstrap.main(Bootstrap.java:414)

Sep 03, 2012 4:47:43 PM org.apache.jk.common.ChannelSocket init
INFO: Port busy 8009 java.net.BindException: Address already in use
Sep 03, 2012 4:47:43 PM org.apache.jk.common.ChannelSocket init
SEVERE: Can't find free port 8009 8009
Sep 03, 2012 4:47:43 PM org.apache.jk.server.JkMain start
INFO: Jk running ID=0 time=0/15  config=null
Sep 03, 2012 4:47:44 PM org.apache.catalina.startup.Catalina start
INFO: Server startup in 640 ms
Sep 03, 2012 4:47:44 PM org.apache.catalina.core.StandardServer await
SEVERE: StandardServer.await: create[8001]: 
java.net.BindException: Address already in use
	at java.net.PlainSocketImpl.socketBind(Native Method)
	at java.net.AbstractPlainSocketImpl.bind(AbstractPlainSocketImpl.java:376)
	at java.net.ServerSocket.bind(ServerSocket.java:376)
	at java.net.ServerSocket.<init>(ServerSocket.java:237)
	at org.apache.catalina.core.StandardServer.await(StandardServer.java:406)
	at org.apache.catalina.startup.Catalina.await(Catalina.java:676)
	at org.apache.catalina.startup.Catalina.start(Catalina.java:628)
	at sun.reflect.NativeMethodAccessorImpl.invoke0(Native Method)
	at sun.reflect.NativeMethodAccessorImpl.invoke(NativeMethodAccessorImpl.java:57)
	at sun.reflect.DelegatingMethodAccessorImpl.invoke(DelegatingMethodAccessorImpl.java:43)
	at java.lang.reflect.Method.invoke(Method.java:601)
	at org.apache.catalina.startup.Bootstrap.start(Bootstrap.java:289)
	at org.apache.catalina.startup.Bootstrap.main(Bootstrap.java:414)

Sep 03, 2012 4:47:44 PM org.apache.coyote.http11.Http11Protocol pause
INFO: Pausing Coyote HTTP/1.1 on http-8080
Sep 03, 2012 4:47:45 PM org.apache.catalina.core.StandardService stop
INFO: Stopping service Catalina
Sep 03, 2012 4:47:45 PM org.apache.coyote.http11.Http11Protocol destroy
INFO: Stopping Coyote HTTP/1.1 on http-8080
Sep 03, 2012 4:49:57 PM org.apache.catalina.core.AprLifecycleListener init
INFO: The APR based Apache Tomcat Native library which allows optimal performance in production environments was not found on the java.library.path: /usr/java/packages/lib/amd64:/usr/lib64:/lib64:/lib:/usr/lib
Sep 03, 2012 4:49:57 PM org.apache.tomcat.util.digester.SetPropertiesRule begin
WARNING: [SetPropertiesRule]{Server/Service/Engine/Host/Context} Setting property 'debug' to '5' did not find a matching property.
Sep 03, 2012 4:49:57 PM org.apache.coyote.http11.Http11Protocol init
SEVERE: Error initializing endpoint
java.net.BindException: Address already in use <null>:8080
	at org.apache.tomcat.util.net.JIoEndpoint.init(JIoEndpoint.java:549)
	at org.apache.coyote.http11.Http11Protocol.init(Http11Protocol.java:176)
	at org.apache.catalina.connector.Connector.initialize(Connector.java:1049)
	at org.apache.catalina.core.StandardService.initialize(StandardService.java:703)
	at org.apache.catalina.core.StandardServer.initialize(StandardServer.java:838)
	at org.apache.catalina.startup.Catalina.load(Catalina.java:538)
	at org.apache.catalina.startup.Catalina.load(Catalina.java:562)
	at sun.reflect.NativeMethodAccessorImpl.invoke0(Native Method)
	at sun.reflect.NativeMethodAccessorImpl.invoke(NativeMethodAccessorImpl.java:57)
	at sun.reflect.DelegatingMethodAccessorImpl.invoke(DelegatingMethodAccessorImpl.java:43)
	at java.lang.reflect.Method.invoke(Method.java:601)
	at org.apache.catalina.startup.Bootstrap.load(Bootstrap.java:261)
	at org.apache.catalina.startup.Bootstrap.main(Bootstrap.java:413)
Caused by: java.net.BindException: Address already in use
	at java.net.PlainSocketImpl.socketBind(Native Method)
	at java.net.AbstractPlainSocketImpl.bind(AbstractPlainSocketImpl.java:376)
	at java.net.ServerSocket.bind(ServerSocket.java:376)
	at java.net.ServerSocket.<init>(ServerSocket.java:237)
	at java.net.ServerSocket.<init>(ServerSocket.java:181)
	at org.apache.tomcat.util.net.DefaultServerSocketFactory.createSocket(DefaultServerSocketFactory.java:50)
	at org.apache.tomcat.util.net.JIoEndpoint.init(JIoEndpoint.java:538)
	... 12 more

Sep 03, 2012 4:49:57 PM org.apache.catalina.core.StandardService initialize
SEVERE: Failed to initialize connector [Connector[HTTP/1.1-8080]]
LifecycleException:  Protocol handler initialization failed: java.net.BindException: Address already in use <null>:8080
	at org.apache.catalina.connector.Connector.initialize(Connector.java:1051)
	at org.apache.catalina.core.StandardService.initialize(StandardService.java:703)
	at org.apache.catalina.core.StandardServer.initialize(StandardServer.java:838)
	at org.apache.catalina.startup.Catalina.load(Catalina.java:538)
	at org.apache.catalina.startup.Catalina.load(Catalina.java:562)
	at sun.reflect.NativeMethodAccessorImpl.invoke0(Native Method)
	at sun.reflect.NativeMethodAccessorImpl.invoke(NativeMethodAccessorImpl.java:57)
	at sun.reflect.DelegatingMethodAccessorImpl.invoke(DelegatingMethodAccessorImpl.java:43)
	at java.lang.reflect.Method.invoke(Method.java:601)
	at org.apache.catalina.startup.Bootstrap.load(Bootstrap.java:261)
	at org.apache.catalina.startup.Bootstrap.main(Bootstrap.java:413)

Sep 03, 2012 4:49:57 PM org.apache.catalina.startup.Catalina load
INFO: Initialization processed in 689 ms
Sep 03, 2012 4:49:57 PM org.apache.catalina.core.StandardService start
INFO: Starting service Catalina
Sep 03, 2012 4:49:57 PM org.apache.catalina.core.StandardEngine start
INFO: Starting Servlet Engine: Apache Tomcat/6.0.35
Sep 03, 2012 4:49:57 PM org.apache.catalina.startup.HostConfig deployDescriptor
INFO: Deploying configuration descriptor manager.xml
Sep 03, 2012 4:49:58 PM org.apache.catalina.startup.HostConfig deployDescriptor
INFO: Deploying configuration descriptor host-manager.xml
Sep 03, 2012 4:49:58 PM org.apache.catalina.startup.HostConfig deployDirectory
INFO: Deploying web application directory examples
Sep 03, 2012 4:49:58 PM org.apache.catalina.startup.HostConfig deployDirectory
INFO: Deploying web application directory docs
Sep 03, 2012 4:49:58 PM org.apache.coyote.http11.Http11Protocol start
SEVERE: Error starting endpoint
java.net.BindException: Address already in use <null>:8080
	at org.apache.tomcat.util.net.JIoEndpoint.init(JIoEndpoint.java:549)
	at org.apache.tomcat.util.net.JIoEndpoint.start(JIoEndpoint.java:565)
	at org.apache.coyote.http11.Http11Protocol.start(Http11Protocol.java:203)
	at org.apache.catalina.connector.Connector.start(Connector.java:1122)
	at org.apache.catalina.core.StandardService.start(StandardService.java:540)
	at org.apache.catalina.core.StandardServer.start(StandardServer.java:754)
	at org.apache.catalina.startup.Catalina.start(Catalina.java:595)
	at sun.reflect.NativeMethodAccessorImpl.invoke0(Native Method)
	at sun.reflect.NativeMethodAccessorImpl.invoke(NativeMethodAccessorImpl.java:57)
	at sun.reflect.DelegatingMethodAccessorImpl.invoke(DelegatingMethodAccessorImpl.java:43)
	at java.lang.reflect.Method.invoke(Method.java:601)
	at org.apache.catalina.startup.Bootstrap.start(Bootstrap.java:289)
	at org.apache.catalina.startup.Bootstrap.main(Bootstrap.java:414)
Caused by: java.net.BindException: Address already in use
	at java.net.PlainSocketImpl.socketBind(Native Method)
	at java.net.AbstractPlainSocketImpl.bind(AbstractPlainSocketImpl.java:376)
	at java.net.ServerSocket.bind(ServerSocket.java:376)
	at java.net.ServerSocket.<init>(ServerSocket.java:237)
	at java.net.ServerSocket.<init>(ServerSocket.java:181)
	at org.apache.tomcat.util.net.DefaultServerSocketFactory.createSocket(DefaultServerSocketFactory.java:50)
	at org.apache.tomcat.util.net.JIoEndpoint.init(JIoEndpoint.java:538)
	... 12 more

Sep 03, 2012 4:49:58 PM org.apache.catalina.core.StandardService start
SEVERE: Failed to start connector [Connector[HTTP/1.1-8080]]
LifecycleException:  service.getName(): "Catalina";  Protocol handler start failed: java.net.BindException: Address already in use <null>:8080
	at org.apache.catalina.connector.Connector.start(Connector.java:1129)
	at org.apache.catalina.core.StandardService.start(StandardService.java:540)
	at org.apache.catalina.core.StandardServer.start(StandardServer.java:754)
	at org.apache.catalina.startup.Catalina.start(Catalina.java:595)
	at sun.reflect.NativeMethodAccessorImpl.invoke0(Native Method)
	at sun.reflect.NativeMethodAccessorImpl.invoke(NativeMethodAccessorImpl.java:57)
	at sun.reflect.DelegatingMethodAccessorImpl.invoke(DelegatingMethodAccessorImpl.java:43)
	at java.lang.reflect.Method.invoke(Method.java:601)
	at org.apache.catalina.startup.Bootstrap.start(Bootstrap.java:289)
	at org.apache.catalina.startup.Bootstrap.main(Bootstrap.java:414)

Sep 03, 2012 4:49:58 PM org.apache.jk.common.ChannelSocket init
INFO: Port busy 8009 java.net.BindException: Address already in use
Sep 03, 2012 4:49:58 PM org.apache.jk.common.ChannelSocket init
SEVERE: Can't find free port 8009 8009
Sep 03, 2012 4:49:58 PM org.apache.jk.server.JkMain start
INFO: Jk running ID=0 time=0/16  config=null
Sep 03, 2012 4:49:58 PM org.apache.catalina.startup.Catalina start
INFO: Server startup in 635 ms
Sep 03, 2012 4:49:58 PM org.apache.catalina.core.StandardServer await
SEVERE: StandardServer.await: create[8001]: 
java.net.BindException: Address already in use
	at java.net.PlainSocketImpl.socketBind(Native Method)
	at java.net.AbstractPlainSocketImpl.bind(AbstractPlainSocketImpl.java:376)
	at java.net.ServerSocket.bind(ServerSocket.java:376)
	at java.net.ServerSocket.<init>(ServerSocket.java:237)
	at org.apache.catalina.core.StandardServer.await(StandardServer.java:406)
	at org.apache.catalina.startup.Catalina.await(Catalina.java:676)
	at org.apache.catalina.startup.Catalina.start(Catalina.java:628)
	at sun.reflect.NativeMethodAccessorImpl.invoke0(Native Method)
	at sun.reflect.NativeMethodAccessorImpl.invoke(NativeMethodAccessorImpl.java:57)
	at sun.reflect.DelegatingMethodAccessorImpl.invoke(DelegatingMethodAccessorImpl.java:43)
	at java.lang.reflect.Method.invoke(Method.java:601)
	at org.apache.catalina.startup.Bootstrap.start(Bootstrap.java:289)
	at org.apache.catalina.startup.Bootstrap.main(Bootstrap.java:414)

Sep 03, 2012 4:49:58 PM org.apache.coyote.http11.Http11Protocol pause
INFO: Pausing Coyote HTTP/1.1 on http-8080
Sep 03, 2012 4:49:59 PM org.apache.catalina.core.StandardService stop
INFO: Stopping service Catalina
Sep 03, 2012 4:49:59 PM org.apache.coyote.http11.Http11Protocol destroy
INFO: Stopping Coyote HTTP/1.1 on http-8080
Sep 03, 2012 6:22:45 PM org.apache.catalina.core.AprLifecycleListener init
INFO: The APR based Apache Tomcat Native library which allows optimal performance in production environments was not found on the java.library.path: /usr/java/packages/lib/amd64:/usr/lib64:/lib64:/lib:/usr/lib
Sep 03, 2012 6:22:45 PM org.apache.tomcat.util.digester.SetPropertiesRule begin
WARNING: [SetPropertiesRule]{Server/Service/Engine/Host/Context} Setting property 'debug' to '5' did not find a matching property.
Sep 03, 2012 6:22:45 PM org.apache.coyote.http11.Http11Protocol init
SEVERE: Error initializing endpoint
java.net.BindException: Address already in use <null>:8080
	at org.apache.tomcat.util.net.JIoEndpoint.init(JIoEndpoint.java:549)
	at org.apache.coyote.http11.Http11Protocol.init(Http11Protocol.java:176)
	at org.apache.catalina.connector.Connector.initialize(Connector.java:1049)
	at org.apache.catalina.core.StandardService.initialize(StandardService.java:703)
	at org.apache.catalina.core.StandardServer.initialize(StandardServer.java:838)
	at org.apache.catalina.startup.Catalina.load(Catalina.java:538)
	at org.apache.catalina.startup.Catalina.load(Catalina.java:562)
	at sun.reflect.NativeMethodAccessorImpl.invoke0(Native Method)
	at sun.reflect.NativeMethodAccessorImpl.invoke(NativeMethodAccessorImpl.java:57)
	at sun.reflect.DelegatingMethodAccessorImpl.invoke(DelegatingMethodAccessorImpl.java:43)
	at java.lang.reflect.Method.invoke(Method.java:601)
	at org.apache.catalina.startup.Bootstrap.load(Bootstrap.java:261)
	at org.apache.catalina.startup.Bootstrap.main(Bootstrap.java:413)
Caused by: java.net.BindException: Address already in use
	at java.net.PlainSocketImpl.socketBind(Native Method)
	at java.net.AbstractPlainSocketImpl.bind(AbstractPlainSocketImpl.java:376)
	at java.net.ServerSocket.bind(ServerSocket.java:376)
	at java.net.ServerSocket.<init>(ServerSocket.java:237)
	at java.net.ServerSocket.<init>(ServerSocket.java:181)
	at org.apache.tomcat.util.net.DefaultServerSocketFactory.createSocket(DefaultServerSocketFactory.java:50)
	at org.apache.tomcat.util.net.JIoEndpoint.init(JIoEndpoint.java:538)
	... 12 more

Sep 03, 2012 6:22:45 PM org.apache.catalina.core.StandardService initialize
SEVERE: Failed to initialize connector [Connector[HTTP/1.1-8080]]
LifecycleException:  Protocol handler initialization failed: java.net.BindException: Address already in use <null>:8080
	at org.apache.catalina.connector.Connector.initialize(Connector.java:1051)
	at org.apache.catalina.core.StandardService.initialize(StandardService.java:703)
	at org.apache.catalina.core.StandardServer.initialize(StandardServer.java:838)
	at org.apache.catalina.startup.Catalina.load(Catalina.java:538)
	at org.apache.catalina.startup.Catalina.load(Catalina.java:562)
	at sun.reflect.NativeMethodAccessorImpl.invoke0(Native Method)
	at sun.reflect.NativeMethodAccessorImpl.invoke(NativeMethodAccessorImpl.java:57)
	at sun.reflect.DelegatingMethodAccessorImpl.invoke(DelegatingMethodAccessorImpl.java:43)
	at java.lang.reflect.Method.invoke(Method.java:601)
	at org.apache.catalina.startup.Bootstrap.load(Bootstrap.java:261)
	at org.apache.catalina.startup.Bootstrap.main(Bootstrap.java:413)

Sep 03, 2012 6:22:45 PM org.apache.catalina.startup.Catalina load
INFO: Initialization processed in 681 ms
Sep 03, 2012 6:22:45 PM org.apache.catalina.core.StandardService start
INFO: Starting service Catalina
Sep 03, 2012 6:22:45 PM org.apache.catalina.core.StandardEngine start
INFO: Starting Servlet Engine: Apache Tomcat/6.0.35
Sep 03, 2012 6:22:45 PM org.apache.catalina.startup.HostConfig deployDescriptor
INFO: Deploying configuration descriptor manager.xml
Sep 03, 2012 6:22:45 PM org.apache.catalina.startup.HostConfig deployDescriptor
INFO: Deploying configuration descriptor host-manager.xml
Sep 03, 2012 6:22:46 PM org.apache.catalina.startup.HostConfig deployDirectory
INFO: Deploying web application directory examples
Sep 03, 2012 6:22:46 PM org.apache.catalina.startup.HostConfig deployDirectory
INFO: Deploying web application directory docs
Sep 03, 2012 6:22:46 PM org.apache.coyote.http11.Http11Protocol start
SEVERE: Error starting endpoint
java.net.BindException: Address already in use <null>:8080
	at org.apache.tomcat.util.net.JIoEndpoint.init(JIoEndpoint.java:549)
	at org.apache.tomcat.util.net.JIoEndpoint.start(JIoEndpoint.java:565)
	at org.apache.coyote.http11.Http11Protocol.start(Http11Protocol.java:203)
	at org.apache.catalina.connector.Connector.start(Connector.java:1122)
	at org.apache.catalina.core.StandardService.start(StandardService.java:540)
	at org.apache.catalina.core.StandardServer.start(StandardServer.java:754)
	at org.apache.catalina.startup.Catalina.start(Catalina.java:595)
	at sun.reflect.NativeMethodAccessorImpl.invoke0(Native Method)
	at sun.reflect.NativeMethodAccessorImpl.invoke(NativeMethodAccessorImpl.java:57)
	at sun.reflect.DelegatingMethodAccessorImpl.invoke(DelegatingMethodAccessorImpl.java:43)
	at java.lang.reflect.Method.invoke(Method.java:601)
	at org.apache.catalina.startup.Bootstrap.start(Bootstrap.java:289)
	at org.apache.catalina.startup.Bootstrap.main(Bootstrap.java:414)
Caused by: java.net.BindException: Address already in use
	at java.net.PlainSocketImpl.socketBind(Native Method)
	at java.net.AbstractPlainSocketImpl.bind(AbstractPlainSocketImpl.java:376)
	at java.net.ServerSocket.bind(ServerSocket.java:376)
	at java.net.ServerSocket.<init>(ServerSocket.java:237)
	at java.net.ServerSocket.<init>(ServerSocket.java:181)
	at org.apache.tomcat.util.net.DefaultServerSocketFactory.createSocket(DefaultServerSocketFactory.java:50)
	at org.apache.tomcat.util.net.JIoEndpoint.init(JIoEndpoint.java:538)
	... 12 more

Sep 03, 2012 6:22:46 PM org.apache.catalina.core.StandardService start
SEVERE: Failed to start connector [Connector[HTTP/1.1-8080]]
LifecycleException:  service.getName(): "Catalina";  Protocol handler start failed: java.net.BindException: Address already in use <null>:8080
	at org.apache.catalina.connector.Connector.start(Connector.java:1129)
	at org.apache.catalina.core.StandardService.start(StandardService.java:540)
	at org.apache.catalina.core.StandardServer.start(StandardServer.java:754)
	at org.apache.catalina.startup.Catalina.start(Catalina.java:595)
	at sun.reflect.NativeMethodAccessorImpl.invoke0(Native Method)
	at sun.reflect.NativeMethodAccessorImpl.invoke(NativeMethodAccessorImpl.java:57)
	at sun.reflect.DelegatingMethodAccessorImpl.invoke(DelegatingMethodAccessorImpl.java:43)
	at java.lang.reflect.Method.invoke(Method.java:601)
	at org.apache.catalina.startup.Bootstrap.start(Bootstrap.java:289)
	at org.apache.catalina.startup.Bootstrap.main(Bootstrap.java:414)

Sep 03, 2012 6:22:46 PM org.apache.jk.common.ChannelSocket init
INFO: Port busy 8009 java.net.BindException: Address already in use
Sep 03, 2012 6:22:46 PM org.apache.jk.common.ChannelSocket init
SEVERE: Can't find free port 8009 8009
Sep 03, 2012 6:22:46 PM org.apache.jk.server.JkMain start
INFO: Jk running ID=0 time=0/15  config=null
Sep 03, 2012 6:22:46 PM org.apache.catalina.startup.Catalina start
INFO: Server startup in 636 ms
Sep 03, 2012 6:22:46 PM org.apache.catalina.core.StandardServer await
SEVERE: StandardServer.await: create[8001]: 
java.net.BindException: Address already in use
	at java.net.PlainSocketImpl.socketBind(Native Method)
	at java.net.AbstractPlainSocketImpl.bind(AbstractPlainSocketImpl.java:376)
	at java.net.ServerSocket.bind(ServerSocket.java:376)
	at java.net.ServerSocket.<init>(ServerSocket.java:237)
	at org.apache.catalina.core.StandardServer.await(StandardServer.java:406)
	at org.apache.catalina.startup.Catalina.await(Catalina.java:676)
	at org.apache.catalina.startup.Catalina.start(Catalina.java:628)
	at sun.reflect.NativeMethodAccessorImpl.invoke0(Native Method)
	at sun.reflect.NativeMethodAccessorImpl.invoke(NativeMethodAccessorImpl.java:57)
	at sun.reflect.DelegatingMethodAccessorImpl.invoke(DelegatingMethodAccessorImpl.java:43)
	at java.lang.reflect.Method.invoke(Method.java:601)
	at org.apache.catalina.startup.Bootstrap.start(Bootstrap.java:289)
	at org.apache.catalina.startup.Bootstrap.main(Bootstrap.java:414)

Sep 03, 2012 6:22:46 PM org.apache.coyote.http11.Http11Protocol pause
INFO: Pausing Coyote HTTP/1.1 on http-8080
Sep 03, 2012 6:22:47 PM org.apache.catalina.core.StandardService stop
INFO: Stopping service Catalina
Sep 03, 2012 6:22:47 PM org.apache.coyote.http11.Http11Protocol destroy
INFO: Stopping Coyote HTTP/1.1 on http-8080
Sep 03, 2012 7:49:00 PM org.apache.catalina.core.AprLifecycleListener init
INFO: The APR based Apache Tomcat Native library which allows optimal performance in production environments was not found on the java.library.path: /usr/java/packages/lib/amd64:/usr/lib64:/lib64:/lib:/usr/lib
Sep 03, 2012 7:49:00 PM org.apache.tomcat.util.digester.SetPropertiesRule begin
WARNING: [SetPropertiesRule]{Server/Service/Engine/Host/Context} Setting property 'debug' to '5' did not find a matching property.
Sep 03, 2012 7:49:00 PM org.apache.coyote.http11.Http11Protocol init
SEVERE: Error initializing endpoint
java.net.BindException: Address already in use <null>:8080
	at org.apache.tomcat.util.net.JIoEndpoint.init(JIoEndpoint.java:549)
	at org.apache.coyote.http11.Http11Protocol.init(Http11Protocol.java:176)
	at org.apache.catalina.connector.Connector.initialize(Connector.java:1049)
	at org.apache.catalina.core.StandardService.initialize(StandardService.java:703)
	at org.apache.catalina.core.StandardServer.initialize(StandardServer.java:838)
	at org.apache.catalina.startup.Catalina.load(Catalina.java:538)
	at org.apache.catalina.startup.Catalina.load(Catalina.java:562)
	at sun.reflect.NativeMethodAccessorImpl.invoke0(Native Method)
	at sun.reflect.NativeMethodAccessorImpl.invoke(NativeMethodAccessorImpl.java:57)
	at sun.reflect.DelegatingMethodAccessorImpl.invoke(DelegatingMethodAccessorImpl.java:43)
	at java.lang.reflect.Method.invoke(Method.java:601)
	at org.apache.catalina.startup.Bootstrap.load(Bootstrap.java:261)
	at org.apache.catalina.startup.Bootstrap.main(Bootstrap.java:413)
Caused by: java.net.BindException: Address already in use
	at java.net.PlainSocketImpl.socketBind(Native Method)
	at java.net.AbstractPlainSocketImpl.bind(AbstractPlainSocketImpl.java:376)
	at java.net.ServerSocket.bind(ServerSocket.java:376)
	at java.net.ServerSocket.<init>(ServerSocket.java:237)
	at java.net.ServerSocket.<init>(ServerSocket.java:181)
	at org.apache.tomcat.util.net.DefaultServerSocketFactory.createSocket(DefaultServerSocketFactory.java:50)
	at org.apache.tomcat.util.net.JIoEndpoint.init(JIoEndpoint.java:538)
	... 12 more

Sep 03, 2012 7:49:00 PM org.apache.catalina.core.StandardService initialize
SEVERE: Failed to initialize connector [Connector[HTTP/1.1-8080]]
LifecycleException:  Protocol handler initialization failed: java.net.BindException: Address already in use <null>:8080
	at org.apache.catalina.connector.Connector.initialize(Connector.java:1051)
	at org.apache.catalina.core.StandardService.initialize(StandardService.java:703)
	at org.apache.catalina.core.StandardServer.initialize(StandardServer.java:838)
	at org.apache.catalina.startup.Catalina.load(Catalina.java:538)
	at org.apache.catalina.startup.Catalina.load(Catalina.java:562)
	at sun.reflect.NativeMethodAccessorImpl.invoke0(Native Method)
	at sun.reflect.NativeMethodAccessorImpl.invoke(NativeMethodAccessorImpl.java:57)
	at sun.reflect.DelegatingMethodAccessorImpl.invoke(DelegatingMethodAccessorImpl.java:43)
	at java.lang.reflect.Method.invoke(Method.java:601)
	at org.apache.catalina.startup.Bootstrap.load(Bootstrap.java:261)
	at org.apache.catalina.startup.Bootstrap.main(Bootstrap.java:413)

Sep 03, 2012 7:49:00 PM org.apache.catalina.startup.Catalina load
INFO: Initialization processed in 682 ms
Sep 03, 2012 7:49:00 PM org.apache.catalina.core.StandardService start
INFO: Starting service Catalina
Sep 03, 2012 7:49:00 PM org.apache.catalina.core.StandardEngine start
INFO: Starting Servlet Engine: Apache Tomcat/6.0.35
Sep 03, 2012 7:49:00 PM org.apache.catalina.startup.HostConfig deployDescriptor
INFO: Deploying configuration descriptor manager.xml
Sep 03, 2012 7:49:00 PM org.apache.catalina.startup.HostConfig deployDescriptor
INFO: Deploying configuration descriptor host-manager.xml
Sep 03, 2012 7:49:00 PM org.apache.catalina.startup.HostConfig deployDirectory
INFO: Deploying web application directory examples
Sep 03, 2012 7:49:00 PM org.apache.catalina.startup.HostConfig deployDirectory
INFO: Deploying web application directory docs
Sep 03, 2012 7:49:00 PM org.apache.coyote.http11.Http11Protocol start
SEVERE: Error starting endpoint
java.net.BindException: Address already in use <null>:8080
	at org.apache.tomcat.util.net.JIoEndpoint.init(JIoEndpoint.java:549)
	at org.apache.tomcat.util.net.JIoEndpoint.start(JIoEndpoint.java:565)
	at org.apache.coyote.http11.Http11Protocol.start(Http11Protocol.java:203)
	at org.apache.catalina.connector.Connector.start(Connector.java:1122)
	at org.apache.catalina.core.StandardService.start(StandardService.java:540)
	at org.apache.catalina.core.StandardServer.start(StandardServer.java:754)
	at org.apache.catalina.startup.Catalina.start(Catalina.java:595)
	at sun.reflect.NativeMethodAccessorImpl.invoke0(Native Method)
	at sun.reflect.NativeMethodAccessorImpl.invoke(NativeMethodAccessorImpl.java:57)
	at sun.reflect.DelegatingMethodAccessorImpl.invoke(DelegatingMethodAccessorImpl.java:43)
	at java.lang.reflect.Method.invoke(Method.java:601)
	at org.apache.catalina.startup.Bootstrap.start(Bootstrap.java:289)
	at org.apache.catalina.startup.Bootstrap.main(Bootstrap.java:414)
Caused by: java.net.BindException: Address already in use
	at java.net.PlainSocketImpl.socketBind(Native Method)
	at java.net.AbstractPlainSocketImpl.bind(AbstractPlainSocketImpl.java:376)
	at java.net.ServerSocket.bind(ServerSocket.java:376)
	at java.net.ServerSocket.<init>(ServerSocket.java:237)
	at java.net.ServerSocket.<init>(ServerSocket.java:181)
	at org.apache.tomcat.util.net.DefaultServerSocketFactory.createSocket(DefaultServerSocketFactory.java:50)
	at org.apache.tomcat.util.net.JIoEndpoint.init(JIoEndpoint.java:538)
	... 12 more

Sep 03, 2012 7:49:00 PM org.apache.catalina.core.StandardService start
SEVERE: Failed to start connector [Connector[HTTP/1.1-8080]]
LifecycleException:  service.getName(): "Catalina";  Protocol handler start failed: java.net.BindException: Address already in use <null>:8080
	at org.apache.catalina.connector.Connector.start(Connector.java:1129)
	at org.apache.catalina.core.StandardService.start(StandardService.java:540)
	at org.apache.catalina.core.StandardServer.start(StandardServer.java:754)
	at org.apache.catalina.startup.Catalina.start(Catalina.java:595)
	at sun.reflect.NativeMethodAccessorImpl.invoke0(Native Method)
	at sun.reflect.NativeMethodAccessorImpl.invoke(NativeMethodAccessorImpl.java:57)
	at sun.reflect.DelegatingMethodAccessorImpl.invoke(DelegatingMethodAccessorImpl.java:43)
	at java.lang.reflect.Method.invoke(Method.java:601)
	at org.apache.catalina.startup.Bootstrap.start(Bootstrap.java:289)
	at org.apache.catalina.startup.Bootstrap.main(Bootstrap.java:414)

Sep 03, 2012 7:49:00 PM org.apache.jk.common.ChannelSocket init
INFO: Port busy 8009 java.net.BindException: Address already in use
Sep 03, 2012 7:49:00 PM org.apache.jk.common.ChannelSocket init
SEVERE: Can't find free port 8009 8009
Sep 03, 2012 7:49:00 PM org.apache.jk.server.JkMain start
INFO: Jk running ID=0 time=0/15  config=null
Sep 03, 2012 7:49:01 PM org.apache.catalina.startup.Catalina start
INFO: Server startup in 631 ms
Sep 03, 2012 7:49:01 PM org.apache.catalina.core.StandardServer await
SEVERE: StandardServer.await: create[8001]: 
java.net.BindException: Address already in use
	at java.net.PlainSocketImpl.socketBind(Native Method)
	at java.net.AbstractPlainSocketImpl.bind(AbstractPlainSocketImpl.java:376)
	at java.net.ServerSocket.bind(ServerSocket.java:376)
	at java.net.ServerSocket.<init>(ServerSocket.java:237)
	at org.apache.catalina.core.StandardServer.await(StandardServer.java:406)
	at org.apache.catalina.startup.Catalina.await(Catalina.java:676)
	at org.apache.catalina.startup.Catalina.start(Catalina.java:628)
	at sun.reflect.NativeMethodAccessorImpl.invoke0(Native Method)
	at sun.reflect.NativeMethodAccessorImpl.invoke(NativeMethodAccessorImpl.java:57)
	at sun.reflect.DelegatingMethodAccessorImpl.invoke(DelegatingMethodAccessorImpl.java:43)
	at java.lang.reflect.Method.invoke(Method.java:601)
	at org.apache.catalina.startup.Bootstrap.start(Bootstrap.java:289)
	at org.apache.catalina.startup.Bootstrap.main(Bootstrap.java:414)

Sep 03, 2012 7:49:01 PM org.apache.coyote.http11.Http11Protocol pause
INFO: Pausing Coyote HTTP/1.1 on http-8080
Sep 03, 2012 7:49:02 PM org.apache.catalina.core.StandardService stop
INFO: Stopping service Catalina
Sep 03, 2012 7:49:02 PM org.apache.coyote.http11.Http11Protocol destroy
INFO: Stopping Coyote HTTP/1.1 on http-8080
Sep 03, 2012 7:49:26 PM org.apache.catalina.core.AprLifecycleListener init
INFO: The APR based Apache Tomcat Native library which allows optimal performance in production environments was not found on the java.library.path: /usr/java/packages/lib/amd64:/usr/lib64:/lib64:/lib:/usr/lib
Sep 03, 2012 7:49:27 PM org.apache.tomcat.util.digester.SetPropertiesRule begin
WARNING: [SetPropertiesRule]{Server/Service/Engine/Host/Context} Setting property 'debug' to '5' did not find a matching property.
Sep 03, 2012 7:49:27 PM org.apache.coyote.http11.Http11Protocol init
SEVERE: Error initializing endpoint
java.net.BindException: Address already in use <null>:8080
	at org.apache.tomcat.util.net.JIoEndpoint.init(JIoEndpoint.java:549)
	at org.apache.coyote.http11.Http11Protocol.init(Http11Protocol.java:176)
	at org.apache.catalina.connector.Connector.initialize(Connector.java:1049)
	at org.apache.catalina.core.StandardService.initialize(StandardService.java:703)
	at org.apache.catalina.core.StandardServer.initialize(StandardServer.java:838)
	at org.apache.catalina.startup.Catalina.load(Catalina.java:538)
	at org.apache.catalina.startup.Catalina.load(Catalina.java:562)
	at sun.reflect.NativeMethodAccessorImpl.invoke0(Native Method)
	at sun.reflect.NativeMethodAccessorImpl.invoke(NativeMethodAccessorImpl.java:57)
	at sun.reflect.DelegatingMethodAccessorImpl.invoke(DelegatingMethodAccessorImpl.java:43)
	at java.lang.reflect.Method.invoke(Method.java:601)
	at org.apache.catalina.startup.Bootstrap.load(Bootstrap.java:261)
	at org.apache.catalina.startup.Bootstrap.main(Bootstrap.java:413)
Caused by: java.net.BindException: Address already in use
	at java.net.PlainSocketImpl.socketBind(Native Method)
	at java.net.AbstractPlainSocketImpl.bind(AbstractPlainSocketImpl.java:376)
	at java.net.ServerSocket.bind(ServerSocket.java:376)
	at java.net.ServerSocket.<init>(ServerSocket.java:237)
	at java.net.ServerSocket.<init>(ServerSocket.java:181)
	at org.apache.tomcat.util.net.DefaultServerSocketFactory.createSocket(DefaultServerSocketFactory.java:50)
	at org.apache.tomcat.util.net.JIoEndpoint.init(JIoEndpoint.java:538)
	... 12 more

Sep 03, 2012 7:49:27 PM org.apache.catalina.core.StandardService initialize
SEVERE: Failed to initialize connector [Connector[HTTP/1.1-8080]]
LifecycleException:  Protocol handler initialization failed: java.net.BindException: Address already in use <null>:8080
	at org.apache.catalina.connector.Connector.initialize(Connector.java:1051)
	at org.apache.catalina.core.StandardService.initialize(StandardService.java:703)
	at org.apache.catalina.core.StandardServer.initialize(StandardServer.java:838)
	at org.apache.catalina.startup.Catalina.load(Catalina.java:538)
	at org.apache.catalina.startup.Catalina.load(Catalina.java:562)
	at sun.reflect.NativeMethodAccessorImpl.invoke0(Native Method)
	at sun.reflect.NativeMethodAccessorImpl.invoke(NativeMethodAccessorImpl.java:57)
	at sun.reflect.DelegatingMethodAccessorImpl.invoke(DelegatingMethodAccessorImpl.java:43)
	at java.lang.reflect.Method.invoke(Method.java:601)
	at org.apache.catalina.startup.Bootstrap.load(Bootstrap.java:261)
	at org.apache.catalina.startup.Bootstrap.main(Bootstrap.java:413)

Sep 03, 2012 7:49:27 PM org.apache.catalina.startup.Catalina load
INFO: Initialization processed in 670 ms
Sep 03, 2012 7:49:27 PM org.apache.catalina.core.StandardService start
INFO: Starting service Catalina
Sep 03, 2012 7:49:27 PM org.apache.catalina.core.StandardEngine start
INFO: Starting Servlet Engine: Apache Tomcat/6.0.35
Sep 03, 2012 7:49:27 PM org.apache.catalina.startup.HostConfig deployDescriptor
INFO: Deploying configuration descriptor manager.xml
Sep 03, 2012 7:49:27 PM org.apache.catalina.startup.HostConfig deployDescriptor
INFO: Deploying configuration descriptor host-manager.xml
Sep 03, 2012 7:49:27 PM org.apache.catalina.startup.HostConfig deployDirectory
INFO: Deploying web application directory examples
Sep 03, 2012 7:49:27 PM org.apache.catalina.startup.HostConfig deployDirectory
INFO: Deploying web application directory docs
Sep 03, 2012 7:49:27 PM org.apache.coyote.http11.Http11Protocol start
SEVERE: Error starting endpoint
java.net.BindException: Address already in use <null>:8080
	at org.apache.tomcat.util.net.JIoEndpoint.init(JIoEndpoint.java:549)
	at org.apache.tomcat.util.net.JIoEndpoint.start(JIoEndpoint.java:565)
	at org.apache.coyote.http11.Http11Protocol.start(Http11Protocol.java:203)
	at org.apache.catalina.connector.Connector.start(Connector.java:1122)
	at org.apache.catalina.core.StandardService.start(StandardService.java:540)
	at org.apache.catalina.core.StandardServer.start(StandardServer.java:754)
	at org.apache.catalina.startup.Catalina.start(Catalina.java:595)
	at sun.reflect.NativeMethodAccessorImpl.invoke0(Native Method)
	at sun.reflect.NativeMethodAccessorImpl.invoke(NativeMethodAccessorImpl.java:57)
	at sun.reflect.DelegatingMethodAccessorImpl.invoke(DelegatingMethodAccessorImpl.java:43)
	at java.lang.reflect.Method.invoke(Method.java:601)
	at org.apache.catalina.startup.Bootstrap.start(Bootstrap.java:289)
	at org.apache.catalina.startup.Bootstrap.main(Bootstrap.java:414)
Caused by: java.net.BindException: Address already in use
	at java.net.PlainSocketImpl.socketBind(Native Method)
	at java.net.AbstractPlainSocketImpl.bind(AbstractPlainSocketImpl.java:376)
	at java.net.ServerSocket.bind(ServerSocket.java:376)
	at java.net.ServerSocket.<init>(ServerSocket.java:237)
	at java.net.ServerSocket.<init>(ServerSocket.java:181)
	at org.apache.tomcat.util.net.DefaultServerSocketFactory.createSocket(DefaultServerSocketFactory.java:50)
	at org.apache.tomcat.util.net.JIoEndpoint.init(JIoEndpoint.java:538)
	... 12 more

Sep 03, 2012 7:49:27 PM org.apache.catalina.core.StandardService start
SEVERE: Failed to start connector [Connector[HTTP/1.1-8080]]
LifecycleException:  service.getName(): "Catalina";  Protocol handler start failed: java.net.BindException: Address already in use <null>:8080
	at org.apache.catalina.connector.Connector.start(Connector.java:1129)
	at org.apache.catalina.core.StandardService.start(StandardService.java:540)
	at org.apache.catalina.core.StandardServer.start(StandardServer.java:754)
	at org.apache.catalina.startup.Catalina.start(Catalina.java:595)
	at sun.reflect.NativeMethodAccessorImpl.invoke0(Native Method)
	at sun.reflect.NativeMethodAccessorImpl.invoke(NativeMethodAccessorImpl.java:57)
	at sun.reflect.DelegatingMethodAccessorImpl.invoke(DelegatingMethodAccessorImpl.java:43)
	at java.lang.reflect.Method.invoke(Method.java:601)
	at org.apache.catalina.startup.Bootstrap.start(Bootstrap.java:289)
	at org.apache.catalina.startup.Bootstrap.main(Bootstrap.java:414)

Sep 03, 2012 7:49:27 PM org.apache.jk.common.ChannelSocket init
INFO: Port busy 8009 java.net.BindException: Address already in use
Sep 03, 2012 7:49:27 PM org.apache.jk.common.ChannelSocket init
SEVERE: Can't find free port 8009 8009
Sep 03, 2012 7:49:27 PM org.apache.jk.server.JkMain start
INFO: Jk running ID=0 time=0/15  config=null
Sep 03, 2012 7:49:27 PM org.apache.catalina.startup.Catalina start
INFO: Server startup in 631 ms
Sep 03, 2012 7:49:27 PM org.apache.catalina.core.StandardServer await
SEVERE: StandardServer.await: create[8001]: 
java.net.BindException: Address already in use
	at java.net.PlainSocketImpl.socketBind(Native Method)
	at java.net.AbstractPlainSocketImpl.bind(AbstractPlainSocketImpl.java:376)
	at java.net.ServerSocket.bind(ServerSocket.java:376)
	at java.net.ServerSocket.<init>(ServerSocket.java:237)
	at org.apache.catalina.core.StandardServer.await(StandardServer.java:406)
	at org.apache.catalina.startup.Catalina.await(Catalina.java:676)
	at org.apache.catalina.startup.Catalina.start(Catalina.java:628)
	at sun.reflect.NativeMethodAccessorImpl.invoke0(Native Method)
	at sun.reflect.NativeMethodAccessorImpl.invoke(NativeMethodAccessorImpl.java:57)
	at sun.reflect.DelegatingMethodAccessorImpl.invoke(DelegatingMethodAccessorImpl.java:43)
	at java.lang.reflect.Method.invoke(Method.java:601)
	at org.apache.catalina.startup.Bootstrap.start(Bootstrap.java:289)
	at org.apache.catalina.startup.Bootstrap.main(Bootstrap.java:414)

Sep 03, 2012 7:49:27 PM org.apache.coyote.http11.Http11Protocol pause
INFO: Pausing Coyote HTTP/1.1 on http-8080
Sep 03, 2012 7:49:28 PM org.apache.catalina.core.StandardService stop
INFO: Stopping service Catalina
Sep 03, 2012 7:49:28 PM org.apache.coyote.http11.Http11Protocol destroy
INFO: Stopping Coyote HTTP/1.1 on http-8080
Sep 03, 2012 8:52:55 PM org.apache.catalina.core.AprLifecycleListener init
INFO: The APR based Apache Tomcat Native library which allows optimal performance in production environments was not found on the java.library.path: /usr/java/packages/lib/amd64:/usr/lib64:/lib64:/lib:/usr/lib
Sep 03, 2012 8:52:55 PM org.apache.tomcat.util.digester.SetPropertiesRule begin
WARNING: [SetPropertiesRule]{Server/Service/Engine/Host/Context} Setting property 'debug' to '5' did not find a matching property.
Sep 03, 2012 8:52:56 PM org.apache.coyote.http11.Http11Protocol init
SEVERE: Error initializing endpoint
java.net.BindException: Address already in use <null>:8080
	at org.apache.tomcat.util.net.JIoEndpoint.init(JIoEndpoint.java:549)
	at org.apache.coyote.http11.Http11Protocol.init(Http11Protocol.java:176)
	at org.apache.catalina.connector.Connector.initialize(Connector.java:1049)
	at org.apache.catalina.core.StandardService.initialize(StandardService.java:703)
	at org.apache.catalina.core.StandardServer.initialize(StandardServer.java:838)
	at org.apache.catalina.startup.Catalina.load(Catalina.java:538)
	at org.apache.catalina.startup.Catalina.load(Catalina.java:562)
	at sun.reflect.NativeMethodAccessorImpl.invoke0(Native Method)
	at sun.reflect.NativeMethodAccessorImpl.invoke(NativeMethodAccessorImpl.java:57)
	at sun.reflect.DelegatingMethodAccessorImpl.invoke(DelegatingMethodAccessorImpl.java:43)
	at java.lang.reflect.Method.invoke(Method.java:601)
	at org.apache.catalina.startup.Bootstrap.load(Bootstrap.java:261)
	at org.apache.catalina.startup.Bootstrap.main(Bootstrap.java:413)
Caused by: java.net.BindException: Address already in use
	at java.net.PlainSocketImpl.socketBind(Native Method)
	at java.net.AbstractPlainSocketImpl.bind(AbstractPlainSocketImpl.java:376)
	at java.net.ServerSocket.bind(ServerSocket.java:376)
	at java.net.ServerSocket.<init>(ServerSocket.java:237)
	at java.net.ServerSocket.<init>(ServerSocket.java:181)
	at org.apache.tomcat.util.net.DefaultServerSocketFactory.createSocket(DefaultServerSocketFactory.java:50)
	at org.apache.tomcat.util.net.JIoEndpoint.init(JIoEndpoint.java:538)
	... 12 more

Sep 03, 2012 8:52:56 PM org.apache.catalina.core.StandardService initialize
SEVERE: Failed to initialize connector [Connector[HTTP/1.1-8080]]
LifecycleException:  Protocol handler initialization failed: java.net.BindException: Address already in use <null>:8080
	at org.apache.catalina.connector.Connector.initialize(Connector.java:1051)
	at org.apache.catalina.core.StandardService.initialize(StandardService.java:703)
	at org.apache.catalina.core.StandardServer.initialize(StandardServer.java:838)
	at org.apache.catalina.startup.Catalina.load(Catalina.java:538)
	at org.apache.catalina.startup.Catalina.load(Catalina.java:562)
	at sun.reflect.NativeMethodAccessorImpl.invoke0(Native Method)
	at sun.reflect.NativeMethodAccessorImpl.invoke(NativeMethodAccessorImpl.java:57)
	at sun.reflect.DelegatingMethodAccessorImpl.invoke(DelegatingMethodAccessorImpl.java:43)
	at java.lang.reflect.Method.invoke(Method.java:601)
	at org.apache.catalina.startup.Bootstrap.load(Bootstrap.java:261)
	at org.apache.catalina.startup.Bootstrap.main(Bootstrap.java:413)

Sep 03, 2012 8:52:56 PM org.apache.catalina.startup.Catalina load
INFO: Initialization processed in 706 ms
Sep 03, 2012 8:52:56 PM org.apache.catalina.core.StandardService start
INFO: Starting service Catalina
Sep 03, 2012 8:52:56 PM org.apache.catalina.core.StandardEngine start
INFO: Starting Servlet Engine: Apache Tomcat/6.0.35
Sep 03, 2012 8:52:56 PM org.apache.catalina.startup.HostConfig deployDescriptor
INFO: Deploying configuration descriptor manager.xml
Sep 03, 2012 8:52:56 PM org.apache.catalina.startup.HostConfig deployDescriptor
INFO: Deploying configuration descriptor host-manager.xml
Sep 03, 2012 8:52:56 PM org.apache.catalina.startup.HostConfig deployDirectory
INFO: Deploying web application directory examples
Sep 03, 2012 8:52:56 PM org.apache.catalina.startup.HostConfig deployDirectory
INFO: Deploying web application directory docs
Sep 03, 2012 8:52:56 PM org.apache.coyote.http11.Http11Protocol start
SEVERE: Error starting endpoint
java.net.BindException: Address already in use <null>:8080
	at org.apache.tomcat.util.net.JIoEndpoint.init(JIoEndpoint.java:549)
	at org.apache.tomcat.util.net.JIoEndpoint.start(JIoEndpoint.java:565)
	at org.apache.coyote.http11.Http11Protocol.start(Http11Protocol.java:203)
	at org.apache.catalina.connector.Connector.start(Connector.java:1122)
	at org.apache.catalina.core.StandardService.start(StandardService.java:540)
	at org.apache.catalina.core.StandardServer.start(StandardServer.java:754)
	at org.apache.catalina.startup.Catalina.start(Catalina.java:595)
	at sun.reflect.NativeMethodAccessorImpl.invoke0(Native Method)
	at sun.reflect.NativeMethodAccessorImpl.invoke(NativeMethodAccessorImpl.java:57)
	at sun.reflect.DelegatingMethodAccessorImpl.invoke(DelegatingMethodAccessorImpl.java:43)
	at java.lang.reflect.Method.invoke(Method.java:601)
	at org.apache.catalina.startup.Bootstrap.start(Bootstrap.java:289)
	at org.apache.catalina.startup.Bootstrap.main(Bootstrap.java:414)
Caused by: java.net.BindException: Address already in use
	at java.net.PlainSocketImpl.socketBind(Native Method)
	at java.net.AbstractPlainSocketImpl.bind(AbstractPlainSocketImpl.java:376)
	at java.net.ServerSocket.bind(ServerSocket.java:376)
	at java.net.ServerSocket.<init>(ServerSocket.java:237)
	at java.net.ServerSocket.<init>(ServerSocket.java:181)
	at org.apache.tomcat.util.net.DefaultServerSocketFactory.createSocket(DefaultServerSocketFactory.java:50)
	at org.apache.tomcat.util.net.JIoEndpoint.init(JIoEndpoint.java:538)
	... 12 more

Sep 03, 2012 8:52:56 PM org.apache.catalina.core.StandardService start
SEVERE: Failed to start connector [Connector[HTTP/1.1-8080]]
LifecycleException:  service.getName(): "Catalina";  Protocol handler start failed: java.net.BindException: Address already in use <null>:8080
	at org.apache.catalina.connector.Connector.start(Connector.java:1129)
	at org.apache.catalina.core.StandardService.start(StandardService.java:540)
	at org.apache.catalina.core.StandardServer.start(StandardServer.java:754)
	at org.apache.catalina.startup.Catalina.start(Catalina.java:595)
	at sun.reflect.NativeMethodAccessorImpl.invoke0(Native Method)
	at sun.reflect.NativeMethodAccessorImpl.invoke(NativeMethodAccessorImpl.java:57)
	at sun.reflect.DelegatingMethodAccessorImpl.invoke(DelegatingMethodAccessorImpl.java:43)
	at java.lang.reflect.Method.invoke(Method.java:601)
	at org.apache.catalina.startup.Bootstrap.start(Bootstrap.java:289)
	at org.apache.catalina.startup.Bootstrap.main(Bootstrap.java:414)

Sep 03, 2012 8:52:56 PM org.apache.jk.common.ChannelSocket init
INFO: Port busy 8009 java.net.BindException: Address already in use
Sep 03, 2012 8:52:56 PM org.apache.jk.common.ChannelSocket init
SEVERE: Can't find free port 8009 8009
Sep 03, 2012 8:52:56 PM org.apache.jk.server.JkMain start
INFO: Jk running ID=0 time=0/15  config=null
Sep 03, 2012 8:52:56 PM org.apache.catalina.startup.Catalina start
INFO: Server startup in 633 ms
Sep 03, 2012 8:52:56 PM org.apache.catalina.core.StandardServer await
SEVERE: StandardServer.await: create[8001]: 
java.net.BindException: Address already in use
	at java.net.PlainSocketImpl.socketBind(Native Method)
	at java.net.AbstractPlainSocketImpl.bind(AbstractPlainSocketImpl.java:376)
	at java.net.ServerSocket.bind(ServerSocket.java:376)
	at java.net.ServerSocket.<init>(ServerSocket.java:237)
	at org.apache.catalina.core.StandardServer.await(StandardServer.java:406)
	at org.apache.catalina.startup.Catalina.await(Catalina.java:676)
	at org.apache.catalina.startup.Catalina.start(Catalina.java:628)
	at sun.reflect.NativeMethodAccessorImpl.invoke0(Native Method)
	at sun.reflect.NativeMethodAccessorImpl.invoke(NativeMethodAccessorImpl.java:57)
	at sun.reflect.DelegatingMethodAccessorImpl.invoke(DelegatingMethodAccessorImpl.java:43)
	at java.lang.reflect.Method.invoke(Method.java:601)
	at org.apache.catalina.startup.Bootstrap.start(Bootstrap.java:289)
	at org.apache.catalina.startup.Bootstrap.main(Bootstrap.java:414)

Sep 03, 2012 8:52:56 PM org.apache.coyote.http11.Http11Protocol pause
INFO: Pausing Coyote HTTP/1.1 on http-8080
Sep 03, 2012 8:52:57 PM org.apache.catalina.core.StandardService stop
INFO: Stopping service Catalina
Sep 03, 2012 8:52:57 PM org.apache.coyote.http11.Http11Protocol destroy
INFO: Stopping Coyote HTTP/1.1 on http-8080
