2012-10-17 8:21:45 org.apache.catalina.core.AprLifecycleListener init
信息: The APR based Apache Tomcat Native library which allows optimal performance in production environments was not found on the java.library.path: /usr/lib/jvm/java-1.6.0_27-sun/jre/lib/amd64/server:/usr/lib/jvm/java-1.6.0_27-sun/jre/lib/amd64:/usr/lib/jvm/java-1.6.0_27-sun/jre/../lib/amd64:/usr/java/packages/lib/amd64:/usr/lib64:/lib64:/lib:/usr/lib
2012-10-17 8:21:45 org.apache.tomcat.util.digester.SetPropertiesRule begin
警告: [SetPropertiesRule]{Server/Service/Engine/Host/Context} Setting property 'debug' to '5' did not find a matching property.
2012-10-17 8:21:45 org.apache.coyote.http11.Http11Protocol init
信息: Initializing Coyote HTTP/1.1 on http-8080
2012-10-17 8:21:45 org.apache.catalina.startup.Catalina load
信息: Initialization processed in 850 ms
2012-10-17 8:21:45 org.apache.catalina.core.StandardService start
信息: Starting service Catalina
2012-10-17 8:21:45 org.apache.catalina.core.StandardEngine start
信息: Starting Servlet Engine: Apache Tomcat/6.0.35
2012-10-17 8:21:46 org.apache.catalina.startup.HostConfig deployDescriptor
信息: Deploying configuration descriptor manager.xml
2012-10-17 8:21:46 org.apache.catalina.startup.HostConfig deployDescriptor
信息: Deploying configuration descriptor host-manager.xml
2012-10-17 8:21:46 org.apache.catalina.startup.HostConfig deployDirectory
信息: Deploying web application directory examples
2012-10-17 8:21:46 org.apache.catalina.startup.HostConfig deployDirectory
信息: Deploying web application directory docs
2012-10-17 8:21:46 org.apache.coyote.http11.Http11Protocol start
信息: Starting Coyote HTTP/1.1 on http-8080
2012-10-17 8:21:46 org.apache.jk.common.ChannelSocket init
信息: JK: ajp13 listening on /0.0.0.0:8009
2012-10-17 8:21:46 org.apache.jk.server.JkMain start
信息: Jk running ID=0 time=0/32  config=null
2012-10-17 8:21:46 org.apache.catalina.startup.Catalina start
信息: Server startup in 930 ms
2012-10-17 13:11:52 org.apache.coyote.http11.Http11Protocol pause
信息: Pausing Coyote HTTP/1.1 on http-8080
2012-10-17 13:11:53 org.apache.catalina.core.StandardService stop
信息: Stopping service Catalina
2012-10-17 13:11:53 org.apache.catalina.core.StandardWrapper unload
信息: Waiting for 1 instance(s) to be deallocated
2012-10-17 13:11:54 org.apache.catalina.core.StandardWrapper unload
信息: Waiting for 1 instance(s) to be deallocated
2012-10-17 13:11:55 org.apache.catalina.core.StandardWrapper unload
信息: Waiting for 1 instance(s) to be deallocated
2012-10-17 13:11:56 org.apache.catalina.loader.WebappClassLoader clearReferencesJdbc
严重: The web application [] registered the JDBC driver [com.mysql.jdbc.Driver] but failed to unregister it when the web application was stopped. To prevent a memory leak, the JDBC Driver has been forcibly unregistered.
2012-10-17 13:11:56 org.apache.catalina.loader.WebappClassLoader clearReferencesThreads
严重: The web application [] appears to have started a thread named [MySQL Statement Cancellation Timer] but has failed to stop it. This is very likely to create a memory leak.
2012-10-17 13:11:56 org.apache.catalina.loader.WebappClassLoader clearReferencesThreads
严重: The web application [] is still processing a request that has yet to finish. This is very likely to create a memory leak. You can control the time allowed for requests to finish by using the unloadDelay attribute of the standard Context implementation.
2012-10-17 13:11:56 org.apache.coyote.http11.Http11Protocol destroy
信息: Stopping Coyote HTTP/1.1 on http-8080
