Apr 15, 2012 9:35:42 AM org.apache.catalina.core.AprLifecycleListener init
INFO: The APR based Apache Tomcat Native library which allows optimal performance in production environments was not found on the java.library.path: /usr/java/packages/lib/amd64:/usr/lib64:/lib64:/lib:/usr/lib
Apr 15, 2012 9:35:42 AM org.apache.tomcat.util.digester.SetPropertiesRule begin
WARNING: [SetPropertiesRule]{Server/Service/Engine/Host/Context} Setting property 'debug' to '5' did not find a matching property.
Apr 15, 2012 9:35:42 AM org.apache.coyote.http11.Http11Protocol init
INFO: Initializing Coyote HTTP/1.1 on http-8080
Apr 15, 2012 9:35:42 AM org.apache.catalina.startup.Catalina load
INFO: Initialization processed in 680 ms
Apr 15, 2012 9:35:42 AM org.apache.catalina.core.StandardService start
INFO: Starting service Catalina
Apr 15, 2012 9:35:42 AM org.apache.catalina.core.StandardEngine start
INFO: Starting Servlet Engine: Apache Tomcat/6.0.35
Apr 15, 2012 9:35:42 AM org.apache.catalina.startup.HostConfig deployDescriptor
INFO: Deploying configuration descriptor manager.xml
Apr 15, 2012 9:35:43 AM org.apache.catalina.startup.HostConfig deployDescriptor
INFO: Deploying configuration descriptor host-manager.xml
Apr 15, 2012 9:35:43 AM org.apache.catalina.startup.HostConfig deployDirectory
INFO: Deploying web application directory examples
Apr 15, 2012 9:35:43 AM org.apache.catalina.startup.HostConfig deployDirectory
INFO: Deploying web application directory docs
Apr 15, 2012 9:35:43 AM org.apache.coyote.http11.Http11Protocol start
INFO: Starting Coyote HTTP/1.1 on http-8080
Apr 15, 2012 9:35:43 AM org.apache.jk.common.ChannelSocket init
INFO: JK: ajp13 listening on /0.0.0.0:8009
Apr 15, 2012 9:35:43 AM org.apache.jk.server.JkMain start
INFO: Jk running ID=0 time=0/19  config=null
Apr 15, 2012 9:35:43 AM org.apache.catalina.startup.Catalina start
INFO: Server startup in 635 ms
Apr 15, 2012 9:38:42 AM org.apache.coyote.http11.Http11Protocol pause
INFO: Pausing Coyote HTTP/1.1 on http-8080
Apr 15, 2012 9:38:43 AM org.apache.catalina.core.StandardService stop
INFO: Stopping service Catalina
Apr 15, 2012 9:38:43 AM org.apache.catalina.loader.WebappClassLoader clearReferencesJdbc
SEVERE: The web application [] registered the JDBC driver [com.mysql.jdbc.Driver] but failed to unregister it when the web application was stopped. To prevent a memory leak, the JDBC Driver has been forcibly unregistered.
Apr 15, 2012 9:38:43 AM org.apache.catalina.loader.WebappClassLoader clearReferencesThreads
SEVERE: The web application [] appears to have started a thread named [MySQL Statement Cancellation Timer] but has failed to stop it. This is very likely to create a memory leak.
Apr 15, 2012 9:38:44 AM org.apache.coyote.http11.Http11Protocol destroy
INFO: Stopping Coyote HTTP/1.1 on http-8080
Apr 15, 2012 9:39:15 AM org.apache.catalina.core.AprLifecycleListener init
INFO: The APR based Apache Tomcat Native library which allows optimal performance in production environments was not found on the java.library.path: /usr/java/packages/lib/amd64:/usr/lib64:/lib64:/lib:/usr/lib
Apr 15, 2012 9:39:15 AM org.apache.tomcat.util.digester.SetPropertiesRule begin
WARNING: [SetPropertiesRule]{Server/Service/Engine/Host/Context} Setting property 'debug' to '5' did not find a matching property.
Apr 15, 2012 9:39:16 AM org.apache.coyote.http11.Http11Protocol init
INFO: Initializing Coyote HTTP/1.1 on http-8080
Apr 15, 2012 9:39:16 AM org.apache.catalina.startup.Catalina load
INFO: Initialization processed in 692 ms
Apr 15, 2012 9:39:16 AM org.apache.catalina.core.StandardService start
INFO: Starting service Catalina
Apr 15, 2012 9:39:16 AM org.apache.catalina.core.StandardEngine start
INFO: Starting Servlet Engine: Apache Tomcat/6.0.35
Apr 15, 2012 9:39:16 AM org.apache.catalina.startup.HostConfig deployDescriptor
INFO: Deploying configuration descriptor manager.xml
Apr 15, 2012 9:39:16 AM org.apache.catalina.startup.HostConfig deployDescriptor
INFO: Deploying configuration descriptor host-manager.xml
Apr 15, 2012 9:39:16 AM org.apache.catalina.startup.HostConfig deployDirectory
INFO: Deploying web application directory examples
Apr 15, 2012 9:39:16 AM org.apache.catalina.startup.HostConfig deployDirectory
INFO: Deploying web application directory docs
Apr 15, 2012 9:39:16 AM org.apache.coyote.http11.Http11Protocol start
INFO: Starting Coyote HTTP/1.1 on http-8080
Apr 15, 2012 9:39:16 AM org.apache.jk.common.ChannelSocket init
INFO: JK: ajp13 listening on /0.0.0.0:8009
Apr 15, 2012 9:39:16 AM org.apache.jk.server.JkMain start
INFO: Jk running ID=0 time=0/19  config=null
Apr 15, 2012 9:39:16 AM org.apache.catalina.startup.Catalina start
INFO: Server startup in 648 ms
Apr 15, 2012 9:39:20 AM org.apache.coyote.http11.Http11Protocol pause
INFO: Pausing Coyote HTTP/1.1 on http-8080
Apr 15, 2012 9:39:21 AM org.apache.catalina.core.StandardService stop
INFO: Stopping service Catalina
Apr 15, 2012 9:39:21 AM org.apache.coyote.http11.Http11Protocol destroy
INFO: Stopping Coyote HTTP/1.1 on http-8080
Apr 15, 2012 10:28:07 AM org.apache.catalina.core.AprLifecycleListener init
INFO: The APR based Apache Tomcat Native library which allows optimal performance in production environments was not found on the java.library.path: /usr/java/packages/lib/amd64:/usr/lib64:/lib64:/lib:/usr/lib
Apr 15, 2012 10:28:07 AM org.apache.tomcat.util.digester.SetPropertiesRule begin
WARNING: [SetPropertiesRule]{Server/Service/Engine/Host/Context} Setting property 'debug' to '5' did not find a matching property.
Apr 15, 2012 10:28:07 AM org.apache.coyote.http11.Http11Protocol init
INFO: Initializing Coyote HTTP/1.1 on http-8080
Apr 15, 2012 10:28:07 AM org.apache.catalina.startup.Catalina load
INFO: Initialization processed in 685 ms
Apr 15, 2012 10:28:07 AM org.apache.catalina.core.StandardService start
INFO: Starting service Catalina
Apr 15, 2012 10:28:07 AM org.apache.catalina.core.StandardEngine start
INFO: Starting Servlet Engine: Apache Tomcat/6.0.35
Apr 15, 2012 10:28:08 AM org.apache.catalina.startup.HostConfig deployDescriptor
INFO: Deploying configuration descriptor manager.xml
Apr 15, 2012 10:28:08 AM org.apache.catalina.startup.HostConfig deployDescriptor
INFO: Deploying configuration descriptor host-manager.xml
Apr 15, 2012 10:28:08 AM org.apache.catalina.startup.HostConfig deployDirectory
INFO: Deploying web application directory examples
Apr 15, 2012 10:28:08 AM org.apache.catalina.startup.HostConfig deployDirectory
INFO: Deploying web application directory docs
Apr 15, 2012 10:28:08 AM org.apache.coyote.http11.Http11Protocol start
INFO: Starting Coyote HTTP/1.1 on http-8080
Apr 15, 2012 10:28:08 AM org.apache.jk.common.ChannelSocket init
INFO: JK: ajp13 listening on /0.0.0.0:8009
Apr 15, 2012 10:28:08 AM org.apache.jk.server.JkMain start
INFO: Jk running ID=0 time=0/20  config=null
Apr 15, 2012 10:28:08 AM org.apache.catalina.startup.Catalina start
INFO: Server startup in 661 ms
Apr 15, 2012 10:29:47 AM org.apache.coyote.http11.Http11Protocol pause
INFO: Pausing Coyote HTTP/1.1 on http-8080
Apr 15, 2012 10:29:48 AM org.apache.catalina.core.StandardService stop
INFO: Stopping service Catalina
Apr 15, 2012 10:29:48 AM org.apache.catalina.loader.WebappClassLoader clearReferencesJdbc
SEVERE: The web application [] registered the JDBC driver [com.mysql.jdbc.Driver] but failed to unregister it when the web application was stopped. To prevent a memory leak, the JDBC Driver has been forcibly unregistered.
Apr 15, 2012 10:29:48 AM org.apache.catalina.loader.WebappClassLoader clearReferencesThreads
SEVERE: The web application [] appears to have started a thread named [MySQL Statement Cancellation Timer] but has failed to stop it. This is very likely to create a memory leak.
Apr 15, 2012 10:29:48 AM org.apache.coyote.http11.Http11Protocol destroy
INFO: Stopping Coyote HTTP/1.1 on http-8080
Apr 15, 2012 10:30:05 AM org.apache.catalina.core.AprLifecycleListener init
INFO: The APR based Apache Tomcat Native library which allows optimal performance in production environments was not found on the java.library.path: /usr/java/packages/lib/amd64:/usr/lib64:/lib64:/lib:/usr/lib
Apr 15, 2012 10:30:05 AM org.apache.tomcat.util.digester.SetPropertiesRule begin
WARNING: [SetPropertiesRule]{Server/Service/Engine/Host/Context} Setting property 'debug' to '5' did not find a matching property.
Apr 15, 2012 10:30:06 AM org.apache.coyote.http11.Http11Protocol init
INFO: Initializing Coyote HTTP/1.1 on http-8080
Apr 15, 2012 10:30:06 AM org.apache.catalina.startup.Catalina load
INFO: Initialization processed in 690 ms
Apr 15, 2012 10:30:06 AM org.apache.catalina.core.StandardService start
INFO: Starting service Catalina
Apr 15, 2012 10:30:06 AM org.apache.catalina.core.StandardEngine start
INFO: Starting Servlet Engine: Apache Tomcat/6.0.35
Apr 15, 2012 10:30:06 AM org.apache.catalina.startup.HostConfig deployDescriptor
INFO: Deploying configuration descriptor manager.xml
Apr 15, 2012 10:30:06 AM org.apache.catalina.startup.HostConfig deployDescriptor
INFO: Deploying configuration descriptor host-manager.xml
Apr 15, 2012 10:30:06 AM org.apache.catalina.startup.HostConfig deployDirectory
INFO: Deploying web application directory examples
Apr 15, 2012 10:30:06 AM org.apache.catalina.startup.HostConfig deployDirectory
INFO: Deploying web application directory docs
Apr 15, 2012 10:30:06 AM org.apache.coyote.http11.Http11Protocol start
INFO: Starting Coyote HTTP/1.1 on http-8080
Apr 15, 2012 10:30:06 AM org.apache.jk.common.ChannelSocket init
INFO: JK: ajp13 listening on /0.0.0.0:8009
Apr 15, 2012 10:30:06 AM org.apache.jk.server.JkMain start
INFO: Jk running ID=0 time=0/19  config=null
Apr 15, 2012 10:30:06 AM org.apache.catalina.startup.Catalina start
INFO: Server startup in 657 ms
Apr 15, 2012 10:34:35 AM org.apache.coyote.http11.Http11Protocol pause
INFO: Pausing Coyote HTTP/1.1 on http-8080
Apr 15, 2012 10:34:36 AM org.apache.catalina.core.StandardService stop
INFO: Stopping service Catalina
Apr 15, 2012 10:34:36 AM org.apache.catalina.loader.WebappClassLoader clearReferencesJdbc
SEVERE: The web application [] registered the JDBC driver [com.mysql.jdbc.Driver] but failed to unregister it when the web application was stopped. To prevent a memory leak, the JDBC Driver has been forcibly unregistered.
Apr 15, 2012 10:34:36 AM org.apache.catalina.loader.WebappClassLoader clearReferencesThreads
SEVERE: The web application [] appears to have started a thread named [MySQL Statement Cancellation Timer] but has failed to stop it. This is very likely to create a memory leak.
Apr 15, 2012 10:34:36 AM org.apache.coyote.http11.Http11Protocol destroy
INFO: Stopping Coyote HTTP/1.1 on http-8080
Apr 15, 2012 10:37:09 AM org.apache.catalina.core.AprLifecycleListener init
INFO: The APR based Apache Tomcat Native library which allows optimal performance in production environments was not found on the java.library.path: /usr/java/packages/lib/amd64:/usr/lib64:/lib64:/lib:/usr/lib
Apr 15, 2012 10:37:09 AM org.apache.tomcat.util.digester.SetPropertiesRule begin
WARNING: [SetPropertiesRule]{Server/Service/Engine/Host/Context} Setting property 'debug' to '5' did not find a matching property.
Apr 15, 2012 10:37:10 AM org.apache.coyote.http11.Http11Protocol init
INFO: Initializing Coyote HTTP/1.1 on http-8080
Apr 15, 2012 10:37:10 AM org.apache.catalina.startup.Catalina load
INFO: Initialization processed in 686 ms
Apr 15, 2012 10:37:10 AM org.apache.catalina.core.StandardService start
INFO: Starting service Catalina
Apr 15, 2012 10:37:10 AM org.apache.catalina.core.StandardEngine start
INFO: Starting Servlet Engine: Apache Tomcat/6.0.35
Apr 15, 2012 10:37:10 AM org.apache.catalina.startup.HostConfig deployDescriptor
INFO: Deploying configuration descriptor manager.xml
Apr 15, 2012 10:37:10 AM org.apache.catalina.startup.HostConfig deployDescriptor
INFO: Deploying configuration descriptor host-manager.xml
Apr 15, 2012 10:37:10 AM org.apache.catalina.startup.HostConfig deployDirectory
INFO: Deploying web application directory examples
Apr 15, 2012 10:37:10 AM org.apache.catalina.startup.HostConfig deployDirectory
INFO: Deploying web application directory docs
Apr 15, 2012 10:37:10 AM org.apache.coyote.http11.Http11Protocol start
INFO: Starting Coyote HTTP/1.1 on http-8080
Apr 15, 2012 10:37:10 AM org.apache.jk.common.ChannelSocket init
INFO: JK: ajp13 listening on /0.0.0.0:8009
Apr 15, 2012 10:37:10 AM org.apache.jk.server.JkMain start
INFO: Jk running ID=0 time=0/19  config=null
Apr 15, 2012 10:37:10 AM org.apache.catalina.startup.Catalina start
INFO: Server startup in 656 ms
Apr 15, 2012 10:38:19 AM org.apache.coyote.http11.Http11Protocol pause
INFO: Pausing Coyote HTTP/1.1 on http-8080
Apr 15, 2012 10:38:20 AM org.apache.catalina.core.StandardService stop
INFO: Stopping service Catalina
Apr 15, 2012 10:38:20 AM org.apache.catalina.loader.WebappClassLoader clearReferencesJdbc
SEVERE: The web application [] registered the JDBC driver [com.mysql.jdbc.Driver] but failed to unregister it when the web application was stopped. To prevent a memory leak, the JDBC Driver has been forcibly unregistered.
Apr 15, 2012 10:38:20 AM org.apache.catalina.loader.WebappClassLoader clearReferencesThreads
SEVERE: The web application [] appears to have started a thread named [MySQL Statement Cancellation Timer] but has failed to stop it. This is very likely to create a memory leak.
Apr 15, 2012 10:38:20 AM org.apache.coyote.http11.Http11Protocol destroy
INFO: Stopping Coyote HTTP/1.1 on http-8080
Apr 15, 2012 10:40:19 AM org.apache.catalina.core.AprLifecycleListener init
INFO: The APR based Apache Tomcat Native library which allows optimal performance in production environments was not found on the java.library.path: /usr/java/packages/lib/amd64:/usr/lib64:/lib64:/lib:/usr/lib
Apr 15, 2012 10:40:19 AM org.apache.tomcat.util.digester.SetPropertiesRule begin
WARNING: [SetPropertiesRule]{Server/Service/Engine/Host/Context} Setting property 'debug' to '5' did not find a matching property.
Apr 15, 2012 10:40:19 AM org.apache.coyote.http11.Http11Protocol init
INFO: Initializing Coyote HTTP/1.1 on http-8080
Apr 15, 2012 10:40:19 AM org.apache.catalina.startup.Catalina load
INFO: Initialization processed in 667 ms
Apr 15, 2012 10:40:19 AM org.apache.catalina.core.StandardService start
INFO: Starting service Catalina
Apr 15, 2012 10:40:19 AM org.apache.catalina.core.StandardEngine start
INFO: Starting Servlet Engine: Apache Tomcat/6.0.35
Apr 15, 2012 10:40:20 AM org.apache.catalina.startup.HostConfig deployDescriptor
INFO: Deploying configuration descriptor manager.xml
Apr 15, 2012 10:40:20 AM org.apache.catalina.startup.HostConfig deployDescriptor
INFO: Deploying configuration descriptor host-manager.xml
Apr 15, 2012 10:40:20 AM org.apache.catalina.startup.HostConfig deployDirectory
INFO: Deploying web application directory examples
Apr 15, 2012 10:40:20 AM org.apache.catalina.startup.HostConfig deployDirectory
INFO: Deploying web application directory docs
Apr 15, 2012 10:40:20 AM org.apache.coyote.http11.Http11Protocol start
INFO: Starting Coyote HTTP/1.1 on http-8080
Apr 15, 2012 10:40:20 AM org.apache.jk.common.ChannelSocket init
INFO: JK: ajp13 listening on /0.0.0.0:8009
Apr 15, 2012 10:40:20 AM org.apache.jk.server.JkMain start
INFO: Jk running ID=0 time=0/20  config=null
Apr 15, 2012 10:40:20 AM org.apache.catalina.startup.Catalina start
INFO: Server startup in 662 ms
Apr 15, 2012 1:55:57 PM org.apache.coyote.http11.Http11Protocol pause
INFO: Pausing Coyote HTTP/1.1 on http-8080
Apr 15, 2012 1:55:58 PM org.apache.catalina.core.StandardService stop
INFO: Stopping service Catalina
Apr 15, 2012 1:55:58 PM org.apache.catalina.loader.WebappClassLoader clearReferencesJdbc
SEVERE: The web application [] registered the JDBC driver [com.mysql.jdbc.Driver] but failed to unregister it when the web application was stopped. To prevent a memory leak, the JDBC Driver has been forcibly unregistered.
Apr 15, 2012 1:55:58 PM org.apache.catalina.loader.WebappClassLoader clearReferencesThreads
SEVERE: The web application [] appears to have started a thread named [MySQL Statement Cancellation Timer] but has failed to stop it. This is very likely to create a memory leak.
Apr 15, 2012 1:55:58 PM org.apache.coyote.http11.Http11Protocol destroy
INFO: Stopping Coyote HTTP/1.1 on http-8080
Apr 15, 2012 2:43:07 PM org.apache.catalina.core.AprLifecycleListener init
INFO: The APR based Apache Tomcat Native library which allows optimal performance in production environments was not found on the java.library.path: /usr/java/packages/lib/amd64:/usr/lib64:/lib64:/lib:/usr/lib
Apr 15, 2012 2:43:07 PM org.apache.tomcat.util.digester.SetPropertiesRule begin
WARNING: [SetPropertiesRule]{Server/Service/Engine/Host/Context} Setting property 'debug' to '5' did not find a matching property.
Apr 15, 2012 2:43:08 PM org.apache.coyote.http11.Http11Protocol init
INFO: Initializing Coyote HTTP/1.1 on http-8080
Apr 15, 2012 2:43:08 PM org.apache.catalina.startup.Catalina load
INFO: Initialization processed in 682 ms
Apr 15, 2012 2:43:08 PM org.apache.catalina.core.StandardService start
INFO: Starting service Catalina
Apr 15, 2012 2:43:08 PM org.apache.catalina.core.StandardEngine start
INFO: Starting Servlet Engine: Apache Tomcat/6.0.35
Apr 15, 2012 2:43:08 PM org.apache.catalina.startup.HostConfig deployDescriptor
INFO: Deploying configuration descriptor manager.xml
Apr 15, 2012 2:43:08 PM org.apache.catalina.startup.HostConfig deployDescriptor
INFO: Deploying configuration descriptor host-manager.xml
Apr 15, 2012 2:43:08 PM org.apache.catalina.startup.HostConfig deployDirectory
INFO: Deploying web application directory examples
Apr 15, 2012 2:43:08 PM org.apache.catalina.startup.HostConfig deployDirectory
INFO: Deploying web application directory docs
Apr 15, 2012 2:43:08 PM org.apache.coyote.http11.Http11Protocol start
INFO: Starting Coyote HTTP/1.1 on http-8080
Apr 15, 2012 2:43:08 PM org.apache.jk.common.ChannelSocket init
INFO: JK: ajp13 listening on /0.0.0.0:8009
Apr 15, 2012 2:43:08 PM org.apache.jk.server.JkMain start
INFO: Jk running ID=0 time=0/19  config=null
Apr 15, 2012 2:43:08 PM org.apache.catalina.startup.Catalina start
INFO: Server startup in 640 ms
Apr 15, 2012 2:44:51 PM org.apache.coyote.http11.Http11Protocol pause
INFO: Pausing Coyote HTTP/1.1 on http-8080
Apr 15, 2012 2:44:52 PM org.apache.catalina.core.StandardService stop
INFO: Stopping service Catalina
Apr 15, 2012 2:44:52 PM org.apache.catalina.loader.WebappClassLoader clearReferencesJdbc
SEVERE: The web application [] registered the JDBC driver [com.mysql.jdbc.Driver] but failed to unregister it when the web application was stopped. To prevent a memory leak, the JDBC Driver has been forcibly unregistered.
Apr 15, 2012 2:44:52 PM org.apache.catalina.loader.WebappClassLoader clearReferencesThreads
SEVERE: The web application [] appears to have started a thread named [MySQL Statement Cancellation Timer] but has failed to stop it. This is very likely to create a memory leak.
Apr 15, 2012 2:44:52 PM org.apache.coyote.http11.Http11Protocol destroy
INFO: Stopping Coyote HTTP/1.1 on http-8080
Apr 15, 2012 3:56:16 PM org.apache.catalina.core.AprLifecycleListener init
INFO: The APR based Apache Tomcat Native library which allows optimal performance in production environments was not found on the java.library.path: /usr/java/packages/lib/amd64:/usr/lib64:/lib64:/lib:/usr/lib
Apr 15, 2012 3:56:16 PM org.apache.tomcat.util.digester.SetPropertiesRule begin
WARNING: [SetPropertiesRule]{Server/Service/Engine/Host/Context} Setting property 'debug' to '5' did not find a matching property.
Apr 15, 2012 3:56:16 PM org.apache.coyote.http11.Http11Protocol init
INFO: Initializing Coyote HTTP/1.1 on http-8080
Apr 15, 2012 3:56:16 PM org.apache.catalina.startup.Catalina load
INFO: Initialization processed in 666 ms
Apr 15, 2012 3:56:16 PM org.apache.catalina.core.StandardService start
INFO: Starting service Catalina
Apr 15, 2012 3:56:16 PM org.apache.catalina.core.StandardEngine start
INFO: Starting Servlet Engine: Apache Tomcat/6.0.35
Apr 15, 2012 3:56:16 PM org.apache.catalina.startup.HostConfig deployDescriptor
INFO: Deploying configuration descriptor manager.xml
Apr 15, 2012 3:56:16 PM org.apache.catalina.startup.HostConfig deployDescriptor
INFO: Deploying configuration descriptor host-manager.xml
Apr 15, 2012 3:56:16 PM org.apache.catalina.startup.HostConfig deployDirectory
INFO: Deploying web application directory examples
Apr 15, 2012 3:56:16 PM org.apache.catalina.startup.HostConfig deployDirectory
INFO: Deploying web application directory docs
Apr 15, 2012 3:56:16 PM org.apache.coyote.http11.Http11Protocol start
INFO: Starting Coyote HTTP/1.1 on http-8080
Apr 15, 2012 3:56:17 PM org.apache.jk.common.ChannelSocket init
INFO: JK: ajp13 listening on /0.0.0.0:8009
Apr 15, 2012 3:56:17 PM org.apache.jk.server.JkMain start
INFO: Jk running ID=0 time=0/19  config=null
Apr 15, 2012 3:56:17 PM org.apache.catalina.startup.Catalina start
INFO: Server startup in 654 ms
Apr 15, 2012 3:57:06 PM org.apache.coyote.http11.Http11Protocol pause
INFO: Pausing Coyote HTTP/1.1 on http-8080
Apr 15, 2012 3:57:07 PM org.apache.catalina.core.StandardService stop
INFO: Stopping service Catalina
Apr 15, 2012 3:57:07 PM org.apache.catalina.loader.WebappClassLoader clearReferencesJdbc
SEVERE: The web application [] registered the JDBC driver [com.mysql.jdbc.Driver] but failed to unregister it when the web application was stopped. To prevent a memory leak, the JDBC Driver has been forcibly unregistered.
Apr 15, 2012 3:57:07 PM org.apache.catalina.loader.WebappClassLoader clearReferencesThreads
SEVERE: The web application [] appears to have started a thread named [MySQL Statement Cancellation Timer] but has failed to stop it. This is very likely to create a memory leak.
Apr 15, 2012 3:57:07 PM org.apache.coyote.http11.Http11Protocol destroy
INFO: Stopping Coyote HTTP/1.1 on http-8080
Apr 15, 2012 4:21:08 PM org.apache.catalina.core.AprLifecycleListener init
INFO: The APR based Apache Tomcat Native library which allows optimal performance in production environments was not found on the java.library.path: /usr/java/packages/lib/amd64:/usr/lib64:/lib64:/lib:/usr/lib
Apr 15, 2012 4:21:08 PM org.apache.tomcat.util.digester.SetPropertiesRule begin
WARNING: [SetPropertiesRule]{Server/Service/Engine/Host/Context} Setting property 'debug' to '5' did not find a matching property.
Apr 15, 2012 4:21:08 PM org.apache.coyote.http11.Http11Protocol init
INFO: Initializing Coyote HTTP/1.1 on http-8080
Apr 15, 2012 4:21:08 PM org.apache.catalina.startup.Catalina load
INFO: Initialization processed in 676 ms
Apr 15, 2012 4:21:08 PM org.apache.catalina.core.StandardService start
INFO: Starting service Catalina
Apr 15, 2012 4:21:08 PM org.apache.catalina.core.StandardEngine start
INFO: Starting Servlet Engine: Apache Tomcat/6.0.35
Apr 15, 2012 4:21:08 PM org.apache.catalina.startup.HostConfig deployDescriptor
INFO: Deploying configuration descriptor manager.xml
Apr 15, 2012 4:21:08 PM org.apache.catalina.startup.HostConfig deployDescriptor
INFO: Deploying configuration descriptor host-manager.xml
Apr 15, 2012 4:21:08 PM org.apache.catalina.startup.HostConfig deployDirectory
INFO: Deploying web application directory examples
Apr 15, 2012 4:21:08 PM org.apache.catalina.startup.HostConfig deployDirectory
INFO: Deploying web application directory docs
Apr 15, 2012 4:21:08 PM org.apache.coyote.http11.Http11Protocol start
INFO: Starting Coyote HTTP/1.1 on http-8080
Apr 15, 2012 4:21:09 PM org.apache.jk.common.ChannelSocket init
INFO: JK: ajp13 listening on /0.0.0.0:8009
Apr 15, 2012 4:21:09 PM org.apache.jk.server.JkMain start
INFO: Jk running ID=0 time=0/19  config=null
Apr 15, 2012 4:21:09 PM org.apache.catalina.startup.Catalina start
INFO: Server startup in 650 ms
Apr 15, 2012 4:21:44 PM org.apache.coyote.http11.Http11Protocol pause
INFO: Pausing Coyote HTTP/1.1 on http-8080
Apr 15, 2012 4:21:45 PM org.apache.catalina.core.StandardService stop
INFO: Stopping service Catalina
Apr 15, 2012 4:21:45 PM org.apache.catalina.loader.WebappClassLoader clearReferencesJdbc
SEVERE: The web application [] registered the JDBC driver [com.mysql.jdbc.Driver] but failed to unregister it when the web application was stopped. To prevent a memory leak, the JDBC Driver has been forcibly unregistered.
Apr 15, 2012 4:21:45 PM org.apache.catalina.loader.WebappClassLoader clearReferencesThreads
SEVERE: The web application [] appears to have started a thread named [MySQL Statement Cancellation Timer] but has failed to stop it. This is very likely to create a memory leak.
Apr 15, 2012 4:21:45 PM org.apache.coyote.http11.Http11Protocol destroy
INFO: Stopping Coyote HTTP/1.1 on http-8080
