Oct 19, 2013 1:01:01 AM org.apache.catalina.core.ApplicationContext log
INFO: ContextListener: contextInitialized()
Oct 19, 2013 1:01:01 AM org.apache.catalina.core.ApplicationContext log
INFO: SessionListener: contextInitialized()
Oct 19, 2013 1:01:02 AM org.apache.catalina.core.ApplicationContext log
INFO: SessionListener: contextDestroyed()
Oct 19, 2013 1:01:02 AM org.apache.catalina.core.ApplicationContext log
INFO: ContextListener: contextDestroyed()
Oct 19, 2013 2:10:18 AM org.apache.catalina.core.ApplicationContext log
INFO: ContextListener: contextInitialized()
Oct 19, 2013 2:10:18 AM org.apache.catalina.core.ApplicationContext log
INFO: SessionListener: contextInitialized()
Oct 19, 2013 2:10:19 AM org.apache.catalina.core.ApplicationContext log
INFO: SessionListener: contextDestroyed()
Oct 19, 2013 2:10:19 AM org.apache.catalina.core.ApplicationContext log
INFO: ContextListener: contextDestroyed()
Oct 19, 2013 3:19:16 AM org.apache.catalina.core.ApplicationContext log
INFO: ContextListener: contextInitialized()
Oct 19, 2013 3:19:16 AM org.apache.catalina.core.ApplicationContext log
INFO: SessionListener: contextInitialized()
Oct 19, 2013 3:19:17 AM org.apache.catalina.core.ApplicationContext log
INFO: SessionListener: contextDestroyed()
Oct 19, 2013 3:19:17 AM org.apache.catalina.core.ApplicationContext log
INFO: ContextListener: contextDestroyed()
Oct 19, 2013 4:28:22 AM org.apache.catalina.core.ApplicationContext log
INFO: ContextListener: contextInitialized()
Oct 19, 2013 4:28:22 AM org.apache.catalina.core.ApplicationContext log
INFO: SessionListener: contextInitialized()
Oct 19, 2013 4:28:24 AM org.apache.catalina.core.ApplicationContext log
INFO: SessionListener: contextDestroyed()
Oct 19, 2013 4:28:24 AM org.apache.catalina.core.ApplicationContext log
INFO: ContextListener: contextDestroyed()
Oct 19, 2013 5:37:26 AM org.apache.catalina.core.ApplicationContext log
INFO: ContextListener: contextInitialized()
Oct 19, 2013 5:37:26 AM org.apache.catalina.core.ApplicationContext log
INFO: SessionListener: contextInitialized()
Oct 19, 2013 5:37:27 AM org.apache.catalina.core.ApplicationContext log
INFO: SessionListener: contextDestroyed()
Oct 19, 2013 5:37:27 AM org.apache.catalina.core.ApplicationContext log
INFO: ContextListener: contextDestroyed()
Oct 19, 2013 6:46:15 AM org.apache.catalina.core.ApplicationContext log
INFO: ContextListener: contextInitialized()
Oct 19, 2013 6:46:15 AM org.apache.catalina.core.ApplicationContext log
INFO: SessionListener: contextInitialized()
Oct 19, 2013 6:46:16 AM org.apache.catalina.core.ApplicationContext log
INFO: SessionListener: contextDestroyed()
Oct 19, 2013 6:46:16 AM org.apache.catalina.core.ApplicationContext log
INFO: ContextListener: contextDestroyed()
Oct 19, 2013 7:55:00 AM org.apache.catalina.core.ApplicationContext log
INFO: ContextListener: contextInitialized()
Oct 19, 2013 7:55:00 AM org.apache.catalina.core.ApplicationContext log
INFO: SessionListener: contextInitialized()
Oct 19, 2013 7:55:01 AM org.apache.catalina.core.ApplicationContext log
INFO: SessionListener: contextDestroyed()
Oct 19, 2013 7:55:01 AM org.apache.catalina.core.ApplicationContext log
INFO: ContextListener: contextDestroyed()
Oct 19, 2013 9:03:38 AM org.apache.catalina.core.ApplicationContext log
INFO: ContextListener: contextInitialized()
Oct 19, 2013 9:03:38 AM org.apache.catalina.core.ApplicationContext log
INFO: SessionListener: contextInitialized()
Oct 19, 2013 9:03:39 AM org.apache.catalina.core.ApplicationContext log
INFO: SessionListener: contextDestroyed()
Oct 19, 2013 9:03:39 AM org.apache.catalina.core.ApplicationContext log
INFO: ContextListener: contextDestroyed()
Oct 19, 2013 10:12:21 AM org.apache.catalina.core.ApplicationContext log
INFO: ContextListener: contextInitialized()
Oct 19, 2013 10:12:21 AM org.apache.catalina.core.ApplicationContext log
INFO: SessionListener: contextInitialized()
Oct 19, 2013 10:12:23 AM org.apache.catalina.core.ApplicationContext log
INFO: SessionListener: contextDestroyed()
Oct 19, 2013 10:12:23 AM org.apache.catalina.core.ApplicationContext log
INFO: ContextListener: contextDestroyed()
Oct 19, 2013 8:21:25 PM org.apache.catalina.core.ApplicationContext log
INFO: SessionListener: contextDestroyed()
Oct 19, 2013 8:21:25 PM org.apache.catalina.core.ApplicationContext log
INFO: ContextListener: contextDestroyed()
Oct 19, 2013 8:21:26 PM org.apache.catalina.core.ApplicationContext log
INFO: ContextListener: contextInitialized()
Oct 19, 2013 8:21:26 PM org.apache.catalina.core.ApplicationContext log
INFO: SessionListener: contextInitialized()
Oct 19, 2013 8:42:15 PM org.apache.catalina.core.ApplicationContext log
INFO: SessionListener: contextDestroyed()
Oct 19, 2013 8:42:15 PM org.apache.catalina.core.ApplicationContext log
INFO: ContextListener: contextDestroyed()
Oct 19, 2013 8:42:16 PM org.apache.catalina.core.ApplicationContext log
INFO: ContextListener: contextInitialized()
Oct 19, 2013 8:42:16 PM org.apache.catalina.core.ApplicationContext log
INFO: SessionListener: contextInitialized()
Oct 19, 2013 8:44:14 PM org.apache.catalina.core.ApplicationContext log
INFO: SessionListener: contextDestroyed()
Oct 19, 2013 8:44:14 PM org.apache.catalina.core.ApplicationContext log
INFO: ContextListener: contextDestroyed()
Oct 19, 2013 8:44:15 PM org.apache.catalina.core.ApplicationContext log
INFO: ContextListener: contextInitialized()
Oct 19, 2013 8:44:15 PM org.apache.catalina.core.ApplicationContext log
INFO: SessionListener: contextInitialized()
Oct 19, 2013 8:44:58 PM org.apache.catalina.core.ApplicationContext log
INFO: SessionListener: contextDestroyed()
Oct 19, 2013 8:44:58 PM org.apache.catalina.core.ApplicationContext log
INFO: ContextListener: contextDestroyed()
Oct 19, 2013 8:44:59 PM org.apache.catalina.core.ApplicationContext log
INFO: ContextListener: contextInitialized()
Oct 19, 2013 8:44:59 PM org.apache.catalina.core.ApplicationContext log
INFO: SessionListener: contextInitialized()
Oct 19, 2013 8:45:37 PM org.apache.catalina.core.ApplicationContext log
INFO: SessionListener: contextDestroyed()
Oct 19, 2013 8:45:37 PM org.apache.catalina.core.ApplicationContext log
INFO: ContextListener: contextDestroyed()
Oct 19, 2013 8:45:38 PM org.apache.catalina.core.ApplicationContext log
INFO: ContextListener: contextInitialized()
Oct 19, 2013 8:45:38 PM org.apache.catalina.core.ApplicationContext log
INFO: SessionListener: contextInitialized()
Oct 19, 2013 8:45:38 PM org.apache.catalina.core.StandardWrapperValve invoke
SEVERE: Servlet.service() for servlet jsp threw exception
java.lang.ArrayIndexOutOfBoundsException: -1
	at java.util.ArrayList.elementData(ArrayList.java:371)
	at java.util.ArrayList.get(ArrayList.java:384)
	at edu.nudt.xtrace.Trace.findPartTreeTopology(Trace.java:182)
	at edu.nudt.xtrace.Trace.findTopology(Trace.java:260)
	at org.apache.jsp.delayRateGraph_jsp._jspService(delayRateGraph_jsp.java:109)
	at org.apache.jasper.runtime.HttpJspBase.service(HttpJspBase.java:70)
	at javax.servlet.http.HttpServlet.service(HttpServlet.java:717)
	at org.apache.jasper.servlet.JspServletWrapper.service(JspServletWrapper.java:388)
	at org.apache.jasper.servlet.JspServlet.serviceJspFile(JspServlet.java:313)
	at org.apache.jasper.servlet.JspServlet.service(JspServlet.java:260)
	at javax.servlet.http.HttpServlet.service(HttpServlet.java:717)
	at org.apache.catalina.core.ApplicationFilterChain.internalDoFilter(ApplicationFilterChain.java:290)
	at org.apache.catalina.core.ApplicationFilterChain.doFilter(ApplicationFilterChain.java:206)
	at org.apache.catalina.core.StandardWrapperValve.invoke(StandardWrapperValve.java:233)
	at org.apache.catalina.core.StandardContextValve.invoke(StandardContextValve.java:191)
	at org.apache.catalina.core.StandardHostValve.invoke(StandardHostValve.java:127)
	at org.apache.catalina.valves.ErrorReportValve.invoke(ErrorReportValve.java:102)
	at org.apache.catalina.core.StandardEngineValve.invoke(StandardEngineValve.java:109)
	at org.apache.catalina.connector.CoyoteAdapter.service(CoyoteAdapter.java:293)
	at org.apache.coyote.http11.Http11Processor.process(Http11Processor.java:859)
	at org.apache.coyote.http11.Http11Protocol$Http11ConnectionHandler.process(Http11Protocol.java:602)
	at org.apache.tomcat.util.net.JIoEndpoint$Worker.run(JIoEndpoint.java:489)
	at java.lang.Thread.run(Thread.java:722)

Oct 19, 2013 8:47:40 PM org.apache.catalina.core.ApplicationContext log
INFO: SessionListener: contextDestroyed()
Oct 19, 2013 8:47:40 PM org.apache.catalina.core.ApplicationContext log
INFO: ContextListener: contextDestroyed()
Oct 19, 2013 8:47:41 PM org.apache.catalina.core.ApplicationContext log
INFO: ContextListener: contextInitialized()
Oct 19, 2013 8:47:41 PM org.apache.catalina.core.ApplicationContext log
INFO: SessionListener: contextInitialized()
