Oct 09, 2013 12:31:13 AM org.apache.catalina.core.ApplicationContext log
INFO: ContextListener: contextInitialized()
Oct 09, 2013 12:31:13 AM org.apache.catalina.core.ApplicationContext log
INFO: SessionListener: contextInitialized()
Oct 09, 2013 12:31:14 AM org.apache.catalina.core.ApplicationContext log
INFO: SessionListener: contextDestroyed()
Oct 09, 2013 12:31:14 AM org.apache.catalina.core.ApplicationContext log
INFO: ContextListener: contextDestroyed()
Oct 09, 2013 1:31:44 AM org.apache.catalina.core.ApplicationContext log
INFO: ContextListener: contextInitialized()
Oct 09, 2013 1:31:44 AM org.apache.catalina.core.ApplicationContext log
INFO: SessionListener: contextInitialized()
Oct 09, 2013 1:31:45 AM org.apache.catalina.core.ApplicationContext log
INFO: SessionListener: contextDestroyed()
Oct 09, 2013 1:31:45 AM org.apache.catalina.core.ApplicationContext log
INFO: ContextListener: contextDestroyed()
Oct 09, 2013 2:32:17 AM org.apache.catalina.core.ApplicationContext log
INFO: ContextListener: contextInitialized()
Oct 09, 2013 2:32:17 AM org.apache.catalina.core.ApplicationContext log
INFO: SessionListener: contextInitialized()
Oct 09, 2013 2:32:18 AM org.apache.catalina.core.ApplicationContext log
INFO: SessionListener: contextDestroyed()
Oct 09, 2013 2:32:18 AM org.apache.catalina.core.ApplicationContext log
INFO: ContextListener: contextDestroyed()
Oct 09, 2013 3:32:49 AM org.apache.catalina.core.ApplicationContext log
INFO: ContextListener: contextInitialized()
Oct 09, 2013 3:32:49 AM org.apache.catalina.core.ApplicationContext log
INFO: SessionListener: contextInitialized()
Oct 09, 2013 3:32:50 AM org.apache.catalina.core.ApplicationContext log
INFO: SessionListener: contextDestroyed()
Oct 09, 2013 3:32:50 AM org.apache.catalina.core.ApplicationContext log
INFO: ContextListener: contextDestroyed()
Oct 09, 2013 4:33:21 AM org.apache.catalina.core.ApplicationContext log
INFO: ContextListener: contextInitialized()
Oct 09, 2013 4:33:21 AM org.apache.catalina.core.ApplicationContext log
INFO: SessionListener: contextInitialized()
Oct 09, 2013 4:33:22 AM org.apache.catalina.core.ApplicationContext log
INFO: SessionListener: contextDestroyed()
Oct 09, 2013 4:33:22 AM org.apache.catalina.core.ApplicationContext log
INFO: ContextListener: contextDestroyed()
Oct 09, 2013 5:33:52 AM org.apache.catalina.core.ApplicationContext log
INFO: ContextListener: contextInitialized()
Oct 09, 2013 5:33:52 AM org.apache.catalina.core.ApplicationContext log
INFO: SessionListener: contextInitialized()
Oct 09, 2013 5:33:53 AM org.apache.catalina.core.ApplicationContext log
INFO: SessionListener: contextDestroyed()
Oct 09, 2013 5:33:53 AM org.apache.catalina.core.ApplicationContext log
INFO: ContextListener: contextDestroyed()
Oct 09, 2013 6:34:24 AM org.apache.catalina.core.ApplicationContext log
INFO: ContextListener: contextInitialized()
Oct 09, 2013 6:34:24 AM org.apache.catalina.core.ApplicationContext log
INFO: SessionListener: contextInitialized()
Oct 09, 2013 6:34:25 AM org.apache.catalina.core.ApplicationContext log
INFO: SessionListener: contextDestroyed()
Oct 09, 2013 6:34:25 AM org.apache.catalina.core.ApplicationContext log
INFO: ContextListener: contextDestroyed()
Oct 09, 2013 7:34:56 AM org.apache.catalina.core.ApplicationContext log
INFO: ContextListener: contextInitialized()
Oct 09, 2013 7:34:56 AM org.apache.catalina.core.ApplicationContext log
INFO: SessionListener: contextInitialized()
Oct 09, 2013 7:34:57 AM org.apache.catalina.core.ApplicationContext log
INFO: SessionListener: contextDestroyed()
Oct 09, 2013 7:34:57 AM org.apache.catalina.core.ApplicationContext log
INFO: ContextListener: contextDestroyed()
Oct 09, 2013 8:35:28 AM org.apache.catalina.core.ApplicationContext log
INFO: ContextListener: contextInitialized()
Oct 09, 2013 8:35:28 AM org.apache.catalina.core.ApplicationContext log
INFO: SessionListener: contextInitialized()
Oct 09, 2013 8:35:29 AM org.apache.catalina.core.ApplicationContext log
INFO: SessionListener: contextDestroyed()
Oct 09, 2013 8:35:29 AM org.apache.catalina.core.ApplicationContext log
INFO: ContextListener: contextDestroyed()
Oct 09, 2013 9:36:00 AM org.apache.catalina.core.ApplicationContext log
INFO: ContextListener: contextInitialized()
Oct 09, 2013 9:36:00 AM org.apache.catalina.core.ApplicationContext log
INFO: SessionListener: contextInitialized()
Oct 09, 2013 9:36:01 AM org.apache.catalina.core.ApplicationContext log
INFO: SessionListener: contextDestroyed()
Oct 09, 2013 9:36:01 AM org.apache.catalina.core.ApplicationContext log
INFO: ContextListener: contextDestroyed()
Oct 09, 2013 8:13:18 PM org.apache.catalina.core.ApplicationContext log
INFO: ContextListener: contextInitialized()
Oct 09, 2013 8:13:18 PM org.apache.catalina.core.ApplicationContext log
INFO: SessionListener: contextInitialized()
Oct 09, 2013 8:13:19 PM org.apache.catalina.core.ApplicationContext log
INFO: SessionListener: contextDestroyed()
Oct 09, 2013 8:13:19 PM org.apache.catalina.core.ApplicationContext log
INFO: ContextListener: contextDestroyed()
Oct 09, 2013 8:15:42 PM org.apache.catalina.core.ApplicationContext log
INFO: ContextListener: contextInitialized()
Oct 09, 2013 8:15:42 PM org.apache.catalina.core.ApplicationContext log
INFO: SessionListener: contextInitialized()
Oct 09, 2013 8:15:43 PM org.apache.catalina.core.ApplicationContext log
INFO: SessionListener: contextDestroyed()
Oct 09, 2013 8:15:43 PM org.apache.catalina.core.ApplicationContext log
INFO: ContextListener: contextDestroyed()
Oct 09, 2013 9:16:20 PM org.apache.catalina.core.ApplicationContext log
INFO: ContextListener: contextInitialized()
Oct 09, 2013 9:16:20 PM org.apache.catalina.core.ApplicationContext log
INFO: SessionListener: contextInitialized()
Oct 09, 2013 9:16:22 PM org.apache.catalina.core.ApplicationContext log
INFO: SessionListener: contextDestroyed()
Oct 09, 2013 9:16:22 PM org.apache.catalina.core.ApplicationContext log
INFO: ContextListener: contextDestroyed()
Oct 09, 2013 10:16:55 PM org.apache.catalina.core.ApplicationContext log
INFO: ContextListener: contextInitialized()
Oct 09, 2013 10:16:55 PM org.apache.catalina.core.ApplicationContext log
INFO: SessionListener: contextInitialized()
Oct 09, 2013 10:16:56 PM org.apache.catalina.core.ApplicationContext log
INFO: SessionListener: contextDestroyed()
Oct 09, 2013 10:16:56 PM org.apache.catalina.core.ApplicationContext log
INFO: ContextListener: contextDestroyed()
Oct 09, 2013 11:19:04 PM org.apache.catalina.core.ApplicationContext log
INFO: ContextListener: contextInitialized()
Oct 09, 2013 11:19:04 PM org.apache.catalina.core.ApplicationContext log
INFO: SessionListener: contextInitialized()
Oct 09, 2013 11:19:05 PM org.apache.catalina.core.ApplicationContext log
INFO: SessionListener: contextDestroyed()
Oct 09, 2013 11:19:05 PM org.apache.catalina.core.ApplicationContext log
INFO: ContextListener: contextDestroyed()
