2012-8-24 7:31:33 org.apache.catalina.core.ApplicationContext log
信息: ContextListener: contextInitialized()
2012-8-24 7:31:33 org.apache.catalina.core.ApplicationContext log
信息: SessionListener: contextInitialized()
2012-8-24 12:27:03 org.apache.catalina.core.ApplicationContext log
信息: SessionListener: contextDestroyed()
2012-8-24 12:27:03 org.apache.catalina.core.ApplicationContext log
信息: ContextListener: contextDestroyed()
Aug 24, 2012 11:24:04 AM org.apache.catalina.core.ApplicationContext log
INFO: ContextListener: contextInitialized()
Aug 24, 2012 11:24:04 AM org.apache.catalina.core.ApplicationContext log
INFO: SessionListener: contextInitialized()
Aug 24, 2012 11:39:19 AM org.apache.catalina.core.ApplicationContext log
INFO: SessionListener: contextDestroyed()
Aug 24, 2012 11:39:19 AM org.apache.catalina.core.ApplicationContext log
INFO: ContextListener: contextDestroyed()
Aug 24, 2012 11:39:39 AM org.apache.catalina.core.ApplicationContext log
INFO: ContextListener: contextInitialized()
Aug 24, 2012 11:39:39 AM org.apache.catalina.core.ApplicationContext log
INFO: SessionListener: contextInitialized()
