2012-11-7 8:15:46 org.apache.catalina.core.ApplicationContext log
信息: ContextListener: contextInitialized()
2012-11-7 8:15:46 org.apache.catalina.core.ApplicationContext log
信息: SessionListener: contextInitialized()
2012-11-7 8:53:46 org.apache.catalina.core.ApplicationContext log
信息: SessionListener: contextDestroyed()
2012-11-7 8:53:46 org.apache.catalina.core.ApplicationContext log
信息: ContextListener: contextDestroyed()
2012-11-7 8:53:51 org.apache.catalina.core.ApplicationContext log
信息: ContextListener: contextInitialized()
2012-11-7 8:53:51 org.apache.catalina.core.ApplicationContext log
信息: SessionListener: contextInitialized()
2012-11-7 8:55:40 org.apache.catalina.core.ApplicationContext log
信息: SessionListener: contextDestroyed()
2012-11-7 8:55:40 org.apache.catalina.core.ApplicationContext log
信息: ContextListener: contextDestroyed()
2012-11-7 8:55:44 org.apache.catalina.core.ApplicationContext log
信息: ContextListener: contextInitialized()
2012-11-7 8:55:44 org.apache.catalina.core.ApplicationContext log
信息: SessionListener: contextInitialized()
2012-11-7 9:14:25 org.apache.catalina.core.ApplicationContext log
信息: SessionListener: contextDestroyed()
2012-11-7 9:14:25 org.apache.catalina.core.ApplicationContext log
信息: ContextListener: contextDestroyed()
2012-11-7 9:14:28 org.apache.catalina.core.ApplicationContext log
信息: ContextListener: contextInitialized()
2012-11-7 9:14:28 org.apache.catalina.core.ApplicationContext log
信息: SessionListener: contextInitialized()
2012-11-7 9:16:08 org.apache.catalina.core.ApplicationContext log
信息: SessionListener: contextDestroyed()
2012-11-7 9:16:08 org.apache.catalina.core.ApplicationContext log
信息: ContextListener: contextDestroyed()
2012-11-7 9:16:17 org.apache.catalina.core.ApplicationContext log
信息: ContextListener: contextInitialized()
2012-11-7 9:16:17 org.apache.catalina.core.ApplicationContext log
信息: SessionListener: contextInitialized()
2012-11-7 9:17:12 org.apache.catalina.core.ApplicationContext log
信息: SessionListener: contextDestroyed()
2012-11-7 9:17:12 org.apache.catalina.core.ApplicationContext log
信息: ContextListener: contextDestroyed()
2012-11-7 9:17:14 org.apache.catalina.core.ApplicationContext log
信息: ContextListener: contextInitialized()
2012-11-7 9:17:14 org.apache.catalina.core.ApplicationContext log
信息: SessionListener: contextInitialized()
2012-11-7 9:17:51 org.apache.catalina.core.ApplicationContext log
信息: SessionListener: contextDestroyed()
2012-11-7 9:17:51 org.apache.catalina.core.ApplicationContext log
信息: ContextListener: contextDestroyed()
2012-11-7 9:18:05 org.apache.catalina.core.ApplicationContext log
信息: ContextListener: contextInitialized()
2012-11-7 9:18:05 org.apache.catalina.core.ApplicationContext log
信息: SessionListener: contextInitialized()
2012-11-7 9:18:49 org.apache.catalina.core.ApplicationContext log
信息: SessionListener: contextDestroyed()
2012-11-7 9:18:49 org.apache.catalina.core.ApplicationContext log
信息: ContextListener: contextDestroyed()
2012-11-7 9:18:53 org.apache.catalina.core.ApplicationContext log
信息: ContextListener: contextInitialized()
2012-11-7 9:18:53 org.apache.catalina.core.ApplicationContext log
信息: SessionListener: contextInitialized()
2012-11-7 9:19:19 org.apache.catalina.core.ApplicationContext log
信息: SessionListener: contextDestroyed()
2012-11-7 9:19:19 org.apache.catalina.core.ApplicationContext log
信息: ContextListener: contextDestroyed()
2012-11-7 9:19:23 org.apache.catalina.core.ApplicationContext log
信息: ContextListener: contextInitialized()
2012-11-7 9:19:23 org.apache.catalina.core.ApplicationContext log
信息: SessionListener: contextInitialized()
2012-11-7 10:13:09 org.apache.catalina.core.ApplicationContext log
信息: SessionListener: contextDestroyed()
2012-11-7 10:13:09 org.apache.catalina.core.ApplicationContext log
信息: ContextListener: contextDestroyed()
2012-11-7 10:14:58 org.apache.catalina.core.ApplicationContext log
信息: ContextListener: contextInitialized()
2012-11-7 10:14:58 org.apache.catalina.core.ApplicationContext log
信息: SessionListener: contextInitialized()
2012-11-7 10:17:06 org.apache.catalina.core.StandardWrapperValve invoke
严重: Servlet.service() for servlet jsp threw exception
java.lang.NullPointerException
	at org.apache.jsp.taskClassify_jsp._jspService(taskClassify_jsp.java:111)
	at org.apache.jasper.runtime.HttpJspBase.service(HttpJspBase.java:70)
	at javax.servlet.http.HttpServlet.service(HttpServlet.java:717)
	at org.apache.jasper.servlet.JspServletWrapper.service(JspServletWrapper.java:388)
	at org.apache.jasper.servlet.JspServlet.serviceJspFile(JspServlet.java:313)
	at org.apache.jasper.servlet.JspServlet.service(JspServlet.java:260)
	at javax.servlet.http.HttpServlet.service(HttpServlet.java:717)
	at org.apache.catalina.core.ApplicationFilterChain.internalDoFilter(ApplicationFilterChain.java:290)
	at org.apache.catalina.core.ApplicationFilterChain.doFilter(ApplicationFilterChain.java:206)
	at org.apache.catalina.core.StandardWrapperValve.invoke(StandardWrapperValve.java:233)
	at org.apache.catalina.core.StandardContextValve.invoke(StandardContextValve.java:191)
	at org.apache.catalina.core.StandardHostValve.invoke(StandardHostValve.java:127)
	at org.apache.catalina.valves.ErrorReportValve.invoke(ErrorReportValve.java:102)
	at org.apache.catalina.core.StandardEngineValve.invoke(StandardEngineValve.java:109)
	at org.apache.catalina.connector.CoyoteAdapter.service(CoyoteAdapter.java:293)
	at org.apache.coyote.http11.Http11Processor.process(Http11Processor.java:859)
	at org.apache.coyote.http11.Http11Protocol$Http11ConnectionHandler.process(Http11Protocol.java:602)
	at org.apache.tomcat.util.net.JIoEndpoint$Worker.run(JIoEndpoint.java:489)
	at java.lang.Thread.run(Thread.java:662)
2012-11-7 10:17:10 org.apache.catalina.core.StandardWrapperValve invoke
严重: Servlet.service() for servlet jsp threw exception
java.lang.NullPointerException
	at org.apache.jsp.taskClassify_jsp._jspService(taskClassify_jsp.java:111)
	at org.apache.jasper.runtime.HttpJspBase.service(HttpJspBase.java:70)
	at javax.servlet.http.HttpServlet.service(HttpServlet.java:717)
	at org.apache.jasper.servlet.JspServletWrapper.service(JspServletWrapper.java:388)
	at org.apache.jasper.servlet.JspServlet.serviceJspFile(JspServlet.java:313)
	at org.apache.jasper.servlet.JspServlet.service(JspServlet.java:260)
	at javax.servlet.http.HttpServlet.service(HttpServlet.java:717)
	at org.apache.catalina.core.ApplicationFilterChain.internalDoFilter(ApplicationFilterChain.java:290)
	at org.apache.catalina.core.ApplicationFilterChain.doFilter(ApplicationFilterChain.java:206)
	at org.apache.catalina.core.StandardWrapperValve.invoke(StandardWrapperValve.java:233)
	at org.apache.catalina.core.StandardContextValve.invoke(StandardContextValve.java:191)
	at org.apache.catalina.core.StandardHostValve.invoke(StandardHostValve.java:127)
	at org.apache.catalina.valves.ErrorReportValve.invoke(ErrorReportValve.java:102)
	at org.apache.catalina.core.StandardEngineValve.invoke(StandardEngineValve.java:109)
	at org.apache.catalina.connector.CoyoteAdapter.service(CoyoteAdapter.java:293)
	at org.apache.coyote.http11.Http11Processor.process(Http11Processor.java:859)
	at org.apache.coyote.http11.Http11Protocol$Http11ConnectionHandler.process(Http11Protocol.java:602)
	at org.apache.tomcat.util.net.JIoEndpoint$Worker.run(JIoEndpoint.java:489)
	at java.lang.Thread.run(Thread.java:662)
2012-11-7 10:17:24 org.apache.catalina.core.StandardWrapperValve invoke
严重: Servlet.service() for servlet jsp threw exception
org.apache.jasper.JasperException: Unable to compile class for JSP: 

An error occurred at line: 95 in the jsp file: /abnormalDiagnosis.jsp
The method PCA_Analysis(double[][], String[]) is undefined for the type AbnormalDiagnosis
92: //double[][] tmp={{1,0,0},{2,0,0},{2,0,0},{3,0,0},{1,0,0},{2,0,0},{2,0,0},{3,0,0},{2,10,0}};
93: double[][] tmp={{12.5,0.01},{14,-0.01},{15.3,0},{11,0.05},{9.2,0.1},{10.5,-0.01},{11.5,-0.01},{9.3,-0.01},{11.8,0.05},{11.2,0.05},{14,-0.01},{15.3,0},{11,0.05},{9.2,0.1},{10.5,-0.01},{11.5,-0.01},{9.3,-0.01},{11.8,0.05},{11.2,0.05},{12,5}};
94: 
95: String[] results = diagnosisor.PCA_Analysis(responses, taskIDs);
96: double[] val = diagnosisor.getEigenvalues();
97: 
98: //*


Stacktrace:
	at org.apache.jasper.compiler.DefaultErrorHandler.javacError(DefaultErrorHandler.java:92)
	at org.apache.jasper.compiler.ErrorDispatcher.javacError(ErrorDispatcher.java:330)
	at org.apache.jasper.compiler.JDTCompiler.generateClass(JDTCompiler.java:439)
	at org.apache.jasper.compiler.Compiler.compile(Compiler.java:356)
	at org.apache.jasper.compiler.Compiler.compile(Compiler.java:334)
	at org.apache.jasper.compiler.Compiler.compile(Compiler.java:321)
	at org.apache.jasper.JspCompilationContext.compile(JspCompilationContext.java:592)
	at org.apache.jasper.servlet.JspServletWrapper.service(JspServletWrapper.java:328)
	at org.apache.jasper.servlet.JspServlet.serviceJspFile(JspServlet.java:313)
	at org.apache.jasper.servlet.JspServlet.service(JspServlet.java:260)
	at javax.servlet.http.HttpServlet.service(HttpServlet.java:717)
	at org.apache.catalina.core.ApplicationFilterChain.internalDoFilter(ApplicationFilterChain.java:290)
	at org.apache.catalina.core.ApplicationFilterChain.doFilter(ApplicationFilterChain.java:206)
	at org.apache.catalina.core.StandardWrapperValve.invoke(StandardWrapperValve.java:233)
	at org.apache.catalina.core.StandardContextValve.invoke(StandardContextValve.java:191)
	at org.apache.catalina.core.StandardHostValve.invoke(StandardHostValve.java:127)
	at org.apache.catalina.valves.ErrorReportValve.invoke(ErrorReportValve.java:102)
	at org.apache.catalina.core.StandardEngineValve.invoke(StandardEngineValve.java:109)
	at org.apache.catalina.connector.CoyoteAdapter.service(CoyoteAdapter.java:293)
	at org.apache.coyote.http11.Http11Processor.process(Http11Processor.java:859)
	at org.apache.coyote.http11.Http11Protocol$Http11ConnectionHandler.process(Http11Protocol.java:602)
	at org.apache.tomcat.util.net.JIoEndpoint$Worker.run(JIoEndpoint.java:489)
	at java.lang.Thread.run(Thread.java:662)
2012-11-7 10:18:13 org.apache.catalina.core.StandardWrapperValve invoke
严重: Servlet.service() for servlet jsp threw exception
java.lang.NullPointerException
	at org.apache.jsp.abnormalDiagnosis_jsp._jspService(abnormalDiagnosis_jsp.java:199)
	at org.apache.jasper.runtime.HttpJspBase.service(HttpJspBase.java:70)
	at javax.servlet.http.HttpServlet.service(HttpServlet.java:717)
	at org.apache.jasper.servlet.JspServletWrapper.service(JspServletWrapper.java:388)
	at org.apache.jasper.servlet.JspServlet.serviceJspFile(JspServlet.java:313)
	at org.apache.jasper.servlet.JspServlet.service(JspServlet.java:260)
	at javax.servlet.http.HttpServlet.service(HttpServlet.java:717)
	at org.apache.catalina.core.ApplicationFilterChain.internalDoFilter(ApplicationFilterChain.java:290)
	at org.apache.catalina.core.ApplicationFilterChain.doFilter(ApplicationFilterChain.java:206)
	at org.apache.catalina.core.StandardWrapperValve.invoke(StandardWrapperValve.java:233)
	at org.apache.catalina.core.StandardContextValve.invoke(StandardContextValve.java:191)
	at org.apache.catalina.core.StandardHostValve.invoke(StandardHostValve.java:127)
	at org.apache.catalina.valves.ErrorReportValve.invoke(ErrorReportValve.java:102)
	at org.apache.catalina.core.StandardEngineValve.invoke(StandardEngineValve.java:109)
	at org.apache.catalina.connector.CoyoteAdapter.service(CoyoteAdapter.java:293)
	at org.apache.coyote.http11.Http11Processor.process(Http11Processor.java:859)
	at org.apache.coyote.http11.Http11Protocol$Http11ConnectionHandler.process(Http11Protocol.java:602)
	at org.apache.tomcat.util.net.JIoEndpoint$Worker.run(JIoEndpoint.java:489)
	at java.lang.Thread.run(Thread.java:662)
2012-11-7 10:18:59 org.apache.catalina.core.StandardWrapperValve invoke
严重: Servlet.service() for servlet jsp threw exception
java.lang.NullPointerException
	at org.apache.jsp.abnormalDiagnosis_jsp._jspService(abnormalDiagnosis_jsp.java:201)
	at org.apache.jasper.runtime.HttpJspBase.service(HttpJspBase.java:70)
	at javax.servlet.http.HttpServlet.service(HttpServlet.java:717)
	at org.apache.jasper.servlet.JspServletWrapper.service(JspServletWrapper.java:388)
	at org.apache.jasper.servlet.JspServlet.serviceJspFile(JspServlet.java:313)
	at org.apache.jasper.servlet.JspServlet.service(JspServlet.java:260)
	at javax.servlet.http.HttpServlet.service(HttpServlet.java:717)
	at org.apache.catalina.core.ApplicationFilterChain.internalDoFilter(ApplicationFilterChain.java:290)
	at org.apache.catalina.core.ApplicationFilterChain.doFilter(ApplicationFilterChain.java:206)
	at org.apache.catalina.core.StandardWrapperValve.invoke(StandardWrapperValve.java:233)
	at org.apache.catalina.core.StandardContextValve.invoke(StandardContextValve.java:191)
	at org.apache.catalina.core.StandardHostValve.invoke(StandardHostValve.java:127)
	at org.apache.catalina.valves.ErrorReportValve.invoke(ErrorReportValve.java:102)
	at org.apache.catalina.core.StandardEngineValve.invoke(StandardEngineValve.java:109)
	at org.apache.catalina.connector.CoyoteAdapter.service(CoyoteAdapter.java:293)
	at org.apache.coyote.http11.Http11Processor.process(Http11Processor.java:859)
	at org.apache.coyote.http11.Http11Protocol$Http11ConnectionHandler.process(Http11Protocol.java:602)
	at org.apache.tomcat.util.net.JIoEndpoint$Worker.run(JIoEndpoint.java:489)
	at java.lang.Thread.run(Thread.java:662)
2012-11-7 10:19:00 org.apache.catalina.core.StandardWrapperValve invoke
严重: Servlet.service() for servlet jsp threw exception
java.lang.NullPointerException
	at org.apache.jsp.abnormalDiagnosis_jsp._jspService(abnormalDiagnosis_jsp.java:201)
	at org.apache.jasper.runtime.HttpJspBase.service(HttpJspBase.java:70)
	at javax.servlet.http.HttpServlet.service(HttpServlet.java:717)
	at org.apache.jasper.servlet.JspServletWrapper.service(JspServletWrapper.java:388)
	at org.apache.jasper.servlet.JspServlet.serviceJspFile(JspServlet.java:313)
	at org.apache.jasper.servlet.JspServlet.service(JspServlet.java:260)
	at javax.servlet.http.HttpServlet.service(HttpServlet.java:717)
	at org.apache.catalina.core.ApplicationFilterChain.internalDoFilter(ApplicationFilterChain.java:290)
	at org.apache.catalina.core.ApplicationFilterChain.doFilter(ApplicationFilterChain.java:206)
	at org.apache.catalina.core.StandardWrapperValve.invoke(StandardWrapperValve.java:233)
	at org.apache.catalina.core.StandardContextValve.invoke(StandardContextValve.java:191)
	at org.apache.catalina.core.StandardHostValve.invoke(StandardHostValve.java:127)
	at org.apache.catalina.valves.ErrorReportValve.invoke(ErrorReportValve.java:102)
	at org.apache.catalina.core.StandardEngineValve.invoke(StandardEngineValve.java:109)
	at org.apache.catalina.connector.CoyoteAdapter.service(CoyoteAdapter.java:293)
	at org.apache.coyote.http11.Http11Processor.process(Http11Processor.java:859)
	at org.apache.coyote.http11.Http11Protocol$Http11ConnectionHandler.process(Http11Protocol.java:602)
	at org.apache.tomcat.util.net.JIoEndpoint$Worker.run(JIoEndpoint.java:489)
	at java.lang.Thread.run(Thread.java:662)
2012-11-7 10:19:05 org.apache.catalina.core.StandardWrapperValve invoke
严重: Servlet.service() for servlet jsp threw exception
java.lang.NullPointerException
	at org.apache.jsp.abnormalDiagnosis_jsp._jspService(abnormalDiagnosis_jsp.java:201)
	at org.apache.jasper.runtime.HttpJspBase.service(HttpJspBase.java:70)
	at javax.servlet.http.HttpServlet.service(HttpServlet.java:717)
	at org.apache.jasper.servlet.JspServletWrapper.service(JspServletWrapper.java:388)
	at org.apache.jasper.servlet.JspServlet.serviceJspFile(JspServlet.java:313)
	at org.apache.jasper.servlet.JspServlet.service(JspServlet.java:260)
	at javax.servlet.http.HttpServlet.service(HttpServlet.java:717)
	at org.apache.catalina.core.ApplicationFilterChain.internalDoFilter(ApplicationFilterChain.java:290)
	at org.apache.catalina.core.ApplicationFilterChain.doFilter(ApplicationFilterChain.java:206)
	at org.apache.catalina.core.StandardWrapperValve.invoke(StandardWrapperValve.java:233)
	at org.apache.catalina.core.StandardContextValve.invoke(StandardContextValve.java:191)
	at org.apache.catalina.core.StandardHostValve.invoke(StandardHostValve.java:127)
	at org.apache.catalina.valves.ErrorReportValve.invoke(ErrorReportValve.java:102)
	at org.apache.catalina.core.StandardEngineValve.invoke(StandardEngineValve.java:109)
	at org.apache.catalina.connector.CoyoteAdapter.service(CoyoteAdapter.java:293)
	at org.apache.coyote.http11.Http11Processor.process(Http11Processor.java:859)
	at org.apache.coyote.http11.Http11Protocol$Http11ConnectionHandler.process(Http11Protocol.java:602)
	at org.apache.tomcat.util.net.JIoEndpoint$Worker.run(JIoEndpoint.java:489)
	at java.lang.Thread.run(Thread.java:662)
2012-11-7 10:20:21 org.apache.catalina.core.StandardWrapperValve invoke
严重: Servlet.service() for servlet jsp threw exception
java.lang.NullPointerException
	at org.apache.jsp.abnormalDiagnosis_jsp._jspService(abnormalDiagnosis_jsp.java:202)
	at org.apache.jasper.runtime.HttpJspBase.service(HttpJspBase.java:70)
	at javax.servlet.http.HttpServlet.service(HttpServlet.java:717)
	at org.apache.jasper.servlet.JspServletWrapper.service(JspServletWrapper.java:388)
	at org.apache.jasper.servlet.JspServlet.serviceJspFile(JspServlet.java:313)
	at org.apache.jasper.servlet.JspServlet.service(JspServlet.java:260)
	at javax.servlet.http.HttpServlet.service(HttpServlet.java:717)
	at org.apache.catalina.core.ApplicationFilterChain.internalDoFilter(ApplicationFilterChain.java:290)
	at org.apache.catalina.core.ApplicationFilterChain.doFilter(ApplicationFilterChain.java:206)
	at org.apache.catalina.core.StandardWrapperValve.invoke(StandardWrapperValve.java:233)
	at org.apache.catalina.core.StandardContextValve.invoke(StandardContextValve.java:191)
	at org.apache.catalina.core.StandardHostValve.invoke(StandardHostValve.java:127)
	at org.apache.catalina.valves.ErrorReportValve.invoke(ErrorReportValve.java:102)
	at org.apache.catalina.core.StandardEngineValve.invoke(StandardEngineValve.java:109)
	at org.apache.catalina.connector.CoyoteAdapter.service(CoyoteAdapter.java:293)
	at org.apache.coyote.http11.Http11Processor.process(Http11Processor.java:859)
	at org.apache.coyote.http11.Http11Protocol$Http11ConnectionHandler.process(Http11Protocol.java:602)
	at org.apache.tomcat.util.net.JIoEndpoint$Worker.run(JIoEndpoint.java:489)
	at java.lang.Thread.run(Thread.java:662)
2012-11-7 11:23:11 org.apache.catalina.core.ApplicationContext log
信息: SessionListener: contextDestroyed()
2012-11-7 11:23:11 org.apache.catalina.core.ApplicationContext log
信息: ContextListener: contextDestroyed()
2012-11-7 11:23:15 org.apache.catalina.core.ApplicationContext log
信息: ContextListener: contextInitialized()
2012-11-7 11:23:15 org.apache.catalina.core.ApplicationContext log
信息: SessionListener: contextInitialized()
2012-11-7 11:23:32 org.apache.catalina.core.StandardWrapperValve invoke
严重: Servlet.service() for servlet jsp threw exception
org.apache.jasper.JasperException: Unable to compile class for JSP: 

An error occurred at line: 105 in the jsp file: /abnormalDiagnosis.jsp
Duplicate local variable tmp
102: 
103: ArrayList<double[]> N=diagnosisor.calAbnormalCols(depth);
104: for(int i=0;i<N.size();i++){
105: 	double[] tmp = N.get(i);
106: 	for(int j=0;j<tmp.length;j++)
107: 		out.print(tmp[j]+" ");
108: 	out.print("<p>");


Stacktrace:
	at org.apache.jasper.compiler.DefaultErrorHandler.javacError(DefaultErrorHandler.java:92)
	at org.apache.jasper.compiler.ErrorDispatcher.javacError(ErrorDispatcher.java:330)
	at org.apache.jasper.compiler.JDTCompiler.generateClass(JDTCompiler.java:439)
	at org.apache.jasper.compiler.Compiler.compile(Compiler.java:356)
	at org.apache.jasper.compiler.Compiler.compile(Compiler.java:334)
	at org.apache.jasper.compiler.Compiler.compile(Compiler.java:321)
	at org.apache.jasper.JspCompilationContext.compile(JspCompilationContext.java:592)
	at org.apache.jasper.servlet.JspServletWrapper.service(JspServletWrapper.java:328)
	at org.apache.jasper.servlet.JspServlet.serviceJspFile(JspServlet.java:313)
	at org.apache.jasper.servlet.JspServlet.service(JspServlet.java:260)
	at javax.servlet.http.HttpServlet.service(HttpServlet.java:717)
	at org.apache.catalina.core.ApplicationFilterChain.internalDoFilter(ApplicationFilterChain.java:290)
	at org.apache.catalina.core.ApplicationFilterChain.doFilter(ApplicationFilterChain.java:206)
	at org.apache.catalina.core.StandardWrapperValve.invoke(StandardWrapperValve.java:233)
	at org.apache.catalina.core.StandardContextValve.invoke(StandardContextValve.java:191)
	at org.apache.catalina.core.StandardHostValve.invoke(StandardHostValve.java:127)
	at org.apache.catalina.valves.ErrorReportValve.invoke(ErrorReportValve.java:102)
	at org.apache.catalina.core.StandardEngineValve.invoke(StandardEngineValve.java:109)
	at org.apache.catalina.connector.CoyoteAdapter.service(CoyoteAdapter.java:293)
	at org.apache.coyote.http11.Http11Processor.process(Http11Processor.java:859)
	at org.apache.coyote.http11.Http11Protocol$Http11ConnectionHandler.process(Http11Protocol.java:602)
	at org.apache.tomcat.util.net.JIoEndpoint$Worker.run(JIoEndpoint.java:489)
	at java.lang.Thread.run(Thread.java:662)
2012-11-7 11:23:57 org.apache.catalina.core.StandardWrapperValve invoke
严重: Servlet.service() for servlet jsp threw exception
java.lang.NullPointerException
	at org.apache.jsp.abnormalDiagnosis_jsp._jspService(abnormalDiagnosis_jsp.java:183)
	at org.apache.jasper.runtime.HttpJspBase.service(HttpJspBase.java:70)
	at javax.servlet.http.HttpServlet.service(HttpServlet.java:717)
	at org.apache.jasper.servlet.JspServletWrapper.service(JspServletWrapper.java:388)
	at org.apache.jasper.servlet.JspServlet.serviceJspFile(JspServlet.java:313)
	at org.apache.jasper.servlet.JspServlet.service(JspServlet.java:260)
	at javax.servlet.http.HttpServlet.service(HttpServlet.java:717)
	at org.apache.catalina.core.ApplicationFilterChain.internalDoFilter(ApplicationFilterChain.java:290)
	at org.apache.catalina.core.ApplicationFilterChain.doFilter(ApplicationFilterChain.java:206)
	at org.apache.catalina.core.StandardWrapperValve.invoke(StandardWrapperValve.java:233)
	at org.apache.catalina.core.StandardContextValve.invoke(StandardContextValve.java:191)
	at org.apache.catalina.core.StandardHostValve.invoke(StandardHostValve.java:127)
	at org.apache.catalina.valves.ErrorReportValve.invoke(ErrorReportValve.java:102)
	at org.apache.catalina.core.StandardEngineValve.invoke(StandardEngineValve.java:109)
	at org.apache.catalina.connector.CoyoteAdapter.service(CoyoteAdapter.java:293)
	at org.apache.coyote.http11.Http11Processor.process(Http11Processor.java:859)
	at org.apache.coyote.http11.Http11Protocol$Http11ConnectionHandler.process(Http11Protocol.java:602)
	at org.apache.tomcat.util.net.JIoEndpoint$Worker.run(JIoEndpoint.java:489)
	at java.lang.Thread.run(Thread.java:662)
2012-11-7 11:23:59 org.apache.catalina.core.StandardWrapperValve invoke
严重: Servlet.service() for servlet jsp threw exception
java.lang.NullPointerException
	at org.apache.jsp.abnormalDiagnosis_jsp._jspService(abnormalDiagnosis_jsp.java:183)
	at org.apache.jasper.runtime.HttpJspBase.service(HttpJspBase.java:70)
	at javax.servlet.http.HttpServlet.service(HttpServlet.java:717)
	at org.apache.jasper.servlet.JspServletWrapper.service(JspServletWrapper.java:388)
	at org.apache.jasper.servlet.JspServlet.serviceJspFile(JspServlet.java:313)
	at org.apache.jasper.servlet.JspServlet.service(JspServlet.java:260)
	at javax.servlet.http.HttpServlet.service(HttpServlet.java:717)
	at org.apache.catalina.core.ApplicationFilterChain.internalDoFilter(ApplicationFilterChain.java:290)
	at org.apache.catalina.core.ApplicationFilterChain.doFilter(ApplicationFilterChain.java:206)
	at org.apache.catalina.core.StandardWrapperValve.invoke(StandardWrapperValve.java:233)
	at org.apache.catalina.core.StandardContextValve.invoke(StandardContextValve.java:191)
	at org.apache.catalina.core.StandardHostValve.invoke(StandardHostValve.java:127)
	at org.apache.catalina.valves.ErrorReportValve.invoke(ErrorReportValve.java:102)
	at org.apache.catalina.core.StandardEngineValve.invoke(StandardEngineValve.java:109)
	at org.apache.catalina.connector.CoyoteAdapter.service(CoyoteAdapter.java:293)
	at org.apache.coyote.http11.Http11Processor.process(Http11Processor.java:859)
	at org.apache.coyote.http11.Http11Protocol$Http11ConnectionHandler.process(Http11Protocol.java:602)
	at org.apache.tomcat.util.net.JIoEndpoint$Worker.run(JIoEndpoint.java:489)
	at java.lang.Thread.run(Thread.java:662)
2012-11-7 11:24:31 org.apache.catalina.core.StandardWrapperValve invoke
严重: Servlet.service() for servlet jsp threw exception
java.lang.NullPointerException
	at org.apache.jsp.abnormalDiagnosis_jsp._jspService(abnormalDiagnosis_jsp.java:183)
	at org.apache.jasper.runtime.HttpJspBase.service(HttpJspBase.java:70)
	at javax.servlet.http.HttpServlet.service(HttpServlet.java:717)
	at org.apache.jasper.servlet.JspServletWrapper.service(JspServletWrapper.java:388)
	at org.apache.jasper.servlet.JspServlet.serviceJspFile(JspServlet.java:313)
	at org.apache.jasper.servlet.JspServlet.service(JspServlet.java:260)
	at javax.servlet.http.HttpServlet.service(HttpServlet.java:717)
	at org.apache.catalina.core.ApplicationFilterChain.internalDoFilter(ApplicationFilterChain.java:290)
	at org.apache.catalina.core.ApplicationFilterChain.doFilter(ApplicationFilterChain.java:206)
	at org.apache.catalina.core.StandardWrapperValve.invoke(StandardWrapperValve.java:233)
	at org.apache.catalina.core.StandardContextValve.invoke(StandardContextValve.java:191)
	at org.apache.catalina.core.StandardHostValve.invoke(StandardHostValve.java:127)
	at org.apache.catalina.valves.ErrorReportValve.invoke(ErrorReportValve.java:102)
	at org.apache.catalina.core.StandardEngineValve.invoke(StandardEngineValve.java:109)
	at org.apache.catalina.connector.CoyoteAdapter.service(CoyoteAdapter.java:293)
	at org.apache.coyote.http11.Http11Processor.process(Http11Processor.java:859)
	at org.apache.coyote.http11.Http11Protocol$Http11ConnectionHandler.process(Http11Protocol.java:602)
	at org.apache.tomcat.util.net.JIoEndpoint$Worker.run(JIoEndpoint.java:489)
	at java.lang.Thread.run(Thread.java:662)
2012-11-7 11:25:16 org.apache.catalina.core.ApplicationContext log
信息: SessionListener: contextDestroyed()
2012-11-7 11:25:16 org.apache.catalina.core.ApplicationContext log
信息: ContextListener: contextDestroyed()
2012-11-7 11:25:20 org.apache.catalina.core.ApplicationContext log
信息: ContextListener: contextInitialized()
2012-11-7 11:25:20 org.apache.catalina.core.ApplicationContext log
信息: SessionListener: contextInitialized()
2012-11-7 11:28:29 org.apache.catalina.core.ApplicationContext log
信息: SessionListener: contextDestroyed()
2012-11-7 11:28:29 org.apache.catalina.core.ApplicationContext log
信息: ContextListener: contextDestroyed()
2012-11-7 11:28:32 org.apache.catalina.core.ApplicationContext log
信息: ContextListener: contextInitialized()
2012-11-7 11:28:32 org.apache.catalina.core.ApplicationContext log
信息: SessionListener: contextInitialized()
2012-11-7 16:06:08 org.apache.catalina.core.ApplicationContext log
信息: SessionListener: contextDestroyed()
2012-11-7 16:06:08 org.apache.catalina.core.ApplicationContext log
信息: ContextListener: contextDestroyed()
2012-11-7 16:06:12 org.apache.catalina.core.ApplicationContext log
信息: ContextListener: contextInitialized()
2012-11-7 16:06:12 org.apache.catalina.core.ApplicationContext log
信息: SessionListener: contextInitialized()
2012-11-7 16:06:23 org.apache.catalina.core.ApplicationContext log
信息: SessionListener: contextDestroyed()
2012-11-7 16:06:23 org.apache.catalina.core.ApplicationContext log
信息: ContextListener: contextDestroyed()
2012-11-7 16:06:26 org.apache.catalina.core.ApplicationContext log
信息: ContextListener: contextInitialized()
2012-11-7 16:06:26 org.apache.catalina.core.ApplicationContext log
信息: SessionListener: contextInitialized()
2012-11-7 16:09:58 org.apache.catalina.core.StandardWrapperValve invoke
严重: Servlet.service() for servlet jsp threw exception
java.lang.NullPointerException
	at org.apache.jsp.abnormalDiagnosis_jsp._jspService(abnormalDiagnosis_jsp.java:105)
	at org.apache.jasper.runtime.HttpJspBase.service(HttpJspBase.java:70)
	at javax.servlet.http.HttpServlet.service(HttpServlet.java:717)
	at org.apache.jasper.servlet.JspServletWrapper.service(JspServletWrapper.java:388)
	at org.apache.jasper.servlet.JspServlet.serviceJspFile(JspServlet.java:313)
	at org.apache.jasper.servlet.JspServlet.service(JspServlet.java:260)
	at javax.servlet.http.HttpServlet.service(HttpServlet.java:717)
	at org.apache.catalina.core.ApplicationFilterChain.internalDoFilter(ApplicationFilterChain.java:290)
	at org.apache.catalina.core.ApplicationFilterChain.doFilter(ApplicationFilterChain.java:206)
	at org.apache.catalina.core.StandardWrapperValve.invoke(StandardWrapperValve.java:233)
	at org.apache.catalina.core.StandardContextValve.invoke(StandardContextValve.java:191)
	at org.apache.catalina.core.StandardHostValve.invoke(StandardHostValve.java:127)
	at org.apache.catalina.valves.ErrorReportValve.invoke(ErrorReportValve.java:102)
	at org.apache.catalina.core.StandardEngineValve.invoke(StandardEngineValve.java:109)
	at org.apache.catalina.connector.CoyoteAdapter.service(CoyoteAdapter.java:293)
	at org.apache.coyote.http11.Http11Processor.process(Http11Processor.java:859)
	at org.apache.coyote.http11.Http11Protocol$Http11ConnectionHandler.process(Http11Protocol.java:602)
	at org.apache.tomcat.util.net.JIoEndpoint$Worker.run(JIoEndpoint.java:489)
	at java.lang.Thread.run(Thread.java:662)
2012-11-7 16:10:08 org.apache.catalina.core.StandardWrapperValve invoke
严重: Servlet.service() for servlet jsp threw exception
java.lang.ArrayIndexOutOfBoundsException: 3
	at edu.nudt.xtrace.AbnormalDiagnosis.preprocess(AbnormalDiagnosis.java:155)
	at edu.nudt.xtrace.AbnormalDiagnosis.calAbnormalRows(AbnormalDiagnosis.java:289)
	at org.apache.jsp.abnormalDiagnosis_jsp._jspService(abnormalDiagnosis_jsp.java:179)
	at org.apache.jasper.runtime.HttpJspBase.service(HttpJspBase.java:70)
	at javax.servlet.http.HttpServlet.service(HttpServlet.java:717)
	at org.apache.jasper.servlet.JspServletWrapper.service(JspServletWrapper.java:388)
	at org.apache.jasper.servlet.JspServlet.serviceJspFile(JspServlet.java:313)
	at org.apache.jasper.servlet.JspServlet.service(JspServlet.java:260)
	at javax.servlet.http.HttpServlet.service(HttpServlet.java:717)
	at org.apache.catalina.core.ApplicationFilterChain.internalDoFilter(ApplicationFilterChain.java:290)
	at org.apache.catalina.core.ApplicationFilterChain.doFilter(ApplicationFilterChain.java:206)
	at org.apache.catalina.core.StandardWrapperValve.invoke(StandardWrapperValve.java:233)
	at org.apache.catalina.core.StandardContextValve.invoke(StandardContextValve.java:191)
	at org.apache.catalina.core.StandardHostValve.invoke(StandardHostValve.java:127)
	at org.apache.catalina.valves.ErrorReportValve.invoke(ErrorReportValve.java:102)
	at org.apache.catalina.core.StandardEngineValve.invoke(StandardEngineValve.java:109)
	at org.apache.catalina.connector.CoyoteAdapter.service(CoyoteAdapter.java:293)
	at org.apache.coyote.http11.Http11Processor.process(Http11Processor.java:859)
	at org.apache.coyote.http11.Http11Protocol$Http11ConnectionHandler.process(Http11Protocol.java:602)
	at org.apache.tomcat.util.net.JIoEndpoint$Worker.run(JIoEndpoint.java:489)
	at java.lang.Thread.run(Thread.java:662)
2012-11-7 16:10:19 org.apache.catalina.core.StandardWrapperValve invoke
严重: Servlet.service() for servlet jsp threw exception
java.lang.ArrayIndexOutOfBoundsException: 9
	at edu.nudt.xtrace.AbnormalDiagnosis.calRankSum(AbnormalDiagnosis.java:366)
	at org.apache.jsp.abnormalDiagnosis_jsp._jspService(abnormalDiagnosis_jsp.java:184)
	at org.apache.jasper.runtime.HttpJspBase.service(HttpJspBase.java:70)
	at javax.servlet.http.HttpServlet.service(HttpServlet.java:717)
	at org.apache.jasper.servlet.JspServletWrapper.service(JspServletWrapper.java:388)
	at org.apache.jasper.servlet.JspServlet.serviceJspFile(JspServlet.java:313)
	at org.apache.jasper.servlet.JspServlet.service(JspServlet.java:260)
	at javax.servlet.http.HttpServlet.service(HttpServlet.java:717)
	at org.apache.catalina.core.ApplicationFilterChain.internalDoFilter(ApplicationFilterChain.java:290)
	at org.apache.catalina.core.ApplicationFilterChain.doFilter(ApplicationFilterChain.java:206)
	at org.apache.catalina.core.StandardWrapperValve.invoke(StandardWrapperValve.java:233)
	at org.apache.catalina.core.StandardContextValve.invoke(StandardContextValve.java:191)
	at org.apache.catalina.core.StandardHostValve.invoke(StandardHostValve.java:127)
	at org.apache.catalina.valves.ErrorReportValve.invoke(ErrorReportValve.java:102)
	at org.apache.catalina.core.StandardEngineValve.invoke(StandardEngineValve.java:109)
	at org.apache.catalina.connector.CoyoteAdapter.service(CoyoteAdapter.java:293)
	at org.apache.coyote.http11.Http11Processor.process(Http11Processor.java:859)
	at org.apache.coyote.http11.Http11Protocol$Http11ConnectionHandler.process(Http11Protocol.java:602)
	at org.apache.tomcat.util.net.JIoEndpoint$Worker.run(JIoEndpoint.java:489)
	at java.lang.Thread.run(Thread.java:662)
2012-11-7 16:11:31 org.apache.catalina.core.ApplicationContext log
信息: ContextListener: contextInitialized()
2012-11-7 16:11:31 org.apache.catalina.core.ApplicationContext log
信息: SessionListener: contextInitialized()
2012-11-7 16:11:32 org.apache.catalina.core.ApplicationContext log
信息: SessionListener: contextDestroyed()
2012-11-7 16:11:32 org.apache.catalina.core.ApplicationContext log
信息: ContextListener: contextDestroyed()
2012-11-7 16:11:33 org.apache.catalina.core.ApplicationContext log
信息: SessionListener: contextDestroyed()
2012-11-7 16:11:33 org.apache.catalina.core.ApplicationContext log
信息: ContextListener: contextDestroyed()
2012-11-7 16:11:37 org.apache.catalina.core.ApplicationContext log
信息: ContextListener: contextInitialized()
2012-11-7 16:11:37 org.apache.catalina.core.ApplicationContext log
信息: SessionListener: contextInitialized()
2012-11-7 16:12:03 org.apache.catalina.core.ApplicationContext log
信息: SessionListener: contextDestroyed()
2012-11-7 16:12:03 org.apache.catalina.core.ApplicationContext log
信息: ContextListener: contextDestroyed()
2012-11-7 16:12:05 org.apache.catalina.core.ApplicationContext log
信息: ContextListener: contextInitialized()
2012-11-7 16:12:05 org.apache.catalina.core.ApplicationContext log
信息: SessionListener: contextInitialized()
2012-11-7 16:16:55 org.apache.catalina.core.StandardWrapperValve invoke
严重: Servlet.service() for servlet jsp threw exception
org.apache.jasper.JasperException: Unable to compile class for JSP: 

An error occurred at line: 109 in the jsp file: /abnormalDiagnosis.jsp
N1 cannot be resolved to a variable
106: //double[] N2={5.7,3.2,4.2,11,9.7,6.9,3.6,4.8,5.6,8.4,10.1,5.5,12.3};//r2=160
107: //double[] N1={82,73,91,84,77,98,81,79,87,85};
108: //double[] N2={80,76,92,86,74,96,83,79,80,75,79};
109: float sumN1=diagnosisor.calRankSum(N1,N2);
110: out.print("sum(N1)="+sumN1);
111: float sumN2=(N1.length+N2.length)*(N1.length+N2.length+1)/2-sumN1;
112: out.print("sum(N2)="+sumN2);


An error occurred at line: 109 in the jsp file: /abnormalDiagnosis.jsp
N2 cannot be resolved to a variable
106: //double[] N2={5.7,3.2,4.2,11,9.7,6.9,3.6,4.8,5.6,8.4,10.1,5.5,12.3};//r2=160
107: //double[] N1={82,73,91,84,77,98,81,79,87,85};
108: //double[] N2={80,76,92,86,74,96,83,79,80,75,79};
109: float sumN1=diagnosisor.calRankSum(N1,N2);
110: out.print("sum(N1)="+sumN1);
111: float sumN2=(N1.length+N2.length)*(N1.length+N2.length+1)/2-sumN1;
112: out.print("sum(N2)="+sumN2);


An error occurred at line: 111 in the jsp file: /abnormalDiagnosis.jsp
N1.length cannot be resolved to a type
108: //double[] N2={80,76,92,86,74,96,83,79,80,75,79};
109: float sumN1=diagnosisor.calRankSum(N1,N2);
110: out.print("sum(N1)="+sumN1);
111: float sumN2=(N1.length+N2.length)*(N1.length+N2.length+1)/2-sumN1;
112: out.print("sum(N2)="+sumN2);
113: 
114: /*


An error occurred at line: 111 in the jsp file: /abnormalDiagnosis.jsp
N2.length cannot be resolved to a type
108: //double[] N2={80,76,92,86,74,96,83,79,80,75,79};
109: float sumN1=diagnosisor.calRankSum(N1,N2);
110: out.print("sum(N1)="+sumN1);
111: float sumN2=(N1.length+N2.length)*(N1.length+N2.length+1)/2-sumN1;
112: out.print("sum(N2)="+sumN2);
113: 
114: /*


An error occurred at line: 111 in the jsp file: /abnormalDiagnosis.jsp
N1.length cannot be resolved to a type
108: //double[] N2={80,76,92,86,74,96,83,79,80,75,79};
109: float sumN1=diagnosisor.calRankSum(N1,N2);
110: out.print("sum(N1)="+sumN1);
111: float sumN2=(N1.length+N2.length)*(N1.length+N2.length+1)/2-sumN1;
112: out.print("sum(N2)="+sumN2);
113: 
114: /*


An error occurred at line: 111 in the jsp file: /abnormalDiagnosis.jsp
N2.length cannot be resolved to a type
108: //double[] N2={80,76,92,86,74,96,83,79,80,75,79};
109: float sumN1=diagnosisor.calRankSum(N1,N2);
110: out.print("sum(N1)="+sumN1);
111: float sumN2=(N1.length+N2.length)*(N1.length+N2.length+1)/2-sumN1;
112: out.print("sum(N2)="+sumN2);
113: 
114: /*


Stacktrace:
	at org.apache.jasper.compiler.DefaultErrorHandler.javacError(DefaultErrorHandler.java:92)
	at org.apache.jasper.compiler.ErrorDispatcher.javacError(ErrorDispatcher.java:330)
	at org.apache.jasper.compiler.JDTCompiler.generateClass(JDTCompiler.java:439)
	at org.apache.jasper.compiler.Compiler.compile(Compiler.java:356)
	at org.apache.jasper.compiler.Compiler.compile(Compiler.java:334)
	at org.apache.jasper.compiler.Compiler.compile(Compiler.java:321)
	at org.apache.jasper.JspCompilationContext.compile(JspCompilationContext.java:592)
	at org.apache.jasper.servlet.JspServletWrapper.service(JspServletWrapper.java:328)
	at org.apache.jasper.servlet.JspServlet.serviceJspFile(JspServlet.java:313)
	at org.apache.jasper.servlet.JspServlet.service(JspServlet.java:260)
	at javax.servlet.http.HttpServlet.service(HttpServlet.java:717)
	at org.apache.catalina.core.ApplicationFilterChain.internalDoFilter(ApplicationFilterChain.java:290)
	at org.apache.catalina.core.ApplicationFilterChain.doFilter(ApplicationFilterChain.java:206)
	at org.apache.catalina.core.StandardWrapperValve.invoke(StandardWrapperValve.java:233)
	at org.apache.catalina.core.StandardContextValve.invoke(StandardContextValve.java:191)
	at org.apache.catalina.core.StandardHostValve.invoke(StandardHostValve.java:127)
	at org.apache.catalina.valves.ErrorReportValve.invoke(ErrorReportValve.java:102)
	at org.apache.catalina.core.StandardEngineValve.invoke(StandardEngineValve.java:109)
	at org.apache.catalina.connector.CoyoteAdapter.service(CoyoteAdapter.java:293)
	at org.apache.coyote.http11.Http11Processor.process(Http11Processor.java:859)
	at org.apache.coyote.http11.Http11Protocol$Http11ConnectionHandler.process(Http11Protocol.java:602)
	at org.apache.tomcat.util.net.JIoEndpoint$Worker.run(JIoEndpoint.java:489)
	at java.lang.Thread.run(Thread.java:662)
