2012-9-7 8:38:16 org.apache.catalina.core.ApplicationContext log
信息: ContextListener: contextInitialized()
2012-9-7 8:38:16 org.apache.catalina.core.ApplicationContext log
信息: SessionListener: contextInitialized()
2012-9-7 9:35:33 org.apache.catalina.core.StandardWrapperValve invoke
严重: Servlet.service() for servlet jsp threw exception
org.apache.jasper.JasperException: Unable to compile class for JSP: 

An error occurred at line: 85 in the jsp file: /callTreeGraph.jsp
BufferedReader cannot be resolved to a type
82: 				out.print("error in display");
83: 		}else{//相关文件存在，则利用相关文件来生成需要的dot文件
84: 			try {  
85: 				BufferedReader bufReader =  new BufferedReader(new InputStreamReader(new FileInputStream(existFile)));
86: 				StringBuffer strBuf = new StringBuffer();  
87: 				String oldShape = shape=="ellipse"?"box":"ellipse";
88: 				String oldDirection = direction=="LR"?"TB":"LR";


An error occurred at line: 85 in the jsp file: /callTreeGraph.jsp
BufferedReader cannot be resolved to a type
82: 				out.print("error in display");
83: 		}else{//相关文件存在，则利用相关文件来生成需要的dot文件
84: 			try {  
85: 				BufferedReader bufReader =  new BufferedReader(new InputStreamReader(new FileInputStream(existFile)));
86: 				StringBuffer strBuf = new StringBuffer();  
87: 				String oldShape = shape=="ellipse"?"box":"ellipse";
88: 				String oldDirection = direction=="LR"?"TB":"LR";


An error occurred at line: 85 in the jsp file: /callTreeGraph.jsp
InputStreamReader cannot be resolved to a type
82: 				out.print("error in display");
83: 		}else{//相关文件存在，则利用相关文件来生成需要的dot文件
84: 			try {  
85: 				BufferedReader bufReader =  new BufferedReader(new InputStreamReader(new FileInputStream(existFile)));
86: 				StringBuffer strBuf = new StringBuffer();  
87: 				String oldShape = shape=="ellipse"?"box":"ellipse";
88: 				String oldDirection = direction=="LR"?"TB":"LR";


An error occurred at line: 85 in the jsp file: /callTreeGraph.jsp
FileInputStream cannot be resolved to a type
82: 				out.print("error in display");
83: 		}else{//相关文件存在，则利用相关文件来生成需要的dot文件
84: 			try {  
85: 				BufferedReader bufReader =  new BufferedReader(new InputStreamReader(new FileInputStream(existFile)));
86: 				StringBuffer strBuf = new StringBuffer();  
87: 				String oldShape = shape=="ellipse"?"box":"ellipse";
88: 				String oldDirection = direction=="LR"?"TB":"LR";


An error occurred at line: 97 in the jsp file: /callTreeGraph.jsp
PrintWriter cannot be resolved to a type
94: 				    }  
95: 			    bufReader.close();  
96: 		  
97: 			    PrintWriter printWriter = new PrintWriter(dotPath);  
98: 			    printWriter.write(strBuf.toString().toCharArray());  
99: 			    printWriter.flush();  
100: 			    printWriter.close();  


An error occurred at line: 97 in the jsp file: /callTreeGraph.jsp
PrintWriter cannot be resolved to a type
94: 				    }  
95: 			    bufReader.close();  
96: 		  
97: 			    PrintWriter printWriter = new PrintWriter(dotPath);  
98: 			    printWriter.write(strBuf.toString().toCharArray());  
99: 			    printWriter.flush();  
100: 			    printWriter.close();  


An error occurred at line: 101 in the jsp file: /callTreeGraph.jsp
IOException cannot be resolved to a type
98: 			    printWriter.write(strBuf.toString().toCharArray());  
99: 			    printWriter.flush();  
100: 			    printWriter.close();  
101: 			} catch (IOException e) {  
102: 			    e.printStackTrace();  
103: 			}  
104: 		}


Stacktrace:
	at org.apache.jasper.compiler.DefaultErrorHandler.javacError(DefaultErrorHandler.java:92)
	at org.apache.jasper.compiler.ErrorDispatcher.javacError(ErrorDispatcher.java:330)
	at org.apache.jasper.compiler.JDTCompiler.generateClass(JDTCompiler.java:439)
	at org.apache.jasper.compiler.Compiler.compile(Compiler.java:356)
	at org.apache.jasper.compiler.Compiler.compile(Compiler.java:334)
	at org.apache.jasper.compiler.Compiler.compile(Compiler.java:321)
	at org.apache.jasper.JspCompilationContext.compile(JspCompilationContext.java:592)
	at org.apache.jasper.servlet.JspServletWrapper.service(JspServletWrapper.java:328)
	at org.apache.jasper.servlet.JspServlet.serviceJspFile(JspServlet.java:313)
	at org.apache.jasper.servlet.JspServlet.service(JspServlet.java:260)
	at javax.servlet.http.HttpServlet.service(HttpServlet.java:717)
	at org.apache.catalina.core.ApplicationFilterChain.internalDoFilter(ApplicationFilterChain.java:290)
	at org.apache.catalina.core.ApplicationFilterChain.doFilter(ApplicationFilterChain.java:206)
	at org.apache.catalina.core.StandardWrapperValve.invoke(StandardWrapperValve.java:233)
	at org.apache.catalina.core.StandardContextValve.invoke(StandardContextValve.java:191)
	at org.apache.catalina.core.StandardHostValve.invoke(StandardHostValve.java:127)
	at org.apache.catalina.valves.ErrorReportValve.invoke(ErrorReportValve.java:102)
	at org.apache.catalina.core.StandardEngineValve.invoke(StandardEngineValve.java:109)
	at org.apache.catalina.connector.CoyoteAdapter.service(CoyoteAdapter.java:293)
	at org.apache.coyote.http11.Http11Processor.process(Http11Processor.java:859)
	at org.apache.coyote.http11.Http11Protocol$Http11ConnectionHandler.process(Http11Protocol.java:602)
	at org.apache.tomcat.util.net.JIoEndpoint$Worker.run(JIoEndpoint.java:489)
	at java.lang.Thread.run(Thread.java:662)
2012-9-7 10:27:57 org.apache.catalina.core.StandardWrapperValve invoke
严重: Servlet.service() for servlet jsp threw exception
org.apache.jasper.JasperException: Unable to compile class for JSP: 

An error occurred at line: 144 in the jsp file: /callTreeGraph.jsp
The method wairFor() is undefined for the type Process
141: 	st = System.currentTimeMillis();
142: 	String cmd = "dot -Tsvg "+ dotPath + " -o " +  imagePath;
143: 	Process process = Runtime.getRuntime().exec(cmd); 
144: 	process.wairFor();
145: 	et = System.currentTimeMillis();
146: 	infoString += "gen image file use .dot file: "+(et - st)+"ms;";
147: }


Stacktrace:
	at org.apache.jasper.compiler.DefaultErrorHandler.javacError(DefaultErrorHandler.java:92)
	at org.apache.jasper.compiler.ErrorDispatcher.javacError(ErrorDispatcher.java:330)
	at org.apache.jasper.compiler.JDTCompiler.generateClass(JDTCompiler.java:439)
	at org.apache.jasper.compiler.Compiler.compile(Compiler.java:356)
	at org.apache.jasper.compiler.Compiler.compile(Compiler.java:334)
	at org.apache.jasper.compiler.Compiler.compile(Compiler.java:321)
	at org.apache.jasper.JspCompilationContext.compile(JspCompilationContext.java:592)
	at org.apache.jasper.servlet.JspServletWrapper.service(JspServletWrapper.java:328)
	at org.apache.jasper.servlet.JspServlet.serviceJspFile(JspServlet.java:313)
	at org.apache.jasper.servlet.JspServlet.service(JspServlet.java:260)
	at javax.servlet.http.HttpServlet.service(HttpServlet.java:717)
	at org.apache.catalina.core.ApplicationFilterChain.internalDoFilter(ApplicationFilterChain.java:290)
	at org.apache.catalina.core.ApplicationFilterChain.doFilter(ApplicationFilterChain.java:206)
	at org.apache.catalina.core.StandardWrapperValve.invoke(StandardWrapperValve.java:233)
	at org.apache.catalina.core.StandardContextValve.invoke(StandardContextValve.java:191)
	at org.apache.catalina.core.StandardHostValve.invoke(StandardHostValve.java:127)
	at org.apache.catalina.valves.ErrorReportValve.invoke(ErrorReportValve.java:102)
	at org.apache.catalina.core.StandardEngineValve.invoke(StandardEngineValve.java:109)
	at org.apache.catalina.connector.CoyoteAdapter.service(CoyoteAdapter.java:293)
	at org.apache.coyote.http11.Http11Processor.process(Http11Processor.java:859)
	at org.apache.coyote.http11.Http11Protocol$Http11ConnectionHandler.process(Http11Protocol.java:602)
	at org.apache.tomcat.util.net.JIoEndpoint$Worker.run(JIoEndpoint.java:489)
	at java.lang.Thread.run(Thread.java:662)
2012-9-7 18:05:02 org.apache.catalina.core.ApplicationContext log
信息: SessionListener: contextDestroyed()
2012-9-7 18:05:02 org.apache.catalina.core.ApplicationContext log
信息: ContextListener: contextDestroyed()
