2013-1-31 12:28:02 org.apache.catalina.core.ApplicationContext log
信息: ContextListener: contextInitialized()
2013-1-31 12:28:02 org.apache.catalina.core.ApplicationContext log
信息: SessionListener: contextInitialized()
2013-1-31 12:31:18 org.apache.catalina.core.StandardWrapperValve invoke
严重: Servlet.service() for servlet jsp threw exception
java.lang.ArrayIndexOutOfBoundsException: 16
	at edu.nudt.xtrace.AbnormalDiagnosis.setDataMatrix(AbnormalDiagnosis.java:81)
	at edu.nudt.xtrace.AbnormalDiagnosis.calAbnormalRows(AbnormalDiagnosis.java:320)
	at edu.nudt.xtrace.AbnormalDiagnosis.diagnosis(AbnormalDiagnosis.java:453)
	at org.apache.jsp.abnormalDiagnosis_jsp._jspService(abnormalDiagnosis_jsp.java:181)
	at org.apache.jasper.runtime.HttpJspBase.service(HttpJspBase.java:70)
	at javax.servlet.http.HttpServlet.service(HttpServlet.java:717)
	at org.apache.jasper.servlet.JspServletWrapper.service(JspServletWrapper.java:388)
	at org.apache.jasper.servlet.JspServlet.serviceJspFile(JspServlet.java:313)
	at org.apache.jasper.servlet.JspServlet.service(JspServlet.java:260)
	at javax.servlet.http.HttpServlet.service(HttpServlet.java:717)
	at org.apache.catalina.core.ApplicationFilterChain.internalDoFilter(ApplicationFilterChain.java:290)
	at org.apache.catalina.core.ApplicationFilterChain.doFilter(ApplicationFilterChain.java:206)
	at org.apache.catalina.core.StandardWrapperValve.invoke(StandardWrapperValve.java:233)
	at org.apache.catalina.core.StandardContextValve.invoke(StandardContextValve.java:191)
	at org.apache.catalina.core.StandardHostValve.invoke(StandardHostValve.java:127)
	at org.apache.catalina.valves.ErrorReportValve.invoke(ErrorReportValve.java:102)
	at org.apache.catalina.core.StandardEngineValve.invoke(StandardEngineValve.java:109)
	at org.apache.catalina.connector.CoyoteAdapter.service(CoyoteAdapter.java:293)
	at org.apache.coyote.http11.Http11Processor.process(Http11Processor.java:859)
	at org.apache.coyote.http11.Http11Protocol$Http11ConnectionHandler.process(Http11Protocol.java:602)
	at org.apache.tomcat.util.net.JIoEndpoint$Worker.run(JIoEndpoint.java:489)
	at java.lang.Thread.run(Thread.java:662)
2013-1-31 12:31:28 org.apache.catalina.core.StandardWrapperValve invoke
严重: Servlet.service() for servlet jsp threw exception
java.lang.ArrayIndexOutOfBoundsException: 16
	at edu.nudt.xtrace.AbnormalDiagnosis.setDataMatrix(AbnormalDiagnosis.java:81)
	at edu.nudt.xtrace.AbnormalDiagnosis.calAbnormalRows(AbnormalDiagnosis.java:320)
	at edu.nudt.xtrace.AbnormalDiagnosis.diagnosis(AbnormalDiagnosis.java:453)
	at org.apache.jsp.abnormalDiagnosis_jsp._jspService(abnormalDiagnosis_jsp.java:181)
	at org.apache.jasper.runtime.HttpJspBase.service(HttpJspBase.java:70)
	at javax.servlet.http.HttpServlet.service(HttpServlet.java:717)
	at org.apache.jasper.servlet.JspServletWrapper.service(JspServletWrapper.java:388)
	at org.apache.jasper.servlet.JspServlet.serviceJspFile(JspServlet.java:313)
	at org.apache.jasper.servlet.JspServlet.service(JspServlet.java:260)
	at javax.servlet.http.HttpServlet.service(HttpServlet.java:717)
	at org.apache.catalina.core.ApplicationFilterChain.internalDoFilter(ApplicationFilterChain.java:290)
	at org.apache.catalina.core.ApplicationFilterChain.doFilter(ApplicationFilterChain.java:206)
	at org.apache.catalina.core.StandardWrapperValve.invoke(StandardWrapperValve.java:233)
	at org.apache.catalina.core.StandardContextValve.invoke(StandardContextValve.java:191)
	at org.apache.catalina.core.StandardHostValve.invoke(StandardHostValve.java:127)
	at org.apache.catalina.valves.ErrorReportValve.invoke(ErrorReportValve.java:102)
	at org.apache.catalina.core.StandardEngineValve.invoke(StandardEngineValve.java:109)
	at org.apache.catalina.connector.CoyoteAdapter.service(CoyoteAdapter.java:293)
	at org.apache.coyote.http11.Http11Processor.process(Http11Processor.java:859)
	at org.apache.coyote.http11.Http11Protocol$Http11ConnectionHandler.process(Http11Protocol.java:602)
	at org.apache.tomcat.util.net.JIoEndpoint$Worker.run(JIoEndpoint.java:489)
	at java.lang.Thread.run(Thread.java:662)
2013-1-31 12:31:31 org.apache.catalina.core.StandardWrapperValve invoke
严重: Servlet.service() for servlet jsp threw exception
java.lang.ArrayIndexOutOfBoundsException: 26
	at edu.nudt.xtrace.AbnormalDiagnosis.setDataMatrix(AbnormalDiagnosis.java:81)
	at edu.nudt.xtrace.AbnormalDiagnosis.calAbnormalRows(AbnormalDiagnosis.java:320)
	at edu.nudt.xtrace.AbnormalDiagnosis.diagnosis(AbnormalDiagnosis.java:453)
	at org.apache.jsp.abnormalDiagnosis_jsp._jspService(abnormalDiagnosis_jsp.java:181)
	at org.apache.jasper.runtime.HttpJspBase.service(HttpJspBase.java:70)
	at javax.servlet.http.HttpServlet.service(HttpServlet.java:717)
	at org.apache.jasper.servlet.JspServletWrapper.service(JspServletWrapper.java:388)
	at org.apache.jasper.servlet.JspServlet.serviceJspFile(JspServlet.java:313)
	at org.apache.jasper.servlet.JspServlet.service(JspServlet.java:260)
	at javax.servlet.http.HttpServlet.service(HttpServlet.java:717)
	at org.apache.catalina.core.ApplicationFilterChain.internalDoFilter(ApplicationFilterChain.java:290)
	at org.apache.catalina.core.ApplicationFilterChain.doFilter(ApplicationFilterChain.java:206)
	at org.apache.catalina.core.StandardWrapperValve.invoke(StandardWrapperValve.java:233)
	at org.apache.catalina.core.StandardContextValve.invoke(StandardContextValve.java:191)
	at org.apache.catalina.core.StandardHostValve.invoke(StandardHostValve.java:127)
	at org.apache.catalina.valves.ErrorReportValve.invoke(ErrorReportValve.java:102)
	at org.apache.catalina.core.StandardEngineValve.invoke(StandardEngineValve.java:109)
	at org.apache.catalina.connector.CoyoteAdapter.service(CoyoteAdapter.java:293)
	at org.apache.coyote.http11.Http11Processor.process(Http11Processor.java:859)
	at org.apache.coyote.http11.Http11Protocol$Http11ConnectionHandler.process(Http11Protocol.java:602)
	at org.apache.tomcat.util.net.JIoEndpoint$Worker.run(JIoEndpoint.java:489)
	at java.lang.Thread.run(Thread.java:662)
2013-1-31 12:53:39 org.apache.catalina.core.ApplicationContext log
信息: SessionListener: contextDestroyed()
2013-1-31 12:53:39 org.apache.catalina.core.ApplicationContext log
信息: ContextListener: contextDestroyed()
2013-1-31 12:53:39 org.apache.catalina.session.StandardSession writeObject
警告: Cannot serialize session attribute abnormalTaskInfo for session 06F13E431F28441297D0852B30DB41E4
java.io.NotSerializableException: edu.nudt.xtrace.DiagnosisResult
	at java.io.ObjectOutputStream.writeObject0(ObjectOutputStream.java:1164)
	at java.io.ObjectOutputStream.writeObject(ObjectOutputStream.java:330)
	at java.util.ArrayList.writeObject(ArrayList.java:570)
	at sun.reflect.NativeMethodAccessorImpl.invoke0(Native Method)
	at sun.reflect.NativeMethodAccessorImpl.invoke(NativeMethodAccessorImpl.java:39)
	at sun.reflect.DelegatingMethodAccessorImpl.invoke(DelegatingMethodAccessorImpl.java:25)
	at java.lang.reflect.Method.invoke(Method.java:597)
	at java.io.ObjectStreamClass.invokeWriteObject(ObjectStreamClass.java:945)
	at java.io.ObjectOutputStream.writeSerialData(ObjectOutputStream.java:1469)
	at java.io.ObjectOutputStream.writeOrdinaryObject(ObjectOutputStream.java:1400)
	at java.io.ObjectOutputStream.writeObject0(ObjectOutputStream.java:1158)
	at java.io.ObjectOutputStream.writeObject(ObjectOutputStream.java:330)
	at org.apache.catalina.session.StandardSession.writeObject(StandardSession.java:1585)
	at org.apache.catalina.session.StandardSession.writeObjectData(StandardSession.java:1015)
	at org.apache.catalina.session.StandardManager.doUnload(StandardManager.java:528)
	at org.apache.catalina.session.StandardManager.unload(StandardManager.java:469)
	at org.apache.catalina.session.StandardManager.stop(StandardManager.java:678)
	at org.apache.catalina.core.StandardContext.stop(StandardContext.java:4882)
	at org.apache.catalina.core.ContainerBase.stop(ContainerBase.java:1110)
	at org.apache.catalina.core.ContainerBase.stop(ContainerBase.java:1110)
	at org.apache.catalina.core.StandardEngine.stop(StandardEngine.java:468)
	at org.apache.catalina.core.StandardService.stop(StandardService.java:604)
	at org.apache.catalina.core.StandardServer.stop(StandardServer.java:788)
	at org.apache.catalina.startup.Catalina.stop(Catalina.java:662)
	at org.apache.catalina.startup.Catalina.start(Catalina.java:629)
	at sun.reflect.NativeMethodAccessorImpl.invoke0(Native Method)
	at sun.reflect.NativeMethodAccessorImpl.invoke(NativeMethodAccessorImpl.java:39)
	at sun.reflect.DelegatingMethodAccessorImpl.invoke(DelegatingMethodAccessorImpl.java:25)
	at java.lang.reflect.Method.invoke(Method.java:597)
	at org.apache.catalina.startup.Bootstrap.start(Bootstrap.java:289)
	at org.apache.catalina.startup.Bootstrap.main(Bootstrap.java:414)
