Oct 02, 2013 1:00:37 AM org.apache.catalina.core.ApplicationContext log
INFO: ContextListener: contextInitialized()
Oct 02, 2013 1:00:37 AM org.apache.catalina.core.ApplicationContext log
INFO: SessionListener: contextInitialized()
Oct 02, 2013 1:00:38 AM org.apache.catalina.core.ApplicationContext log
INFO: SessionListener: contextDestroyed()
Oct 02, 2013 1:00:38 AM org.apache.catalina.core.ApplicationContext log
INFO: ContextListener: contextDestroyed()
Oct 02, 2013 2:01:12 AM org.apache.catalina.core.ApplicationContext log
INFO: ContextListener: contextInitialized()
Oct 02, 2013 2:01:12 AM org.apache.catalina.core.ApplicationContext log
INFO: SessionListener: contextInitialized()
Oct 02, 2013 2:01:13 AM org.apache.catalina.core.ApplicationContext log
INFO: SessionListener: contextDestroyed()
Oct 02, 2013 2:01:13 AM org.apache.catalina.core.ApplicationContext log
INFO: ContextListener: contextDestroyed()
Oct 02, 2013 3:01:46 AM org.apache.catalina.core.ApplicationContext log
INFO: ContextListener: contextInitialized()
Oct 02, 2013 3:01:46 AM org.apache.catalina.core.ApplicationContext log
INFO: SessionListener: contextInitialized()
Oct 02, 2013 3:01:47 AM org.apache.catalina.core.ApplicationContext log
INFO: SessionListener: contextDestroyed()
Oct 02, 2013 3:01:47 AM org.apache.catalina.core.ApplicationContext log
INFO: ContextListener: contextDestroyed()
Oct 02, 2013 4:02:19 AM org.apache.catalina.core.ApplicationContext log
INFO: ContextListener: contextInitialized()
Oct 02, 2013 4:02:19 AM org.apache.catalina.core.ApplicationContext log
INFO: SessionListener: contextInitialized()
Oct 02, 2013 4:02:20 AM org.apache.catalina.core.ApplicationContext log
INFO: SessionListener: contextDestroyed()
Oct 02, 2013 4:02:20 AM org.apache.catalina.core.ApplicationContext log
INFO: ContextListener: contextDestroyed()
Oct 02, 2013 5:04:52 AM org.apache.catalina.core.ApplicationContext log
INFO: ContextListener: contextInitialized()
Oct 02, 2013 5:04:52 AM org.apache.catalina.core.ApplicationContext log
INFO: SessionListener: contextInitialized()
Oct 02, 2013 5:04:54 AM org.apache.catalina.core.ApplicationContext log
INFO: SessionListener: contextDestroyed()
Oct 02, 2013 5:04:54 AM org.apache.catalina.core.ApplicationContext log
INFO: ContextListener: contextDestroyed()
Oct 02, 2013 6:05:34 AM org.apache.catalina.core.ApplicationContext log
INFO: ContextListener: contextInitialized()
Oct 02, 2013 6:05:34 AM org.apache.catalina.core.ApplicationContext log
INFO: SessionListener: contextInitialized()
Oct 02, 2013 6:05:35 AM org.apache.catalina.core.ApplicationContext log
INFO: SessionListener: contextDestroyed()
Oct 02, 2013 6:05:35 AM org.apache.catalina.core.ApplicationContext log
INFO: ContextListener: contextDestroyed()
Oct 02, 2013 7:06:07 AM org.apache.catalina.core.ApplicationContext log
INFO: ContextListener: contextInitialized()
Oct 02, 2013 7:06:07 AM org.apache.catalina.core.ApplicationContext log
INFO: SessionListener: contextInitialized()
Oct 02, 2013 7:06:09 AM org.apache.catalina.core.ApplicationContext log
INFO: SessionListener: contextDestroyed()
Oct 02, 2013 7:06:09 AM org.apache.catalina.core.ApplicationContext log
INFO: ContextListener: contextDestroyed()
Oct 02, 2013 8:06:46 AM org.apache.catalina.core.ApplicationContext log
INFO: ContextListener: contextInitialized()
Oct 02, 2013 8:06:46 AM org.apache.catalina.core.ApplicationContext log
INFO: SessionListener: contextInitialized()
Oct 02, 2013 8:06:47 AM org.apache.catalina.core.ApplicationContext log
INFO: SessionListener: contextDestroyed()
Oct 02, 2013 8:06:47 AM org.apache.catalina.core.ApplicationContext log
INFO: ContextListener: contextDestroyed()
Oct 02, 2013 9:07:48 AM org.apache.catalina.core.ApplicationContext log
INFO: ContextListener: contextInitialized()
Oct 02, 2013 9:07:48 AM org.apache.catalina.core.ApplicationContext log
INFO: SessionListener: contextInitialized()
Oct 02, 2013 9:07:50 AM org.apache.catalina.core.ApplicationContext log
INFO: SessionListener: contextDestroyed()
Oct 02, 2013 9:07:50 AM org.apache.catalina.core.ApplicationContext log
INFO: ContextListener: contextDestroyed()
Oct 02, 2013 10:08:31 AM org.apache.catalina.core.ApplicationContext log
INFO: ContextListener: contextInitialized()
Oct 02, 2013 10:08:31 AM org.apache.catalina.core.ApplicationContext log
INFO: SessionListener: contextInitialized()
Oct 02, 2013 10:08:32 AM org.apache.catalina.core.ApplicationContext log
INFO: SessionListener: contextDestroyed()
Oct 02, 2013 10:08:32 AM org.apache.catalina.core.ApplicationContext log
INFO: ContextListener: contextDestroyed()
Oct 02, 2013 11:09:14 AM org.apache.catalina.core.ApplicationContext log
INFO: ContextListener: contextInitialized()
Oct 02, 2013 11:09:14 AM org.apache.catalina.core.ApplicationContext log
INFO: SessionListener: contextInitialized()
Oct 02, 2013 11:09:15 AM org.apache.catalina.core.ApplicationContext log
INFO: SessionListener: contextDestroyed()
Oct 02, 2013 11:09:15 AM org.apache.catalina.core.ApplicationContext log
INFO: ContextListener: contextDestroyed()
Oct 02, 2013 12:09:58 PM org.apache.catalina.core.ApplicationContext log
INFO: ContextListener: contextInitialized()
Oct 02, 2013 12:09:58 PM org.apache.catalina.core.ApplicationContext log
INFO: SessionListener: contextInitialized()
Oct 02, 2013 12:10:00 PM org.apache.catalina.core.ApplicationContext log
INFO: SessionListener: contextDestroyed()
Oct 02, 2013 12:10:00 PM org.apache.catalina.core.ApplicationContext log
INFO: ContextListener: contextDestroyed()
Oct 02, 2013 1:10:43 PM org.apache.catalina.core.ApplicationContext log
INFO: ContextListener: contextInitialized()
Oct 02, 2013 1:10:43 PM org.apache.catalina.core.ApplicationContext log
INFO: SessionListener: contextInitialized()
Oct 02, 2013 1:10:44 PM org.apache.catalina.core.ApplicationContext log
INFO: SessionListener: contextDestroyed()
Oct 02, 2013 1:10:44 PM org.apache.catalina.core.ApplicationContext log
INFO: ContextListener: contextDestroyed()
Oct 02, 2013 2:11:28 PM org.apache.catalina.core.ApplicationContext log
INFO: ContextListener: contextInitialized()
Oct 02, 2013 2:11:28 PM org.apache.catalina.core.ApplicationContext log
INFO: SessionListener: contextInitialized()
Oct 02, 2013 2:11:29 PM org.apache.catalina.core.ApplicationContext log
INFO: SessionListener: contextDestroyed()
Oct 02, 2013 2:11:29 PM org.apache.catalina.core.ApplicationContext log
INFO: ContextListener: contextDestroyed()
Oct 02, 2013 3:12:18 PM org.apache.catalina.core.ApplicationContext log
INFO: ContextListener: contextInitialized()
Oct 02, 2013 3:12:18 PM org.apache.catalina.core.ApplicationContext log
INFO: SessionListener: contextInitialized()
Oct 02, 2013 3:12:19 PM org.apache.catalina.core.ApplicationContext log
INFO: SessionListener: contextDestroyed()
Oct 02, 2013 3:12:19 PM org.apache.catalina.core.ApplicationContext log
INFO: ContextListener: contextDestroyed()
Oct 02, 2013 4:13:00 PM org.apache.catalina.core.ApplicationContext log
INFO: ContextListener: contextInitialized()
Oct 02, 2013 4:13:00 PM org.apache.catalina.core.ApplicationContext log
INFO: SessionListener: contextInitialized()
Oct 02, 2013 4:13:01 PM org.apache.catalina.core.ApplicationContext log
INFO: SessionListener: contextDestroyed()
Oct 02, 2013 4:13:01 PM org.apache.catalina.core.ApplicationContext log
INFO: ContextListener: contextDestroyed()
Oct 02, 2013 5:15:03 PM org.apache.catalina.core.ApplicationContext log
INFO: ContextListener: contextInitialized()
Oct 02, 2013 5:15:03 PM org.apache.catalina.core.ApplicationContext log
INFO: SessionListener: contextInitialized()
Oct 02, 2013 5:15:04 PM org.apache.catalina.core.ApplicationContext log
INFO: SessionListener: contextDestroyed()
Oct 02, 2013 5:15:04 PM org.apache.catalina.core.ApplicationContext log
INFO: ContextListener: contextDestroyed()
Oct 02, 2013 6:15:50 PM org.apache.catalina.core.ApplicationContext log
INFO: ContextListener: contextInitialized()
Oct 02, 2013 6:15:50 PM org.apache.catalina.core.ApplicationContext log
INFO: SessionListener: contextInitialized()
Oct 02, 2013 6:15:51 PM org.apache.catalina.core.ApplicationContext log
INFO: SessionListener: contextDestroyed()
Oct 02, 2013 6:15:51 PM org.apache.catalina.core.ApplicationContext log
INFO: ContextListener: contextDestroyed()
Oct 02, 2013 7:16:38 PM org.apache.catalina.core.ApplicationContext log
INFO: ContextListener: contextInitialized()
Oct 02, 2013 7:16:38 PM org.apache.catalina.core.ApplicationContext log
INFO: SessionListener: contextInitialized()
Oct 02, 2013 7:16:40 PM org.apache.catalina.core.ApplicationContext log
INFO: SessionListener: contextDestroyed()
Oct 02, 2013 7:16:40 PM org.apache.catalina.core.ApplicationContext log
INFO: ContextListener: contextDestroyed()
Oct 02, 2013 8:17:25 PM org.apache.catalina.core.ApplicationContext log
INFO: ContextListener: contextInitialized()
Oct 02, 2013 8:17:25 PM org.apache.catalina.core.ApplicationContext log
INFO: SessionListener: contextInitialized()
Oct 02, 2013 8:17:26 PM org.apache.catalina.core.ApplicationContext log
INFO: SessionListener: contextDestroyed()
Oct 02, 2013 8:17:26 PM org.apache.catalina.core.ApplicationContext log
INFO: ContextListener: contextDestroyed()
Oct 02, 2013 9:18:18 PM org.apache.catalina.core.ApplicationContext log
INFO: ContextListener: contextInitialized()
Oct 02, 2013 9:18:18 PM org.apache.catalina.core.ApplicationContext log
INFO: SessionListener: contextInitialized()
Oct 02, 2013 9:18:19 PM org.apache.catalina.core.ApplicationContext log
INFO: SessionListener: contextDestroyed()
Oct 02, 2013 9:18:19 PM org.apache.catalina.core.ApplicationContext log
INFO: ContextListener: contextDestroyed()
Oct 02, 2013 10:19:05 PM org.apache.catalina.core.ApplicationContext log
INFO: ContextListener: contextInitialized()
Oct 02, 2013 10:19:05 PM org.apache.catalina.core.ApplicationContext log
INFO: SessionListener: contextInitialized()
Oct 02, 2013 10:19:06 PM org.apache.catalina.core.ApplicationContext log
INFO: SessionListener: contextDestroyed()
Oct 02, 2013 10:19:06 PM org.apache.catalina.core.ApplicationContext log
INFO: ContextListener: contextDestroyed()
Oct 02, 2013 11:19:53 PM org.apache.catalina.core.ApplicationContext log
INFO: ContextListener: contextInitialized()
Oct 02, 2013 11:19:53 PM org.apache.catalina.core.ApplicationContext log
INFO: SessionListener: contextInitialized()
Oct 02, 2013 11:19:54 PM org.apache.catalina.core.ApplicationContext log
INFO: SessionListener: contextDestroyed()
Oct 02, 2013 11:19:54 PM org.apache.catalina.core.ApplicationContext log
INFO: ContextListener: contextDestroyed()
